[0.053s] DEBUG:colcon:Command line arguments: ['/usr/bin/colcon', 'build']
[0.053s] DEBUG:colcon:Parsed command line arguments: Namespace(log_base=None, log_level=None, verb_name='build', build_base='build', install_base='install', merge_install=False, symlink_install=False, test_result_base=None, continue_on_error=False, executor='parallel', parallel_workers=20, event_handlers=None, ignore_user_meta=False, metas=['./colcon.meta'], base_paths=['.'], packages_ignore=None, packages_ignore_regex=None, paths=None, packages_up_to=None, packages_up_to_regex=None, packages_above=None, packages_above_and_dependencies=None, packages_above_depth=None, packages_select_by_dep=None, packages_skip_by_dep=None, packages_skip_up_to=None, packages_select_build_failed=False, packages_skip_build_finished=False, packages_select_test_failures=False, packages_skip_test_passed=False, packages_select=None, packages_skip=None, packages_select_regex=None, packages_skip_regex=None, packages_start=None, packages_end=None, allow_overriding=[], cmake_args=None, cmake_target=None, cmake_target_skip_unavailable=False, cmake_clean_cache=False, cmake_clean_first=False, cmake_force_configure=False, ament_cmake_args=None, catkin_cmake_args=None, catkin_skip_building_tests=False, mixin_files=None, mixin=None, verb_parser=<colcon_mixin.mixin.mixin_argument.MixinArgumentDecorator object at 0x791af8d33640>, verb_extension=<colcon_core.verb.build.BuildVerb object at 0x791af8eecd30>, main=<bound method BuildVerb.main of <colcon_core.verb.build.BuildVerb object at 0x791af8eecd30>>, mixin_verb=('build',))
[0.146s] Level 1:colcon.colcon_core.package_discovery:discover_packages(colcon_meta) check parameters
[0.146s] Level 1:colcon.colcon_core.package_discovery:discover_packages(recursive) check parameters
[0.146s] Level 1:colcon.colcon_core.package_discovery:discover_packages(ignore) check parameters
[0.146s] Level 1:colcon.colcon_core.package_discovery:discover_packages(path) check parameters
[0.146s] Level 1:colcon.colcon_core.package_discovery:discover_packages(colcon_meta) discover
[0.146s] Level 1:colcon.colcon_core.package_discovery:discover_packages(recursive) discover
[0.146s] INFO:colcon.colcon_core.package_discovery:Crawling recursively for packages in '/home/enio/develop_fer/Model-Informed-Path-Planning/path_planning_ws'
[0.146s] Level 1:colcon.colcon_core.package_identification:_identify(.) by extensions ['ignore', 'ignore_ament_install']
[0.146s] Level 1:colcon.colcon_core.package_identification:_identify(.) by extension 'ignore'
[0.146s] Level 1:colcon.colcon_core.package_identification:_identify(.) by extension 'ignore_ament_install'
[0.146s] Level 1:colcon.colcon_core.package_identification:_identify(.) by extensions ['colcon_pkg']
[0.146s] Level 1:colcon.colcon_core.package_identification:_identify(.) by extension 'colcon_pkg'
[0.146s] Level 1:colcon.colcon_core.package_identification:_identify(.) by extensions ['colcon_meta']
[0.146s] Level 1:colcon.colcon_core.package_identification:_identify(.) by extension 'colcon_meta'
[0.146s] Level 1:colcon.colcon_core.package_identification:_identify(.) by extensions ['ros']
[0.146s] Level 1:colcon.colcon_core.package_identification:_identify(.) by extension 'ros'
[0.156s] Level 1:colcon.colcon_core.package_identification:_identify(.) by extensions ['cmake', 'python']
[0.156s] Level 1:colcon.colcon_core.package_identification:_identify(.) by extension 'cmake'
[0.156s] Level 1:colcon.colcon_core.package_identification:_identify(.) by extension 'python'
[0.156s] Level 1:colcon.colcon_core.package_identification:_identify(.) by extensions ['python_setup_py']
[0.156s] Level 1:colcon.colcon_core.package_identification:_identify(.) by extension 'python_setup_py'
[0.156s] Level 1:colcon.colcon_core.package_identification:_identify(build) by extensions ['ignore', 'ignore_ament_install']
[0.156s] Level 1:colcon.colcon_core.package_identification:_identify(build) by extension 'ignore'
[0.156s] Level 1:colcon.colcon_core.package_identification:_identify(build) ignored
[0.156s] Level 1:colcon.colcon_core.package_identification:_identify(install) by extensions ['ignore', 'ignore_ament_install']
[0.156s] Level 1:colcon.colcon_core.package_identification:_identify(install) by extension 'ignore'
[0.156s] Level 1:colcon.colcon_core.package_identification:_identify(install) ignored
[0.156s] Level 1:colcon.colcon_core.package_identification:_identify(log) by extensions ['ignore', 'ignore_ament_install']
[0.156s] Level 1:colcon.colcon_core.package_identification:_identify(log) by extension 'ignore'
[0.156s] Level 1:colcon.colcon_core.package_identification:_identify(log) ignored
[0.157s] Level 1:colcon.colcon_core.package_identification:_identify(src) by extensions ['ignore', 'ignore_ament_install']
[0.157s] Level 1:colcon.colcon_core.package_identification:_identify(src) by extension 'ignore'
[0.157s] Level 1:colcon.colcon_core.package_identification:_identify(src) by extension 'ignore_ament_install'
[0.157s] Level 1:colcon.colcon_core.package_identification:_identify(src) by extensions ['colcon_pkg']
[0.157s] Level 1:colcon.colcon_core.package_identification:_identify(src) by extension 'colcon_pkg'
[0.157s] Level 1:colcon.colcon_core.package_identification:_identify(src) by extensions ['colcon_meta']
[0.157s] Level 1:colcon.colcon_core.package_identification:_identify(src) by extension 'colcon_meta'
[0.157s] Level 1:colcon.colcon_core.package_identification:_identify(src) by extensions ['ros']
[0.157s] Level 1:colcon.colcon_core.package_identification:_identify(src) by extension 'ros'
[0.157s] Level 1:colcon.colcon_core.package_identification:_identify(src) by extensions ['cmake', 'python']
[0.157s] Level 1:colcon.colcon_core.package_identification:_identify(src) by extension 'cmake'
[0.157s] Level 1:colcon.colcon_core.package_identification:_identify(src) by extension 'python'
[0.157s] Level 1:colcon.colcon_core.package_identification:_identify(src) by extensions ['python_setup_py']
[0.157s] Level 1:colcon.colcon_core.package_identification:_identify(src) by extension 'python_setup_py'
[0.157s] Level 1:colcon.colcon_core.package_identification:_identify(src/map_server) by extensions ['ignore', 'ignore_ament_install']
[0.157s] Level 1:colcon.colcon_core.package_identification:_identify(src/map_server) by extension 'ignore'
[0.157s] Level 1:colcon.colcon_core.package_identification:_identify(src/map_server) by extension 'ignore_ament_install'
[0.157s] Level 1:colcon.colcon_core.package_identification:_identify(src/map_server) by extensions ['colcon_pkg']
[0.157s] Level 1:colcon.colcon_core.package_identification:_identify(src/map_server) by extension 'colcon_pkg'
[0.157s] Level 1:colcon.colcon_core.package_identification:_identify(src/map_server) by extensions ['colcon_meta']
[0.157s] Level 1:colcon.colcon_core.package_identification:_identify(src/map_server) by extension 'colcon_meta'
[0.157s] Level 1:colcon.colcon_core.package_identification:_identify(src/map_server) by extensions ['ros']
[0.157s] Level 1:colcon.colcon_core.package_identification:_identify(src/map_server) by extension 'ros'
[0.158s] DEBUG:colcon.colcon_core.package_identification:Package 'src/map_server' with type 'ros.ament_python' and name 'map_server'
[0.158s] Level 1:colcon.colcon_core.package_identification:_identify(src/path_planning_action) by extensions ['ignore', 'ignore_ament_install']
[0.158s] Level 1:colcon.colcon_core.package_identification:_identify(src/path_planning_action) by extension 'ignore'
[0.158s] Level 1:colcon.colcon_core.package_identification:_identify(src/path_planning_action) by extension 'ignore_ament_install'
[0.158s] Level 1:colcon.colcon_core.package_identification:_identify(src/path_planning_action) by extensions ['colcon_pkg']
[0.158s] Level 1:colcon.colcon_core.package_identification:_identify(src/path_planning_action) by extension 'colcon_pkg'
[0.158s] Level 1:colcon.colcon_core.package_identification:_identify(src/path_planning_action) by extensions ['colcon_meta']
[0.158s] Level 1:colcon.colcon_core.package_identification:_identify(src/path_planning_action) by extension 'colcon_meta'
[0.158s] Level 1:colcon.colcon_core.package_identification:_identify(src/path_planning_action) by extensions ['ros']
[0.158s] Level 1:colcon.colcon_core.package_identification:_identify(src/path_planning_action) by extension 'ros'
[0.159s] DEBUG:colcon.colcon_core.package_identification:Package 'src/path_planning_action' with type 'ros.ament_python' and name 'path_planning_action'
[0.159s] Level 1:colcon.colcon_core.package_identification:_identify(src/path_planning_server) by extensions ['ignore', 'ignore_ament_install']
[0.159s] Level 1:colcon.colcon_core.package_identification:_identify(src/path_planning_server) by extension 'ignore'
[0.159s] Level 1:colcon.colcon_core.package_identification:_identify(src/path_planning_server) by extension 'ignore_ament_install'
[0.159s] Level 1:colcon.colcon_core.package_identification:_identify(src/path_planning_server) by extensions ['colcon_pkg']
[0.159s] Level 1:colcon.colcon_core.package_identification:_identify(src/path_planning_server) by extension 'colcon_pkg'
[0.159s] Level 1:colcon.colcon_core.package_identification:_identify(src/path_planning_server) by extensions ['colcon_meta']
[0.159s] Level 1:colcon.colcon_core.package_identification:_identify(src/path_planning_server) by extension 'colcon_meta'
[0.159s] Level 1:colcon.colcon_core.package_identification:_identify(src/path_planning_server) by extensions ['ros']
[0.159s] Level 1:colcon.colcon_core.package_identification:_identify(src/path_planning_server) by extension 'ros'
[0.159s] DEBUG:colcon.colcon_core.package_identification:Package 'src/path_planning_server' with type 'ros.ament_python' and name 'path_planning_server'
[0.160s] Level 1:colcon.colcon_core.package_identification:_identify(src/user_action_interfaces) by extensions ['ignore', 'ignore_ament_install']
[0.160s] Level 1:colcon.colcon_core.package_identification:_identify(src/user_action_interfaces) by extension 'ignore'
[0.160s] Level 1:colcon.colcon_core.package_identification:_identify(src/user_action_interfaces) by extension 'ignore_ament_install'
[0.160s] Level 1:colcon.colcon_core.package_identification:_identify(src/user_action_interfaces) by extensions ['colcon_pkg']
[0.160s] Level 1:colcon.colcon_core.package_identification:_identify(src/user_action_interfaces) by extension 'colcon_pkg'
[0.160s] Level 1:colcon.colcon_core.package_identification:_identify(src/user_action_interfaces) by extensions ['colcon_meta']
[0.160s] Level 1:colcon.colcon_core.package_identification:_identify(src/user_action_interfaces) by extension 'colcon_meta'
[0.160s] Level 1:colcon.colcon_core.package_identification:_identify(src/user_action_interfaces) by extensions ['ros']
[0.160s] Level 1:colcon.colcon_core.package_identification:_identify(src/user_action_interfaces) by extension 'ros'
[0.160s] DEBUG:colcon.colcon_core.package_identification:Package 'src/user_action_interfaces' with type 'ros.ament_cmake' and name 'user_action_interfaces'
[0.160s] Level 1:colcon.colcon_core.package_discovery:discover_packages(recursive) using defaults
[0.160s] Level 1:colcon.colcon_core.package_discovery:discover_packages(ignore) discover
[0.160s] Level 1:colcon.colcon_core.package_discovery:discover_packages(ignore) using defaults
[0.160s] Level 1:colcon.colcon_core.package_discovery:discover_packages(path) discover
[0.160s] Level 1:colcon.colcon_core.package_discovery:discover_packages(path) using defaults
[0.171s] Level 1:colcon.colcon_core.package_discovery:discover_packages(prefix_path) check parameters
[0.171s] Level 1:colcon.colcon_core.package_discovery:discover_packages(prefix_path) discover
[0.171s] WARNING:colcon.colcon_ros.prefix_path.ament:The path '/home/enio/develop_fer/Model-Informed-Path-Planning/path_planning_ws/install/user_action_interfaces' in the environment variable AMENT_PREFIX_PATH doesn't exist
[0.171s] WARNING:colcon.colcon_ros.prefix_path.ament:The path '/home/enio/develop_fer/Model-Informed-Path-Planning/path_planning_ws/install/path_planning_server' in the environment variable AMENT_PREFIX_PATH doesn't exist
[0.171s] WARNING:colcon.colcon_ros.prefix_path.ament:The path '/home/enio/develop_fer/Model-Informed-Path-Planning/path_planning_ws/install/path_planning_action' in the environment variable AMENT_PREFIX_PATH doesn't exist
[0.171s] WARNING:colcon.colcon_ros.prefix_path.ament:The path '/home/enio/develop_fer/Model-Informed-Path-Planning/path_planning_ws/install/map_server' in the environment variable AMENT_PREFIX_PATH doesn't exist
[0.171s] WARNING:colcon.colcon_ros.prefix_path.catkin:The path '/home/enio/develop_fer/Model-Informed-Path-Planning/path_planning_ws/install/user_action_interfaces' in the environment variable CMAKE_PREFIX_PATH doesn't exist
[0.171s] DEBUG:colcon.colcon_installed_package_information.package_discovery:Found 0 installed packages in /home/enio/develop_fer/Model-Informed-Path-Planning/path_planning_ws/install
[0.172s] DEBUG:colcon.colcon_installed_package_information.package_discovery:Found 331 installed packages in /opt/ros/iron
[0.173s] Level 1:colcon.colcon_core.package_discovery:discover_packages(prefix_path) using defaults
[0.193s] Level 5:colcon.colcon_core.verb:set package 'map_server' build argument 'cmake_args' from command line to 'None'
[0.193s] Level 5:colcon.colcon_core.verb:set package 'map_server' build argument 'cmake_target' from command line to 'None'
[0.193s] Level 5:colcon.colcon_core.verb:set package 'map_server' build argument 'cmake_target_skip_unavailable' from command line to 'False'
[0.193s] Level 5:colcon.colcon_core.verb:set package 'map_server' build argument 'cmake_clean_cache' from command line to 'False'
[0.193s] Level 5:colcon.colcon_core.verb:set package 'map_server' build argument 'cmake_clean_first' from command line to 'False'
[0.193s] Level 5:colcon.colcon_core.verb:set package 'map_server' build argument 'cmake_force_configure' from command line to 'False'
[0.193s] Level 5:colcon.colcon_core.verb:set package 'map_server' build argument 'ament_cmake_args' from command line to 'None'
[0.193s] Level 5:colcon.colcon_core.verb:set package 'map_server' build argument 'catkin_cmake_args' from command line to 'None'
[0.193s] Level 5:colcon.colcon_core.verb:set package 'map_server' build argument 'catkin_skip_building_tests' from command line to 'False'
[0.193s] DEBUG:colcon.colcon_core.verb:Building package 'map_server' with the following arguments: {'ament_cmake_args': None, 'build_base': '/home/enio/develop_fer/Model-Informed-Path-Planning/path_planning_ws/build/map_server', 'catkin_cmake_args': None, 'catkin_skip_building_tests': False, 'cmake_args': None, 'cmake_clean_cache': False, 'cmake_clean_first': False, 'cmake_force_configure': False, 'cmake_target': None, 'cmake_target_skip_unavailable': False, 'install_base': '/home/enio/develop_fer/Model-Informed-Path-Planning/path_planning_ws/install/map_server', 'merge_install': False, 'path': '/home/enio/develop_fer/Model-Informed-Path-Planning/path_planning_ws/src/map_server', 'symlink_install': False, 'test_result_base': None}
[0.193s] Level 5:colcon.colcon_core.verb:set package 'path_planning_action' build argument 'cmake_args' from command line to 'None'
[0.193s] Level 5:colcon.colcon_core.verb:set package 'path_planning_action' build argument 'cmake_target' from command line to 'None'
[0.193s] Level 5:colcon.colcon_core.verb:set package 'path_planning_action' build argument 'cmake_target_skip_unavailable' from command line to 'False'
[0.193s] Level 5:colcon.colcon_core.verb:set package 'path_planning_action' build argument 'cmake_clean_cache' from command line to 'False'
[0.193s] Level 5:colcon.colcon_core.verb:set package 'path_planning_action' build argument 'cmake_clean_first' from command line to 'False'
[0.193s] Level 5:colcon.colcon_core.verb:set package 'path_planning_action' build argument 'cmake_force_configure' from command line to 'False'
[0.193s] Level 5:colcon.colcon_core.verb:set package 'path_planning_action' build argument 'ament_cmake_args' from command line to 'None'
[0.193s] Level 5:colcon.colcon_core.verb:set package 'path_planning_action' build argument 'catkin_cmake_args' from command line to 'None'
[0.193s] Level 5:colcon.colcon_core.verb:set package 'path_planning_action' build argument 'catkin_skip_building_tests' from command line to 'False'
[0.193s] DEBUG:colcon.colcon_core.verb:Building package 'path_planning_action' with the following arguments: {'ament_cmake_args': None, 'build_base': '/home/enio/develop_fer/Model-Informed-Path-Planning/path_planning_ws/build/path_planning_action', 'catkin_cmake_args': None, 'catkin_skip_building_tests': False, 'cmake_args': None, 'cmake_clean_cache': False, 'cmake_clean_first': False, 'cmake_force_configure': False, 'cmake_target': None, 'cmake_target_skip_unavailable': False, 'install_base': '/home/enio/develop_fer/Model-Informed-Path-Planning/path_planning_ws/install/path_planning_action', 'merge_install': False, 'path': '/home/enio/develop_fer/Model-Informed-Path-Planning/path_planning_ws/src/path_planning_action', 'symlink_install': False, 'test_result_base': None}
[0.193s] Level 5:colcon.colcon_core.verb:set package 'path_planning_server' build argument 'cmake_args' from command line to 'None'
[0.193s] Level 5:colcon.colcon_core.verb:set package 'path_planning_server' build argument 'cmake_target' from command line to 'None'
[0.193s] Level 5:colcon.colcon_core.verb:set package 'path_planning_server' build argument 'cmake_target_skip_unavailable' from command line to 'False'
[0.193s] Level 5:colcon.colcon_core.verb:set package 'path_planning_server' build argument 'cmake_clean_cache' from command line to 'False'
[0.193s] Level 5:colcon.colcon_core.verb:set package 'path_planning_server' build argument 'cmake_clean_first' from command line to 'False'
[0.193s] Level 5:colcon.colcon_core.verb:set package 'path_planning_server' build argument 'cmake_force_configure' from command line to 'False'
[0.193s] Level 5:colcon.colcon_core.verb:set package 'path_planning_server' build argument 'ament_cmake_args' from command line to 'None'
[0.193s] Level 5:colcon.colcon_core.verb:set package 'path_planning_server' build argument 'catkin_cmake_args' from command line to 'None'
[0.193s] Level 5:colcon.colcon_core.verb:set package 'path_planning_server' build argument 'catkin_skip_building_tests' from command line to 'False'
[0.193s] DEBUG:colcon.colcon_core.verb:Building package 'path_planning_server' with the following arguments: {'ament_cmake_args': None, 'build_base': '/home/enio/develop_fer/Model-Informed-Path-Planning/path_planning_ws/build/path_planning_server', 'catkin_cmake_args': None, 'catkin_skip_building_tests': False, 'cmake_args': None, 'cmake_clean_cache': False, 'cmake_clean_first': False, 'cmake_force_configure': False, 'cmake_target': None, 'cmake_target_skip_unavailable': False, 'install_base': '/home/enio/develop_fer/Model-Informed-Path-Planning/path_planning_ws/install/path_planning_server', 'merge_install': False, 'path': '/home/enio/develop_fer/Model-Informed-Path-Planning/path_planning_ws/src/path_planning_server', 'symlink_install': False, 'test_result_base': None}
[0.194s] Level 5:colcon.colcon_core.verb:set package 'user_action_interfaces' build argument 'cmake_args' from command line to 'None'
[0.194s] Level 5:colcon.colcon_core.verb:set package 'user_action_interfaces' build argument 'cmake_target' from command line to 'None'
[0.194s] Level 5:colcon.colcon_core.verb:set package 'user_action_interfaces' build argument 'cmake_target_skip_unavailable' from command line to 'False'
[0.194s] Level 5:colcon.colcon_core.verb:set package 'user_action_interfaces' build argument 'cmake_clean_cache' from command line to 'False'
[0.194s] Level 5:colcon.colcon_core.verb:set package 'user_action_interfaces' build argument 'cmake_clean_first' from command line to 'False'
[0.194s] Level 5:colcon.colcon_core.verb:set package 'user_action_interfaces' build argument 'cmake_force_configure' from command line to 'False'
[0.194s] Level 5:colcon.colcon_core.verb:set package 'user_action_interfaces' build argument 'ament_cmake_args' from command line to 'None'
[0.194s] Level 5:colcon.colcon_core.verb:set package 'user_action_interfaces' build argument 'catkin_cmake_args' from command line to 'None'
[0.194s] Level 5:colcon.colcon_core.verb:set package 'user_action_interfaces' build argument 'catkin_skip_building_tests' from command line to 'False'
[0.194s] DEBUG:colcon.colcon_core.verb:Building package 'user_action_interfaces' with the following arguments: {'ament_cmake_args': None, 'build_base': '/home/enio/develop_fer/Model-Informed-Path-Planning/path_planning_ws/build/user_action_interfaces', 'catkin_cmake_args': None, 'catkin_skip_building_tests': False, 'cmake_args': None, 'cmake_clean_cache': False, 'cmake_clean_first': False, 'cmake_force_configure': False, 'cmake_target': None, 'cmake_target_skip_unavailable': False, 'install_base': '/home/enio/develop_fer/Model-Informed-Path-Planning/path_planning_ws/install/user_action_interfaces', 'merge_install': False, 'path': '/home/enio/develop_fer/Model-Informed-Path-Planning/path_planning_ws/src/user_action_interfaces', 'symlink_install': False, 'test_result_base': None}
[0.194s] INFO:colcon.colcon_core.executor:Executing jobs using 'parallel' executor
[0.194s] DEBUG:colcon.colcon_parallel_executor.executor.parallel:run_until_complete
[0.194s] INFO:colcon.colcon_ros.task.ament_python.build:Building ROS package in '/home/enio/develop_fer/Model-Informed-Path-Planning/path_planning_ws/src/map_server' with build type 'ament_python'
[0.194s] Level 1:colcon.colcon_core.shell:create_environment_hook('map_server', 'ament_prefix_path')
[0.196s] INFO:colcon.colcon_core.plugin_system:Skipping extension 'colcon_core.shell.bat': Not used on non-Windows systems
[0.196s] INFO:colcon.colcon_core.shell:Creating environment hook '/home/enio/develop_fer/Model-Informed-Path-Planning/path_planning_ws/install/map_server/share/map_server/hook/ament_prefix_path.ps1'
[0.196s] INFO:colcon.colcon_core.shell:Creating environment descriptor '/home/enio/develop_fer/Model-Informed-Path-Planning/path_planning_ws/install/map_server/share/map_server/hook/ament_prefix_path.dsv'
[0.196s] INFO:colcon.colcon_core.shell:Creating environment hook '/home/enio/develop_fer/Model-Informed-Path-Planning/path_planning_ws/install/map_server/share/map_server/hook/ament_prefix_path.sh'
[0.197s] INFO:colcon.colcon_core.shell:Skip shell extension 'powershell' for command environment: Not usable outside of PowerShell
[0.197s] DEBUG:colcon.colcon_core.shell:Skip shell extension 'dsv' for command environment
[0.199s] INFO:colcon.colcon_ros.task.ament_python.build:Building ROS package in '/home/enio/develop_fer/Model-Informed-Path-Planning/path_planning_ws/src/path_planning_action' with build type 'ament_python'
[0.199s] Level 1:colcon.colcon_core.shell:create_environment_hook('path_planning_action', 'ament_prefix_path')
[0.199s] INFO:colcon.colcon_core.shell:Creating environment hook '/home/enio/develop_fer/Model-Informed-Path-Planning/path_planning_ws/install/path_planning_action/share/path_planning_action/hook/ament_prefix_path.ps1'
[0.199s] INFO:colcon.colcon_core.shell:Creating environment descriptor '/home/enio/develop_fer/Model-Informed-Path-Planning/path_planning_ws/install/path_planning_action/share/path_planning_action/hook/ament_prefix_path.dsv'
[0.199s] INFO:colcon.colcon_core.shell:Creating environment hook '/home/enio/develop_fer/Model-Informed-Path-Planning/path_planning_ws/install/path_planning_action/share/path_planning_action/hook/ament_prefix_path.sh'
[0.200s] INFO:colcon.colcon_core.shell:Skip shell extension 'powershell' for command environment: Not usable outside of PowerShell
[0.200s] DEBUG:colcon.colcon_core.shell:Skip shell extension 'dsv' for command environment
[0.201s] INFO:colcon.colcon_ros.task.ament_python.build:Building ROS package in '/home/enio/develop_fer/Model-Informed-Path-Planning/path_planning_ws/src/path_planning_server' with build type 'ament_python'
[0.201s] Level 1:colcon.colcon_core.shell:create_environment_hook('path_planning_server', 'ament_prefix_path')
[0.201s] INFO:colcon.colcon_core.shell:Creating environment hook '/home/enio/develop_fer/Model-Informed-Path-Planning/path_planning_ws/install/path_planning_server/share/path_planning_server/hook/ament_prefix_path.ps1'
[0.202s] INFO:colcon.colcon_core.shell:Creating environment descriptor '/home/enio/develop_fer/Model-Informed-Path-Planning/path_planning_ws/install/path_planning_server/share/path_planning_server/hook/ament_prefix_path.dsv'
[0.202s] INFO:colcon.colcon_core.shell:Creating environment hook '/home/enio/develop_fer/Model-Informed-Path-Planning/path_planning_ws/install/path_planning_server/share/path_planning_server/hook/ament_prefix_path.sh'
[0.202s] INFO:colcon.colcon_core.shell:Skip shell extension 'powershell' for command environment: Not usable outside of PowerShell
[0.202s] DEBUG:colcon.colcon_core.shell:Skip shell extension 'dsv' for command environment
[0.203s] INFO:colcon.colcon_ros.task.ament_cmake.build:Building ROS package in '/home/enio/develop_fer/Model-Informed-Path-Planning/path_planning_ws/src/user_action_interfaces' with build type 'ament_cmake'
[0.204s] INFO:colcon.colcon_cmake.task.cmake.build:Building CMake package in '/home/enio/develop_fer/Model-Informed-Path-Planning/path_planning_ws/src/user_action_interfaces'
[0.204s] INFO:colcon.colcon_core.shell:Skip shell extension 'powershell' for command environment: Not usable outside of PowerShell
[0.204s] DEBUG:colcon.colcon_core.shell:Skip shell extension 'dsv' for command environment
[0.334s] INFO:colcon.colcon_core.task.python.build:Building Python package in '/home/enio/develop_fer/Model-Informed-Path-Planning/path_planning_ws/src/map_server'
[0.334s] INFO:colcon.colcon_core.shell:Skip shell extension 'powershell' for command environment: Not usable outside of PowerShell
[0.334s] DEBUG:colcon.colcon_core.shell:Skip shell extension 'dsv' for command environment
[0.461s] INFO:colcon.colcon_core.task.python.build:Building Python package in '/home/enio/develop_fer/Model-Informed-Path-Planning/path_planning_ws/src/path_planning_action'
[0.461s] INFO:colcon.colcon_core.shell:Skip shell extension 'powershell' for command environment: Not usable outside of PowerShell
[0.461s] DEBUG:colcon.colcon_core.shell:Skip shell extension 'dsv' for command environment
[0.599s] WARNING:colcon.colcon_ros.task.ament_python.build:Package 'path_planning_server' doesn't explicitly install a marker in the package index (colcon-ros currently does it implicitly but that fallback will be removed in the future)
[0.599s] INFO:colcon.colcon_core.task.python.build:Building Python package in '/home/enio/develop_fer/Model-Informed-Path-Planning/path_planning_ws/src/path_planning_server'
[0.599s] INFO:colcon.colcon_core.shell:Skip shell extension 'powershell' for command environment: Not usable outside of PowerShell
[0.599s] DEBUG:colcon.colcon_core.shell:Skip shell extension 'dsv' for command environment
[0.604s] DEBUG:colcon.colcon_core.event_handler.log_command:Invoking command in '/home/enio/develop_fer/Model-Informed-Path-Planning/path_planning_ws/build/user_action_interfaces': CMAKE_PREFIX_PATH=${CMAKE_PREFIX_PATH}:/home/enio/develop_fer/Model-Informed-Path-Planning/path_planning_ws/install/path_planning_server:/home/enio/develop_fer/Model-Informed-Path-Planning/path_planning_ws/install/path_planning_action:/home/enio/develop_fer/Model-Informed-Path-Planning/path_planning_ws/install/map_server:/opt/ros/iron /usr/bin/cmake /home/enio/develop_fer/Model-Informed-Path-Planning/path_planning_ws/src/user_action_interfaces -DCMAKE_INSTALL_PREFIX=/home/enio/develop_fer/Model-Informed-Path-Planning/path_planning_ws/install/user_action_interfaces
[0.781s] DEBUG:colcon.colcon_core.event_handler.log_command:Invoking command in '/home/enio/develop_fer/Model-Informed-Path-Planning/path_planning_ws/src/map_server': PYTHONPATH=/home/enio/develop_fer/Model-Informed-Path-Planning/path_planning_ws/build/map_server/prefix_override:/home/enio/develop_fer/Model-Informed-Path-Planning/path_planning_ws/install/map_server/lib/python3.10/site-packages:${PYTHONPATH} /usr/bin/python3 -W ignore:setup.py install is deprecated setup.py egg_info --egg-base ../../build/map_server build --build-base /home/enio/develop_fer/Model-Informed-Path-Planning/path_planning_ws/build/map_server/build install --record /home/enio/develop_fer/Model-Informed-Path-Planning/path_planning_ws/build/map_server/install.log --single-version-externally-managed install_data
[0.783s] DEBUG:colcon.colcon_core.event_handler.log_command:Invoking command in '/home/enio/develop_fer/Model-Informed-Path-Planning/path_planning_ws/src/path_planning_server': PYTHONPATH=/home/enio/develop_fer/Model-Informed-Path-Planning/path_planning_ws/build/path_planning_server/prefix_override:/home/enio/develop_fer/Model-Informed-Path-Planning/path_planning_ws/install/path_planning_server/lib/python3.10/site-packages:${PYTHONPATH} /usr/bin/python3 -W ignore:setup.py install is deprecated setup.py egg_info --egg-base ../../build/path_planning_server build --build-base /home/enio/develop_fer/Model-Informed-Path-Planning/path_planning_ws/build/path_planning_server/build install --record /home/enio/develop_fer/Model-Informed-Path-Planning/path_planning_ws/build/path_planning_server/install.log --single-version-externally-managed install_data
[0.785s] DEBUG:colcon.colcon_core.event_handler.log_command:Invoking command in '/home/enio/develop_fer/Model-Informed-Path-Planning/path_planning_ws/src/path_planning_action': PYTHONPATH=/home/enio/develop_fer/Model-Informed-Path-Planning/path_planning_ws/build/path_planning_action/prefix_override:/home/enio/develop_fer/Model-Informed-Path-Planning/path_planning_ws/install/path_planning_action/lib/python3.10/site-packages:${PYTHONPATH} /usr/bin/python3 -W ignore:setup.py install is deprecated setup.py egg_info --egg-base ../../build/path_planning_action build --build-base /home/enio/develop_fer/Model-Informed-Path-Planning/path_planning_ws/build/path_planning_action/build install --record /home/enio/develop_fer/Model-Informed-Path-Planning/path_planning_ws/build/path_planning_action/install.log --single-version-externally-managed install_data
[0.934s] DEBUG:colcon.colcon_core.event_handler.log_command:Invoked command in '/home/enio/develop_fer/Model-Informed-Path-Planning/path_planning_ws/src/path_planning_server' returned '0': PYTHONPATH=/home/enio/develop_fer/Model-Informed-Path-Planning/path_planning_ws/build/path_planning_server/prefix_override:/home/enio/develop_fer/Model-Informed-Path-Planning/path_planning_ws/install/path_planning_server/lib/python3.10/site-packages:${PYTHONPATH} /usr/bin/python3 -W ignore:setup.py install is deprecated setup.py egg_info --egg-base ../../build/path_planning_server build --build-base /home/enio/develop_fer/Model-Informed-Path-Planning/path_planning_ws/build/path_planning_server/build install --record /home/enio/develop_fer/Model-Informed-Path-Planning/path_planning_ws/build/path_planning_server/install.log --single-version-externally-managed install_data
[0.937s] Level 1:colcon.colcon_core.environment:checking '/home/enio/develop_fer/Model-Informed-Path-Planning/path_planning_ws/install/path_planning_server' for CMake module files
[0.937s] Level 1:colcon.colcon_core.environment:checking '/home/enio/develop_fer/Model-Informed-Path-Planning/path_planning_ws/install/path_planning_server' for CMake config files
[0.938s] Level 1:colcon.colcon_core.environment:checking '/home/enio/develop_fer/Model-Informed-Path-Planning/path_planning_ws/install/path_planning_server/lib'
[0.938s] Level 1:colcon.colcon_core.environment:checking '/home/enio/develop_fer/Model-Informed-Path-Planning/path_planning_ws/install/path_planning_server/bin'
[0.938s] Level 1:colcon.colcon_core.environment:checking '/home/enio/develop_fer/Model-Informed-Path-Planning/path_planning_ws/install/path_planning_server/lib/pkgconfig/path_planning_server.pc'
[0.938s] Level 1:colcon.colcon_core.environment:checking '/home/enio/develop_fer/Model-Informed-Path-Planning/path_planning_ws/install/path_planning_server/lib/python3.10/site-packages'
[0.938s] Level 1:colcon.colcon_core.shell:create_environment_hook('path_planning_server', 'pythonpath')
[0.938s] INFO:colcon.colcon_core.shell:Creating environment hook '/home/enio/develop_fer/Model-Informed-Path-Planning/path_planning_ws/install/path_planning_server/share/path_planning_server/hook/pythonpath.ps1'
[0.939s] INFO:colcon.colcon_core.shell:Creating environment descriptor '/home/enio/develop_fer/Model-Informed-Path-Planning/path_planning_ws/install/path_planning_server/share/path_planning_server/hook/pythonpath.dsv'
[0.940s] INFO:colcon.colcon_core.shell:Creating environment hook '/home/enio/develop_fer/Model-Informed-Path-Planning/path_planning_ws/install/path_planning_server/share/path_planning_server/hook/pythonpath.sh'
[0.940s] Level 1:colcon.colcon_core.environment:checking '/home/enio/develop_fer/Model-Informed-Path-Planning/path_planning_ws/install/path_planning_server/bin'
[0.941s] Level 1:colcon.colcon_core.environment:create_environment_scripts_only(path_planning_server)
[0.941s] INFO:colcon.colcon_core.shell:Creating package script '/home/enio/develop_fer/Model-Informed-Path-Planning/path_planning_ws/install/path_planning_server/share/path_planning_server/package.ps1'
[0.942s] INFO:colcon.colcon_core.shell:Creating package descriptor '/home/enio/develop_fer/Model-Informed-Path-Planning/path_planning_ws/install/path_planning_server/share/path_planning_server/package.dsv'
[0.942s] INFO:colcon.colcon_core.shell:Creating package script '/home/enio/develop_fer/Model-Informed-Path-Planning/path_planning_ws/install/path_planning_server/share/path_planning_server/package.sh'
[0.943s] INFO:colcon.colcon_core.shell:Creating package script '/home/enio/develop_fer/Model-Informed-Path-Planning/path_planning_ws/install/path_planning_server/share/path_planning_server/package.bash'
[0.944s] INFO:colcon.colcon_core.shell:Creating package script '/home/enio/develop_fer/Model-Informed-Path-Planning/path_planning_ws/install/path_planning_server/share/path_planning_server/package.zsh'
[0.944s] Level 1:colcon.colcon_core.environment:create_file_with_runtime_dependencies(/home/enio/develop_fer/Model-Informed-Path-Planning/path_planning_ws/install/path_planning_server/share/colcon-core/packages/path_planning_server)
[1.028s] Level 1:colcon.colcon_core.environment:checking '/home/enio/develop_fer/Model-Informed-Path-Planning/path_planning_ws/install/map_server' for CMake module files
[1.028s] DEBUG:colcon.colcon_core.event_handler.log_command:Invoked command in '/home/enio/develop_fer/Model-Informed-Path-Planning/path_planning_ws/src/map_server' returned '0': PYTHONPATH=/home/enio/develop_fer/Model-Informed-Path-Planning/path_planning_ws/build/map_server/prefix_override:/home/enio/develop_fer/Model-Informed-Path-Planning/path_planning_ws/install/map_server/lib/python3.10/site-packages:${PYTHONPATH} /usr/bin/python3 -W ignore:setup.py install is deprecated setup.py egg_info --egg-base ../../build/map_server build --build-base /home/enio/develop_fer/Model-Informed-Path-Planning/path_planning_ws/build/map_server/build install --record /home/enio/develop_fer/Model-Informed-Path-Planning/path_planning_ws/build/map_server/install.log --single-version-externally-managed install_data
[1.029s] Level 1:colcon.colcon_core.environment:checking '/home/enio/develop_fer/Model-Informed-Path-Planning/path_planning_ws/install/map_server' for CMake config files
[1.030s] Level 1:colcon.colcon_core.environment:checking '/home/enio/develop_fer/Model-Informed-Path-Planning/path_planning_ws/install/map_server/lib'
[1.030s] Level 1:colcon.colcon_core.environment:checking '/home/enio/develop_fer/Model-Informed-Path-Planning/path_planning_ws/install/map_server/bin'
[1.030s] Level 1:colcon.colcon_core.environment:checking '/home/enio/develop_fer/Model-Informed-Path-Planning/path_planning_ws/install/map_server/lib/pkgconfig/map_server.pc'
[1.030s] Level 1:colcon.colcon_core.environment:checking '/home/enio/develop_fer/Model-Informed-Path-Planning/path_planning_ws/install/map_server/lib/python3.10/site-packages'
[1.030s] Level 1:colcon.colcon_core.shell:create_environment_hook('map_server', 'pythonpath')
[1.031s] INFO:colcon.colcon_core.shell:Creating environment hook '/home/enio/develop_fer/Model-Informed-Path-Planning/path_planning_ws/install/map_server/share/map_server/hook/pythonpath.ps1'
[1.031s] INFO:colcon.colcon_core.shell:Creating environment descriptor '/home/enio/develop_fer/Model-Informed-Path-Planning/path_planning_ws/install/map_server/share/map_server/hook/pythonpath.dsv'
[1.031s] INFO:colcon.colcon_core.shell:Creating environment hook '/home/enio/develop_fer/Model-Informed-Path-Planning/path_planning_ws/install/map_server/share/map_server/hook/pythonpath.sh'
[1.031s] Level 1:colcon.colcon_core.environment:checking '/home/enio/develop_fer/Model-Informed-Path-Planning/path_planning_ws/install/map_server/bin'
[1.031s] Level 1:colcon.colcon_core.environment:create_environment_scripts_only(map_server)
[1.031s] INFO:colcon.colcon_core.shell:Creating package script '/home/enio/develop_fer/Model-Informed-Path-Planning/path_planning_ws/install/map_server/share/map_server/package.ps1'
[1.032s] INFO:colcon.colcon_core.shell:Creating package descriptor '/home/enio/develop_fer/Model-Informed-Path-Planning/path_planning_ws/install/map_server/share/map_server/package.dsv'
[1.032s] INFO:colcon.colcon_core.shell:Creating package script '/home/enio/develop_fer/Model-Informed-Path-Planning/path_planning_ws/install/map_server/share/map_server/package.sh'
[1.032s] INFO:colcon.colcon_core.shell:Creating package script '/home/enio/develop_fer/Model-Informed-Path-Planning/path_planning_ws/install/map_server/share/map_server/package.bash'
[1.032s] INFO:colcon.colcon_core.shell:Creating package script '/home/enio/develop_fer/Model-Informed-Path-Planning/path_planning_ws/install/map_server/share/map_server/package.zsh'
[1.032s] Level 1:colcon.colcon_core.environment:create_file_with_runtime_dependencies(/home/enio/develop_fer/Model-Informed-Path-Planning/path_planning_ws/install/map_server/share/colcon-core/packages/map_server)
[1.039s] Level 1:colcon.colcon_core.environment:checking '/home/enio/develop_fer/Model-Informed-Path-Planning/path_planning_ws/install/path_planning_action' for CMake module files
[1.040s] DEBUG:colcon.colcon_core.event_handler.log_command:Invoked command in '/home/enio/develop_fer/Model-Informed-Path-Planning/path_planning_ws/src/path_planning_action' returned '0': PYTHONPATH=/home/enio/develop_fer/Model-Informed-Path-Planning/path_planning_ws/build/path_planning_action/prefix_override:/home/enio/develop_fer/Model-Informed-Path-Planning/path_planning_ws/install/path_planning_action/lib/python3.10/site-packages:${PYTHONPATH} /usr/bin/python3 -W ignore:setup.py install is deprecated setup.py egg_info --egg-base ../../build/path_planning_action build --build-base /home/enio/develop_fer/Model-Informed-Path-Planning/path_planning_ws/build/path_planning_action/build install --record /home/enio/develop_fer/Model-Informed-Path-Planning/path_planning_ws/build/path_planning_action/install.log --single-version-externally-managed install_data
[1.040s] Level 1:colcon.colcon_core.environment:checking '/home/enio/develop_fer/Model-Informed-Path-Planning/path_planning_ws/install/path_planning_action' for CMake config files
[1.040s] Level 1:colcon.colcon_core.environment:checking '/home/enio/develop_fer/Model-Informed-Path-Planning/path_planning_ws/install/path_planning_action/lib'
[1.041s] Level 1:colcon.colcon_core.environment:checking '/home/enio/develop_fer/Model-Informed-Path-Planning/path_planning_ws/install/path_planning_action/bin'
[1.041s] Level 1:colcon.colcon_core.environment:checking '/home/enio/develop_fer/Model-Informed-Path-Planning/path_planning_ws/install/path_planning_action/lib/pkgconfig/path_planning_action.pc'
[1.041s] Level 1:colcon.colcon_core.environment:checking '/home/enio/develop_fer/Model-Informed-Path-Planning/path_planning_ws/install/path_planning_action/lib/python3.10/site-packages'
[1.041s] Level 1:colcon.colcon_core.shell:create_environment_hook('path_planning_action', 'pythonpath')
[1.041s] INFO:colcon.colcon_core.shell:Creating environment hook '/home/enio/develop_fer/Model-Informed-Path-Planning/path_planning_ws/install/path_planning_action/share/path_planning_action/hook/pythonpath.ps1'
[1.041s] INFO:colcon.colcon_core.shell:Creating environment descriptor '/home/enio/develop_fer/Model-Informed-Path-Planning/path_planning_ws/install/path_planning_action/share/path_planning_action/hook/pythonpath.dsv'
[1.041s] INFO:colcon.colcon_core.shell:Creating environment hook '/home/enio/develop_fer/Model-Informed-Path-Planning/path_planning_ws/install/path_planning_action/share/path_planning_action/hook/pythonpath.sh'
[1.041s] Level 1:colcon.colcon_core.environment:checking '/home/enio/develop_fer/Model-Informed-Path-Planning/path_planning_ws/install/path_planning_action/bin'
[1.041s] Level 1:colcon.colcon_core.environment:create_environment_scripts_only(path_planning_action)
[1.042s] INFO:colcon.colcon_core.shell:Creating package script '/home/enio/develop_fer/Model-Informed-Path-Planning/path_planning_ws/install/path_planning_action/share/path_planning_action/package.ps1'
[1.042s] INFO:colcon.colcon_core.shell:Creating package descriptor '/home/enio/develop_fer/Model-Informed-Path-Planning/path_planning_ws/install/path_planning_action/share/path_planning_action/package.dsv'
[1.042s] INFO:colcon.colcon_core.shell:Creating package script '/home/enio/develop_fer/Model-Informed-Path-Planning/path_planning_ws/install/path_planning_action/share/path_planning_action/package.sh'
[1.042s] INFO:colcon.colcon_core.shell:Creating package script '/home/enio/develop_fer/Model-Informed-Path-Planning/path_planning_ws/install/path_planning_action/share/path_planning_action/package.bash'
[1.042s] INFO:colcon.colcon_core.shell:Creating package script '/home/enio/develop_fer/Model-Informed-Path-Planning/path_planning_ws/install/path_planning_action/share/path_planning_action/package.zsh'
[1.042s] Level 1:colcon.colcon_core.environment:create_file_with_runtime_dependencies(/home/enio/develop_fer/Model-Informed-Path-Planning/path_planning_ws/install/path_planning_action/share/colcon-core/packages/path_planning_action)
[1.777s] DEBUG:colcon.colcon_core.event_handler.log_command:Invoked command in '/home/enio/develop_fer/Model-Informed-Path-Planning/path_planning_ws/build/user_action_interfaces' returned '0': CMAKE_PREFIX_PATH=${CMAKE_PREFIX_PATH}:/home/enio/develop_fer/Model-Informed-Path-Planning/path_planning_ws/install/path_planning_server:/home/enio/develop_fer/Model-Informed-Path-Planning/path_planning_ws/install/path_planning_action:/home/enio/develop_fer/Model-Informed-Path-Planning/path_planning_ws/install/map_server:/opt/ros/iron /usr/bin/cmake /home/enio/develop_fer/Model-Informed-Path-Planning/path_planning_ws/src/user_action_interfaces -DCMAKE_INSTALL_PREFIX=/home/enio/develop_fer/Model-Informed-Path-Planning/path_planning_ws/install/user_action_interfaces
[1.777s] DEBUG:colcon.colcon_core.event_handler.log_command:Invoking command in '/home/enio/develop_fer/Model-Informed-Path-Planning/path_planning_ws/build/user_action_interfaces': CMAKE_PREFIX_PATH=${CMAKE_PREFIX_PATH}:/home/enio/develop_fer/Model-Informed-Path-Planning/path_planning_ws/install/path_planning_server:/home/enio/develop_fer/Model-Informed-Path-Planning/path_planning_ws/install/path_planning_action:/home/enio/develop_fer/Model-Informed-Path-Planning/path_planning_ws/install/map_server:/opt/ros/iron /usr/bin/cmake --build /home/enio/develop_fer/Model-Informed-Path-Planning/path_planning_ws/build/user_action_interfaces -- -j20 -l20
[3.973s] DEBUG:colcon.colcon_core.event_handler.log_command:Invoked command in '/home/enio/develop_fer/Model-Informed-Path-Planning/path_planning_ws/build/user_action_interfaces' returned '0': CMAKE_PREFIX_PATH=${CMAKE_PREFIX_PATH}:/home/enio/develop_fer/Model-Informed-Path-Planning/path_planning_ws/install/path_planning_server:/home/enio/develop_fer/Model-Informed-Path-Planning/path_planning_ws/install/path_planning_action:/home/enio/develop_fer/Model-Informed-Path-Planning/path_planning_ws/install/map_server:/opt/ros/iron /usr/bin/cmake --build /home/enio/develop_fer/Model-Informed-Path-Planning/path_planning_ws/build/user_action_interfaces -- -j20 -l20
[4.068s] DEBUG:colcon.colcon_core.event_handler.log_command:Invoking command in '/home/enio/develop_fer/Model-Informed-Path-Planning/path_planning_ws/build/user_action_interfaces': CMAKE_PREFIX_PATH=${CMAKE_PREFIX_PATH}:/home/enio/develop_fer/Model-Informed-Path-Planning/path_planning_ws/install/path_planning_server:/home/enio/develop_fer/Model-Informed-Path-Planning/path_planning_ws/install/path_planning_action:/home/enio/develop_fer/Model-Informed-Path-Planning/path_planning_ws/install/map_server:/opt/ros/iron /usr/bin/cmake --install /home/enio/develop_fer/Model-Informed-Path-Planning/path_planning_ws/build/user_action_interfaces
[4.121s] Level 1:colcon.colcon_core.environment:create_environment_scripts_only(user_action_interfaces)
[4.121s] DEBUG:colcon.colcon_core.event_handler.log_command:Invoked command in '/home/enio/develop_fer/Model-Informed-Path-Planning/path_planning_ws/build/user_action_interfaces' returned '0': CMAKE_PREFIX_PATH=${CMAKE_PREFIX_PATH}:/home/enio/develop_fer/Model-Informed-Path-Planning/path_planning_ws/install/path_planning_server:/home/enio/develop_fer/Model-Informed-Path-Planning/path_planning_ws/install/path_planning_action:/home/enio/develop_fer/Model-Informed-Path-Planning/path_planning_ws/install/map_server:/opt/ros/iron /usr/bin/cmake --install /home/enio/develop_fer/Model-Informed-Path-Planning/path_planning_ws/build/user_action_interfaces
[4.121s] Level 1:colcon.colcon_core.environment:checking '/home/enio/develop_fer/Model-Informed-Path-Planning/path_planning_ws/install/user_action_interfaces' for CMake module files
[4.121s] Level 1:colcon.colcon_core.environment:checking '/home/enio/develop_fer/Model-Informed-Path-Planning/path_planning_ws/install/user_action_interfaces' for CMake config files
[4.122s] Level 1:colcon.colcon_core.shell:create_environment_hook('user_action_interfaces', 'cmake_prefix_path')
[4.122s] INFO:colcon.colcon_core.shell:Creating environment hook '/home/enio/develop_fer/Model-Informed-Path-Planning/path_planning_ws/install/user_action_interfaces/share/user_action_interfaces/hook/cmake_prefix_path.ps1'
[4.122s] INFO:colcon.colcon_core.shell:Creating environment descriptor '/home/enio/develop_fer/Model-Informed-Path-Planning/path_planning_ws/install/user_action_interfaces/share/user_action_interfaces/hook/cmake_prefix_path.dsv'
[4.122s] INFO:colcon.colcon_core.shell:Creating environment hook '/home/enio/develop_fer/Model-Informed-Path-Planning/path_planning_ws/install/user_action_interfaces/share/user_action_interfaces/hook/cmake_prefix_path.sh'
[4.122s] Level 1:colcon.colcon_core.environment:checking '/home/enio/develop_fer/Model-Informed-Path-Planning/path_planning_ws/install/user_action_interfaces/lib'
[4.122s] Level 1:colcon.colcon_core.shell:create_environment_hook('user_action_interfaces', 'ld_library_path_lib')
[4.122s] INFO:colcon.colcon_core.shell:Creating environment hook '/home/enio/develop_fer/Model-Informed-Path-Planning/path_planning_ws/install/user_action_interfaces/share/user_action_interfaces/hook/ld_library_path_lib.ps1'
[4.123s] INFO:colcon.colcon_core.shell:Creating environment descriptor '/home/enio/develop_fer/Model-Informed-Path-Planning/path_planning_ws/install/user_action_interfaces/share/user_action_interfaces/hook/ld_library_path_lib.dsv'
[4.123s] INFO:colcon.colcon_core.shell:Creating environment hook '/home/enio/develop_fer/Model-Informed-Path-Planning/path_planning_ws/install/user_action_interfaces/share/user_action_interfaces/hook/ld_library_path_lib.sh'
[4.123s] Level 1:colcon.colcon_core.environment:checking '/home/enio/develop_fer/Model-Informed-Path-Planning/path_planning_ws/install/user_action_interfaces/bin'
[4.123s] Level 1:colcon.colcon_core.environment:checking '/home/enio/develop_fer/Model-Informed-Path-Planning/path_planning_ws/install/user_action_interfaces/lib/pkgconfig/user_action_interfaces.pc'
[4.123s] Level 1:colcon.colcon_core.environment:checking '/home/enio/develop_fer/Model-Informed-Path-Planning/path_planning_ws/install/user_action_interfaces/lib/python3.10/site-packages'
[4.123s] Level 1:colcon.colcon_core.shell:create_environment_hook('user_action_interfaces', 'pythonpath')
[4.123s] INFO:colcon.colcon_core.shell:Creating environment hook '/home/enio/develop_fer/Model-Informed-Path-Planning/path_planning_ws/install/user_action_interfaces/share/user_action_interfaces/hook/pythonpath.ps1'
[4.123s] INFO:colcon.colcon_core.shell:Creating environment descriptor '/home/enio/develop_fer/Model-Informed-Path-Planning/path_planning_ws/install/user_action_interfaces/share/user_action_interfaces/hook/pythonpath.dsv'
[4.123s] INFO:colcon.colcon_core.shell:Creating environment hook '/home/enio/develop_fer/Model-Informed-Path-Planning/path_planning_ws/install/user_action_interfaces/share/user_action_interfaces/hook/pythonpath.sh'
[4.124s] Level 1:colcon.colcon_core.environment:checking '/home/enio/develop_fer/Model-Informed-Path-Planning/path_planning_ws/install/user_action_interfaces/bin'
[4.124s] INFO:colcon.colcon_core.shell:Creating package script '/home/enio/develop_fer/Model-Informed-Path-Planning/path_planning_ws/install/user_action_interfaces/share/user_action_interfaces/package.ps1'
[4.124s] INFO:colcon.colcon_core.shell:Creating package descriptor '/home/enio/develop_fer/Model-Informed-Path-Planning/path_planning_ws/install/user_action_interfaces/share/user_action_interfaces/package.dsv'
[4.124s] INFO:colcon.colcon_core.shell:Creating package script '/home/enio/develop_fer/Model-Informed-Path-Planning/path_planning_ws/install/user_action_interfaces/share/user_action_interfaces/package.sh'
[4.124s] INFO:colcon.colcon_core.shell:Creating package script '/home/enio/develop_fer/Model-Informed-Path-Planning/path_planning_ws/install/user_action_interfaces/share/user_action_interfaces/package.bash'
[4.124s] INFO:colcon.colcon_core.shell:Creating package script '/home/enio/develop_fer/Model-Informed-Path-Planning/path_planning_ws/install/user_action_interfaces/share/user_action_interfaces/package.zsh'
[4.125s] Level 1:colcon.colcon_core.environment:create_file_with_runtime_dependencies(/home/enio/develop_fer/Model-Informed-Path-Planning/path_planning_ws/install/user_action_interfaces/share/colcon-core/packages/user_action_interfaces)
[4.212s] Level 1:colcon.colcon_core.environment:create_environment_scripts_only(user_action_interfaces)
[4.212s] Level 1:colcon.colcon_core.environment:checking '/home/enio/develop_fer/Model-Informed-Path-Planning/path_planning_ws/install/user_action_interfaces' for CMake module files
[4.213s] Level 1:colcon.colcon_core.environment:checking '/home/enio/develop_fer/Model-Informed-Path-Planning/path_planning_ws/install/user_action_interfaces' for CMake config files
[4.213s] Level 1:colcon.colcon_core.shell:create_environment_hook('user_action_interfaces', 'cmake_prefix_path')
[4.213s] INFO:colcon.colcon_core.shell:Creating environment hook '/home/enio/develop_fer/Model-Informed-Path-Planning/path_planning_ws/install/user_action_interfaces/share/user_action_interfaces/hook/cmake_prefix_path.ps1'
[4.214s] INFO:colcon.colcon_core.shell:Creating environment descriptor '/home/enio/develop_fer/Model-Informed-Path-Planning/path_planning_ws/install/user_action_interfaces/share/user_action_interfaces/hook/cmake_prefix_path.dsv'
[4.214s] INFO:colcon.colcon_core.shell:Creating environment hook '/home/enio/develop_fer/Model-Informed-Path-Planning/path_planning_ws/install/user_action_interfaces/share/user_action_interfaces/hook/cmake_prefix_path.sh'
[4.215s] Level 1:colcon.colcon_core.environment:checking '/home/enio/develop_fer/Model-Informed-Path-Planning/path_planning_ws/install/user_action_interfaces/lib'
[4.215s] Level 1:colcon.colcon_core.shell:create_environment_hook('user_action_interfaces', 'ld_library_path_lib')
[4.215s] INFO:colcon.colcon_core.shell:Creating environment hook '/home/enio/develop_fer/Model-Informed-Path-Planning/path_planning_ws/install/user_action_interfaces/share/user_action_interfaces/hook/ld_library_path_lib.ps1'
[4.215s] INFO:colcon.colcon_core.shell:Creating environment descriptor '/home/enio/develop_fer/Model-Informed-Path-Planning/path_planning_ws/install/user_action_interfaces/share/user_action_interfaces/hook/ld_library_path_lib.dsv'
[4.216s] INFO:colcon.colcon_core.shell:Creating environment hook '/home/enio/develop_fer/Model-Informed-Path-Planning/path_planning_ws/install/user_action_interfaces/share/user_action_interfaces/hook/ld_library_path_lib.sh'
[4.216s] Level 1:colcon.colcon_core.environment:checking '/home/enio/develop_fer/Model-Informed-Path-Planning/path_planning_ws/install/user_action_interfaces/bin'
[4.216s] Level 1:colcon.colcon_core.environment:checking '/home/enio/develop_fer/Model-Informed-Path-Planning/path_planning_ws/install/user_action_interfaces/lib/pkgconfig/user_action_interfaces.pc'
[4.217s] Level 1:colcon.colcon_core.environment:checking '/home/enio/develop_fer/Model-Informed-Path-Planning/path_planning_ws/install/user_action_interfaces/lib/python3.10/site-packages'
[4.217s] Level 1:colcon.colcon_core.shell:create_environment_hook('user_action_interfaces', 'pythonpath')
[4.217s] INFO:colcon.colcon_core.shell:Creating environment hook '/home/enio/develop_fer/Model-Informed-Path-Planning/path_planning_ws/install/user_action_interfaces/share/user_action_interfaces/hook/pythonpath.ps1'
[4.217s] INFO:colcon.colcon_core.shell:Creating environment descriptor '/home/enio/develop_fer/Model-Informed-Path-Planning/path_planning_ws/install/user_action_interfaces/share/user_action_interfaces/hook/pythonpath.dsv'
[4.218s] INFO:colcon.colcon_core.shell:Creating environment hook '/home/enio/develop_fer/Model-Informed-Path-Planning/path_planning_ws/install/user_action_interfaces/share/user_action_interfaces/hook/pythonpath.sh'
[4.218s] Level 1:colcon.colcon_core.environment:checking '/home/enio/develop_fer/Model-Informed-Path-Planning/path_planning_ws/install/user_action_interfaces/bin'
[4.218s] INFO:colcon.colcon_core.shell:Creating package script '/home/enio/develop_fer/Model-Informed-Path-Planning/path_planning_ws/install/user_action_interfaces/share/user_action_interfaces/package.ps1'
[4.219s] INFO:colcon.colcon_core.shell:Creating package descriptor '/home/enio/develop_fer/Model-Informed-Path-Planning/path_planning_ws/install/user_action_interfaces/share/user_action_interfaces/package.dsv'
[4.219s] INFO:colcon.colcon_core.shell:Creating package script '/home/enio/develop_fer/Model-Informed-Path-Planning/path_planning_ws/install/user_action_interfaces/share/user_action_interfaces/package.sh'
[4.220s] INFO:colcon.colcon_core.shell:Creating package script '/home/enio/develop_fer/Model-Informed-Path-Planning/path_planning_ws/install/user_action_interfaces/share/user_action_interfaces/package.bash'
[4.220s] INFO:colcon.colcon_core.shell:Creating package script '/home/enio/develop_fer/Model-Informed-Path-Planning/path_planning_ws/install/user_action_interfaces/share/user_action_interfaces/package.zsh'
[4.220s] Level 1:colcon.colcon_core.environment:create_file_with_runtime_dependencies(/home/enio/develop_fer/Model-Informed-Path-Planning/path_planning_ws/install/user_action_interfaces/share/colcon-core/packages/user_action_interfaces)
[4.221s] DEBUG:colcon.colcon_parallel_executor.executor.parallel:closing loop
[4.221s] DEBUG:colcon.colcon_parallel_executor.executor.parallel:loop closed
[4.221s] DEBUG:colcon.colcon_parallel_executor.executor.parallel:run_until_complete finished with '0'
[4.221s] DEBUG:colcon.colcon_core.event_reactor:joining thread
[4.225s] INFO:colcon.colcon_core.plugin_system:Skipping extension 'colcon_notification.desktop_notification.terminal_notifier': Not used on non-Darwin systems
[4.226s] INFO:colcon.colcon_core.plugin_system:Skipping extension 'colcon_notification.desktop_notification.win32': Not used on non-Windows systems
[4.226s] INFO:colcon.colcon_notification.desktop_notification:Sending desktop notification using 'notify2'
[4.236s] DEBUG:colcon.colcon_core.event_reactor:joined thread
[4.236s] INFO:colcon.colcon_core.shell:Creating prefix script '/home/enio/develop_fer/Model-Informed-Path-Planning/path_planning_ws/install/local_setup.ps1'
[4.236s] INFO:colcon.colcon_core.shell:Creating prefix util module '/home/enio/develop_fer/Model-Informed-Path-Planning/path_planning_ws/install/_local_setup_util_ps1.py'
[4.237s] INFO:colcon.colcon_core.shell:Creating prefix chain script '/home/enio/develop_fer/Model-Informed-Path-Planning/path_planning_ws/install/setup.ps1'
[4.238s] INFO:colcon.colcon_core.shell:Creating prefix script '/home/enio/develop_fer/Model-Informed-Path-Planning/path_planning_ws/install/local_setup.sh'
[4.238s] INFO:colcon.colcon_core.shell:Creating prefix util module '/home/enio/develop_fer/Model-Informed-Path-Planning/path_planning_ws/install/_local_setup_util_sh.py'
[4.238s] INFO:colcon.colcon_core.shell:Creating prefix chain script '/home/enio/develop_fer/Model-Informed-Path-Planning/path_planning_ws/install/setup.sh'
[4.238s] INFO:colcon.colcon_core.shell:Creating prefix script '/home/enio/develop_fer/Model-Informed-Path-Planning/path_planning_ws/install/local_setup.bash'
[4.239s] INFO:colcon.colcon_core.shell:Creating prefix chain script '/home/enio/develop_fer/Model-Informed-Path-Planning/path_planning_ws/install/setup.bash'
[4.239s] INFO:colcon.colcon_core.shell:Creating prefix script '/home/enio/develop_fer/Model-Informed-Path-Planning/path_planning_ws/install/local_setup.zsh'
[4.239s] INFO:colcon.colcon_core.shell:Creating prefix chain script '/home/enio/develop_fer/Model-Informed-Path-Planning/path_planning_ws/install/setup.zsh'
