[0.068s] DEBUG:colcon:Command line arguments: ['/usr/bin/colcon', 'build']
[0.068s] DEBUG:colcon:Parsed command line arguments: Namespace(log_base=None, log_level=None, verb_name='build', build_base='build', install_base='install', merge_install=False, symlink_install=False, test_result_base=None, continue_on_error=False, executor='parallel', parallel_workers=20, event_handlers=None, ignore_user_meta=False, metas=['./colcon.meta'], base_paths=['.'], packages_ignore=None, packages_ignore_regex=None, paths=None, packages_up_to=None, packages_up_to_regex=None, packages_above=None, packages_above_and_dependencies=None, packages_above_depth=None, packages_select_by_dep=None, packages_skip_by_dep=None, packages_skip_up_to=None, packages_select_build_failed=False, packages_skip_build_finished=False, packages_select_test_failures=False, packages_skip_test_passed=False, packages_select=None, packages_skip=None, packages_select_regex=None, packages_skip_regex=None, packages_start=None, packages_end=None, allow_overriding=[], cmake_args=None, cmake_target=None, cmake_target_skip_unavailable=False, cmake_clean_cache=False, cmake_clean_first=False, cmake_force_configure=False, ament_cmake_args=None, catkin_cmake_args=None, catkin_skip_building_tests=False, mixin_files=None, mixin=None, verb_parser=<colcon_mixin.mixin.mixin_argument.MixinArgumentDecorator object at 0x7854c66f22c0>, verb_extension=<colcon_core.verb.build.BuildVerb object at 0x7854c68b26b0>, main=<bound method BuildVerb.main of <colcon_core.verb.build.BuildVerb object at 0x7854c68b26b0>>, mixin_verb=('build',))
[0.170s] Level 1:colcon.colcon_core.package_discovery:discover_packages(colcon_meta) check parameters
[0.170s] Level 1:colcon.colcon_core.package_discovery:discover_packages(recursive) check parameters
[0.170s] Level 1:colcon.colcon_core.package_discovery:discover_packages(ignore) check parameters
[0.170s] Level 1:colcon.colcon_core.package_discovery:discover_packages(path) check parameters
[0.170s] Level 1:colcon.colcon_core.package_discovery:discover_packages(colcon_meta) discover
[0.170s] Level 1:colcon.colcon_core.package_discovery:discover_packages(recursive) discover
[0.170s] INFO:colcon.colcon_core.package_discovery:Crawling recursively for packages in '/home/enio/develop_fer/Model-Informed-Path-Planning/path_planning_ws'
[0.170s] Level 1:colcon.colcon_core.package_identification:_identify(.) by extensions ['ignore', 'ignore_ament_install']
[0.170s] Level 1:colcon.colcon_core.package_identification:_identify(.) by extension 'ignore'
[0.170s] Level 1:colcon.colcon_core.package_identification:_identify(.) by extension 'ignore_ament_install'
[0.170s] Level 1:colcon.colcon_core.package_identification:_identify(.) by extensions ['colcon_pkg']
[0.170s] Level 1:colcon.colcon_core.package_identification:_identify(.) by extension 'colcon_pkg'
[0.170s] Level 1:colcon.colcon_core.package_identification:_identify(.) by extensions ['colcon_meta']
[0.170s] Level 1:colcon.colcon_core.package_identification:_identify(.) by extension 'colcon_meta'
[0.170s] Level 1:colcon.colcon_core.package_identification:_identify(.) by extensions ['ros']
[0.170s] Level 1:colcon.colcon_core.package_identification:_identify(.) by extension 'ros'
[0.181s] Level 1:colcon.colcon_core.package_identification:_identify(.) by extensions ['cmake', 'python']
[0.181s] Level 1:colcon.colcon_core.package_identification:_identify(.) by extension 'cmake'
[0.181s] Level 1:colcon.colcon_core.package_identification:_identify(.) by extension 'python'
[0.181s] Level 1:colcon.colcon_core.package_identification:_identify(.) by extensions ['python_setup_py']
[0.181s] Level 1:colcon.colcon_core.package_identification:_identify(.) by extension 'python_setup_py'
[0.181s] Level 1:colcon.colcon_core.package_identification:_identify(build) by extensions ['ignore', 'ignore_ament_install']
[0.181s] Level 1:colcon.colcon_core.package_identification:_identify(build) by extension 'ignore'
[0.181s] Level 1:colcon.colcon_core.package_identification:_identify(build) ignored
[0.181s] Level 1:colcon.colcon_core.package_identification:_identify(install) by extensions ['ignore', 'ignore_ament_install']
[0.181s] Level 1:colcon.colcon_core.package_identification:_identify(install) by extension 'ignore'
[0.181s] Level 1:colcon.colcon_core.package_identification:_identify(install) ignored
[0.181s] Level 1:colcon.colcon_core.package_identification:_identify(log) by extensions ['ignore', 'ignore_ament_install']
[0.181s] Level 1:colcon.colcon_core.package_identification:_identify(log) by extension 'ignore'
[0.181s] Level 1:colcon.colcon_core.package_identification:_identify(log) ignored
[0.182s] Level 1:colcon.colcon_core.package_identification:_identify(src) by extensions ['ignore', 'ignore_ament_install']
[0.182s] Level 1:colcon.colcon_core.package_identification:_identify(src) by extension 'ignore'
[0.182s] Level 1:colcon.colcon_core.package_identification:_identify(src) by extension 'ignore_ament_install'
[0.182s] Level 1:colcon.colcon_core.package_identification:_identify(src) by extensions ['colcon_pkg']
[0.182s] Level 1:colcon.colcon_core.package_identification:_identify(src) by extension 'colcon_pkg'
[0.182s] Level 1:colcon.colcon_core.package_identification:_identify(src) by extensions ['colcon_meta']
[0.182s] Level 1:colcon.colcon_core.package_identification:_identify(src) by extension 'colcon_meta'
[0.182s] Level 1:colcon.colcon_core.package_identification:_identify(src) by extensions ['ros']
[0.182s] Level 1:colcon.colcon_core.package_identification:_identify(src) by extension 'ros'
[0.182s] Level 1:colcon.colcon_core.package_identification:_identify(src) by extensions ['cmake', 'python']
[0.182s] Level 1:colcon.colcon_core.package_identification:_identify(src) by extension 'cmake'
[0.182s] Level 1:colcon.colcon_core.package_identification:_identify(src) by extension 'python'
[0.182s] Level 1:colcon.colcon_core.package_identification:_identify(src) by extensions ['python_setup_py']
[0.182s] Level 1:colcon.colcon_core.package_identification:_identify(src) by extension 'python_setup_py'
[0.182s] Level 1:colcon.colcon_core.package_identification:_identify(src/path_management) by extensions ['ignore', 'ignore_ament_install']
[0.182s] Level 1:colcon.colcon_core.package_identification:_identify(src/path_management) by extension 'ignore'
[0.182s] Level 1:colcon.colcon_core.package_identification:_identify(src/path_management) by extension 'ignore_ament_install'
[0.182s] Level 1:colcon.colcon_core.package_identification:_identify(src/path_management) by extensions ['colcon_pkg']
[0.182s] Level 1:colcon.colcon_core.package_identification:_identify(src/path_management) by extension 'colcon_pkg'
[0.182s] Level 1:colcon.colcon_core.package_identification:_identify(src/path_management) by extensions ['colcon_meta']
[0.182s] Level 1:colcon.colcon_core.package_identification:_identify(src/path_management) by extension 'colcon_meta'
[0.182s] Level 1:colcon.colcon_core.package_identification:_identify(src/path_management) by extensions ['ros']
[0.182s] Level 1:colcon.colcon_core.package_identification:_identify(src/path_management) by extension 'ros'
[0.184s] DEBUG:colcon.colcon_core.package_identification:Package 'src/path_management' with type 'ros.ament_cmake' and name 'path_management'
[0.184s] Level 1:colcon.colcon_core.package_identification:_identify(src/path_planning_dtstarlite) by extensions ['ignore', 'ignore_ament_install']
[0.184s] Level 1:colcon.colcon_core.package_identification:_identify(src/path_planning_dtstarlite) by extension 'ignore'
[0.184s] Level 1:colcon.colcon_core.package_identification:_identify(src/path_planning_dtstarlite) by extension 'ignore_ament_install'
[0.184s] Level 1:colcon.colcon_core.package_identification:_identify(src/path_planning_dtstarlite) by extensions ['colcon_pkg']
[0.184s] Level 1:colcon.colcon_core.package_identification:_identify(src/path_planning_dtstarlite) by extension 'colcon_pkg'
[0.184s] Level 1:colcon.colcon_core.package_identification:_identify(src/path_planning_dtstarlite) by extensions ['colcon_meta']
[0.184s] Level 1:colcon.colcon_core.package_identification:_identify(src/path_planning_dtstarlite) by extension 'colcon_meta'
[0.184s] Level 1:colcon.colcon_core.package_identification:_identify(src/path_planning_dtstarlite) by extensions ['ros']
[0.184s] Level 1:colcon.colcon_core.package_identification:_identify(src/path_planning_dtstarlite) by extension 'ros'
[0.184s] DEBUG:colcon.colcon_core.package_identification:Package 'src/path_planning_dtstarlite' with type 'ros.ament_cmake' and name 'path_planning_dtstarlite'
[0.184s] Level 1:colcon.colcon_core.package_identification:_identify(src/user_action_interfaces) by extensions ['ignore', 'ignore_ament_install']
[0.184s] Level 1:colcon.colcon_core.package_identification:_identify(src/user_action_interfaces) by extension 'ignore'
[0.184s] Level 1:colcon.colcon_core.package_identification:_identify(src/user_action_interfaces) by extension 'ignore_ament_install'
[0.184s] Level 1:colcon.colcon_core.package_identification:_identify(src/user_action_interfaces) by extensions ['colcon_pkg']
[0.184s] Level 1:colcon.colcon_core.package_identification:_identify(src/user_action_interfaces) by extension 'colcon_pkg'
[0.184s] Level 1:colcon.colcon_core.package_identification:_identify(src/user_action_interfaces) by extensions ['colcon_meta']
[0.184s] Level 1:colcon.colcon_core.package_identification:_identify(src/user_action_interfaces) by extension 'colcon_meta'
[0.184s] Level 1:colcon.colcon_core.package_identification:_identify(src/user_action_interfaces) by extensions ['ros']
[0.184s] Level 1:colcon.colcon_core.package_identification:_identify(src/user_action_interfaces) by extension 'ros'
[0.185s] DEBUG:colcon.colcon_core.package_identification:Package 'src/user_action_interfaces' with type 'ros.ament_cmake' and name 'user_action_interfaces'
[0.185s] Level 1:colcon.colcon_core.package_discovery:discover_packages(recursive) using defaults
[0.185s] Level 1:colcon.colcon_core.package_discovery:discover_packages(ignore) discover
[0.185s] Level 1:colcon.colcon_core.package_discovery:discover_packages(ignore) using defaults
[0.185s] Level 1:colcon.colcon_core.package_discovery:discover_packages(path) discover
[0.185s] Level 1:colcon.colcon_core.package_discovery:discover_packages(path) using defaults
[0.196s] Level 1:colcon.colcon_core.package_discovery:discover_packages(prefix_path) check parameters
[0.196s] Level 1:colcon.colcon_core.package_discovery:discover_packages(prefix_path) discover
[0.197s] DEBUG:colcon.colcon_installed_package_information.package_discovery:Found 3 installed packages in /home/enio/develop_fer/Model-Informed-Path-Planning/path_planning_ws/install
[0.198s] DEBUG:colcon.colcon_installed_package_information.package_discovery:Found 281 installed packages in /opt/ros/iron
[0.199s] Level 1:colcon.colcon_core.package_discovery:discover_packages(prefix_path) using defaults
[0.221s] Level 5:colcon.colcon_core.verb:set package 'path_planning_dtstarlite' build argument 'cmake_args' from command line to 'None'
[0.221s] Level 5:colcon.colcon_core.verb:set package 'path_planning_dtstarlite' build argument 'cmake_target' from command line to 'None'
[0.221s] Level 5:colcon.colcon_core.verb:set package 'path_planning_dtstarlite' build argument 'cmake_target_skip_unavailable' from command line to 'False'
[0.221s] Level 5:colcon.colcon_core.verb:set package 'path_planning_dtstarlite' build argument 'cmake_clean_cache' from command line to 'False'
[0.221s] Level 5:colcon.colcon_core.verb:set package 'path_planning_dtstarlite' build argument 'cmake_clean_first' from command line to 'False'
[0.221s] Level 5:colcon.colcon_core.verb:set package 'path_planning_dtstarlite' build argument 'cmake_force_configure' from command line to 'False'
[0.221s] Level 5:colcon.colcon_core.verb:set package 'path_planning_dtstarlite' build argument 'ament_cmake_args' from command line to 'None'
[0.221s] Level 5:colcon.colcon_core.verb:set package 'path_planning_dtstarlite' build argument 'catkin_cmake_args' from command line to 'None'
[0.221s] Level 5:colcon.colcon_core.verb:set package 'path_planning_dtstarlite' build argument 'catkin_skip_building_tests' from command line to 'False'
[0.221s] DEBUG:colcon.colcon_core.verb:Building package 'path_planning_dtstarlite' with the following arguments: {'ament_cmake_args': None, 'build_base': '/home/enio/develop_fer/Model-Informed-Path-Planning/path_planning_ws/build/path_planning_dtstarlite', 'catkin_cmake_args': None, 'catkin_skip_building_tests': False, 'cmake_args': None, 'cmake_clean_cache': False, 'cmake_clean_first': False, 'cmake_force_configure': False, 'cmake_target': None, 'cmake_target_skip_unavailable': False, 'install_base': '/home/enio/develop_fer/Model-Informed-Path-Planning/path_planning_ws/install/path_planning_dtstarlite', 'merge_install': False, 'path': '/home/enio/develop_fer/Model-Informed-Path-Planning/path_planning_ws/src/path_planning_dtstarlite', 'symlink_install': False, 'test_result_base': None}
[0.221s] Level 5:colcon.colcon_core.verb:set package 'user_action_interfaces' build argument 'cmake_args' from command line to 'None'
[0.221s] Level 5:colcon.colcon_core.verb:set package 'user_action_interfaces' build argument 'cmake_target' from command line to 'None'
[0.221s] Level 5:colcon.colcon_core.verb:set package 'user_action_interfaces' build argument 'cmake_target_skip_unavailable' from command line to 'False'
[0.221s] Level 5:colcon.colcon_core.verb:set package 'user_action_interfaces' build argument 'cmake_clean_cache' from command line to 'False'
[0.221s] Level 5:colcon.colcon_core.verb:set package 'user_action_interfaces' build argument 'cmake_clean_first' from command line to 'False'
[0.221s] Level 5:colcon.colcon_core.verb:set package 'user_action_interfaces' build argument 'cmake_force_configure' from command line to 'False'
[0.221s] Level 5:colcon.colcon_core.verb:set package 'user_action_interfaces' build argument 'ament_cmake_args' from command line to 'None'
[0.222s] Level 5:colcon.colcon_core.verb:set package 'user_action_interfaces' build argument 'catkin_cmake_args' from command line to 'None'
[0.222s] Level 5:colcon.colcon_core.verb:set package 'user_action_interfaces' build argument 'catkin_skip_building_tests' from command line to 'False'
[0.222s] DEBUG:colcon.colcon_core.verb:Building package 'user_action_interfaces' with the following arguments: {'ament_cmake_args': None, 'build_base': '/home/enio/develop_fer/Model-Informed-Path-Planning/path_planning_ws/build/user_action_interfaces', 'catkin_cmake_args': None, 'catkin_skip_building_tests': False, 'cmake_args': None, 'cmake_clean_cache': False, 'cmake_clean_first': False, 'cmake_force_configure': False, 'cmake_target': None, 'cmake_target_skip_unavailable': False, 'install_base': '/home/enio/develop_fer/Model-Informed-Path-Planning/path_planning_ws/install/user_action_interfaces', 'merge_install': False, 'path': '/home/enio/develop_fer/Model-Informed-Path-Planning/path_planning_ws/src/user_action_interfaces', 'symlink_install': False, 'test_result_base': None}
[0.222s] Level 5:colcon.colcon_core.verb:set package 'path_management' build argument 'cmake_args' from command line to 'None'
[0.222s] Level 5:colcon.colcon_core.verb:set package 'path_management' build argument 'cmake_target' from command line to 'None'
[0.222s] Level 5:colcon.colcon_core.verb:set package 'path_management' build argument 'cmake_target_skip_unavailable' from command line to 'False'
[0.222s] Level 5:colcon.colcon_core.verb:set package 'path_management' build argument 'cmake_clean_cache' from command line to 'False'
[0.222s] Level 5:colcon.colcon_core.verb:set package 'path_management' build argument 'cmake_clean_first' from command line to 'False'
[0.222s] Level 5:colcon.colcon_core.verb:set package 'path_management' build argument 'cmake_force_configure' from command line to 'False'
[0.222s] Level 5:colcon.colcon_core.verb:set package 'path_management' build argument 'ament_cmake_args' from command line to 'None'
[0.222s] Level 5:colcon.colcon_core.verb:set package 'path_management' build argument 'catkin_cmake_args' from command line to 'None'
[0.222s] Level 5:colcon.colcon_core.verb:set package 'path_management' build argument 'catkin_skip_building_tests' from command line to 'False'
[0.222s] DEBUG:colcon.colcon_core.verb:Building package 'path_management' with the following arguments: {'ament_cmake_args': None, 'build_base': '/home/enio/develop_fer/Model-Informed-Path-Planning/path_planning_ws/build/path_management', 'catkin_cmake_args': None, 'catkin_skip_building_tests': False, 'cmake_args': None, 'cmake_clean_cache': False, 'cmake_clean_first': False, 'cmake_force_configure': False, 'cmake_target': None, 'cmake_target_skip_unavailable': False, 'install_base': '/home/enio/develop_fer/Model-Informed-Path-Planning/path_planning_ws/install/path_management', 'merge_install': False, 'path': '/home/enio/develop_fer/Model-Informed-Path-Planning/path_planning_ws/src/path_management', 'symlink_install': False, 'test_result_base': None}
[0.222s] INFO:colcon.colcon_core.executor:Executing jobs using 'parallel' executor
[0.223s] DEBUG:colcon.colcon_parallel_executor.executor.parallel:run_until_complete
[0.223s] INFO:colcon.colcon_ros.task.ament_cmake.build:Building ROS package in '/home/enio/develop_fer/Model-Informed-Path-Planning/path_planning_ws/src/user_action_interfaces' with build type 'ament_cmake'
[0.223s] INFO:colcon.colcon_cmake.task.cmake.build:Building CMake package in '/home/enio/develop_fer/Model-Informed-Path-Planning/path_planning_ws/src/user_action_interfaces'
[0.224s] INFO:colcon.colcon_core.plugin_system:Skipping extension 'colcon_core.shell.bat': Not used on non-Windows systems
[0.224s] INFO:colcon.colcon_core.shell:Skip shell extension 'powershell' for command environment: Not usable outside of PowerShell
[0.224s] DEBUG:colcon.colcon_core.shell:Skip shell extension 'dsv' for command environment
[0.226s] INFO:colcon.colcon_ros.task.ament_cmake.build:Building ROS package in '/home/enio/develop_fer/Model-Informed-Path-Planning/path_planning_ws/src/path_planning_dtstarlite' with build type 'ament_cmake'
[0.226s] INFO:colcon.colcon_cmake.task.cmake.build:Building CMake package in '/home/enio/develop_fer/Model-Informed-Path-Planning/path_planning_ws/src/path_planning_dtstarlite'
[0.226s] INFO:colcon.colcon_core.shell:Skip shell extension 'powershell' for command environment: Not usable outside of PowerShell
[0.226s] DEBUG:colcon.colcon_core.shell:Skip shell extension 'dsv' for command environment
[0.231s] DEBUG:colcon.colcon_core.event_handler.log_command:Invoking command in '/home/enio/develop_fer/Model-Informed-Path-Planning/path_planning_ws/build/user_action_interfaces': CMAKE_PREFIX_PATH=${CMAKE_PREFIX_PATH}:/opt/ros/iron /usr/bin/cmake --build /home/enio/develop_fer/Model-Informed-Path-Planning/path_planning_ws/build/user_action_interfaces -- -j20 -l20
[0.234s] DEBUG:colcon.colcon_core.event_handler.log_command:Invoking command in '/home/enio/develop_fer/Model-Informed-Path-Planning/path_planning_ws/build/path_planning_dtstarlite': CMAKE_PREFIX_PATH=${CMAKE_PREFIX_PATH}:/opt/ros/iron /usr/bin/cmake --build /home/enio/develop_fer/Model-Informed-Path-Planning/path_planning_ws/build/path_planning_dtstarlite -- -j20 -l20
[0.252s] DEBUG:colcon.colcon_core.event_handler.log_command:Invoked command in '/home/enio/develop_fer/Model-Informed-Path-Planning/path_planning_ws/build/path_planning_dtstarlite' returned '0': CMAKE_PREFIX_PATH=${CMAKE_PREFIX_PATH}:/opt/ros/iron /usr/bin/cmake --build /home/enio/develop_fer/Model-Informed-Path-Planning/path_planning_ws/build/path_planning_dtstarlite -- -j20 -l20
[0.268s] DEBUG:colcon.colcon_core.event_handler.log_command:Invoking command in '/home/enio/develop_fer/Model-Informed-Path-Planning/path_planning_ws/build/path_planning_dtstarlite': CMAKE_PREFIX_PATH=${CMAKE_PREFIX_PATH}:/opt/ros/iron /usr/bin/cmake --install /home/enio/develop_fer/Model-Informed-Path-Planning/path_planning_ws/build/path_planning_dtstarlite
[0.275s] Level 1:colcon.colcon_core.environment:create_environment_scripts_only(path_planning_dtstarlite)
[0.276s] DEBUG:colcon.colcon_core.event_handler.log_command:Invoked command in '/home/enio/develop_fer/Model-Informed-Path-Planning/path_planning_ws/build/path_planning_dtstarlite' returned '0': CMAKE_PREFIX_PATH=${CMAKE_PREFIX_PATH}:/opt/ros/iron /usr/bin/cmake --install /home/enio/develop_fer/Model-Informed-Path-Planning/path_planning_ws/build/path_planning_dtstarlite
[0.278s] Level 1:colcon.colcon_core.environment:checking '/home/enio/develop_fer/Model-Informed-Path-Planning/path_planning_ws/install/path_planning_dtstarlite' for CMake module files
[0.278s] Level 1:colcon.colcon_core.environment:checking '/home/enio/develop_fer/Model-Informed-Path-Planning/path_planning_ws/install/path_planning_dtstarlite' for CMake config files
[0.278s] Level 1:colcon.colcon_core.shell:create_environment_hook('path_planning_dtstarlite', 'cmake_prefix_path')
[0.279s] INFO:colcon.colcon_core.shell:Creating environment hook '/home/enio/develop_fer/Model-Informed-Path-Planning/path_planning_ws/install/path_planning_dtstarlite/share/path_planning_dtstarlite/hook/cmake_prefix_path.ps1'
[0.279s] INFO:colcon.colcon_core.shell:Creating environment descriptor '/home/enio/develop_fer/Model-Informed-Path-Planning/path_planning_ws/install/path_planning_dtstarlite/share/path_planning_dtstarlite/hook/cmake_prefix_path.dsv'
[0.280s] INFO:colcon.colcon_core.shell:Creating environment hook '/home/enio/develop_fer/Model-Informed-Path-Planning/path_planning_ws/install/path_planning_dtstarlite/share/path_planning_dtstarlite/hook/cmake_prefix_path.sh'
[0.281s] Level 1:colcon.colcon_core.environment:checking '/home/enio/develop_fer/Model-Informed-Path-Planning/path_planning_ws/install/path_planning_dtstarlite/bin'
[0.281s] Level 1:colcon.colcon_core.environment:checking '/home/enio/develop_fer/Model-Informed-Path-Planning/path_planning_ws/install/path_planning_dtstarlite/lib/pkgconfig/path_planning_dtstarlite.pc'
[0.281s] Level 1:colcon.colcon_core.environment:checking '/home/enio/develop_fer/Model-Informed-Path-Planning/path_planning_ws/install/path_planning_dtstarlite/lib/python3.10/site-packages'
[0.282s] Level 1:colcon.colcon_core.environment:checking '/home/enio/develop_fer/Model-Informed-Path-Planning/path_planning_ws/install/path_planning_dtstarlite/bin'
[0.282s] INFO:colcon.colcon_core.shell:Creating package script '/home/enio/develop_fer/Model-Informed-Path-Planning/path_planning_ws/install/path_planning_dtstarlite/share/path_planning_dtstarlite/package.ps1'
[0.283s] INFO:colcon.colcon_core.shell:Creating package descriptor '/home/enio/develop_fer/Model-Informed-Path-Planning/path_planning_ws/install/path_planning_dtstarlite/share/path_planning_dtstarlite/package.dsv'
[0.283s] INFO:colcon.colcon_core.shell:Creating package script '/home/enio/develop_fer/Model-Informed-Path-Planning/path_planning_ws/install/path_planning_dtstarlite/share/path_planning_dtstarlite/package.sh'
[0.283s] INFO:colcon.colcon_core.shell:Creating package script '/home/enio/develop_fer/Model-Informed-Path-Planning/path_planning_ws/install/path_planning_dtstarlite/share/path_planning_dtstarlite/package.bash'
[0.284s] INFO:colcon.colcon_core.shell:Creating package script '/home/enio/develop_fer/Model-Informed-Path-Planning/path_planning_ws/install/path_planning_dtstarlite/share/path_planning_dtstarlite/package.zsh'
[0.285s] Level 1:colcon.colcon_core.environment:create_file_with_runtime_dependencies(/home/enio/develop_fer/Model-Informed-Path-Planning/path_planning_ws/install/path_planning_dtstarlite/share/colcon-core/packages/path_planning_dtstarlite)
[0.296s] Level 1:colcon.colcon_core.environment:create_environment_scripts_only(path_planning_dtstarlite)
[0.297s] Level 1:colcon.colcon_core.environment:checking '/home/enio/develop_fer/Model-Informed-Path-Planning/path_planning_ws/install/path_planning_dtstarlite' for CMake module files
[0.297s] Level 1:colcon.colcon_core.environment:checking '/home/enio/develop_fer/Model-Informed-Path-Planning/path_planning_ws/install/path_planning_dtstarlite' for CMake config files
[0.297s] Level 1:colcon.colcon_core.shell:create_environment_hook('path_planning_dtstarlite', 'cmake_prefix_path')
[0.297s] INFO:colcon.colcon_core.shell:Creating environment hook '/home/enio/develop_fer/Model-Informed-Path-Planning/path_planning_ws/install/path_planning_dtstarlite/share/path_planning_dtstarlite/hook/cmake_prefix_path.ps1'
[0.297s] INFO:colcon.colcon_core.shell:Creating environment descriptor '/home/enio/develop_fer/Model-Informed-Path-Planning/path_planning_ws/install/path_planning_dtstarlite/share/path_planning_dtstarlite/hook/cmake_prefix_path.dsv'
[0.297s] INFO:colcon.colcon_core.shell:Creating environment hook '/home/enio/develop_fer/Model-Informed-Path-Planning/path_planning_ws/install/path_planning_dtstarlite/share/path_planning_dtstarlite/hook/cmake_prefix_path.sh'
[0.298s] Level 1:colcon.colcon_core.environment:checking '/home/enio/develop_fer/Model-Informed-Path-Planning/path_planning_ws/install/path_planning_dtstarlite/bin'
[0.298s] Level 1:colcon.colcon_core.environment:checking '/home/enio/develop_fer/Model-Informed-Path-Planning/path_planning_ws/install/path_planning_dtstarlite/lib/pkgconfig/path_planning_dtstarlite.pc'
[0.298s] Level 1:colcon.colcon_core.environment:checking '/home/enio/develop_fer/Model-Informed-Path-Planning/path_planning_ws/install/path_planning_dtstarlite/lib/python3.10/site-packages'
[0.298s] Level 1:colcon.colcon_core.environment:checking '/home/enio/develop_fer/Model-Informed-Path-Planning/path_planning_ws/install/path_planning_dtstarlite/bin'
[0.298s] INFO:colcon.colcon_core.shell:Creating package script '/home/enio/develop_fer/Model-Informed-Path-Planning/path_planning_ws/install/path_planning_dtstarlite/share/path_planning_dtstarlite/package.ps1'
[0.298s] INFO:colcon.colcon_core.shell:Creating package descriptor '/home/enio/develop_fer/Model-Informed-Path-Planning/path_planning_ws/install/path_planning_dtstarlite/share/path_planning_dtstarlite/package.dsv'
[0.298s] INFO:colcon.colcon_core.shell:Creating package script '/home/enio/develop_fer/Model-Informed-Path-Planning/path_planning_ws/install/path_planning_dtstarlite/share/path_planning_dtstarlite/package.sh'
[0.299s] INFO:colcon.colcon_core.shell:Creating package script '/home/enio/develop_fer/Model-Informed-Path-Planning/path_planning_ws/install/path_planning_dtstarlite/share/path_planning_dtstarlite/package.bash'
[0.299s] INFO:colcon.colcon_core.shell:Creating package script '/home/enio/develop_fer/Model-Informed-Path-Planning/path_planning_ws/install/path_planning_dtstarlite/share/path_planning_dtstarlite/package.zsh'
[0.299s] Level 1:colcon.colcon_core.environment:create_file_with_runtime_dependencies(/home/enio/develop_fer/Model-Informed-Path-Planning/path_planning_ws/install/path_planning_dtstarlite/share/colcon-core/packages/path_planning_dtstarlite)
[0.421s] DEBUG:colcon.colcon_core.event_handler.log_command:Invoked command in '/home/enio/develop_fer/Model-Informed-Path-Planning/path_planning_ws/build/user_action_interfaces' returned '0': CMAKE_PREFIX_PATH=${CMAKE_PREFIX_PATH}:/opt/ros/iron /usr/bin/cmake --build /home/enio/develop_fer/Model-Informed-Path-Planning/path_planning_ws/build/user_action_interfaces -- -j20 -l20
[0.474s] DEBUG:colcon.colcon_core.event_handler.log_command:Invoking command in '/home/enio/develop_fer/Model-Informed-Path-Planning/path_planning_ws/build/user_action_interfaces': CMAKE_PREFIX_PATH=${CMAKE_PREFIX_PATH}:/opt/ros/iron /usr/bin/cmake --install /home/enio/develop_fer/Model-Informed-Path-Planning/path_planning_ws/build/user_action_interfaces
[0.518s] Level 1:colcon.colcon_core.environment:create_environment_scripts_only(user_action_interfaces)
[0.518s] DEBUG:colcon.colcon_core.event_handler.log_command:Invoked command in '/home/enio/develop_fer/Model-Informed-Path-Planning/path_planning_ws/build/user_action_interfaces' returned '0': CMAKE_PREFIX_PATH=${CMAKE_PREFIX_PATH}:/opt/ros/iron /usr/bin/cmake --install /home/enio/develop_fer/Model-Informed-Path-Planning/path_planning_ws/build/user_action_interfaces
[0.518s] Level 1:colcon.colcon_core.environment:checking '/home/enio/develop_fer/Model-Informed-Path-Planning/path_planning_ws/install/user_action_interfaces' for CMake module files
[0.519s] Level 1:colcon.colcon_core.environment:checking '/home/enio/develop_fer/Model-Informed-Path-Planning/path_planning_ws/install/user_action_interfaces' for CMake config files
[0.519s] Level 1:colcon.colcon_core.shell:create_environment_hook('user_action_interfaces', 'cmake_prefix_path')
[0.519s] INFO:colcon.colcon_core.shell:Creating environment hook '/home/enio/develop_fer/Model-Informed-Path-Planning/path_planning_ws/install/user_action_interfaces/share/user_action_interfaces/hook/cmake_prefix_path.ps1'
[0.520s] INFO:colcon.colcon_core.shell:Creating environment descriptor '/home/enio/develop_fer/Model-Informed-Path-Planning/path_planning_ws/install/user_action_interfaces/share/user_action_interfaces/hook/cmake_prefix_path.dsv'
[0.520s] INFO:colcon.colcon_core.shell:Creating environment hook '/home/enio/develop_fer/Model-Informed-Path-Planning/path_planning_ws/install/user_action_interfaces/share/user_action_interfaces/hook/cmake_prefix_path.sh'
[0.520s] Level 1:colcon.colcon_core.environment:checking '/home/enio/develop_fer/Model-Informed-Path-Planning/path_planning_ws/install/user_action_interfaces/lib'
[0.520s] Level 1:colcon.colcon_core.shell:create_environment_hook('user_action_interfaces', 'ld_library_path_lib')
[0.520s] INFO:colcon.colcon_core.shell:Creating environment hook '/home/enio/develop_fer/Model-Informed-Path-Planning/path_planning_ws/install/user_action_interfaces/share/user_action_interfaces/hook/ld_library_path_lib.ps1'
[0.521s] INFO:colcon.colcon_core.shell:Creating environment descriptor '/home/enio/develop_fer/Model-Informed-Path-Planning/path_planning_ws/install/user_action_interfaces/share/user_action_interfaces/hook/ld_library_path_lib.dsv'
[0.521s] INFO:colcon.colcon_core.shell:Creating environment hook '/home/enio/develop_fer/Model-Informed-Path-Planning/path_planning_ws/install/user_action_interfaces/share/user_action_interfaces/hook/ld_library_path_lib.sh'
[0.521s] Level 1:colcon.colcon_core.environment:checking '/home/enio/develop_fer/Model-Informed-Path-Planning/path_planning_ws/install/user_action_interfaces/bin'
[0.521s] Level 1:colcon.colcon_core.environment:checking '/home/enio/develop_fer/Model-Informed-Path-Planning/path_planning_ws/install/user_action_interfaces/lib/pkgconfig/user_action_interfaces.pc'
[0.521s] Level 1:colcon.colcon_core.environment:checking '/home/enio/develop_fer/Model-Informed-Path-Planning/path_planning_ws/install/user_action_interfaces/lib/python3.10/site-packages'
[0.521s] Level 1:colcon.colcon_core.shell:create_environment_hook('user_action_interfaces', 'pythonpath')
[0.521s] INFO:colcon.colcon_core.shell:Creating environment hook '/home/enio/develop_fer/Model-Informed-Path-Planning/path_planning_ws/install/user_action_interfaces/share/user_action_interfaces/hook/pythonpath.ps1'
[0.521s] INFO:colcon.colcon_core.shell:Creating environment descriptor '/home/enio/develop_fer/Model-Informed-Path-Planning/path_planning_ws/install/user_action_interfaces/share/user_action_interfaces/hook/pythonpath.dsv'
[0.521s] INFO:colcon.colcon_core.shell:Creating environment hook '/home/enio/develop_fer/Model-Informed-Path-Planning/path_planning_ws/install/user_action_interfaces/share/user_action_interfaces/hook/pythonpath.sh'
[0.522s] Level 1:colcon.colcon_core.environment:checking '/home/enio/develop_fer/Model-Informed-Path-Planning/path_planning_ws/install/user_action_interfaces/bin'
[0.522s] INFO:colcon.colcon_core.shell:Creating package script '/home/enio/develop_fer/Model-Informed-Path-Planning/path_planning_ws/install/user_action_interfaces/share/user_action_interfaces/package.ps1'
[0.522s] INFO:colcon.colcon_core.shell:Creating package descriptor '/home/enio/develop_fer/Model-Informed-Path-Planning/path_planning_ws/install/user_action_interfaces/share/user_action_interfaces/package.dsv'
[0.522s] INFO:colcon.colcon_core.shell:Creating package script '/home/enio/develop_fer/Model-Informed-Path-Planning/path_planning_ws/install/user_action_interfaces/share/user_action_interfaces/package.sh'
[0.522s] INFO:colcon.colcon_core.shell:Creating package script '/home/enio/develop_fer/Model-Informed-Path-Planning/path_planning_ws/install/user_action_interfaces/share/user_action_interfaces/package.bash'
[0.522s] INFO:colcon.colcon_core.shell:Creating package script '/home/enio/develop_fer/Model-Informed-Path-Planning/path_planning_ws/install/user_action_interfaces/share/user_action_interfaces/package.zsh'
[0.523s] Level 1:colcon.colcon_core.environment:create_file_with_runtime_dependencies(/home/enio/develop_fer/Model-Informed-Path-Planning/path_planning_ws/install/user_action_interfaces/share/colcon-core/packages/user_action_interfaces)
[0.563s] Level 1:colcon.colcon_core.environment:create_environment_scripts_only(user_action_interfaces)
[0.563s] Level 1:colcon.colcon_core.environment:checking '/home/enio/develop_fer/Model-Informed-Path-Planning/path_planning_ws/install/user_action_interfaces' for CMake module files
[0.564s] Level 1:colcon.colcon_core.environment:checking '/home/enio/develop_fer/Model-Informed-Path-Planning/path_planning_ws/install/user_action_interfaces' for CMake config files
[0.564s] Level 1:colcon.colcon_core.shell:create_environment_hook('user_action_interfaces', 'cmake_prefix_path')
[0.565s] INFO:colcon.colcon_core.shell:Creating environment hook '/home/enio/develop_fer/Model-Informed-Path-Planning/path_planning_ws/install/user_action_interfaces/share/user_action_interfaces/hook/cmake_prefix_path.ps1'
[0.565s] INFO:colcon.colcon_core.shell:Creating environment descriptor '/home/enio/develop_fer/Model-Informed-Path-Planning/path_planning_ws/install/user_action_interfaces/share/user_action_interfaces/hook/cmake_prefix_path.dsv'
[0.565s] INFO:colcon.colcon_core.shell:Creating environment hook '/home/enio/develop_fer/Model-Informed-Path-Planning/path_planning_ws/install/user_action_interfaces/share/user_action_interfaces/hook/cmake_prefix_path.sh'
[0.566s] Level 1:colcon.colcon_core.environment:checking '/home/enio/develop_fer/Model-Informed-Path-Planning/path_planning_ws/install/user_action_interfaces/lib'
[0.566s] Level 1:colcon.colcon_core.shell:create_environment_hook('user_action_interfaces', 'ld_library_path_lib')
[0.566s] INFO:colcon.colcon_core.shell:Creating environment hook '/home/enio/develop_fer/Model-Informed-Path-Planning/path_planning_ws/install/user_action_interfaces/share/user_action_interfaces/hook/ld_library_path_lib.ps1'
[0.567s] INFO:colcon.colcon_core.shell:Creating environment descriptor '/home/enio/develop_fer/Model-Informed-Path-Planning/path_planning_ws/install/user_action_interfaces/share/user_action_interfaces/hook/ld_library_path_lib.dsv'
[0.567s] INFO:colcon.colcon_core.shell:Creating environment hook '/home/enio/develop_fer/Model-Informed-Path-Planning/path_planning_ws/install/user_action_interfaces/share/user_action_interfaces/hook/ld_library_path_lib.sh'
[0.567s] Level 1:colcon.colcon_core.environment:checking '/home/enio/develop_fer/Model-Informed-Path-Planning/path_planning_ws/install/user_action_interfaces/bin'
[0.567s] Level 1:colcon.colcon_core.environment:checking '/home/enio/develop_fer/Model-Informed-Path-Planning/path_planning_ws/install/user_action_interfaces/lib/pkgconfig/user_action_interfaces.pc'
[0.567s] Level 1:colcon.colcon_core.environment:checking '/home/enio/develop_fer/Model-Informed-Path-Planning/path_planning_ws/install/user_action_interfaces/lib/python3.10/site-packages'
[0.568s] Level 1:colcon.colcon_core.shell:create_environment_hook('user_action_interfaces', 'pythonpath')
[0.568s] INFO:colcon.colcon_core.shell:Creating environment hook '/home/enio/develop_fer/Model-Informed-Path-Planning/path_planning_ws/install/user_action_interfaces/share/user_action_interfaces/hook/pythonpath.ps1'
[0.568s] INFO:colcon.colcon_core.shell:Creating environment descriptor '/home/enio/develop_fer/Model-Informed-Path-Planning/path_planning_ws/install/user_action_interfaces/share/user_action_interfaces/hook/pythonpath.dsv'
[0.569s] INFO:colcon.colcon_core.shell:Creating environment hook '/home/enio/develop_fer/Model-Informed-Path-Planning/path_planning_ws/install/user_action_interfaces/share/user_action_interfaces/hook/pythonpath.sh'
[0.569s] Level 1:colcon.colcon_core.environment:checking '/home/enio/develop_fer/Model-Informed-Path-Planning/path_planning_ws/install/user_action_interfaces/bin'
[0.570s] INFO:colcon.colcon_core.shell:Creating package script '/home/enio/develop_fer/Model-Informed-Path-Planning/path_planning_ws/install/user_action_interfaces/share/user_action_interfaces/package.ps1'
[0.570s] INFO:colcon.colcon_core.shell:Creating package descriptor '/home/enio/develop_fer/Model-Informed-Path-Planning/path_planning_ws/install/user_action_interfaces/share/user_action_interfaces/package.dsv'
[0.571s] INFO:colcon.colcon_core.shell:Creating package script '/home/enio/develop_fer/Model-Informed-Path-Planning/path_planning_ws/install/user_action_interfaces/share/user_action_interfaces/package.sh'
[0.571s] INFO:colcon.colcon_core.shell:Creating package script '/home/enio/develop_fer/Model-Informed-Path-Planning/path_planning_ws/install/user_action_interfaces/share/user_action_interfaces/package.bash'
[0.571s] INFO:colcon.colcon_core.shell:Creating package script '/home/enio/develop_fer/Model-Informed-Path-Planning/path_planning_ws/install/user_action_interfaces/share/user_action_interfaces/package.zsh'
[0.572s] Level 1:colcon.colcon_core.environment:create_file_with_runtime_dependencies(/home/enio/develop_fer/Model-Informed-Path-Planning/path_planning_ws/install/user_action_interfaces/share/colcon-core/packages/user_action_interfaces)
[0.572s] INFO:colcon.colcon_ros.task.ament_cmake.build:Building ROS package in '/home/enio/develop_fer/Model-Informed-Path-Planning/path_planning_ws/src/path_management' with build type 'ament_cmake'
[0.572s] INFO:colcon.colcon_cmake.task.cmake.build:Building CMake package in '/home/enio/develop_fer/Model-Informed-Path-Planning/path_planning_ws/src/path_management'
[0.573s] INFO:colcon.colcon_core.shell:Skip shell extension 'powershell' for command environment: Not usable outside of PowerShell
[0.573s] DEBUG:colcon.colcon_core.shell:Skip shell extension 'dsv' for command environment
[0.584s] DEBUG:colcon.colcon_core.event_handler.log_command:Invoking command in '/home/enio/develop_fer/Model-Informed-Path-Planning/path_planning_ws/build/path_management': CMAKE_PREFIX_PATH=/home/enio/develop_fer/Model-Informed-Path-Planning/path_planning_ws/install/user_action_interfaces:/home/enio/develop_fer/Model-Informed-Path-Planning/path_planning_ws/install/user_commands:/home/enio/develop_fer/Model-Informed-Path-Planning/path_planning_ws/install/path_planning_dtstarlite:/opt/ros/iron /usr/bin/cmake /home/enio/develop_fer/Model-Informed-Path-Planning/path_planning_ws/src/path_management -DCMAKE_INSTALL_PREFIX=/home/enio/develop_fer/Model-Informed-Path-Planning/path_planning_ws/install/path_management
[1.548s] DEBUG:colcon.colcon_core.event_handler.log_command:Invoked command in '/home/enio/develop_fer/Model-Informed-Path-Planning/path_planning_ws/build/path_management' returned '0': CMAKE_PREFIX_PATH=/home/enio/develop_fer/Model-Informed-Path-Planning/path_planning_ws/install/user_action_interfaces:/home/enio/develop_fer/Model-Informed-Path-Planning/path_planning_ws/install/user_commands:/home/enio/develop_fer/Model-Informed-Path-Planning/path_planning_ws/install/path_planning_dtstarlite:/opt/ros/iron /usr/bin/cmake /home/enio/develop_fer/Model-Informed-Path-Planning/path_planning_ws/src/path_management -DCMAKE_INSTALL_PREFIX=/home/enio/develop_fer/Model-Informed-Path-Planning/path_planning_ws/install/path_management
[1.550s] DEBUG:colcon.colcon_core.event_handler.log_command:Invoking command in '/home/enio/develop_fer/Model-Informed-Path-Planning/path_planning_ws/build/path_management': CMAKE_PREFIX_PATH=/home/enio/develop_fer/Model-Informed-Path-Planning/path_planning_ws/install/user_action_interfaces:/home/enio/develop_fer/Model-Informed-Path-Planning/path_planning_ws/install/user_commands:/home/enio/develop_fer/Model-Informed-Path-Planning/path_planning_ws/install/path_planning_dtstarlite:/opt/ros/iron /usr/bin/cmake --build /home/enio/develop_fer/Model-Informed-Path-Planning/path_planning_ws/build/path_management -- -j20 -l20
[1.572s] DEBUG:colcon.colcon_core.event_handler.log_command:Invoked command in '/home/enio/develop_fer/Model-Informed-Path-Planning/path_planning_ws/build/path_management' returned '0': CMAKE_PREFIX_PATH=/home/enio/develop_fer/Model-Informed-Path-Planning/path_planning_ws/install/user_action_interfaces:/home/enio/develop_fer/Model-Informed-Path-Planning/path_planning_ws/install/user_commands:/home/enio/develop_fer/Model-Informed-Path-Planning/path_planning_ws/install/path_planning_dtstarlite:/opt/ros/iron /usr/bin/cmake --build /home/enio/develop_fer/Model-Informed-Path-Planning/path_planning_ws/build/path_management -- -j20 -l20
[1.588s] DEBUG:colcon.colcon_core.event_handler.log_command:Invoking command in '/home/enio/develop_fer/Model-Informed-Path-Planning/path_planning_ws/build/path_management': CMAKE_PREFIX_PATH=/home/enio/develop_fer/Model-Informed-Path-Planning/path_planning_ws/install/user_action_interfaces:/home/enio/develop_fer/Model-Informed-Path-Planning/path_planning_ws/install/user_commands:/home/enio/develop_fer/Model-Informed-Path-Planning/path_planning_ws/install/path_planning_dtstarlite:/opt/ros/iron /usr/bin/cmake --install /home/enio/develop_fer/Model-Informed-Path-Planning/path_planning_ws/build/path_management
[1.597s] Level 1:colcon.colcon_core.environment:create_environment_scripts_only(path_management)
[1.597s] Level 1:colcon.colcon_core.environment:checking '/home/enio/develop_fer/Model-Informed-Path-Planning/path_planning_ws/install/path_management' for CMake module files
[1.598s] DEBUG:colcon.colcon_core.event_handler.log_command:Invoked command in '/home/enio/develop_fer/Model-Informed-Path-Planning/path_planning_ws/build/path_management' returned '0': CMAKE_PREFIX_PATH=/home/enio/develop_fer/Model-Informed-Path-Planning/path_planning_ws/install/user_action_interfaces:/home/enio/develop_fer/Model-Informed-Path-Planning/path_planning_ws/install/user_commands:/home/enio/develop_fer/Model-Informed-Path-Planning/path_planning_ws/install/path_planning_dtstarlite:/opt/ros/iron /usr/bin/cmake --install /home/enio/develop_fer/Model-Informed-Path-Planning/path_planning_ws/build/path_management
[1.598s] Level 1:colcon.colcon_core.environment:checking '/home/enio/develop_fer/Model-Informed-Path-Planning/path_planning_ws/install/path_management' for CMake config files
[1.598s] Level 1:colcon.colcon_core.shell:create_environment_hook('path_management', 'cmake_prefix_path')
[1.599s] INFO:colcon.colcon_core.shell:Creating environment hook '/home/enio/develop_fer/Model-Informed-Path-Planning/path_planning_ws/install/path_management/share/path_management/hook/cmake_prefix_path.ps1'
[1.599s] INFO:colcon.colcon_core.shell:Creating environment descriptor '/home/enio/develop_fer/Model-Informed-Path-Planning/path_planning_ws/install/path_management/share/path_management/hook/cmake_prefix_path.dsv'
[1.599s] INFO:colcon.colcon_core.shell:Creating environment hook '/home/enio/develop_fer/Model-Informed-Path-Planning/path_planning_ws/install/path_management/share/path_management/hook/cmake_prefix_path.sh'
[1.600s] Level 1:colcon.colcon_core.environment:checking '/home/enio/develop_fer/Model-Informed-Path-Planning/path_planning_ws/install/path_management/bin'
[1.600s] Level 1:colcon.colcon_core.environment:checking '/home/enio/develop_fer/Model-Informed-Path-Planning/path_planning_ws/install/path_management/lib/pkgconfig/path_management.pc'
[1.600s] Level 1:colcon.colcon_core.environment:checking '/home/enio/develop_fer/Model-Informed-Path-Planning/path_planning_ws/install/path_management/lib/python3.10/site-packages'
[1.601s] Level 1:colcon.colcon_core.environment:checking '/home/enio/develop_fer/Model-Informed-Path-Planning/path_planning_ws/install/path_management/bin'
[1.601s] INFO:colcon.colcon_core.shell:Creating package script '/home/enio/develop_fer/Model-Informed-Path-Planning/path_planning_ws/install/path_management/share/path_management/package.ps1'
[1.601s] INFO:colcon.colcon_core.shell:Creating package descriptor '/home/enio/develop_fer/Model-Informed-Path-Planning/path_planning_ws/install/path_management/share/path_management/package.dsv'
[1.602s] INFO:colcon.colcon_core.shell:Creating package script '/home/enio/develop_fer/Model-Informed-Path-Planning/path_planning_ws/install/path_management/share/path_management/package.sh'
[1.602s] INFO:colcon.colcon_core.shell:Creating package script '/home/enio/develop_fer/Model-Informed-Path-Planning/path_planning_ws/install/path_management/share/path_management/package.bash'
[1.602s] INFO:colcon.colcon_core.shell:Creating package script '/home/enio/develop_fer/Model-Informed-Path-Planning/path_planning_ws/install/path_management/share/path_management/package.zsh'
[1.603s] Level 1:colcon.colcon_core.environment:create_file_with_runtime_dependencies(/home/enio/develop_fer/Model-Informed-Path-Planning/path_planning_ws/install/path_management/share/colcon-core/packages/path_management)
[1.620s] Level 1:colcon.colcon_core.environment:create_environment_scripts_only(path_management)
[1.621s] Level 1:colcon.colcon_core.environment:checking '/home/enio/develop_fer/Model-Informed-Path-Planning/path_planning_ws/install/path_management' for CMake module files
[1.621s] Level 1:colcon.colcon_core.environment:checking '/home/enio/develop_fer/Model-Informed-Path-Planning/path_planning_ws/install/path_management' for CMake config files
[1.621s] Level 1:colcon.colcon_core.shell:create_environment_hook('path_management', 'cmake_prefix_path')
[1.621s] INFO:colcon.colcon_core.shell:Creating environment hook '/home/enio/develop_fer/Model-Informed-Path-Planning/path_planning_ws/install/path_management/share/path_management/hook/cmake_prefix_path.ps1'
[1.622s] INFO:colcon.colcon_core.shell:Creating environment descriptor '/home/enio/develop_fer/Model-Informed-Path-Planning/path_planning_ws/install/path_management/share/path_management/hook/cmake_prefix_path.dsv'
[1.622s] INFO:colcon.colcon_core.shell:Creating environment hook '/home/enio/develop_fer/Model-Informed-Path-Planning/path_planning_ws/install/path_management/share/path_management/hook/cmake_prefix_path.sh'
[1.622s] Level 1:colcon.colcon_core.environment:checking '/home/enio/develop_fer/Model-Informed-Path-Planning/path_planning_ws/install/path_management/bin'
[1.623s] Level 1:colcon.colcon_core.environment:checking '/home/enio/develop_fer/Model-Informed-Path-Planning/path_planning_ws/install/path_management/lib/pkgconfig/path_management.pc'
[1.623s] Level 1:colcon.colcon_core.environment:checking '/home/enio/develop_fer/Model-Informed-Path-Planning/path_planning_ws/install/path_management/lib/python3.10/site-packages'
[1.623s] Level 1:colcon.colcon_core.environment:checking '/home/enio/develop_fer/Model-Informed-Path-Planning/path_planning_ws/install/path_management/bin'
[1.623s] INFO:colcon.colcon_core.shell:Creating package script '/home/enio/develop_fer/Model-Informed-Path-Planning/path_planning_ws/install/path_management/share/path_management/package.ps1'
[1.624s] INFO:colcon.colcon_core.shell:Creating package descriptor '/home/enio/develop_fer/Model-Informed-Path-Planning/path_planning_ws/install/path_management/share/path_management/package.dsv'
[1.624s] INFO:colcon.colcon_core.shell:Creating package script '/home/enio/develop_fer/Model-Informed-Path-Planning/path_planning_ws/install/path_management/share/path_management/package.sh'
[1.625s] INFO:colcon.colcon_core.shell:Creating package script '/home/enio/develop_fer/Model-Informed-Path-Planning/path_planning_ws/install/path_management/share/path_management/package.bash'
[1.625s] INFO:colcon.colcon_core.shell:Creating package script '/home/enio/develop_fer/Model-Informed-Path-Planning/path_planning_ws/install/path_management/share/path_management/package.zsh'
[1.625s] Level 1:colcon.colcon_core.environment:create_file_with_runtime_dependencies(/home/enio/develop_fer/Model-Informed-Path-Planning/path_planning_ws/install/path_management/share/colcon-core/packages/path_management)
[1.626s] DEBUG:colcon.colcon_parallel_executor.executor.parallel:closing loop
[1.626s] DEBUG:colcon.colcon_parallel_executor.executor.parallel:loop closed
[1.626s] DEBUG:colcon.colcon_parallel_executor.executor.parallel:run_until_complete finished with '0'
[1.626s] DEBUG:colcon.colcon_core.event_reactor:joining thread
[1.631s] INFO:colcon.colcon_core.plugin_system:Skipping extension 'colcon_notification.desktop_notification.terminal_notifier': Not used on non-Darwin systems
[1.631s] INFO:colcon.colcon_core.plugin_system:Skipping extension 'colcon_notification.desktop_notification.win32': Not used on non-Windows systems
[1.631s] INFO:colcon.colcon_notification.desktop_notification:Sending desktop notification using 'notify2'
[1.650s] DEBUG:colcon.colcon_core.event_reactor:joined thread
[1.650s] INFO:colcon.colcon_core.shell:Creating prefix script '/home/enio/develop_fer/Model-Informed-Path-Planning/path_planning_ws/install/local_setup.ps1'
[1.651s] INFO:colcon.colcon_core.shell:Creating prefix util module '/home/enio/develop_fer/Model-Informed-Path-Planning/path_planning_ws/install/_local_setup_util_ps1.py'
[1.651s] INFO:colcon.colcon_core.shell:Creating prefix chain script '/home/enio/develop_fer/Model-Informed-Path-Planning/path_planning_ws/install/setup.ps1'
[1.652s] INFO:colcon.colcon_core.shell:Creating prefix script '/home/enio/develop_fer/Model-Informed-Path-Planning/path_planning_ws/install/local_setup.sh'
[1.652s] INFO:colcon.colcon_core.shell:Creating prefix util module '/home/enio/develop_fer/Model-Informed-Path-Planning/path_planning_ws/install/_local_setup_util_sh.py'
[1.652s] INFO:colcon.colcon_core.shell:Creating prefix chain script '/home/enio/develop_fer/Model-Informed-Path-Planning/path_planning_ws/install/setup.sh'
[1.653s] INFO:colcon.colcon_core.shell:Creating prefix script '/home/enio/develop_fer/Model-Informed-Path-Planning/path_planning_ws/install/local_setup.bash'
[1.653s] INFO:colcon.colcon_core.shell:Creating prefix chain script '/home/enio/develop_fer/Model-Informed-Path-Planning/path_planning_ws/install/setup.bash'
[1.654s] INFO:colcon.colcon_core.shell:Creating prefix script '/home/enio/develop_fer/Model-Informed-Path-Planning/path_planning_ws/install/local_setup.zsh'
[1.654s] INFO:colcon.colcon_core.shell:Creating prefix chain script '/home/enio/develop_fer/Model-Informed-Path-Planning/path_planning_ws/install/setup.zsh'
