[0.582s] Invoking command in '/home/enio/develop_fer/Model-Informed-Path-Planning/path_planning_ws/src/path_planning_server': PYTHONPATH=/home/enio/develop_fer/Model-Informed-Path-Planning/path_planning_ws/build/path_planning_server/prefix_override:/home/enio/develop_fer/Model-Informed-Path-Planning/path_planning_ws/install/path_planning_server/lib/python3.10/site-packages:${PYTHONPATH} /usr/bin/python3 -W ignore:setup.py install is deprecated setup.py egg_info --egg-base ../../build/path_planning_server build --build-base /home/enio/develop_fer/Model-Informed-Path-Planning/path_planning_ws/build/path_planning_server/build install --record /home/enio/develop_fer/Model-Informed-Path-Planning/path_planning_ws/build/path_planning_server/install.log --single-version-externally-managed install_data
[0.706s] running egg_info
[0.706s] creating ../../build/path_planning_server/path_planning_server.egg-info
[0.706s] writing ../../build/path_planning_server/path_planning_server.egg-info/PKG-INFO
[0.707s] writing dependency_links to ../../build/path_planning_server/path_planning_server.egg-info/dependency_links.txt
[0.707s] writing entry points to ../../build/path_planning_server/path_planning_server.egg-info/entry_points.txt
[0.707s] writing requirements to ../../build/path_planning_server/path_planning_server.egg-info/requires.txt
[0.707s] writing top-level names to ../../build/path_planning_server/path_planning_server.egg-info/top_level.txt
[0.707s] writing manifest file '../../build/path_planning_server/path_planning_server.egg-info/SOURCES.txt'
[0.710s] reading manifest file '../../build/path_planning_server/path_planning_server.egg-info/SOURCES.txt'
[0.710s] adding license file 'LICENSE'
[0.712s] writing manifest file '../../build/path_planning_server/path_planning_server.egg-info/SOURCES.txt'
[0.712s] running build
[0.712s] running build_py
[0.712s] creating /home/enio/develop_fer/Model-Informed-Path-Planning/path_planning_ws/build/path_planning_server/build
[0.712s] creating /home/enio/develop_fer/Model-Informed-Path-Planning/path_planning_ws/build/path_planning_server/build/lib
[0.712s] creating /home/enio/develop_fer/Model-Informed-Path-Planning/path_planning_ws/build/path_planning_server/build/lib/path_planning_server
[0.712s] copying path_planning_server/__init__.py -> /home/enio/develop_fer/Model-Informed-Path-Planning/path_planning_ws/build/path_planning_server/build/lib/path_planning_server
[0.712s] copying path_planning_server/algorithms_base.py -> /home/enio/develop_fer/Model-Informed-Path-Planning/path_planning_ws/build/path_planning_server/build/lib/path_planning_server
[0.712s] copying path_planning_server/algorithms_test.py -> /home/enio/develop_fer/Model-Informed-Path-Planning/path_planning_ws/build/path_planning_server/build/lib/path_planning_server
[0.712s] copying path_planning_server/path_results.py -> /home/enio/develop_fer/Model-Informed-Path-Planning/path_planning_ws/build/path_planning_server/build/lib/path_planning_server
[0.712s] copying path_planning_server/plot.py -> /home/enio/develop_fer/Model-Informed-Path-Planning/path_planning_ws/build/path_planning_server/build/lib/path_planning_server
[0.712s] copying path_planning_server/planning_server.py -> /home/enio/develop_fer/Model-Informed-Path-Planning/path_planning_ws/build/path_planning_server/build/lib/path_planning_server
[0.713s] running install
[0.713s] running install_lib
[0.713s] creating /home/enio/develop_fer/Model-Informed-Path-Planning/path_planning_ws/install/path_planning_server/lib/python3.10/site-packages/path_planning_server
[0.713s] copying /home/enio/develop_fer/Model-Informed-Path-Planning/path_planning_ws/build/path_planning_server/build/lib/path_planning_server/__init__.py -> /home/enio/develop_fer/Model-Informed-Path-Planning/path_planning_ws/install/path_planning_server/lib/python3.10/site-packages/path_planning_server
[0.713s] copying /home/enio/develop_fer/Model-Informed-Path-Planning/path_planning_ws/build/path_planning_server/build/lib/path_planning_server/algorithms_base.py -> /home/enio/develop_fer/Model-Informed-Path-Planning/path_planning_ws/install/path_planning_server/lib/python3.10/site-packages/path_planning_server
[0.713s] copying /home/enio/develop_fer/Model-Informed-Path-Planning/path_planning_ws/build/path_planning_server/build/lib/path_planning_server/algorithms_test.py -> /home/enio/develop_fer/Model-Informed-Path-Planning/path_planning_ws/install/path_planning_server/lib/python3.10/site-packages/path_planning_server
[0.713s] copying /home/enio/develop_fer/Model-Informed-Path-Planning/path_planning_ws/build/path_planning_server/build/lib/path_planning_server/path_results.py -> /home/enio/develop_fer/Model-Informed-Path-Planning/path_planning_ws/install/path_planning_server/lib/python3.10/site-packages/path_planning_server
[0.713s] copying /home/enio/develop_fer/Model-Informed-Path-Planning/path_planning_ws/build/path_planning_server/build/lib/path_planning_server/plot.py -> /home/enio/develop_fer/Model-Informed-Path-Planning/path_planning_ws/install/path_planning_server/lib/python3.10/site-packages/path_planning_server
[0.713s] copying /home/enio/develop_fer/Model-Informed-Path-Planning/path_planning_ws/build/path_planning_server/build/lib/path_planning_server/planning_server.py -> /home/enio/develop_fer/Model-Informed-Path-Planning/path_planning_ws/install/path_planning_server/lib/python3.10/site-packages/path_planning_server
[0.713s] byte-compiling /home/enio/develop_fer/Model-Informed-Path-Planning/path_planning_ws/install/path_planning_server/lib/python3.10/site-packages/path_planning_server/__init__.py to __init__.cpython-310.pyc
[0.713s] byte-compiling /home/enio/develop_fer/Model-Informed-Path-Planning/path_planning_ws/install/path_planning_server/lib/python3.10/site-packages/path_planning_server/algorithms_base.py to algorithms_base.cpython-310.pyc
[0.713s] byte-compiling /home/enio/develop_fer/Model-Informed-Path-Planning/path_planning_ws/install/path_planning_server/lib/python3.10/site-packages/path_planning_server/algorithms_test.py to algorithms_test.cpython-310.pyc
[0.714s] byte-compiling /home/enio/develop_fer/Model-Informed-Path-Planning/path_planning_ws/install/path_planning_server/lib/python3.10/site-packages/path_planning_server/path_results.py to path_results.cpython-310.pyc
[0.714s] byte-compiling /home/enio/develop_fer/Model-Informed-Path-Planning/path_planning_ws/install/path_planning_server/lib/python3.10/site-packages/path_planning_server/plot.py to plot.cpython-310.pyc
[0.715s] byte-compiling /home/enio/develop_fer/Model-Informed-Path-Planning/path_planning_ws/install/path_planning_server/lib/python3.10/site-packages/path_planning_server/planning_server.py to planning_server.cpython-310.pyc
[0.715s] running install_data
[0.715s] creating /home/enio/develop_fer/Model-Informed-Path-Planning/path_planning_ws/install/path_planning_server/share/ament_index
[0.715s] creating /home/enio/develop_fer/Model-Informed-Path-Planning/path_planning_ws/install/path_planning_server/share/ament_index/resource_index
[0.715s] creating /home/enio/develop_fer/Model-Informed-Path-Planning/path_planning_ws/install/path_planning_server/share/ament_index/resource_index/packages
[0.715s] copying resource/path_planning_server -> /home/enio/develop_fer/Model-Informed-Path-Planning/path_planning_ws/install/path_planning_server/share/ament_index/resource_index/packages
[0.715s] copying package.xml -> /home/enio/develop_fer/Model-Informed-Path-Planning/path_planning_ws/install/path_planning_server/share/path_planning_server
[0.715s] creating /home/enio/develop_fer/Model-Informed-Path-Planning/path_planning_ws/install/path_planning_server/share/path_planning_server/algorithms
[0.715s] copying algorithms/hybrid_d_star_lite.py -> /home/enio/develop_fer/Model-Informed-Path-Planning/path_planning_ws/install/path_planning_server/share/path_planning_server/algorithms/
[0.716s] creating /home/enio/develop_fer/Model-Informed-Path-Planning/path_planning_ws/install/path_planning_server/share/path_planning_server/launch
[0.716s] copying launch/init_launch.py -> /home/enio/develop_fer/Model-Informed-Path-Planning/path_planning_ws/install/path_planning_server/share/path_planning_server/launch/
[0.716s] creating /home/enio/develop_fer/Model-Informed-Path-Planning/path_planning_ws/install/path_planning_server/share/path_planning_server/curve_generation
[0.716s] copying curve_generation/fem_pos_smooth.py -> /home/enio/develop_fer/Model-Informed-Path-Planning/path_planning_ws/install/path_planning_server/share/path_planning_server/curve_generation/
[0.716s] copying curve_generation/cubic_spline.py -> /home/enio/develop_fer/Model-Informed-Path-Planning/path_planning_ws/install/path_planning_server/share/path_planning_server/curve_generation/
[0.716s] copying curve_generation/curve_factory.py -> /home/enio/develop_fer/Model-Informed-Path-Planning/path_planning_ws/install/path_planning_server/share/path_planning_server/curve_generation/
[0.716s] copying curve_generation/curve.py -> /home/enio/develop_fer/Model-Informed-Path-Planning/path_planning_ws/install/path_planning_server/share/path_planning_server/curve_generation/
[0.716s] copying curve_generation/polynomial_curve.py -> /home/enio/develop_fer/Model-Informed-Path-Planning/path_planning_ws/install/path_planning_server/share/path_planning_server/curve_generation/
[0.716s] copying curve_generation/reeds_shepp.py -> /home/enio/develop_fer/Model-Informed-Path-Planning/path_planning_ws/install/path_planning_server/share/path_planning_server/curve_generation/
[0.716s] copying curve_generation/path_optimization.py -> /home/enio/develop_fer/Model-Informed-Path-Planning/path_planning_ws/install/path_planning_server/share/path_planning_server/curve_generation/
[0.716s] copying curve_generation/bezier_curve.py -> /home/enio/develop_fer/Model-Informed-Path-Planning/path_planning_ws/install/path_planning_server/share/path_planning_server/curve_generation/
[0.716s] copying curve_generation/dubins_curve.py -> /home/enio/develop_fer/Model-Informed-Path-Planning/path_planning_ws/install/path_planning_server/share/path_planning_server/curve_generation/
[0.716s] copying curve_generation/bspline_curve.py -> /home/enio/develop_fer/Model-Informed-Path-Planning/path_planning_ws/install/path_planning_server/share/path_planning_server/curve_generation/
[0.716s] creating /home/enio/develop_fer/Model-Informed-Path-Planning/path_planning_ws/install/path_planning_server/share/path_planning_server/curve_generation/utils
[0.716s] copying curve_generation/utils/__init__.py -> /home/enio/develop_fer/Model-Informed-Path-Planning/path_planning_ws/install/path_planning_server/share/path_planning_server/curve_generation/utils
[0.716s] creating /home/enio/develop_fer/Model-Informed-Path-Planning/path_planning_ws/install/path_planning_server/share/path_planning_server/curve_generation/utils/local_planner
[0.717s] copying curve_generation/utils/local_planner/__init__.py -> /home/enio/develop_fer/Model-Informed-Path-Planning/path_planning_ws/install/path_planning_server/share/path_planning_server/curve_generation/utils/local_planner
[0.717s] copying curve_generation/utils/local_planner/dwa.py -> /home/enio/develop_fer/Model-Informed-Path-Planning/path_planning_ws/install/path_planning_server/share/path_planning_server/curve_generation/utils/local_planner
[0.717s] copying curve_generation/utils/local_planner/mpc.py -> /home/enio/develop_fer/Model-Informed-Path-Planning/path_planning_ws/install/path_planning_server/share/path_planning_server/curve_generation/utils/local_planner
[0.717s] copying curve_generation/utils/local_planner/apf.py -> /home/enio/develop_fer/Model-Informed-Path-Planning/path_planning_ws/install/path_planning_server/share/path_planning_server/curve_generation/utils/local_planner
[0.717s] copying curve_generation/utils/local_planner/pid.py -> /home/enio/develop_fer/Model-Informed-Path-Planning/path_planning_ws/install/path_planning_server/share/path_planning_server/curve_generation/utils/local_planner
[0.717s] copying curve_generation/utils/local_planner/local_planner.py -> /home/enio/develop_fer/Model-Informed-Path-Planning/path_planning_ws/install/path_planning_server/share/path_planning_server/curve_generation/utils/local_planner
[0.717s] copying curve_generation/utils/local_planner/rpp.py -> /home/enio/develop_fer/Model-Informed-Path-Planning/path_planning_ws/install/path_planning_server/share/path_planning_server/curve_generation/utils/local_planner
[0.717s] copying curve_generation/utils/local_planner/lqr.py -> /home/enio/develop_fer/Model-Informed-Path-Planning/path_planning_ws/install/path_planning_server/share/path_planning_server/curve_generation/utils/local_planner
[0.717s] creating /home/enio/develop_fer/Model-Informed-Path-Planning/path_planning_ws/install/path_planning_server/share/path_planning_server/curve_generation/utils/environment
[0.717s] copying curve_generation/utils/environment/__init__.py -> /home/enio/develop_fer/Model-Informed-Path-Planning/path_planning_ws/install/path_planning_server/share/path_planning_server/curve_generation/utils/environment
[0.717s] copying curve_generation/utils/environment/node.py -> /home/enio/develop_fer/Model-Informed-Path-Planning/path_planning_ws/install/path_planning_server/share/path_planning_server/curve_generation/utils/environment
[0.717s] copying curve_generation/utils/environment/env.py -> /home/enio/develop_fer/Model-Informed-Path-Planning/path_planning_ws/install/path_planning_server/share/path_planning_server/curve_generation/utils/environment
[0.717s] creating /home/enio/develop_fer/Model-Informed-Path-Planning/path_planning_ws/install/path_planning_server/share/path_planning_server/curve_generation/utils/agent
[0.717s] copying curve_generation/utils/agent/agent.py -> /home/enio/develop_fer/Model-Informed-Path-Planning/path_planning_ws/install/path_planning_server/share/path_planning_server/curve_generation/utils/agent
[0.717s] copying curve_generation/utils/agent/__init__.py -> /home/enio/develop_fer/Model-Informed-Path-Planning/path_planning_ws/install/path_planning_server/share/path_planning_server/curve_generation/utils/agent
[0.717s] creating /home/enio/develop_fer/Model-Informed-Path-Planning/path_planning_ws/install/path_planning_server/share/path_planning_server/curve_generation/utils/helper
[0.717s] copying curve_generation/utils/helper/__init__.py -> /home/enio/develop_fer/Model-Informed-Path-Planning/path_planning_ws/install/path_planning_server/share/path_planning_server/curve_generation/utils/helper
[0.717s] copying curve_generation/utils/helper/math_helper.py -> /home/enio/develop_fer/Model-Informed-Path-Planning/path_planning_ws/install/path_planning_server/share/path_planning_server/curve_generation/utils/helper
[0.717s] creating /home/enio/develop_fer/Model-Informed-Path-Planning/path_planning_ws/install/path_planning_server/share/path_planning_server/curve_generation/utils/plot
[0.717s] copying curve_generation/utils/plot/__init__.py -> /home/enio/develop_fer/Model-Informed-Path-Planning/path_planning_ws/install/path_planning_server/share/path_planning_server/curve_generation/utils/plot
[0.717s] copying curve_generation/utils/plot/plot.py -> /home/enio/develop_fer/Model-Informed-Path-Planning/path_planning_ws/install/path_planning_server/share/path_planning_server/curve_generation/utils/plot
[0.718s] creating /home/enio/develop_fer/Model-Informed-Path-Planning/path_planning_ws/install/path_planning_server/share/path_planning_server/curve_generation/utils/planner
[0.718s] copying curve_generation/utils/planner/__init__.py -> /home/enio/develop_fer/Model-Informed-Path-Planning/path_planning_ws/install/path_planning_server/share/path_planning_server/curve_generation/utils/planner
[0.718s] copying curve_generation/utils/planner/control_factory.py -> /home/enio/develop_fer/Model-Informed-Path-Planning/path_planning_ws/install/path_planning_server/share/path_planning_server/curve_generation/utils/planner
[0.718s] copying curve_generation/utils/planner/search_factory.py -> /home/enio/develop_fer/Model-Informed-Path-Planning/path_planning_ws/install/path_planning_server/share/path_planning_server/curve_generation/utils/planner
[0.718s] copying curve_generation/utils/planner/planner.py -> /home/enio/develop_fer/Model-Informed-Path-Planning/path_planning_ws/install/path_planning_server/share/path_planning_server/curve_generation/utils/planner
[0.718s] creating /home/enio/develop_fer/Model-Informed-Path-Planning/path_planning_ws/install/path_planning_server/share/path_planning_server/curve_generation/utils/planner/global_planner
[0.718s] copying curve_generation/utils/planner/global_planner/__init__.py -> /home/enio/develop_fer/Model-Informed-Path-Planning/path_planning_ws/install/path_planning_server/share/path_planning_server/curve_generation/utils/planner/global_planner
[0.718s] creating /home/enio/develop_fer/Model-Informed-Path-Planning/path_planning_ws/install/path_planning_server/share/path_planning_server/curve_generation/utils/planner/global_planner/graph_search
[0.718s] copying curve_generation/utils/planner/global_planner/graph_search/lpa_star.py -> /home/enio/develop_fer/Model-Informed-Path-Planning/path_planning_ws/install/path_planning_server/share/path_planning_server/curve_generation/utils/planner/global_planner/graph_search
[0.718s] copying curve_generation/utils/planner/global_planner/graph_search/d_star.py -> /home/enio/develop_fer/Model-Informed-Path-Planning/path_planning_ws/install/path_planning_server/share/path_planning_server/curve_generation/utils/planner/global_planner/graph_search
[0.718s] copying curve_generation/utils/planner/global_planner/graph_search/graph_search.py -> /home/enio/develop_fer/Model-Informed-Path-Planning/path_planning_ws/install/path_planning_server/share/path_planning_server/curve_generation/utils/planner/global_planner/graph_search
[0.718s] copying curve_generation/utils/planner/global_planner/graph_search/voronoi.py -> /home/enio/develop_fer/Model-Informed-Path-Planning/path_planning_ws/install/path_planning_server/share/path_planning_server/curve_generation/utils/planner/global_planner/graph_search
[0.718s] copying curve_generation/utils/planner/global_planner/graph_search/__init__.py -> /home/enio/develop_fer/Model-Informed-Path-Planning/path_planning_ws/install/path_planning_server/share/path_planning_server/curve_generation/utils/planner/global_planner/graph_search
[0.718s] copying curve_generation/utils/planner/global_planner/graph_search/theta_star.py -> /home/enio/develop_fer/Model-Informed-Path-Planning/path_planning_ws/install/path_planning_server/share/path_planning_server/curve_generation/utils/planner/global_planner/graph_search
[0.718s] copying curve_generation/utils/planner/global_planner/graph_search/s_theta_star.py -> /home/enio/develop_fer/Model-Informed-Path-Planning/path_planning_ws/install/path_planning_server/share/path_planning_server/curve_generation/utils/planner/global_planner/graph_search
[0.718s] copying curve_generation/utils/planner/global_planner/graph_search/lazy_theta_star.py -> /home/enio/develop_fer/Model-Informed-Path-Planning/path_planning_ws/install/path_planning_server/share/path_planning_server/curve_generation/utils/planner/global_planner/graph_search
[0.718s] copying curve_generation/utils/planner/global_planner/graph_search/dijkstra.py -> /home/enio/develop_fer/Model-Informed-Path-Planning/path_planning_ws/install/path_planning_server/share/path_planning_server/curve_generation/utils/planner/global_planner/graph_search
[0.718s] copying curve_generation/utils/planner/global_planner/graph_search/d_star_lite.py -> /home/enio/develop_fer/Model-Informed-Path-Planning/path_planning_ws/install/path_planning_server/share/path_planning_server/curve_generation/utils/planner/global_planner/graph_search
[0.718s] copying curve_generation/utils/planner/global_planner/graph_search/jps.py -> /home/enio/develop_fer/Model-Informed-Path-Planning/path_planning_ws/install/path_planning_server/share/path_planning_server/curve_generation/utils/planner/global_planner/graph_search
[0.718s] copying curve_generation/utils/planner/global_planner/graph_search/gbfs.py -> /home/enio/develop_fer/Model-Informed-Path-Planning/path_planning_ws/install/path_planning_server/share/path_planning_server/curve_generation/utils/planner/global_planner/graph_search
[0.718s] copying curve_generation/utils/planner/global_planner/graph_search/a_star.py -> /home/enio/develop_fer/Model-Informed-Path-Planning/path_planning_ws/install/path_planning_server/share/path_planning_server/curve_generation/utils/planner/global_planner/graph_search
[0.718s] creating /home/enio/develop_fer/Model-Informed-Path-Planning/path_planning_ws/install/path_planning_server/share/path_planning_server/curve_generation/utils/planner/global_planner/evolutionary_search
[0.719s] copying curve_generation/utils/planner/global_planner/evolutionary_search/pso.py -> /home/enio/develop_fer/Model-Informed-Path-Planning/path_planning_ws/install/path_planning_server/share/path_planning_server/curve_generation/utils/planner/global_planner/evolutionary_search
[0.719s] copying curve_generation/utils/planner/global_planner/evolutionary_search/__init__.py -> /home/enio/develop_fer/Model-Informed-Path-Planning/path_planning_ws/install/path_planning_server/share/path_planning_server/curve_generation/utils/planner/global_planner/evolutionary_search
[0.719s] copying curve_generation/utils/planner/global_planner/evolutionary_search/aco.py -> /home/enio/develop_fer/Model-Informed-Path-Planning/path_planning_ws/install/path_planning_server/share/path_planning_server/curve_generation/utils/planner/global_planner/evolutionary_search
[0.719s] copying curve_generation/utils/planner/global_planner/evolutionary_search/evolutionary_search.py -> /home/enio/develop_fer/Model-Informed-Path-Planning/path_planning_ws/install/path_planning_server/share/path_planning_server/curve_generation/utils/planner/global_planner/evolutionary_search
[0.719s] creating /home/enio/develop_fer/Model-Informed-Path-Planning/path_planning_ws/install/path_planning_server/share/path_planning_server/curve_generation/utils/planner/global_planner/sample_search
[0.719s] copying curve_generation/utils/planner/global_planner/sample_search/rrt_connect.py -> /home/enio/develop_fer/Model-Informed-Path-Planning/path_planning_ws/install/path_planning_server/share/path_planning_server/curve_generation/utils/planner/global_planner/sample_search
[0.719s] copying curve_generation/utils/planner/global_planner/sample_search/__init__.py -> /home/enio/develop_fer/Model-Informed-Path-Planning/path_planning_ws/install/path_planning_server/share/path_planning_server/curve_generation/utils/planner/global_planner/sample_search
[0.719s] copying curve_generation/utils/planner/global_planner/sample_search/sample_search.py -> /home/enio/develop_fer/Model-Informed-Path-Planning/path_planning_ws/install/path_planning_server/share/path_planning_server/curve_generation/utils/planner/global_planner/sample_search
[0.719s] copying curve_generation/utils/planner/global_planner/sample_search/rrt.py -> /home/enio/develop_fer/Model-Informed-Path-Planning/path_planning_ws/install/path_planning_server/share/path_planning_server/curve_generation/utils/planner/global_planner/sample_search
[0.719s] copying curve_generation/utils/planner/global_planner/sample_search/informed_rrt.py -> /home/enio/develop_fer/Model-Informed-Path-Planning/path_planning_ws/install/path_planning_server/share/path_planning_server/curve_generation/utils/planner/global_planner/sample_search
[0.719s] copying curve_generation/utils/planner/global_planner/sample_search/rrt_star.py -> /home/enio/develop_fer/Model-Informed-Path-Planning/path_planning_ws/install/path_planning_server/share/path_planning_server/curve_generation/utils/planner/global_planner/sample_search
[0.719s] creating /home/enio/develop_fer/Model-Informed-Path-Planning/path_planning_ws/install/path_planning_server/lib/path_planning_server
[0.719s] creating /home/enio/develop_fer/Model-Informed-Path-Planning/path_planning_ws/install/path_planning_server/lib/path_planning_server/algorithms
[0.719s] copying algorithms/hybrid_d_star_lite.py -> /home/enio/develop_fer/Model-Informed-Path-Planning/path_planning_ws/install/path_planning_server/lib/path_planning_server/algorithms/
[0.719s] creating /home/enio/develop_fer/Model-Informed-Path-Planning/path_planning_ws/install/path_planning_server/lib/path_planning_server/launch
[0.719s] copying launch/init_launch.py -> /home/enio/develop_fer/Model-Informed-Path-Planning/path_planning_ws/install/path_planning_server/lib/path_planning_server/launch/
[0.719s] creating /home/enio/develop_fer/Model-Informed-Path-Planning/path_planning_ws/install/path_planning_server/lib/path_planning_server/curve_generation
[0.719s] copying curve_generation/fem_pos_smooth.py -> /home/enio/develop_fer/Model-Informed-Path-Planning/path_planning_ws/install/path_planning_server/lib/path_planning_server/curve_generation/
[0.719s] copying curve_generation/cubic_spline.py -> /home/enio/develop_fer/Model-Informed-Path-Planning/path_planning_ws/install/path_planning_server/lib/path_planning_server/curve_generation/
[0.719s] copying curve_generation/curve_factory.py -> /home/enio/develop_fer/Model-Informed-Path-Planning/path_planning_ws/install/path_planning_server/lib/path_planning_server/curve_generation/
[0.719s] copying curve_generation/curve.py -> /home/enio/develop_fer/Model-Informed-Path-Planning/path_planning_ws/install/path_planning_server/lib/path_planning_server/curve_generation/
[0.719s] copying curve_generation/polynomial_curve.py -> /home/enio/develop_fer/Model-Informed-Path-Planning/path_planning_ws/install/path_planning_server/lib/path_planning_server/curve_generation/
[0.719s] copying curve_generation/reeds_shepp.py -> /home/enio/develop_fer/Model-Informed-Path-Planning/path_planning_ws/install/path_planning_server/lib/path_planning_server/curve_generation/
[0.719s] copying curve_generation/path_optimization.py -> /home/enio/develop_fer/Model-Informed-Path-Planning/path_planning_ws/install/path_planning_server/lib/path_planning_server/curve_generation/
[0.719s] copying curve_generation/bezier_curve.py -> /home/enio/develop_fer/Model-Informed-Path-Planning/path_planning_ws/install/path_planning_server/lib/path_planning_server/curve_generation/
[0.719s] copying curve_generation/dubins_curve.py -> /home/enio/develop_fer/Model-Informed-Path-Planning/path_planning_ws/install/path_planning_server/lib/path_planning_server/curve_generation/
[0.720s] copying curve_generation/bspline_curve.py -> /home/enio/develop_fer/Model-Informed-Path-Planning/path_planning_ws/install/path_planning_server/lib/path_planning_server/curve_generation/
[0.720s] creating /home/enio/develop_fer/Model-Informed-Path-Planning/path_planning_ws/install/path_planning_server/lib/path_planning_server/curve_generation/utils
[0.720s] copying curve_generation/utils/__init__.py -> /home/enio/develop_fer/Model-Informed-Path-Planning/path_planning_ws/install/path_planning_server/lib/path_planning_server/curve_generation/utils
[0.720s] creating /home/enio/develop_fer/Model-Informed-Path-Planning/path_planning_ws/install/path_planning_server/lib/path_planning_server/curve_generation/utils/local_planner
[0.720s] copying curve_generation/utils/local_planner/__init__.py -> /home/enio/develop_fer/Model-Informed-Path-Planning/path_planning_ws/install/path_planning_server/lib/path_planning_server/curve_generation/utils/local_planner
[0.720s] copying curve_generation/utils/local_planner/dwa.py -> /home/enio/develop_fer/Model-Informed-Path-Planning/path_planning_ws/install/path_planning_server/lib/path_planning_server/curve_generation/utils/local_planner
[0.720s] copying curve_generation/utils/local_planner/mpc.py -> /home/enio/develop_fer/Model-Informed-Path-Planning/path_planning_ws/install/path_planning_server/lib/path_planning_server/curve_generation/utils/local_planner
[0.720s] copying curve_generation/utils/local_planner/apf.py -> /home/enio/develop_fer/Model-Informed-Path-Planning/path_planning_ws/install/path_planning_server/lib/path_planning_server/curve_generation/utils/local_planner
[0.720s] copying curve_generation/utils/local_planner/pid.py -> /home/enio/develop_fer/Model-Informed-Path-Planning/path_planning_ws/install/path_planning_server/lib/path_planning_server/curve_generation/utils/local_planner
[0.720s] copying curve_generation/utils/local_planner/local_planner.py -> /home/enio/develop_fer/Model-Informed-Path-Planning/path_planning_ws/install/path_planning_server/lib/path_planning_server/curve_generation/utils/local_planner
[0.720s] copying curve_generation/utils/local_planner/rpp.py -> /home/enio/develop_fer/Model-Informed-Path-Planning/path_planning_ws/install/path_planning_server/lib/path_planning_server/curve_generation/utils/local_planner
[0.720s] copying curve_generation/utils/local_planner/lqr.py -> /home/enio/develop_fer/Model-Informed-Path-Planning/path_planning_ws/install/path_planning_server/lib/path_planning_server/curve_generation/utils/local_planner
[0.720s] creating /home/enio/develop_fer/Model-Informed-Path-Planning/path_planning_ws/install/path_planning_server/lib/path_planning_server/curve_generation/utils/environment
[0.720s] copying curve_generation/utils/environment/__init__.py -> /home/enio/develop_fer/Model-Informed-Path-Planning/path_planning_ws/install/path_planning_server/lib/path_planning_server/curve_generation/utils/environment
[0.720s] copying curve_generation/utils/environment/node.py -> /home/enio/develop_fer/Model-Informed-Path-Planning/path_planning_ws/install/path_planning_server/lib/path_planning_server/curve_generation/utils/environment
[0.720s] copying curve_generation/utils/environment/env.py -> /home/enio/develop_fer/Model-Informed-Path-Planning/path_planning_ws/install/path_planning_server/lib/path_planning_server/curve_generation/utils/environment
[0.720s] creating /home/enio/develop_fer/Model-Informed-Path-Planning/path_planning_ws/install/path_planning_server/lib/path_planning_server/curve_generation/utils/agent
[0.720s] copying curve_generation/utils/agent/agent.py -> /home/enio/develop_fer/Model-Informed-Path-Planning/path_planning_ws/install/path_planning_server/lib/path_planning_server/curve_generation/utils/agent
[0.720s] copying curve_generation/utils/agent/__init__.py -> /home/enio/develop_fer/Model-Informed-Path-Planning/path_planning_ws/install/path_planning_server/lib/path_planning_server/curve_generation/utils/agent
[0.720s] creating /home/enio/develop_fer/Model-Informed-Path-Planning/path_planning_ws/install/path_planning_server/lib/path_planning_server/curve_generation/utils/helper
[0.720s] copying curve_generation/utils/helper/__init__.py -> /home/enio/develop_fer/Model-Informed-Path-Planning/path_planning_ws/install/path_planning_server/lib/path_planning_server/curve_generation/utils/helper
[0.720s] copying curve_generation/utils/helper/math_helper.py -> /home/enio/develop_fer/Model-Informed-Path-Planning/path_planning_ws/install/path_planning_server/lib/path_planning_server/curve_generation/utils/helper
[0.720s] creating /home/enio/develop_fer/Model-Informed-Path-Planning/path_planning_ws/install/path_planning_server/lib/path_planning_server/curve_generation/utils/plot
[0.720s] copying curve_generation/utils/plot/__init__.py -> /home/enio/develop_fer/Model-Informed-Path-Planning/path_planning_ws/install/path_planning_server/lib/path_planning_server/curve_generation/utils/plot
[0.720s] copying curve_generation/utils/plot/plot.py -> /home/enio/develop_fer/Model-Informed-Path-Planning/path_planning_ws/install/path_planning_server/lib/path_planning_server/curve_generation/utils/plot
[0.720s] creating /home/enio/develop_fer/Model-Informed-Path-Planning/path_planning_ws/install/path_planning_server/lib/path_planning_server/curve_generation/utils/planner
[0.720s] copying curve_generation/utils/planner/__init__.py -> /home/enio/develop_fer/Model-Informed-Path-Planning/path_planning_ws/install/path_planning_server/lib/path_planning_server/curve_generation/utils/planner
[0.720s] copying curve_generation/utils/planner/control_factory.py -> /home/enio/develop_fer/Model-Informed-Path-Planning/path_planning_ws/install/path_planning_server/lib/path_planning_server/curve_generation/utils/planner
[0.720s] copying curve_generation/utils/planner/search_factory.py -> /home/enio/develop_fer/Model-Informed-Path-Planning/path_planning_ws/install/path_planning_server/lib/path_planning_server/curve_generation/utils/planner
[0.720s] copying curve_generation/utils/planner/planner.py -> /home/enio/develop_fer/Model-Informed-Path-Planning/path_planning_ws/install/path_planning_server/lib/path_planning_server/curve_generation/utils/planner
[0.720s] creating /home/enio/develop_fer/Model-Informed-Path-Planning/path_planning_ws/install/path_planning_server/lib/path_planning_server/curve_generation/utils/planner/global_planner
[0.720s] copying curve_generation/utils/planner/global_planner/__init__.py -> /home/enio/develop_fer/Model-Informed-Path-Planning/path_planning_ws/install/path_planning_server/lib/path_planning_server/curve_generation/utils/planner/global_planner
[0.720s] creating /home/enio/develop_fer/Model-Informed-Path-Planning/path_planning_ws/install/path_planning_server/lib/path_planning_server/curve_generation/utils/planner/global_planner/graph_search
[0.720s] copying curve_generation/utils/planner/global_planner/graph_search/lpa_star.py -> /home/enio/develop_fer/Model-Informed-Path-Planning/path_planning_ws/install/path_planning_server/lib/path_planning_server/curve_generation/utils/planner/global_planner/graph_search
[0.720s] copying curve_generation/utils/planner/global_planner/graph_search/d_star.py -> /home/enio/develop_fer/Model-Informed-Path-Planning/path_planning_ws/install/path_planning_server/lib/path_planning_server/curve_generation/utils/planner/global_planner/graph_search
[0.721s] copying curve_generation/utils/planner/global_planner/graph_search/graph_search.py -> /home/enio/develop_fer/Model-Informed-Path-Planning/path_planning_ws/install/path_planning_server/lib/path_planning_server/curve_generation/utils/planner/global_planner/graph_search
[0.721s] copying curve_generation/utils/planner/global_planner/graph_search/voronoi.py -> /home/enio/develop_fer/Model-Informed-Path-Planning/path_planning_ws/install/path_planning_server/lib/path_planning_server/curve_generation/utils/planner/global_planner/graph_search
[0.721s] copying curve_generation/utils/planner/global_planner/graph_search/__init__.py -> /home/enio/develop_fer/Model-Informed-Path-Planning/path_planning_ws/install/path_planning_server/lib/path_planning_server/curve_generation/utils/planner/global_planner/graph_search
[0.721s] copying curve_generation/utils/planner/global_planner/graph_search/theta_star.py -> /home/enio/develop_fer/Model-Informed-Path-Planning/path_planning_ws/install/path_planning_server/lib/path_planning_server/curve_generation/utils/planner/global_planner/graph_search
[0.721s] copying curve_generation/utils/planner/global_planner/graph_search/s_theta_star.py -> /home/enio/develop_fer/Model-Informed-Path-Planning/path_planning_ws/install/path_planning_server/lib/path_planning_server/curve_generation/utils/planner/global_planner/graph_search
[0.721s] copying curve_generation/utils/planner/global_planner/graph_search/lazy_theta_star.py -> /home/enio/develop_fer/Model-Informed-Path-Planning/path_planning_ws/install/path_planning_server/lib/path_planning_server/curve_generation/utils/planner/global_planner/graph_search
[0.721s] copying curve_generation/utils/planner/global_planner/graph_search/dijkstra.py -> /home/enio/develop_fer/Model-Informed-Path-Planning/path_planning_ws/install/path_planning_server/lib/path_planning_server/curve_generation/utils/planner/global_planner/graph_search
[0.721s] copying curve_generation/utils/planner/global_planner/graph_search/d_star_lite.py -> /home/enio/develop_fer/Model-Informed-Path-Planning/path_planning_ws/install/path_planning_server/lib/path_planning_server/curve_generation/utils/planner/global_planner/graph_search
[0.721s] copying curve_generation/utils/planner/global_planner/graph_search/jps.py -> /home/enio/develop_fer/Model-Informed-Path-Planning/path_planning_ws/install/path_planning_server/lib/path_planning_server/curve_generation/utils/planner/global_planner/graph_search
[0.721s] copying curve_generation/utils/planner/global_planner/graph_search/gbfs.py -> /home/enio/develop_fer/Model-Informed-Path-Planning/path_planning_ws/install/path_planning_server/lib/path_planning_server/curve_generation/utils/planner/global_planner/graph_search
[0.721s] copying curve_generation/utils/planner/global_planner/graph_search/a_star.py -> /home/enio/develop_fer/Model-Informed-Path-Planning/path_planning_ws/install/path_planning_server/lib/path_planning_server/curve_generation/utils/planner/global_planner/graph_search
[0.721s] creating /home/enio/develop_fer/Model-Informed-Path-Planning/path_planning_ws/install/path_planning_server/lib/path_planning_server/curve_generation/utils/planner/global_planner/evolutionary_search
[0.721s] copying curve_generation/utils/planner/global_planner/evolutionary_search/pso.py -> /home/enio/develop_fer/Model-Informed-Path-Planning/path_planning_ws/install/path_planning_server/lib/path_planning_server/curve_generation/utils/planner/global_planner/evolutionary_search
[0.721s] copying curve_generation/utils/planner/global_planner/evolutionary_search/__init__.py -> /home/enio/develop_fer/Model-Informed-Path-Planning/path_planning_ws/install/path_planning_server/lib/path_planning_server/curve_generation/utils/planner/global_planner/evolutionary_search
[0.721s] copying curve_generation/utils/planner/global_planner/evolutionary_search/aco.py -> /home/enio/develop_fer/Model-Informed-Path-Planning/path_planning_ws/install/path_planning_server/lib/path_planning_server/curve_generation/utils/planner/global_planner/evolutionary_search
[0.721s] copying curve_generation/utils/planner/global_planner/evolutionary_search/evolutionary_search.py -> /home/enio/develop_fer/Model-Informed-Path-Planning/path_planning_ws/install/path_planning_server/lib/path_planning_server/curve_generation/utils/planner/global_planner/evolutionary_search
[0.721s] creating /home/enio/develop_fer/Model-Informed-Path-Planning/path_planning_ws/install/path_planning_server/lib/path_planning_server/curve_generation/utils/planner/global_planner/sample_search
[0.721s] copying curve_generation/utils/planner/global_planner/sample_search/rrt_connect.py -> /home/enio/develop_fer/Model-Informed-Path-Planning/path_planning_ws/install/path_planning_server/lib/path_planning_server/curve_generation/utils/planner/global_planner/sample_search
[0.721s] copying curve_generation/utils/planner/global_planner/sample_search/__init__.py -> /home/enio/develop_fer/Model-Informed-Path-Planning/path_planning_ws/install/path_planning_server/lib/path_planning_server/curve_generation/utils/planner/global_planner/sample_search
[0.721s] copying curve_generation/utils/planner/global_planner/sample_search/sample_search.py -> /home/enio/develop_fer/Model-Informed-Path-Planning/path_planning_ws/install/path_planning_server/lib/path_planning_server/curve_generation/utils/planner/global_planner/sample_search
[0.721s] copying curve_generation/utils/planner/global_planner/sample_search/rrt.py -> /home/enio/develop_fer/Model-Informed-Path-Planning/path_planning_ws/install/path_planning_server/lib/path_planning_server/curve_generation/utils/planner/global_planner/sample_search
[0.721s] copying curve_generation/utils/planner/global_planner/sample_search/informed_rrt.py -> /home/enio/develop_fer/Model-Informed-Path-Planning/path_planning_ws/install/path_planning_server/lib/path_planning_server/curve_generation/utils/planner/global_planner/sample_search
[0.721s] copying curve_generation/utils/planner/global_planner/sample_search/rrt_star.py -> /home/enio/develop_fer/Model-Informed-Path-Planning/path_planning_ws/install/path_planning_server/lib/path_planning_server/curve_generation/utils/planner/global_planner/sample_search
[0.721s] creating /home/enio/develop_fer/Model-Informed-Path-Planning/path_planning_ws/install/path_planning_server/lib/python3.10/site-packages/path_planning_server/algorithms
[0.721s] copying algorithms/hybrid_d_star_lite.py -> /home/enio/develop_fer/Model-Informed-Path-Planning/path_planning_ws/install/path_planning_server/lib/python3.10/site-packages/path_planning_server/algorithms/
[0.721s] creating /home/enio/develop_fer/Model-Informed-Path-Planning/path_planning_ws/install/path_planning_server/lib/python3.10/site-packages/path_planning_server/launch
[0.721s] copying launch/init_launch.py -> /home/enio/develop_fer/Model-Informed-Path-Planning/path_planning_ws/install/path_planning_server/lib/python3.10/site-packages/path_planning_server/launch/
[0.721s] creating /home/enio/develop_fer/Model-Informed-Path-Planning/path_planning_ws/install/path_planning_server/lib/python3.10/site-packages/path_planning_server/curve_generation
[0.721s] copying curve_generation/fem_pos_smooth.py -> /home/enio/develop_fer/Model-Informed-Path-Planning/path_planning_ws/install/path_planning_server/lib/python3.10/site-packages/path_planning_server/curve_generation/
[0.721s] copying curve_generation/cubic_spline.py -> /home/enio/develop_fer/Model-Informed-Path-Planning/path_planning_ws/install/path_planning_server/lib/python3.10/site-packages/path_planning_server/curve_generation/
[0.721s] copying curve_generation/curve_factory.py -> /home/enio/develop_fer/Model-Informed-Path-Planning/path_planning_ws/install/path_planning_server/lib/python3.10/site-packages/path_planning_server/curve_generation/
[0.721s] copying curve_generation/curve.py -> /home/enio/develop_fer/Model-Informed-Path-Planning/path_planning_ws/install/path_planning_server/lib/python3.10/site-packages/path_planning_server/curve_generation/
[0.721s] copying curve_generation/polynomial_curve.py -> /home/enio/develop_fer/Model-Informed-Path-Planning/path_planning_ws/install/path_planning_server/lib/python3.10/site-packages/path_planning_server/curve_generation/
[0.722s] copying curve_generation/reeds_shepp.py -> /home/enio/develop_fer/Model-Informed-Path-Planning/path_planning_ws/install/path_planning_server/lib/python3.10/site-packages/path_planning_server/curve_generation/
[0.722s] copying curve_generation/path_optimization.py -> /home/enio/develop_fer/Model-Informed-Path-Planning/path_planning_ws/install/path_planning_server/lib/python3.10/site-packages/path_planning_server/curve_generation/
[0.722s] copying curve_generation/bezier_curve.py -> /home/enio/develop_fer/Model-Informed-Path-Planning/path_planning_ws/install/path_planning_server/lib/python3.10/site-packages/path_planning_server/curve_generation/
[0.722s] copying curve_generation/dubins_curve.py -> /home/enio/develop_fer/Model-Informed-Path-Planning/path_planning_ws/install/path_planning_server/lib/python3.10/site-packages/path_planning_server/curve_generation/
[0.722s] copying curve_generation/bspline_curve.py -> /home/enio/develop_fer/Model-Informed-Path-Planning/path_planning_ws/install/path_planning_server/lib/python3.10/site-packages/path_planning_server/curve_generation/
[0.722s] creating /home/enio/develop_fer/Model-Informed-Path-Planning/path_planning_ws/install/path_planning_server/lib/python3.10/site-packages/path_planning_server/curve_generation/utils
[0.722s] copying curve_generation/utils/__init__.py -> /home/enio/develop_fer/Model-Informed-Path-Planning/path_planning_ws/install/path_planning_server/lib/python3.10/site-packages/path_planning_server/curve_generation/utils
[0.722s] creating /home/enio/develop_fer/Model-Informed-Path-Planning/path_planning_ws/install/path_planning_server/lib/python3.10/site-packages/path_planning_server/curve_generation/utils/local_planner
[0.722s] copying curve_generation/utils/local_planner/__init__.py -> /home/enio/develop_fer/Model-Informed-Path-Planning/path_planning_ws/install/path_planning_server/lib/python3.10/site-packages/path_planning_server/curve_generation/utils/local_planner
[0.722s] copying curve_generation/utils/local_planner/dwa.py -> /home/enio/develop_fer/Model-Informed-Path-Planning/path_planning_ws/install/path_planning_server/lib/python3.10/site-packages/path_planning_server/curve_generation/utils/local_planner
[0.722s] copying curve_generation/utils/local_planner/mpc.py -> /home/enio/develop_fer/Model-Informed-Path-Planning/path_planning_ws/install/path_planning_server/lib/python3.10/site-packages/path_planning_server/curve_generation/utils/local_planner
[0.722s] copying curve_generation/utils/local_planner/apf.py -> /home/enio/develop_fer/Model-Informed-Path-Planning/path_planning_ws/install/path_planning_server/lib/python3.10/site-packages/path_planning_server/curve_generation/utils/local_planner
[0.722s] copying curve_generation/utils/local_planner/pid.py -> /home/enio/develop_fer/Model-Informed-Path-Planning/path_planning_ws/install/path_planning_server/lib/python3.10/site-packages/path_planning_server/curve_generation/utils/local_planner
[0.722s] copying curve_generation/utils/local_planner/local_planner.py -> /home/enio/develop_fer/Model-Informed-Path-Planning/path_planning_ws/install/path_planning_server/lib/python3.10/site-packages/path_planning_server/curve_generation/utils/local_planner
[0.722s] copying curve_generation/utils/local_planner/rpp.py -> /home/enio/develop_fer/Model-Informed-Path-Planning/path_planning_ws/install/path_planning_server/lib/python3.10/site-packages/path_planning_server/curve_generation/utils/local_planner
[0.722s] copying curve_generation/utils/local_planner/lqr.py -> /home/enio/develop_fer/Model-Informed-Path-Planning/path_planning_ws/install/path_planning_server/lib/python3.10/site-packages/path_planning_server/curve_generation/utils/local_planner
[0.722s] creating /home/enio/develop_fer/Model-Informed-Path-Planning/path_planning_ws/install/path_planning_server/lib/python3.10/site-packages/path_planning_server/curve_generation/utils/environment
[0.722s] copying curve_generation/utils/environment/__init__.py -> /home/enio/develop_fer/Model-Informed-Path-Planning/path_planning_ws/install/path_planning_server/lib/python3.10/site-packages/path_planning_server/curve_generation/utils/environment
[0.722s] copying curve_generation/utils/environment/node.py -> /home/enio/develop_fer/Model-Informed-Path-Planning/path_planning_ws/install/path_planning_server/lib/python3.10/site-packages/path_planning_server/curve_generation/utils/environment
[0.722s] copying curve_generation/utils/environment/env.py -> /home/enio/develop_fer/Model-Informed-Path-Planning/path_planning_ws/install/path_planning_server/lib/python3.10/site-packages/path_planning_server/curve_generation/utils/environment
[0.722s] creating /home/enio/develop_fer/Model-Informed-Path-Planning/path_planning_ws/install/path_planning_server/lib/python3.10/site-packages/path_planning_server/curve_generation/utils/agent
[0.722s] copying curve_generation/utils/agent/agent.py -> /home/enio/develop_fer/Model-Informed-Path-Planning/path_planning_ws/install/path_planning_server/lib/python3.10/site-packages/path_planning_server/curve_generation/utils/agent
[0.722s] copying curve_generation/utils/agent/__init__.py -> /home/enio/develop_fer/Model-Informed-Path-Planning/path_planning_ws/install/path_planning_server/lib/python3.10/site-packages/path_planning_server/curve_generation/utils/agent
[0.722s] creating /home/enio/develop_fer/Model-Informed-Path-Planning/path_planning_ws/install/path_planning_server/lib/python3.10/site-packages/path_planning_server/curve_generation/utils/helper
[0.722s] copying curve_generation/utils/helper/__init__.py -> /home/enio/develop_fer/Model-Informed-Path-Planning/path_planning_ws/install/path_planning_server/lib/python3.10/site-packages/path_planning_server/curve_generation/utils/helper
[0.722s] copying curve_generation/utils/helper/math_helper.py -> /home/enio/develop_fer/Model-Informed-Path-Planning/path_planning_ws/install/path_planning_server/lib/python3.10/site-packages/path_planning_server/curve_generation/utils/helper
[0.722s] creating /home/enio/develop_fer/Model-Informed-Path-Planning/path_planning_ws/install/path_planning_server/lib/python3.10/site-packages/path_planning_server/curve_generation/utils/plot
[0.722s] copying curve_generation/utils/plot/__init__.py -> /home/enio/develop_fer/Model-Informed-Path-Planning/path_planning_ws/install/path_planning_server/lib/python3.10/site-packages/path_planning_server/curve_generation/utils/plot
[0.722s] copying curve_generation/utils/plot/plot.py -> /home/enio/develop_fer/Model-Informed-Path-Planning/path_planning_ws/install/path_planning_server/lib/python3.10/site-packages/path_planning_server/curve_generation/utils/plot
[0.722s] creating /home/enio/develop_fer/Model-Informed-Path-Planning/path_planning_ws/install/path_planning_server/lib/python3.10/site-packages/path_planning_server/curve_generation/utils/planner
[0.723s] copying curve_generation/utils/planner/__init__.py -> /home/enio/develop_fer/Model-Informed-Path-Planning/path_planning_ws/install/path_planning_server/lib/python3.10/site-packages/path_planning_server/curve_generation/utils/planner
[0.723s] copying curve_generation/utils/planner/control_factory.py -> /home/enio/develop_fer/Model-Informed-Path-Planning/path_planning_ws/install/path_planning_server/lib/python3.10/site-packages/path_planning_server/curve_generation/utils/planner
[0.723s] copying curve_generation/utils/planner/search_factory.py -> /home/enio/develop_fer/Model-Informed-Path-Planning/path_planning_ws/install/path_planning_server/lib/python3.10/site-packages/path_planning_server/curve_generation/utils/planner
[0.723s] copying curve_generation/utils/planner/planner.py -> /home/enio/develop_fer/Model-Informed-Path-Planning/path_planning_ws/install/path_planning_server/lib/python3.10/site-packages/path_planning_server/curve_generation/utils/planner
[0.723s] creating /home/enio/develop_fer/Model-Informed-Path-Planning/path_planning_ws/install/path_planning_server/lib/python3.10/site-packages/path_planning_server/curve_generation/utils/planner/global_planner
[0.723s] copying curve_generation/utils/planner/global_planner/__init__.py -> /home/enio/develop_fer/Model-Informed-Path-Planning/path_planning_ws/install/path_planning_server/lib/python3.10/site-packages/path_planning_server/curve_generation/utils/planner/global_planner
[0.723s] creating /home/enio/develop_fer/Model-Informed-Path-Planning/path_planning_ws/install/path_planning_server/lib/python3.10/site-packages/path_planning_server/curve_generation/utils/planner/global_planner/graph_search
[0.723s] copying curve_generation/utils/planner/global_planner/graph_search/lpa_star.py -> /home/enio/develop_fer/Model-Informed-Path-Planning/path_planning_ws/install/path_planning_server/lib/python3.10/site-packages/path_planning_server/curve_generation/utils/planner/global_planner/graph_search
[0.723s] copying curve_generation/utils/planner/global_planner/graph_search/d_star.py -> /home/enio/develop_fer/Model-Informed-Path-Planning/path_planning_ws/install/path_planning_server/lib/python3.10/site-packages/path_planning_server/curve_generation/utils/planner/global_planner/graph_search
[0.723s] copying curve_generation/utils/planner/global_planner/graph_search/graph_search.py -> /home/enio/develop_fer/Model-Informed-Path-Planning/path_planning_ws/install/path_planning_server/lib/python3.10/site-packages/path_planning_server/curve_generation/utils/planner/global_planner/graph_search
[0.723s] copying curve_generation/utils/planner/global_planner/graph_search/voronoi.py -> /home/enio/develop_fer/Model-Informed-Path-Planning/path_planning_ws/install/path_planning_server/lib/python3.10/site-packages/path_planning_server/curve_generation/utils/planner/global_planner/graph_search
[0.723s] copying curve_generation/utils/planner/global_planner/graph_search/__init__.py -> /home/enio/develop_fer/Model-Informed-Path-Planning/path_planning_ws/install/path_planning_server/lib/python3.10/site-packages/path_planning_server/curve_generation/utils/planner/global_planner/graph_search
[0.723s] copying curve_generation/utils/planner/global_planner/graph_search/theta_star.py -> /home/enio/develop_fer/Model-Informed-Path-Planning/path_planning_ws/install/path_planning_server/lib/python3.10/site-packages/path_planning_server/curve_generation/utils/planner/global_planner/graph_search
[0.723s] copying curve_generation/utils/planner/global_planner/graph_search/s_theta_star.py -> /home/enio/develop_fer/Model-Informed-Path-Planning/path_planning_ws/install/path_planning_server/lib/python3.10/site-packages/path_planning_server/curve_generation/utils/planner/global_planner/graph_search
[0.723s] copying curve_generation/utils/planner/global_planner/graph_search/lazy_theta_star.py -> /home/enio/develop_fer/Model-Informed-Path-Planning/path_planning_ws/install/path_planning_server/lib/python3.10/site-packages/path_planning_server/curve_generation/utils/planner/global_planner/graph_search
[0.723s] copying curve_generation/utils/planner/global_planner/graph_search/dijkstra.py -> /home/enio/develop_fer/Model-Informed-Path-Planning/path_planning_ws/install/path_planning_server/lib/python3.10/site-packages/path_planning_server/curve_generation/utils/planner/global_planner/graph_search
[0.723s] copying curve_generation/utils/planner/global_planner/graph_search/d_star_lite.py -> /home/enio/develop_fer/Model-Informed-Path-Planning/path_planning_ws/install/path_planning_server/lib/python3.10/site-packages/path_planning_server/curve_generation/utils/planner/global_planner/graph_search
[0.723s] copying curve_generation/utils/planner/global_planner/graph_search/jps.py -> /home/enio/develop_fer/Model-Informed-Path-Planning/path_planning_ws/install/path_planning_server/lib/python3.10/site-packages/path_planning_server/curve_generation/utils/planner/global_planner/graph_search
[0.723s] copying curve_generation/utils/planner/global_planner/graph_search/gbfs.py -> /home/enio/develop_fer/Model-Informed-Path-Planning/path_planning_ws/install/path_planning_server/lib/python3.10/site-packages/path_planning_server/curve_generation/utils/planner/global_planner/graph_search
[0.723s] copying curve_generation/utils/planner/global_planner/graph_search/a_star.py -> /home/enio/develop_fer/Model-Informed-Path-Planning/path_planning_ws/install/path_planning_server/lib/python3.10/site-packages/path_planning_server/curve_generation/utils/planner/global_planner/graph_search
[0.723s] creating /home/enio/develop_fer/Model-Informed-Path-Planning/path_planning_ws/install/path_planning_server/lib/python3.10/site-packages/path_planning_server/curve_generation/utils/planner/global_planner/evolutionary_search
[0.723s] copying curve_generation/utils/planner/global_planner/evolutionary_search/pso.py -> /home/enio/develop_fer/Model-Informed-Path-Planning/path_planning_ws/install/path_planning_server/lib/python3.10/site-packages/path_planning_server/curve_generation/utils/planner/global_planner/evolutionary_search
[0.723s] copying curve_generation/utils/planner/global_planner/evolutionary_search/__init__.py -> /home/enio/develop_fer/Model-Informed-Path-Planning/path_planning_ws/install/path_planning_server/lib/python3.10/site-packages/path_planning_server/curve_generation/utils/planner/global_planner/evolutionary_search
[0.723s] copying curve_generation/utils/planner/global_planner/evolutionary_search/aco.py -> /home/enio/develop_fer/Model-Informed-Path-Planning/path_planning_ws/install/path_planning_server/lib/python3.10/site-packages/path_planning_server/curve_generation/utils/planner/global_planner/evolutionary_search
[0.723s] copying curve_generation/utils/planner/global_planner/evolutionary_search/evolutionary_search.py -> /home/enio/develop_fer/Model-Informed-Path-Planning/path_planning_ws/install/path_planning_server/lib/python3.10/site-packages/path_planning_server/curve_generation/utils/planner/global_planner/evolutionary_search
[0.723s] creating /home/enio/develop_fer/Model-Informed-Path-Planning/path_planning_ws/install/path_planning_server/lib/python3.10/site-packages/path_planning_server/curve_generation/utils/planner/global_planner/sample_search
[0.723s] copying curve_generation/utils/planner/global_planner/sample_search/rrt_connect.py -> /home/enio/develop_fer/Model-Informed-Path-Planning/path_planning_ws/install/path_planning_server/lib/python3.10/site-packages/path_planning_server/curve_generation/utils/planner/global_planner/sample_search
[0.723s] copying curve_generation/utils/planner/global_planner/sample_search/__init__.py -> /home/enio/develop_fer/Model-Informed-Path-Planning/path_planning_ws/install/path_planning_server/lib/python3.10/site-packages/path_planning_server/curve_generation/utils/planner/global_planner/sample_search
[0.723s] copying curve_generation/utils/planner/global_planner/sample_search/sample_search.py -> /home/enio/develop_fer/Model-Informed-Path-Planning/path_planning_ws/install/path_planning_server/lib/python3.10/site-packages/path_planning_server/curve_generation/utils/planner/global_planner/sample_search
[0.723s] copying curve_generation/utils/planner/global_planner/sample_search/rrt.py -> /home/enio/develop_fer/Model-Informed-Path-Planning/path_planning_ws/install/path_planning_server/lib/python3.10/site-packages/path_planning_server/curve_generation/utils/planner/global_planner/sample_search
[0.723s] copying curve_generation/utils/planner/global_planner/sample_search/informed_rrt.py -> /home/enio/develop_fer/Model-Informed-Path-Planning/path_planning_ws/install/path_planning_server/lib/python3.10/site-packages/path_planning_server/curve_generation/utils/planner/global_planner/sample_search
[0.723s] copying curve_generation/utils/planner/global_planner/sample_search/rrt_star.py -> /home/enio/develop_fer/Model-Informed-Path-Planning/path_planning_ws/install/path_planning_server/lib/python3.10/site-packages/path_planning_server/curve_generation/utils/planner/global_planner/sample_search
[0.723s] running install_egg_info
[0.724s] Copying ../../build/path_planning_server/path_planning_server.egg-info to /home/enio/develop_fer/Model-Informed-Path-Planning/path_planning_ws/install/path_planning_server/lib/python3.10/site-packages/path_planning_server-0.0.0-py3.10.egg-info
[0.724s] running install_scripts
[0.736s] Installing planning_server script to /home/enio/develop_fer/Model-Informed-Path-Planning/path_planning_ws/install/path_planning_server/lib/path_planning_server
[0.737s] writing list of installed files to '/home/enio/develop_fer/Model-Informed-Path-Planning/path_planning_ws/build/path_planning_server/install.log'
[0.753s] Invoked command in '/home/enio/develop_fer/Model-Informed-Path-Planning/path_planning_ws/src/path_planning_server' returned '0': PYTHONPATH=/home/enio/develop_fer/Model-Informed-Path-Planning/path_planning_ws/build/path_planning_server/prefix_override:/home/enio/develop_fer/Model-Informed-Path-Planning/path_planning_ws/install/path_planning_server/lib/python3.10/site-packages:${PYTHONPATH} /usr/bin/python3 -W ignore:setup.py install is deprecated setup.py egg_info --egg-base ../../build/path_planning_server build --build-base /home/enio/develop_fer/Model-Informed-Path-Planning/path_planning_ws/build/path_planning_server/build install --record /home/enio/develop_fer/Model-Informed-Path-Planning/path_planning_ws/build/path_planning_server/install.log --single-version-externally-managed install_data
