[0.565s] Invoking command in '/home/enio/develop_fer/Model-Informed-Path-Planning/path_planning_ws/src/path_planning_action': PYTHONPATH=/home/enio/develop_fer/Model-Informed-Path-Planning/path_planning_ws/build/path_planning_action/prefix_override:/home/enio/develop_fer/Model-Informed-Path-Planning/path_planning_ws/install/path_planning_action/lib/python3.10/site-packages:${PYTHONPATH} /usr/bin/python3 -W ignore:setup.py install is deprecated setup.py egg_info --egg-base ../../build/path_planning_action build --build-base /home/enio/develop_fer/Model-Informed-Path-Planning/path_planning_ws/build/path_planning_action/build install --record /home/enio/develop_fer/Model-Informed-Path-Planning/path_planning_ws/build/path_planning_action/install.log --single-version-externally-managed install_data
[0.685s] running egg_info
[0.685s] creating ../../build/path_planning_action/path_planning_action.egg-info
[0.685s] writing ../../build/path_planning_action/path_planning_action.egg-info/PKG-INFO
[0.685s] writing dependency_links to ../../build/path_planning_action/path_planning_action.egg-info/dependency_links.txt
[0.685s] writing entry points to ../../build/path_planning_action/path_planning_action.egg-info/entry_points.txt
[0.686s] writing requirements to ../../build/path_planning_action/path_planning_action.egg-info/requires.txt
[0.686s] writing top-level names to ../../build/path_planning_action/path_planning_action.egg-info/top_level.txt
[0.686s] writing manifest file '../../build/path_planning_action/path_planning_action.egg-info/SOURCES.txt'
[0.687s] reading manifest file '../../build/path_planning_action/path_planning_action.egg-info/SOURCES.txt'
[0.688s] adding license file 'LICENSE'
[0.688s] writing manifest file '../../build/path_planning_action/path_planning_action.egg-info/SOURCES.txt'
[0.688s] running build
[0.688s] running build_py
[0.688s] creating /home/enio/develop_fer/Model-Informed-Path-Planning/path_planning_ws/build/path_planning_action/build
[0.688s] creating /home/enio/develop_fer/Model-Informed-Path-Planning/path_planning_ws/build/path_planning_action/build/lib
[0.688s] creating /home/enio/develop_fer/Model-Informed-Path-Planning/path_planning_ws/build/path_planning_action/build/lib/path_planning_action
[0.688s] copying path_planning_action/__init__.py -> /home/enio/develop_fer/Model-Informed-Path-Planning/path_planning_ws/build/path_planning_action/build/lib/path_planning_action
[0.688s] copying path_planning_action/pyplot_visualization.py -> /home/enio/develop_fer/Model-Informed-Path-Planning/path_planning_ws/build/path_planning_action/build/lib/path_planning_action
[0.689s] copying path_planning_action/pointcloud_publisher.py -> /home/enio/develop_fer/Model-Informed-Path-Planning/path_planning_ws/build/path_planning_action/build/lib/path_planning_action
[0.689s] copying path_planning_action/local_coordinates_converter.py -> /home/enio/develop_fer/Model-Informed-Path-Planning/path_planning_ws/build/path_planning_action/build/lib/path_planning_action
[0.689s] copying path_planning_action/start_goal_publisher.py -> /home/enio/develop_fer/Model-Informed-Path-Planning/path_planning_ws/build/path_planning_action/build/lib/path_planning_action
[0.689s] copying path_planning_action/start_goal_action.py -> /home/enio/develop_fer/Model-Informed-Path-Planning/path_planning_ws/build/path_planning_action/build/lib/path_planning_action
[0.689s] copying path_planning_action/set_start_goal.py -> /home/enio/develop_fer/Model-Informed-Path-Planning/path_planning_ws/build/path_planning_action/build/lib/path_planning_action
[0.689s] copying path_planning_action/rviz2_launch.py -> /home/enio/develop_fer/Model-Informed-Path-Planning/path_planning_ws/build/path_planning_action/build/lib/path_planning_action
[0.689s] running install
[0.689s] running install_lib
[0.689s] creating /home/enio/develop_fer/Model-Informed-Path-Planning/path_planning_ws/install/path_planning_action/lib/python3.10/site-packages/path_planning_action
[0.689s] copying /home/enio/develop_fer/Model-Informed-Path-Planning/path_planning_ws/build/path_planning_action/build/lib/path_planning_action/__init__.py -> /home/enio/develop_fer/Model-Informed-Path-Planning/path_planning_ws/install/path_planning_action/lib/python3.10/site-packages/path_planning_action
[0.689s] copying /home/enio/develop_fer/Model-Informed-Path-Planning/path_planning_ws/build/path_planning_action/build/lib/path_planning_action/pyplot_visualization.py -> /home/enio/develop_fer/Model-Informed-Path-Planning/path_planning_ws/install/path_planning_action/lib/python3.10/site-packages/path_planning_action
[0.689s] copying /home/enio/develop_fer/Model-Informed-Path-Planning/path_planning_ws/build/path_planning_action/build/lib/path_planning_action/pointcloud_publisher.py -> /home/enio/develop_fer/Model-Informed-Path-Planning/path_planning_ws/install/path_planning_action/lib/python3.10/site-packages/path_planning_action
[0.689s] copying /home/enio/develop_fer/Model-Informed-Path-Planning/path_planning_ws/build/path_planning_action/build/lib/path_planning_action/local_coordinates_converter.py -> /home/enio/develop_fer/Model-Informed-Path-Planning/path_planning_ws/install/path_planning_action/lib/python3.10/site-packages/path_planning_action
[0.689s] copying /home/enio/develop_fer/Model-Informed-Path-Planning/path_planning_ws/build/path_planning_action/build/lib/path_planning_action/start_goal_publisher.py -> /home/enio/develop_fer/Model-Informed-Path-Planning/path_planning_ws/install/path_planning_action/lib/python3.10/site-packages/path_planning_action
[0.689s] copying /home/enio/develop_fer/Model-Informed-Path-Planning/path_planning_ws/build/path_planning_action/build/lib/path_planning_action/start_goal_action.py -> /home/enio/develop_fer/Model-Informed-Path-Planning/path_planning_ws/install/path_planning_action/lib/python3.10/site-packages/path_planning_action
[0.689s] copying /home/enio/develop_fer/Model-Informed-Path-Planning/path_planning_ws/build/path_planning_action/build/lib/path_planning_action/set_start_goal.py -> /home/enio/develop_fer/Model-Informed-Path-Planning/path_planning_ws/install/path_planning_action/lib/python3.10/site-packages/path_planning_action
[0.689s] copying /home/enio/develop_fer/Model-Informed-Path-Planning/path_planning_ws/build/path_planning_action/build/lib/path_planning_action/rviz2_launch.py -> /home/enio/develop_fer/Model-Informed-Path-Planning/path_planning_ws/install/path_planning_action/lib/python3.10/site-packages/path_planning_action
[0.690s] byte-compiling /home/enio/develop_fer/Model-Informed-Path-Planning/path_planning_ws/install/path_planning_action/lib/python3.10/site-packages/path_planning_action/__init__.py to __init__.cpython-310.pyc
[0.690s] byte-compiling /home/enio/develop_fer/Model-Informed-Path-Planning/path_planning_ws/install/path_planning_action/lib/python3.10/site-packages/path_planning_action/pyplot_visualization.py to pyplot_visualization.cpython-310.pyc
[0.692s] byte-compiling /home/enio/develop_fer/Model-Informed-Path-Planning/path_planning_ws/install/path_planning_action/lib/python3.10/site-packages/path_planning_action/pointcloud_publisher.py to pointcloud_publisher.cpython-310.pyc
[0.693s] byte-compiling /home/enio/develop_fer/Model-Informed-Path-Planning/path_planning_ws/install/path_planning_action/lib/python3.10/site-packages/path_planning_action/local_coordinates_converter.py to local_coordinates_converter.cpython-310.pyc
[0.694s] byte-compiling /home/enio/develop_fer/Model-Informed-Path-Planning/path_planning_ws/install/path_planning_action/lib/python3.10/site-packages/path_planning_action/start_goal_publisher.py to start_goal_publisher.cpython-310.pyc
[0.694s] byte-compiling /home/enio/develop_fer/Model-Informed-Path-Planning/path_planning_ws/install/path_planning_action/lib/python3.10/site-packages/path_planning_action/start_goal_action.py to start_goal_action.cpython-310.pyc
[0.695s] byte-compiling /home/enio/develop_fer/Model-Informed-Path-Planning/path_planning_ws/install/path_planning_action/lib/python3.10/site-packages/path_planning_action/set_start_goal.py to set_start_goal.cpython-310.pyc
[0.696s] byte-compiling /home/enio/develop_fer/Model-Informed-Path-Planning/path_planning_ws/install/path_planning_action/lib/python3.10/site-packages/path_planning_action/rviz2_launch.py to rviz2_launch.cpython-310.pyc
[0.696s] running install_data
[0.696s] creating /home/enio/develop_fer/Model-Informed-Path-Planning/path_planning_ws/install/path_planning_action/share/ament_index
[0.696s] creating /home/enio/develop_fer/Model-Informed-Path-Planning/path_planning_ws/install/path_planning_action/share/ament_index/resource_index
[0.696s] creating /home/enio/develop_fer/Model-Informed-Path-Planning/path_planning_ws/install/path_planning_action/share/ament_index/resource_index/packages
[0.696s] copying resource/path_planning_action -> /home/enio/develop_fer/Model-Informed-Path-Planning/path_planning_ws/install/path_planning_action/share/ament_index/resource_index/packages
[0.696s] copying package.xml -> /home/enio/develop_fer/Model-Informed-Path-Planning/path_planning_ws/install/path_planning_action/share/path_planning_action
[0.696s] creating /home/enio/develop_fer/Model-Informed-Path-Planning/path_planning_ws/install/path_planning_action/share/path_planning_action/launch
[0.696s] copying launch/start_goal_action_launch.py -> /home/enio/develop_fer/Model-Informed-Path-Planning/path_planning_ws/install/path_planning_action/share/path_planning_action/launch/
[0.696s] copying launch/pointcloud_launch.py -> /home/enio/develop_fer/Model-Informed-Path-Planning/path_planning_ws/install/path_planning_action/share/path_planning_action/launch/
[0.697s] copying launch/rviz2_pointcloud_launch.py -> /home/enio/develop_fer/Model-Informed-Path-Planning/path_planning_ws/install/path_planning_action/share/path_planning_action/launch/
[0.697s] creating /home/enio/develop_fer/Model-Informed-Path-Planning/path_planning_ws/install/path_planning_action/share/path_planning_action/rviz2
[0.697s] copying rviz2/map_visualization.rviz -> /home/enio/develop_fer/Model-Informed-Path-Planning/path_planning_ws/install/path_planning_action/share/path_planning_action/rviz2/
[0.697s] creating /home/enio/develop_fer/Model-Informed-Path-Planning/path_planning_ws/install/path_planning_action/lib/path_planning_action
[0.697s] creating /home/enio/develop_fer/Model-Informed-Path-Planning/path_planning_ws/install/path_planning_action/lib/path_planning_action/launch
[0.697s] copying launch/start_goal_action_launch.py -> /home/enio/develop_fer/Model-Informed-Path-Planning/path_planning_ws/install/path_planning_action/lib/path_planning_action/launch/
[0.697s] copying launch/pointcloud_launch.py -> /home/enio/develop_fer/Model-Informed-Path-Planning/path_planning_ws/install/path_planning_action/lib/path_planning_action/launch/
[0.697s] copying launch/rviz2_pointcloud_launch.py -> /home/enio/develop_fer/Model-Informed-Path-Planning/path_planning_ws/install/path_planning_action/lib/path_planning_action/launch/
[0.697s] creating /home/enio/develop_fer/Model-Informed-Path-Planning/path_planning_ws/install/path_planning_action/lib/path_planning_action/rviz2
[0.697s] copying rviz2/map_visualization.rviz -> /home/enio/develop_fer/Model-Informed-Path-Planning/path_planning_ws/install/path_planning_action/lib/path_planning_action/rviz2/
[0.698s] creating /home/enio/develop_fer/Model-Informed-Path-Planning/path_planning_ws/install/path_planning_action/lib/python3.10/site-packages/path_planning_action/launch
[0.698s] copying launch/start_goal_action_launch.py -> /home/enio/develop_fer/Model-Informed-Path-Planning/path_planning_ws/install/path_planning_action/lib/python3.10/site-packages/path_planning_action/launch/
[0.698s] copying launch/pointcloud_launch.py -> /home/enio/develop_fer/Model-Informed-Path-Planning/path_planning_ws/install/path_planning_action/lib/python3.10/site-packages/path_planning_action/launch/
[0.698s] copying launch/rviz2_pointcloud_launch.py -> /home/enio/develop_fer/Model-Informed-Path-Planning/path_planning_ws/install/path_planning_action/lib/python3.10/site-packages/path_planning_action/launch/
[0.698s] creating /home/enio/develop_fer/Model-Informed-Path-Planning/path_planning_ws/install/path_planning_action/lib/python3.10/site-packages/path_planning_action/rviz2
[0.698s] copying rviz2/map_visualization.rviz -> /home/enio/develop_fer/Model-Informed-Path-Planning/path_planning_ws/install/path_planning_action/lib/python3.10/site-packages/path_planning_action/rviz2/
[0.698s] running install_egg_info
[0.699s] Copying ../../build/path_planning_action/path_planning_action.egg-info to /home/enio/develop_fer/Model-Informed-Path-Planning/path_planning_ws/install/path_planning_action/lib/python3.10/site-packages/path_planning_action-0.0.0-py3.10.egg-info
[0.699s] running install_scripts
[0.708s] Installing pointcloud_publisher script to /home/enio/develop_fer/Model-Informed-Path-Planning/path_planning_ws/install/path_planning_action/lib/path_planning_action
[0.709s] Installing rviz2_launch script to /home/enio/develop_fer/Model-Informed-Path-Planning/path_planning_ws/install/path_planning_action/lib/path_planning_action
[0.709s] Installing start_goal_action script to /home/enio/develop_fer/Model-Informed-Path-Planning/path_planning_ws/install/path_planning_action/lib/path_planning_action
[0.709s] Installing start_goal_publisher script to /home/enio/develop_fer/Model-Informed-Path-Planning/path_planning_ws/install/path_planning_action/lib/path_planning_action
[0.709s] writing list of installed files to '/home/enio/develop_fer/Model-Informed-Path-Planning/path_planning_ws/build/path_planning_action/install.log'
[0.724s] Invoked command in '/home/enio/develop_fer/Model-Informed-Path-Planning/path_planning_ws/src/path_planning_action' returned '0': PYTHONPATH=/home/enio/develop_fer/Model-Informed-Path-Planning/path_planning_ws/build/path_planning_action/prefix_override:/home/enio/develop_fer/Model-Informed-Path-Planning/path_planning_ws/install/path_planning_action/lib/python3.10/site-packages:${PYTHONPATH} /usr/bin/python3 -W ignore:setup.py install is deprecated setup.py egg_info --egg-base ../../build/path_planning_action build --build-base /home/enio/develop_fer/Model-Informed-Path-Planning/path_planning_ws/build/path_planning_action/build install --record /home/enio/develop_fer/Model-Informed-Path-Planning/path_planning_ws/build/path_planning_action/install.log --single-version-externally-managed install_data
