[0.586s] Invoking command in '/home/enio/develop_fer/Model-Informed-Path-Planning/path_planning_ws/src/map_server': PYTHONPATH=/home/enio/develop_fer/Model-Informed-Path-Planning/path_planning_ws/build/map_server/prefix_override:/home/enio/develop_fer/Model-Informed-Path-Planning/path_planning_ws/install/map_server/lib/python3.10/site-packages:${PYTHONPATH} /usr/bin/python3 -W ignore:setup.py install is deprecated setup.py egg_info --egg-base ../../build/map_server build --build-base /home/enio/develop_fer/Model-Informed-Path-Planning/path_planning_ws/build/map_server/build install --record /home/enio/develop_fer/Model-Informed-Path-Planning/path_planning_ws/build/map_server/install.log --single-version-externally-managed install_data
[0.708s] running egg_info
[0.708s] creating ../../build/map_server/map_server.egg-info
[0.709s] writing ../../build/map_server/map_server.egg-info/PKG-INFO
[0.709s] writing dependency_links to ../../build/map_server/map_server.egg-info/dependency_links.txt
[0.709s] writing entry points to ../../build/map_server/map_server.egg-info/entry_points.txt
[0.709s] writing requirements to ../../build/map_server/map_server.egg-info/requires.txt
[0.709s] writing top-level names to ../../build/map_server/map_server.egg-info/top_level.txt
[0.709s] writing manifest file '../../build/map_server/map_server.egg-info/SOURCES.txt'
[0.711s] reading manifest file '../../build/map_server/map_server.egg-info/SOURCES.txt'
[0.711s] adding license file 'LICENSE'
[0.713s] writing manifest file '../../build/map_server/map_server.egg-info/SOURCES.txt'
[0.713s] running build
[0.713s] running build_py
[0.713s] creating /home/enio/develop_fer/Model-Informed-Path-Planning/path_planning_ws/build/map_server/build
[0.713s] creating /home/enio/develop_fer/Model-Informed-Path-Planning/path_planning_ws/build/map_server/build/lib
[0.714s] creating /home/enio/develop_fer/Model-Informed-Path-Planning/path_planning_ws/build/map_server/build/lib/map_server
[0.714s] copying map_server/__init__.py -> /home/enio/develop_fer/Model-Informed-Path-Planning/path_planning_ws/build/map_server/build/lib/map_server
[0.714s] copying map_server/start_goal_action.py -> /home/enio/develop_fer/Model-Informed-Path-Planning/path_planning_ws/build/map_server/build/lib/map_server
[0.714s] copying map_server/rviz2_launch.py -> /home/enio/develop_fer/Model-Informed-Path-Planning/path_planning_ws/build/map_server/build/lib/map_server
[0.714s] running install
[0.714s] running install_lib
[0.714s] creating /home/enio/develop_fer/Model-Informed-Path-Planning/path_planning_ws/install/map_server/lib/python3.10/site-packages/map_server
[0.714s] copying /home/enio/develop_fer/Model-Informed-Path-Planning/path_planning_ws/build/map_server/build/lib/map_server/__init__.py -> /home/enio/develop_fer/Model-Informed-Path-Planning/path_planning_ws/install/map_server/lib/python3.10/site-packages/map_server
[0.714s] copying /home/enio/develop_fer/Model-Informed-Path-Planning/path_planning_ws/build/map_server/build/lib/map_server/start_goal_action.py -> /home/enio/develop_fer/Model-Informed-Path-Planning/path_planning_ws/install/map_server/lib/python3.10/site-packages/map_server
[0.714s] copying /home/enio/develop_fer/Model-Informed-Path-Planning/path_planning_ws/build/map_server/build/lib/map_server/rviz2_launch.py -> /home/enio/develop_fer/Model-Informed-Path-Planning/path_planning_ws/install/map_server/lib/python3.10/site-packages/map_server
[0.714s] byte-compiling /home/enio/develop_fer/Model-Informed-Path-Planning/path_planning_ws/install/map_server/lib/python3.10/site-packages/map_server/__init__.py to __init__.cpython-310.pyc
[0.715s] byte-compiling /home/enio/develop_fer/Model-Informed-Path-Planning/path_planning_ws/install/map_server/lib/python3.10/site-packages/map_server/start_goal_action.py to start_goal_action.cpython-310.pyc
[0.715s] byte-compiling /home/enio/develop_fer/Model-Informed-Path-Planning/path_planning_ws/install/map_server/lib/python3.10/site-packages/map_server/rviz2_launch.py to rviz2_launch.cpython-310.pyc
[0.715s] running install_data
[0.715s] creating /home/enio/develop_fer/Model-Informed-Path-Planning/path_planning_ws/install/map_server/share/ament_index
[0.715s] creating /home/enio/develop_fer/Model-Informed-Path-Planning/path_planning_ws/install/map_server/share/ament_index/resource_index
[0.715s] creating /home/enio/develop_fer/Model-Informed-Path-Planning/path_planning_ws/install/map_server/share/ament_index/resource_index/packages
[0.715s] copying resource/map_server -> /home/enio/develop_fer/Model-Informed-Path-Planning/path_planning_ws/install/map_server/share/ament_index/resource_index/packages
[0.715s] copying package.xml -> /home/enio/develop_fer/Model-Informed-Path-Planning/path_planning_ws/install/map_server/share/map_server
[0.715s] creating /home/enio/develop_fer/Model-Informed-Path-Planning/path_planning_ws/install/map_server/share/map_server/input_data
[0.715s] creating /home/enio/develop_fer/Model-Informed-Path-Planning/path_planning_ws/install/map_server/share/map_server/input_data/jadranovo
[0.715s] copying input_data/jadranovo/osm_info.txt -> /home/enio/develop_fer/Model-Informed-Path-Planning/path_planning_ws/install/map_server/share/map_server/input_data/jadranovo
[0.715s] copying input_data/jadranovo/jadranovo.png -> /home/enio/develop_fer/Model-Informed-Path-Planning/path_planning_ws/install/map_server/share/map_server/input_data/jadranovo
[0.715s] creating /home/enio/develop_fer/Model-Informed-Path-Planning/path_planning_ws/install/map_server/share/map_server/input_data/petrina
[0.715s] copying input_data/petrina/osm_info.txt -> /home/enio/develop_fer/Model-Informed-Path-Planning/path_planning_ws/install/map_server/share/map_server/input_data/petrina
[0.715s] copying input_data/petrina/petrina_resized.png -> /home/enio/develop_fer/Model-Informed-Path-Planning/path_planning_ws/install/map_server/share/map_server/input_data/petrina
[0.716s] copying input_data/petrina/petrina.png -> /home/enio/develop_fer/Model-Informed-Path-Planning/path_planning_ws/install/map_server/share/map_server/input_data/petrina
[0.716s] creating /home/enio/develop_fer/Model-Informed-Path-Planning/path_planning_ws/install/map_server/share/map_server/input_data/processed_maps
[0.716s] copying input_data/processed_maps/processed_map_jadranovo_map -> /home/enio/develop_fer/Model-Informed-Path-Planning/path_planning_ws/install/map_server/share/map_server/input_data/processed_maps
[0.717s] creating /home/enio/develop_fer/Model-Informed-Path-Planning/path_planning_ws/install/map_server/share/map_server/input_data/vrbnik
[0.717s] copying input_data/vrbnik/osm_info.txt -> /home/enio/develop_fer/Model-Informed-Path-Planning/path_planning_ws/install/map_server/share/map_server/input_data/vrbnik
[0.717s] copying input_data/vrbnik/vrbnik.png -> /home/enio/develop_fer/Model-Informed-Path-Planning/path_planning_ws/install/map_server/share/map_server/input_data/vrbnik
[0.717s] copying input_data/vrbnik/vrbnik_resized.png -> /home/enio/develop_fer/Model-Informed-Path-Planning/path_planning_ws/install/map_server/share/map_server/input_data/vrbnik
[0.718s] creating /home/enio/develop_fer/Model-Informed-Path-Planning/path_planning_ws/install/map_server/share/map_server/input_data/novi
[0.718s] copying input_data/novi/osm_info.txt -> /home/enio/develop_fer/Model-Informed-Path-Planning/path_planning_ws/install/map_server/share/map_server/input_data/novi
[0.718s] copying input_data/novi/novi.png -> /home/enio/develop_fer/Model-Informed-Path-Planning/path_planning_ws/install/map_server/share/map_server/input_data/novi
[0.718s] copying input_data/novi/novi_resized.png -> /home/enio/develop_fer/Model-Informed-Path-Planning/path_planning_ws/install/map_server/share/map_server/input_data/novi
[0.720s] creating /home/enio/develop_fer/Model-Informed-Path-Planning/path_planning_ws/install/map_server/share/map_server/input_data/selehovica
[0.720s] copying input_data/selehovica/osm_info.txt -> /home/enio/develop_fer/Model-Informed-Path-Planning/path_planning_ws/install/map_server/share/map_server/input_data/selehovica
[0.720s] copying input_data/selehovica/selehovica_resized.png -> /home/enio/develop_fer/Model-Informed-Path-Planning/path_planning_ws/install/map_server/share/map_server/input_data/selehovica
[0.720s] copying input_data/selehovica/selehovica.png -> /home/enio/develop_fer/Model-Informed-Path-Planning/path_planning_ws/install/map_server/share/map_server/input_data/selehovica
[0.721s] creating /home/enio/develop_fer/Model-Informed-Path-Planning/path_planning_ws/install/map_server/share/map_server/input_data/voz
[0.721s] copying input_data/voz/osm_info.txt -> /home/enio/develop_fer/Model-Informed-Path-Planning/path_planning_ws/install/map_server/share/map_server/input_data/voz
[0.721s] copying input_data/voz/voz_resized.png -> /home/enio/develop_fer/Model-Informed-Path-Planning/path_planning_ws/install/map_server/share/map_server/input_data/voz
[0.724s] copying input_data/voz/voz.png -> /home/enio/develop_fer/Model-Informed-Path-Planning/path_planning_ws/install/map_server/share/map_server/input_data/voz
[0.724s] creating /home/enio/develop_fer/Model-Informed-Path-Planning/path_planning_ws/install/map_server/share/map_server/input_data/sv_marko
[0.724s] copying input_data/sv_marko/osm_info.txt -> /home/enio/develop_fer/Model-Informed-Path-Planning/path_planning_ws/install/map_server/share/map_server/input_data/sv_marko
[0.724s] copying input_data/sv_marko/sv_marko.png -> /home/enio/develop_fer/Model-Informed-Path-Planning/path_planning_ws/install/map_server/share/map_server/input_data/sv_marko
[0.725s] creating /home/enio/develop_fer/Model-Informed-Path-Planning/path_planning_ws/install/map_server/share/map_server/input_data/melska
[0.725s] copying input_data/melska/osm_info.txt -> /home/enio/develop_fer/Model-Informed-Path-Planning/path_planning_ws/install/map_server/share/map_server/input_data/melska
[0.725s] copying input_data/melska/melska.png -> /home/enio/develop_fer/Model-Informed-Path-Planning/path_planning_ws/install/map_server/share/map_server/input_data/melska
[0.725s] copying input_data/melska/melska_resized.png -> /home/enio/develop_fer/Model-Informed-Path-Planning/path_planning_ws/install/map_server/share/map_server/input_data/melska
[0.726s] creating /home/enio/develop_fer/Model-Informed-Path-Planning/path_planning_ws/install/map_server/share/map_server/input_data/selce
[0.726s] copying input_data/selce/osm_info.txt -> /home/enio/develop_fer/Model-Informed-Path-Planning/path_planning_ws/install/map_server/share/map_server/input_data/selce
[0.726s] copying input_data/selce/selce_resized.png -> /home/enio/develop_fer/Model-Informed-Path-Planning/path_planning_ws/install/map_server/share/map_server/input_data/selce
[0.727s] copying input_data/selce/selce.png -> /home/enio/develop_fer/Model-Informed-Path-Planning/path_planning_ws/install/map_server/share/map_server/input_data/selce
[0.728s] creating /home/enio/develop_fer/Model-Informed-Path-Planning/path_planning_ws/install/map_server/share/map_server/input_data/klimno
[0.728s] copying input_data/klimno/osm_info.txt -> /home/enio/develop_fer/Model-Informed-Path-Planning/path_planning_ws/install/map_server/share/map_server/input_data/klimno
[0.728s] copying input_data/klimno/klimno.png -> /home/enio/develop_fer/Model-Informed-Path-Planning/path_planning_ws/install/map_server/share/map_server/input_data/klimno
[0.728s] copying input_data/klimno/klimno_resized.png -> /home/enio/develop_fer/Model-Informed-Path-Planning/path_planning_ws/install/map_server/share/map_server/input_data/klimno
[0.730s] creating /home/enio/develop_fer/Model-Informed-Path-Planning/path_planning_ws/install/map_server/share/map_server/input_data/rudine
[0.730s] copying input_data/rudine/osm_info.txt -> /home/enio/develop_fer/Model-Informed-Path-Planning/path_planning_ws/install/map_server/share/map_server/input_data/rudine
[0.730s] copying input_data/rudine/rudine.png -> /home/enio/develop_fer/Model-Informed-Path-Planning/path_planning_ws/install/map_server/share/map_server/input_data/rudine
[0.731s] copying input_data/rudine/rudine_resized.png -> /home/enio/develop_fer/Model-Informed-Path-Planning/path_planning_ws/install/map_server/share/map_server/input_data/rudine
[0.732s] creating /home/enio/develop_fer/Model-Informed-Path-Planning/path_planning_ws/install/map_server/share/map_server/input_data/silo
[0.732s] copying input_data/silo/osm_info.txt -> /home/enio/develop_fer/Model-Informed-Path-Planning/path_planning_ws/install/map_server/share/map_server/input_data/silo
[0.732s] copying input_data/silo/silo.png -> /home/enio/develop_fer/Model-Informed-Path-Planning/path_planning_ws/install/map_server/share/map_server/input_data/silo
[0.732s] copying input_data/silo/silo_resized.png -> /home/enio/develop_fer/Model-Informed-Path-Planning/path_planning_ws/install/map_server/share/map_server/input_data/silo
[0.734s] creating /home/enio/develop_fer/Model-Informed-Path-Planning/path_planning_ws/install/map_server/share/map_server/input_data/lokvisce
[0.734s] copying input_data/lokvisce/osm_info.txt -> /home/enio/develop_fer/Model-Informed-Path-Planning/path_planning_ws/install/map_server/share/map_server/input_data/lokvisce
[0.735s] copying input_data/lokvisce/lokvisce.png -> /home/enio/develop_fer/Model-Informed-Path-Planning/path_planning_ws/install/map_server/share/map_server/input_data/lokvisce
[0.735s] copying input_data/lokvisce/lokvisce_resized.png -> /home/enio/develop_fer/Model-Informed-Path-Planning/path_planning_ws/install/map_server/share/map_server/input_data/lokvisce
[0.737s] creating /home/enio/develop_fer/Model-Informed-Path-Planning/path_planning_ws/install/map_server/share/map_server/input_data/omisalj
[0.737s] copying input_data/omisalj/osm_info.txt -> /home/enio/develop_fer/Model-Informed-Path-Planning/path_planning_ws/install/map_server/share/map_server/input_data/omisalj
[0.737s] copying input_data/omisalj/omisalj.png -> /home/enio/develop_fer/Model-Informed-Path-Planning/path_planning_ws/install/map_server/share/map_server/input_data/omisalj
[0.737s] copying input_data/omisalj/omisalj_resized.png -> /home/enio/develop_fer/Model-Informed-Path-Planning/path_planning_ws/install/map_server/share/map_server/input_data/omisalj
[0.739s] creating /home/enio/develop_fer/Model-Informed-Path-Planning/path_planning_ws/install/map_server/share/map_server/input_data/povile
[0.739s] copying input_data/povile/osm_info.txt -> /home/enio/develop_fer/Model-Informed-Path-Planning/path_planning_ws/install/map_server/share/map_server/input_data/povile
[0.739s] copying input_data/povile/povile.png -> /home/enio/develop_fer/Model-Informed-Path-Planning/path_planning_ws/install/map_server/share/map_server/input_data/povile
[0.739s] copying input_data/povile/povile_resized.png -> /home/enio/develop_fer/Model-Informed-Path-Planning/path_planning_ws/install/map_server/share/map_server/input_data/povile
[0.740s] creating /home/enio/develop_fer/Model-Informed-Path-Planning/path_planning_ws/install/map_server/share/map_server/input_data/dramalj
[0.740s] copying input_data/dramalj/osm_info.txt -> /home/enio/develop_fer/Model-Informed-Path-Planning/path_planning_ws/install/map_server/share/map_server/input_data/dramalj
[0.740s] copying input_data/dramalj/dramalj_resized.png -> /home/enio/develop_fer/Model-Informed-Path-Planning/path_planning_ws/install/map_server/share/map_server/input_data/dramalj
[0.741s] copying input_data/dramalj/dramalj.png -> /home/enio/develop_fer/Model-Informed-Path-Planning/path_planning_ws/install/map_server/share/map_server/input_data/dramalj
[0.741s] creating /home/enio/develop_fer/Model-Informed-Path-Planning/path_planning_ws/install/map_server/share/map_server/input_data/crikvenica
[0.741s] copying input_data/crikvenica/osm_info.txt -> /home/enio/develop_fer/Model-Informed-Path-Planning/path_planning_ws/install/map_server/share/map_server/input_data/crikvenica
[0.741s] copying input_data/crikvenica/crikvenica_resized.png -> /home/enio/develop_fer/Model-Informed-Path-Planning/path_planning_ws/install/map_server/share/map_server/input_data/crikvenica
[0.744s] copying input_data/crikvenica/crikvenica.png -> /home/enio/develop_fer/Model-Informed-Path-Planning/path_planning_ws/install/map_server/share/map_server/input_data/crikvenica
[0.745s] creating /home/enio/develop_fer/Model-Informed-Path-Planning/path_planning_ws/install/map_server/share/map_server/launch
[0.745s] copying launch/pointcloud_launch.py -> /home/enio/develop_fer/Model-Informed-Path-Planning/path_planning_ws/install/map_server/share/map_server/launch/
[0.745s] copying launch/rviz2_pointcloud_launch.py -> /home/enio/develop_fer/Model-Informed-Path-Planning/path_planning_ws/install/map_server/share/map_server/launch/
[0.745s] copying launch/make_map_launch.py -> /home/enio/develop_fer/Model-Informed-Path-Planning/path_planning_ws/install/map_server/share/map_server/launch/
[0.745s] copying launch/init_launch.py -> /home/enio/develop_fer/Model-Informed-Path-Planning/path_planning_ws/install/map_server/share/map_server/launch/
[0.745s] creating /home/enio/develop_fer/Model-Informed-Path-Planning/path_planning_ws/install/map_server/share/map_server/rviz2
[0.745s] copying rviz2/map_visualization.rviz -> /home/enio/develop_fer/Model-Informed-Path-Planning/path_planning_ws/install/map_server/share/map_server/rviz2/
[0.745s] creating /home/enio/develop_fer/Model-Informed-Path-Planning/path_planning_ws/install/map_server/share/map_server/processed_maps
[0.745s] copying processed_maps/test.py -> /home/enio/develop_fer/Model-Informed-Path-Planning/path_planning_ws/install/map_server/share/map_server/processed_maps/
[0.745s] creating /home/enio/develop_fer/Model-Informed-Path-Planning/path_planning_ws/install/map_server/lib/map_server
[0.745s] creating /home/enio/develop_fer/Model-Informed-Path-Planning/path_planning_ws/install/map_server/lib/map_server/input_data
[0.745s] creating /home/enio/develop_fer/Model-Informed-Path-Planning/path_planning_ws/install/map_server/lib/map_server/input_data/jadranovo
[0.746s] copying input_data/jadranovo/osm_info.txt -> /home/enio/develop_fer/Model-Informed-Path-Planning/path_planning_ws/install/map_server/lib/map_server/input_data/jadranovo
[0.746s] copying input_data/jadranovo/jadranovo.png -> /home/enio/develop_fer/Model-Informed-Path-Planning/path_planning_ws/install/map_server/lib/map_server/input_data/jadranovo
[0.746s] creating /home/enio/develop_fer/Model-Informed-Path-Planning/path_planning_ws/install/map_server/lib/map_server/input_data/petrina
[0.746s] copying input_data/petrina/osm_info.txt -> /home/enio/develop_fer/Model-Informed-Path-Planning/path_planning_ws/install/map_server/lib/map_server/input_data/petrina
[0.746s] copying input_data/petrina/petrina_resized.png -> /home/enio/develop_fer/Model-Informed-Path-Planning/path_planning_ws/install/map_server/lib/map_server/input_data/petrina
[0.747s] copying input_data/petrina/petrina.png -> /home/enio/develop_fer/Model-Informed-Path-Planning/path_planning_ws/install/map_server/lib/map_server/input_data/petrina
[0.747s] creating /home/enio/develop_fer/Model-Informed-Path-Planning/path_planning_ws/install/map_server/lib/map_server/input_data/processed_maps
[0.748s] copying input_data/processed_maps/processed_map_jadranovo_map -> /home/enio/develop_fer/Model-Informed-Path-Planning/path_planning_ws/install/map_server/lib/map_server/input_data/processed_maps
[0.748s] creating /home/enio/develop_fer/Model-Informed-Path-Planning/path_planning_ws/install/map_server/lib/map_server/input_data/vrbnik
[0.748s] copying input_data/vrbnik/osm_info.txt -> /home/enio/develop_fer/Model-Informed-Path-Planning/path_planning_ws/install/map_server/lib/map_server/input_data/vrbnik
[0.748s] copying input_data/vrbnik/vrbnik.png -> /home/enio/develop_fer/Model-Informed-Path-Planning/path_planning_ws/install/map_server/lib/map_server/input_data/vrbnik
[0.748s] copying input_data/vrbnik/vrbnik_resized.png -> /home/enio/develop_fer/Model-Informed-Path-Planning/path_planning_ws/install/map_server/lib/map_server/input_data/vrbnik
[0.750s] creating /home/enio/develop_fer/Model-Informed-Path-Planning/path_planning_ws/install/map_server/lib/map_server/input_data/novi
[0.750s] copying input_data/novi/osm_info.txt -> /home/enio/develop_fer/Model-Informed-Path-Planning/path_planning_ws/install/map_server/lib/map_server/input_data/novi
[0.750s] copying input_data/novi/novi.png -> /home/enio/develop_fer/Model-Informed-Path-Planning/path_planning_ws/install/map_server/lib/map_server/input_data/novi
[0.750s] copying input_data/novi/novi_resized.png -> /home/enio/develop_fer/Model-Informed-Path-Planning/path_planning_ws/install/map_server/lib/map_server/input_data/novi
[0.751s] creating /home/enio/develop_fer/Model-Informed-Path-Planning/path_planning_ws/install/map_server/lib/map_server/input_data/selehovica
[0.751s] copying input_data/selehovica/osm_info.txt -> /home/enio/develop_fer/Model-Informed-Path-Planning/path_planning_ws/install/map_server/lib/map_server/input_data/selehovica
[0.751s] copying input_data/selehovica/selehovica_resized.png -> /home/enio/develop_fer/Model-Informed-Path-Planning/path_planning_ws/install/map_server/lib/map_server/input_data/selehovica
[0.752s] copying input_data/selehovica/selehovica.png -> /home/enio/develop_fer/Model-Informed-Path-Planning/path_planning_ws/install/map_server/lib/map_server/input_data/selehovica
[0.752s] creating /home/enio/develop_fer/Model-Informed-Path-Planning/path_planning_ws/install/map_server/lib/map_server/input_data/voz
[0.752s] copying input_data/voz/osm_info.txt -> /home/enio/develop_fer/Model-Informed-Path-Planning/path_planning_ws/install/map_server/lib/map_server/input_data/voz
[0.752s] copying input_data/voz/voz_resized.png -> /home/enio/develop_fer/Model-Informed-Path-Planning/path_planning_ws/install/map_server/lib/map_server/input_data/voz
[0.755s] copying input_data/voz/voz.png -> /home/enio/develop_fer/Model-Informed-Path-Planning/path_planning_ws/install/map_server/lib/map_server/input_data/voz
[0.756s] creating /home/enio/develop_fer/Model-Informed-Path-Planning/path_planning_ws/install/map_server/lib/map_server/input_data/sv_marko
[0.756s] copying input_data/sv_marko/osm_info.txt -> /home/enio/develop_fer/Model-Informed-Path-Planning/path_planning_ws/install/map_server/lib/map_server/input_data/sv_marko
[0.756s] copying input_data/sv_marko/sv_marko.png -> /home/enio/develop_fer/Model-Informed-Path-Planning/path_planning_ws/install/map_server/lib/map_server/input_data/sv_marko
[0.756s] creating /home/enio/develop_fer/Model-Informed-Path-Planning/path_planning_ws/install/map_server/lib/map_server/input_data/melska
[0.756s] copying input_data/melska/osm_info.txt -> /home/enio/develop_fer/Model-Informed-Path-Planning/path_planning_ws/install/map_server/lib/map_server/input_data/melska
[0.756s] copying input_data/melska/melska.png -> /home/enio/develop_fer/Model-Informed-Path-Planning/path_planning_ws/install/map_server/lib/map_server/input_data/melska
[0.756s] copying input_data/melska/melska_resized.png -> /home/enio/develop_fer/Model-Informed-Path-Planning/path_planning_ws/install/map_server/lib/map_server/input_data/melska
[0.757s] creating /home/enio/develop_fer/Model-Informed-Path-Planning/path_planning_ws/install/map_server/lib/map_server/input_data/selce
[0.757s] copying input_data/selce/osm_info.txt -> /home/enio/develop_fer/Model-Informed-Path-Planning/path_planning_ws/install/map_server/lib/map_server/input_data/selce
[0.757s] copying input_data/selce/selce_resized.png -> /home/enio/develop_fer/Model-Informed-Path-Planning/path_planning_ws/install/map_server/lib/map_server/input_data/selce
[0.759s] copying input_data/selce/selce.png -> /home/enio/develop_fer/Model-Informed-Path-Planning/path_planning_ws/install/map_server/lib/map_server/input_data/selce
[0.759s] creating /home/enio/develop_fer/Model-Informed-Path-Planning/path_planning_ws/install/map_server/lib/map_server/input_data/klimno
[0.759s] copying input_data/klimno/osm_info.txt -> /home/enio/develop_fer/Model-Informed-Path-Planning/path_planning_ws/install/map_server/lib/map_server/input_data/klimno
[0.759s] copying input_data/klimno/klimno.png -> /home/enio/develop_fer/Model-Informed-Path-Planning/path_planning_ws/install/map_server/lib/map_server/input_data/klimno
[0.760s] copying input_data/klimno/klimno_resized.png -> /home/enio/develop_fer/Model-Informed-Path-Planning/path_planning_ws/install/map_server/lib/map_server/input_data/klimno
[0.762s] creating /home/enio/develop_fer/Model-Informed-Path-Planning/path_planning_ws/install/map_server/lib/map_server/input_data/rudine
[0.762s] copying input_data/rudine/osm_info.txt -> /home/enio/develop_fer/Model-Informed-Path-Planning/path_planning_ws/install/map_server/lib/map_server/input_data/rudine
[0.762s] copying input_data/rudine/rudine.png -> /home/enio/develop_fer/Model-Informed-Path-Planning/path_planning_ws/install/map_server/lib/map_server/input_data/rudine
[0.762s] copying input_data/rudine/rudine_resized.png -> /home/enio/develop_fer/Model-Informed-Path-Planning/path_planning_ws/install/map_server/lib/map_server/input_data/rudine
[0.763s] creating /home/enio/develop_fer/Model-Informed-Path-Planning/path_planning_ws/install/map_server/lib/map_server/input_data/silo
[0.763s] copying input_data/silo/osm_info.txt -> /home/enio/develop_fer/Model-Informed-Path-Planning/path_planning_ws/install/map_server/lib/map_server/input_data/silo
[0.763s] copying input_data/silo/silo.png -> /home/enio/develop_fer/Model-Informed-Path-Planning/path_planning_ws/install/map_server/lib/map_server/input_data/silo
[0.764s] copying input_data/silo/silo_resized.png -> /home/enio/develop_fer/Model-Informed-Path-Planning/path_planning_ws/install/map_server/lib/map_server/input_data/silo
[0.766s] creating /home/enio/develop_fer/Model-Informed-Path-Planning/path_planning_ws/install/map_server/lib/map_server/input_data/lokvisce
[0.766s] copying input_data/lokvisce/osm_info.txt -> /home/enio/develop_fer/Model-Informed-Path-Planning/path_planning_ws/install/map_server/lib/map_server/input_data/lokvisce
[0.766s] copying input_data/lokvisce/lokvisce.png -> /home/enio/develop_fer/Model-Informed-Path-Planning/path_planning_ws/install/map_server/lib/map_server/input_data/lokvisce
[0.766s] copying input_data/lokvisce/lokvisce_resized.png -> /home/enio/develop_fer/Model-Informed-Path-Planning/path_planning_ws/install/map_server/lib/map_server/input_data/lokvisce
[0.768s] creating /home/enio/develop_fer/Model-Informed-Path-Planning/path_planning_ws/install/map_server/lib/map_server/input_data/omisalj
[0.768s] copying input_data/omisalj/osm_info.txt -> /home/enio/develop_fer/Model-Informed-Path-Planning/path_planning_ws/install/map_server/lib/map_server/input_data/omisalj
[0.768s] copying input_data/omisalj/omisalj.png -> /home/enio/develop_fer/Model-Informed-Path-Planning/path_planning_ws/install/map_server/lib/map_server/input_data/omisalj
[0.768s] copying input_data/omisalj/omisalj_resized.png -> /home/enio/develop_fer/Model-Informed-Path-Planning/path_planning_ws/install/map_server/lib/map_server/input_data/omisalj
[0.770s] creating /home/enio/develop_fer/Model-Informed-Path-Planning/path_planning_ws/install/map_server/lib/map_server/input_data/povile
[0.770s] copying input_data/povile/osm_info.txt -> /home/enio/develop_fer/Model-Informed-Path-Planning/path_planning_ws/install/map_server/lib/map_server/input_data/povile
[0.770s] copying input_data/povile/povile.png -> /home/enio/develop_fer/Model-Informed-Path-Planning/path_planning_ws/install/map_server/lib/map_server/input_data/povile
[0.770s] copying input_data/povile/povile_resized.png -> /home/enio/develop_fer/Model-Informed-Path-Planning/path_planning_ws/install/map_server/lib/map_server/input_data/povile
[0.772s] creating /home/enio/develop_fer/Model-Informed-Path-Planning/path_planning_ws/install/map_server/lib/map_server/input_data/dramalj
[0.772s] copying input_data/dramalj/osm_info.txt -> /home/enio/develop_fer/Model-Informed-Path-Planning/path_planning_ws/install/map_server/lib/map_server/input_data/dramalj
[0.772s] copying input_data/dramalj/dramalj_resized.png -> /home/enio/develop_fer/Model-Informed-Path-Planning/path_planning_ws/install/map_server/lib/map_server/input_data/dramalj
[0.772s] copying input_data/dramalj/dramalj.png -> /home/enio/develop_fer/Model-Informed-Path-Planning/path_planning_ws/install/map_server/lib/map_server/input_data/dramalj
[0.773s] creating /home/enio/develop_fer/Model-Informed-Path-Planning/path_planning_ws/install/map_server/lib/map_server/input_data/crikvenica
[0.773s] copying input_data/crikvenica/osm_info.txt -> /home/enio/develop_fer/Model-Informed-Path-Planning/path_planning_ws/install/map_server/lib/map_server/input_data/crikvenica
[0.773s] copying input_data/crikvenica/crikvenica_resized.png -> /home/enio/develop_fer/Model-Informed-Path-Planning/path_planning_ws/install/map_server/lib/map_server/input_data/crikvenica
[0.775s] copying input_data/crikvenica/crikvenica.png -> /home/enio/develop_fer/Model-Informed-Path-Planning/path_planning_ws/install/map_server/lib/map_server/input_data/crikvenica
[0.776s] creating /home/enio/develop_fer/Model-Informed-Path-Planning/path_planning_ws/install/map_server/lib/map_server/launch
[0.776s] copying launch/pointcloud_launch.py -> /home/enio/develop_fer/Model-Informed-Path-Planning/path_planning_ws/install/map_server/lib/map_server/launch/
[0.776s] copying launch/rviz2_pointcloud_launch.py -> /home/enio/develop_fer/Model-Informed-Path-Planning/path_planning_ws/install/map_server/lib/map_server/launch/
[0.776s] copying launch/make_map_launch.py -> /home/enio/develop_fer/Model-Informed-Path-Planning/path_planning_ws/install/map_server/lib/map_server/launch/
[0.776s] copying launch/init_launch.py -> /home/enio/develop_fer/Model-Informed-Path-Planning/path_planning_ws/install/map_server/lib/map_server/launch/
[0.776s] creating /home/enio/develop_fer/Model-Informed-Path-Planning/path_planning_ws/install/map_server/lib/map_server/rviz2
[0.776s] copying rviz2/map_visualization.rviz -> /home/enio/develop_fer/Model-Informed-Path-Planning/path_planning_ws/install/map_server/lib/map_server/rviz2/
[0.776s] creating /home/enio/develop_fer/Model-Informed-Path-Planning/path_planning_ws/install/map_server/lib/map_server/processed_maps
[0.776s] copying processed_maps/test.py -> /home/enio/develop_fer/Model-Informed-Path-Planning/path_planning_ws/install/map_server/lib/map_server/processed_maps/
[0.777s] creating /home/enio/develop_fer/Model-Informed-Path-Planning/path_planning_ws/install/map_server/lib/python3.10/site-packages/map_server/input_data
[0.777s] creating /home/enio/develop_fer/Model-Informed-Path-Planning/path_planning_ws/install/map_server/lib/python3.10/site-packages/map_server/input_data/jadranovo
[0.777s] copying input_data/jadranovo/osm_info.txt -> /home/enio/develop_fer/Model-Informed-Path-Planning/path_planning_ws/install/map_server/lib/python3.10/site-packages/map_server/input_data/jadranovo
[0.777s] copying input_data/jadranovo/jadranovo.png -> /home/enio/develop_fer/Model-Informed-Path-Planning/path_planning_ws/install/map_server/lib/python3.10/site-packages/map_server/input_data/jadranovo
[0.778s] creating /home/enio/develop_fer/Model-Informed-Path-Planning/path_planning_ws/install/map_server/lib/python3.10/site-packages/map_server/input_data/petrina
[0.778s] copying input_data/petrina/osm_info.txt -> /home/enio/develop_fer/Model-Informed-Path-Planning/path_planning_ws/install/map_server/lib/python3.10/site-packages/map_server/input_data/petrina
[0.778s] copying input_data/petrina/petrina_resized.png -> /home/enio/develop_fer/Model-Informed-Path-Planning/path_planning_ws/install/map_server/lib/python3.10/site-packages/map_server/input_data/petrina
[0.779s] copying input_data/petrina/petrina.png -> /home/enio/develop_fer/Model-Informed-Path-Planning/path_planning_ws/install/map_server/lib/python3.10/site-packages/map_server/input_data/petrina
[0.779s] creating /home/enio/develop_fer/Model-Informed-Path-Planning/path_planning_ws/install/map_server/lib/python3.10/site-packages/map_server/input_data/processed_maps
[0.779s] copying input_data/processed_maps/processed_map_jadranovo_map -> /home/enio/develop_fer/Model-Informed-Path-Planning/path_planning_ws/install/map_server/lib/python3.10/site-packages/map_server/input_data/processed_maps
[0.780s] creating /home/enio/develop_fer/Model-Informed-Path-Planning/path_planning_ws/install/map_server/lib/python3.10/site-packages/map_server/input_data/vrbnik
[0.780s] copying input_data/vrbnik/osm_info.txt -> /home/enio/develop_fer/Model-Informed-Path-Planning/path_planning_ws/install/map_server/lib/python3.10/site-packages/map_server/input_data/vrbnik
[0.780s] copying input_data/vrbnik/vrbnik.png -> /home/enio/develop_fer/Model-Informed-Path-Planning/path_planning_ws/install/map_server/lib/python3.10/site-packages/map_server/input_data/vrbnik
[0.780s] copying input_data/vrbnik/vrbnik_resized.png -> /home/enio/develop_fer/Model-Informed-Path-Planning/path_planning_ws/install/map_server/lib/python3.10/site-packages/map_server/input_data/vrbnik
[0.781s] creating /home/enio/develop_fer/Model-Informed-Path-Planning/path_planning_ws/install/map_server/lib/python3.10/site-packages/map_server/input_data/novi
[0.781s] copying input_data/novi/osm_info.txt -> /home/enio/develop_fer/Model-Informed-Path-Planning/path_planning_ws/install/map_server/lib/python3.10/site-packages/map_server/input_data/novi
[0.781s] copying input_data/novi/novi.png -> /home/enio/develop_fer/Model-Informed-Path-Planning/path_planning_ws/install/map_server/lib/python3.10/site-packages/map_server/input_data/novi
[0.781s] copying input_data/novi/novi_resized.png -> /home/enio/develop_fer/Model-Informed-Path-Planning/path_planning_ws/install/map_server/lib/python3.10/site-packages/map_server/input_data/novi
[0.783s] creating /home/enio/develop_fer/Model-Informed-Path-Planning/path_planning_ws/install/map_server/lib/python3.10/site-packages/map_server/input_data/selehovica
[0.783s] copying input_data/selehovica/osm_info.txt -> /home/enio/develop_fer/Model-Informed-Path-Planning/path_planning_ws/install/map_server/lib/python3.10/site-packages/map_server/input_data/selehovica
[0.783s] copying input_data/selehovica/selehovica_resized.png -> /home/enio/develop_fer/Model-Informed-Path-Planning/path_planning_ws/install/map_server/lib/python3.10/site-packages/map_server/input_data/selehovica
[0.784s] copying input_data/selehovica/selehovica.png -> /home/enio/develop_fer/Model-Informed-Path-Planning/path_planning_ws/install/map_server/lib/python3.10/site-packages/map_server/input_data/selehovica
[0.784s] creating /home/enio/develop_fer/Model-Informed-Path-Planning/path_planning_ws/install/map_server/lib/python3.10/site-packages/map_server/input_data/voz
[0.784s] copying input_data/voz/osm_info.txt -> /home/enio/develop_fer/Model-Informed-Path-Planning/path_planning_ws/install/map_server/lib/python3.10/site-packages/map_server/input_data/voz
[0.784s] copying input_data/voz/voz_resized.png -> /home/enio/develop_fer/Model-Informed-Path-Planning/path_planning_ws/install/map_server/lib/python3.10/site-packages/map_server/input_data/voz
[0.787s] copying input_data/voz/voz.png -> /home/enio/develop_fer/Model-Informed-Path-Planning/path_planning_ws/install/map_server/lib/python3.10/site-packages/map_server/input_data/voz
[0.788s] creating /home/enio/develop_fer/Model-Informed-Path-Planning/path_planning_ws/install/map_server/lib/python3.10/site-packages/map_server/input_data/sv_marko
[0.788s] copying input_data/sv_marko/osm_info.txt -> /home/enio/develop_fer/Model-Informed-Path-Planning/path_planning_ws/install/map_server/lib/python3.10/site-packages/map_server/input_data/sv_marko
[0.788s] copying input_data/sv_marko/sv_marko.png -> /home/enio/develop_fer/Model-Informed-Path-Planning/path_planning_ws/install/map_server/lib/python3.10/site-packages/map_server/input_data/sv_marko
[0.788s] creating /home/enio/develop_fer/Model-Informed-Path-Planning/path_planning_ws/install/map_server/lib/python3.10/site-packages/map_server/input_data/melska
[0.788s] copying input_data/melska/osm_info.txt -> /home/enio/develop_fer/Model-Informed-Path-Planning/path_planning_ws/install/map_server/lib/python3.10/site-packages/map_server/input_data/melska
[0.788s] copying input_data/melska/melska.png -> /home/enio/develop_fer/Model-Informed-Path-Planning/path_planning_ws/install/map_server/lib/python3.10/site-packages/map_server/input_data/melska
[0.788s] copying input_data/melska/melska_resized.png -> /home/enio/develop_fer/Model-Informed-Path-Planning/path_planning_ws/install/map_server/lib/python3.10/site-packages/map_server/input_data/melska
[0.789s] creating /home/enio/develop_fer/Model-Informed-Path-Planning/path_planning_ws/install/map_server/lib/python3.10/site-packages/map_server/input_data/selce
[0.789s] copying input_data/selce/osm_info.txt -> /home/enio/develop_fer/Model-Informed-Path-Planning/path_planning_ws/install/map_server/lib/python3.10/site-packages/map_server/input_data/selce
[0.789s] copying input_data/selce/selce_resized.png -> /home/enio/develop_fer/Model-Informed-Path-Planning/path_planning_ws/install/map_server/lib/python3.10/site-packages/map_server/input_data/selce
[0.791s] copying input_data/selce/selce.png -> /home/enio/develop_fer/Model-Informed-Path-Planning/path_planning_ws/install/map_server/lib/python3.10/site-packages/map_server/input_data/selce
[0.791s] creating /home/enio/develop_fer/Model-Informed-Path-Planning/path_planning_ws/install/map_server/lib/python3.10/site-packages/map_server/input_data/klimno
[0.791s] copying input_data/klimno/osm_info.txt -> /home/enio/develop_fer/Model-Informed-Path-Planning/path_planning_ws/install/map_server/lib/python3.10/site-packages/map_server/input_data/klimno
[0.791s] copying input_data/klimno/klimno.png -> /home/enio/develop_fer/Model-Informed-Path-Planning/path_planning_ws/install/map_server/lib/python3.10/site-packages/map_server/input_data/klimno
[0.791s] copying input_data/klimno/klimno_resized.png -> /home/enio/develop_fer/Model-Informed-Path-Planning/path_planning_ws/install/map_server/lib/python3.10/site-packages/map_server/input_data/klimno
[0.793s] creating /home/enio/develop_fer/Model-Informed-Path-Planning/path_planning_ws/install/map_server/lib/python3.10/site-packages/map_server/input_data/rudine
[0.793s] copying input_data/rudine/osm_info.txt -> /home/enio/develop_fer/Model-Informed-Path-Planning/path_planning_ws/install/map_server/lib/python3.10/site-packages/map_server/input_data/rudine
[0.794s] copying input_data/rudine/rudine.png -> /home/enio/develop_fer/Model-Informed-Path-Planning/path_planning_ws/install/map_server/lib/python3.10/site-packages/map_server/input_data/rudine
[0.794s] copying input_data/rudine/rudine_resized.png -> /home/enio/develop_fer/Model-Informed-Path-Planning/path_planning_ws/install/map_server/lib/python3.10/site-packages/map_server/input_data/rudine
[0.795s] creating /home/enio/develop_fer/Model-Informed-Path-Planning/path_planning_ws/install/map_server/lib/python3.10/site-packages/map_server/input_data/silo
[0.795s] copying input_data/silo/osm_info.txt -> /home/enio/develop_fer/Model-Informed-Path-Planning/path_planning_ws/install/map_server/lib/python3.10/site-packages/map_server/input_data/silo
[0.795s] copying input_data/silo/silo.png -> /home/enio/develop_fer/Model-Informed-Path-Planning/path_planning_ws/install/map_server/lib/python3.10/site-packages/map_server/input_data/silo
[0.795s] copying input_data/silo/silo_resized.png -> /home/enio/develop_fer/Model-Informed-Path-Planning/path_planning_ws/install/map_server/lib/python3.10/site-packages/map_server/input_data/silo
[0.797s] creating /home/enio/develop_fer/Model-Informed-Path-Planning/path_planning_ws/install/map_server/lib/python3.10/site-packages/map_server/input_data/lokvisce
[0.797s] copying input_data/lokvisce/osm_info.txt -> /home/enio/develop_fer/Model-Informed-Path-Planning/path_planning_ws/install/map_server/lib/python3.10/site-packages/map_server/input_data/lokvisce
[0.797s] copying input_data/lokvisce/lokvisce.png -> /home/enio/develop_fer/Model-Informed-Path-Planning/path_planning_ws/install/map_server/lib/python3.10/site-packages/map_server/input_data/lokvisce
[0.798s] copying input_data/lokvisce/lokvisce_resized.png -> /home/enio/develop_fer/Model-Informed-Path-Planning/path_planning_ws/install/map_server/lib/python3.10/site-packages/map_server/input_data/lokvisce
[0.799s] creating /home/enio/develop_fer/Model-Informed-Path-Planning/path_planning_ws/install/map_server/lib/python3.10/site-packages/map_server/input_data/omisalj
[0.799s] copying input_data/omisalj/osm_info.txt -> /home/enio/develop_fer/Model-Informed-Path-Planning/path_planning_ws/install/map_server/lib/python3.10/site-packages/map_server/input_data/omisalj
[0.799s] copying input_data/omisalj/omisalj.png -> /home/enio/develop_fer/Model-Informed-Path-Planning/path_planning_ws/install/map_server/lib/python3.10/site-packages/map_server/input_data/omisalj
[0.800s] copying input_data/omisalj/omisalj_resized.png -> /home/enio/develop_fer/Model-Informed-Path-Planning/path_planning_ws/install/map_server/lib/python3.10/site-packages/map_server/input_data/omisalj
[0.801s] creating /home/enio/develop_fer/Model-Informed-Path-Planning/path_planning_ws/install/map_server/lib/python3.10/site-packages/map_server/input_data/povile
[0.801s] copying input_data/povile/osm_info.txt -> /home/enio/develop_fer/Model-Informed-Path-Planning/path_planning_ws/install/map_server/lib/python3.10/site-packages/map_server/input_data/povile
[0.801s] copying input_data/povile/povile.png -> /home/enio/develop_fer/Model-Informed-Path-Planning/path_planning_ws/install/map_server/lib/python3.10/site-packages/map_server/input_data/povile
[0.801s] copying input_data/povile/povile_resized.png -> /home/enio/develop_fer/Model-Informed-Path-Planning/path_planning_ws/install/map_server/lib/python3.10/site-packages/map_server/input_data/povile
[0.803s] creating /home/enio/develop_fer/Model-Informed-Path-Planning/path_planning_ws/install/map_server/lib/python3.10/site-packages/map_server/input_data/dramalj
[0.803s] copying input_data/dramalj/osm_info.txt -> /home/enio/develop_fer/Model-Informed-Path-Planning/path_planning_ws/install/map_server/lib/python3.10/site-packages/map_server/input_data/dramalj
[0.803s] copying input_data/dramalj/dramalj_resized.png -> /home/enio/develop_fer/Model-Informed-Path-Planning/path_planning_ws/install/map_server/lib/python3.10/site-packages/map_server/input_data/dramalj
[0.804s] copying input_data/dramalj/dramalj.png -> /home/enio/develop_fer/Model-Informed-Path-Planning/path_planning_ws/install/map_server/lib/python3.10/site-packages/map_server/input_data/dramalj
[0.804s] creating /home/enio/develop_fer/Model-Informed-Path-Planning/path_planning_ws/install/map_server/lib/python3.10/site-packages/map_server/input_data/crikvenica
[0.804s] copying input_data/crikvenica/osm_info.txt -> /home/enio/develop_fer/Model-Informed-Path-Planning/path_planning_ws/install/map_server/lib/python3.10/site-packages/map_server/input_data/crikvenica
[0.804s] copying input_data/crikvenica/crikvenica_resized.png -> /home/enio/develop_fer/Model-Informed-Path-Planning/path_planning_ws/install/map_server/lib/python3.10/site-packages/map_server/input_data/crikvenica
[0.807s] copying input_data/crikvenica/crikvenica.png -> /home/enio/develop_fer/Model-Informed-Path-Planning/path_planning_ws/install/map_server/lib/python3.10/site-packages/map_server/input_data/crikvenica
[0.807s] creating /home/enio/develop_fer/Model-Informed-Path-Planning/path_planning_ws/install/map_server/lib/python3.10/site-packages/map_server/launch
[0.807s] copying launch/pointcloud_launch.py -> /home/enio/develop_fer/Model-Informed-Path-Planning/path_planning_ws/install/map_server/lib/python3.10/site-packages/map_server/launch/
[0.807s] copying launch/rviz2_pointcloud_launch.py -> /home/enio/develop_fer/Model-Informed-Path-Planning/path_planning_ws/install/map_server/lib/python3.10/site-packages/map_server/launch/
[0.807s] copying launch/make_map_launch.py -> /home/enio/develop_fer/Model-Informed-Path-Planning/path_planning_ws/install/map_server/lib/python3.10/site-packages/map_server/launch/
[0.807s] copying launch/init_launch.py -> /home/enio/develop_fer/Model-Informed-Path-Planning/path_planning_ws/install/map_server/lib/python3.10/site-packages/map_server/launch/
[0.807s] creating /home/enio/develop_fer/Model-Informed-Path-Planning/path_planning_ws/install/map_server/lib/python3.10/site-packages/map_server/rviz2
[0.807s] copying rviz2/map_visualization.rviz -> /home/enio/develop_fer/Model-Informed-Path-Planning/path_planning_ws/install/map_server/lib/python3.10/site-packages/map_server/rviz2/
[0.807s] creating /home/enio/develop_fer/Model-Informed-Path-Planning/path_planning_ws/install/map_server/lib/python3.10/site-packages/map_server/processed_maps
[0.807s] copying processed_maps/test.py -> /home/enio/develop_fer/Model-Informed-Path-Planning/path_planning_ws/install/map_server/lib/python3.10/site-packages/map_server/processed_maps/
[0.807s] running install_egg_info
[0.808s] Copying ../../build/map_server/map_server.egg-info to /home/enio/develop_fer/Model-Informed-Path-Planning/path_planning_ws/install/map_server/lib/python3.10/site-packages/map_server-0.0.0-py3.10.egg-info
[0.809s] running install_scripts
[0.820s] Installing detect_coast script to /home/enio/develop_fer/Model-Informed-Path-Planning/path_planning_ws/install/map_server/lib/map_server
[0.820s] Installing map_process script to /home/enio/develop_fer/Model-Informed-Path-Planning/path_planning_ws/install/map_server/lib/map_server
[0.820s] Installing pointcloud_publisher script to /home/enio/develop_fer/Model-Informed-Path-Planning/path_planning_ws/install/map_server/lib/map_server
[0.820s] Installing post_processing script to /home/enio/develop_fer/Model-Informed-Path-Planning/path_planning_ws/install/map_server/lib/map_server
[0.820s] Installing process_osm_data script to /home/enio/develop_fer/Model-Informed-Path-Planning/path_planning_ws/install/map_server/lib/map_server
[0.821s] Installing rviz2_launch script to /home/enio/develop_fer/Model-Informed-Path-Planning/path_planning_ws/install/map_server/lib/map_server
[0.821s] Installing start_goal_action script to /home/enio/develop_fer/Model-Informed-Path-Planning/path_planning_ws/install/map_server/lib/map_server
[0.821s] writing list of installed files to '/home/enio/develop_fer/Model-Informed-Path-Planning/path_planning_ws/build/map_server/install.log'
[0.834s] Invoked command in '/home/enio/develop_fer/Model-Informed-Path-Planning/path_planning_ws/src/map_server' returned '0': PYTHONPATH=/home/enio/develop_fer/Model-Informed-Path-Planning/path_planning_ws/build/map_server/prefix_override:/home/enio/develop_fer/Model-Informed-Path-Planning/path_planning_ws/install/map_server/lib/python3.10/site-packages:${PYTHONPATH} /usr/bin/python3 -W ignore:setup.py install is deprecated setup.py egg_info --egg-base ../../build/map_server build --build-base /home/enio/develop_fer/Model-Informed-Path-Planning/path_planning_ws/build/map_server/build install --record /home/enio/develop_fer/Model-Informed-Path-Planning/path_planning_ws/build/map_server/install.log --single-version-externally-managed install_data
