running egg_info
creating ../../build/path_planning_action/path_planning_action.egg-info
writing ../../build/path_planning_action/path_planning_action.egg-info/PKG-INFO
writing dependency_links to ../../build/path_planning_action/path_planning_action.egg-info/dependency_links.txt
writing entry points to ../../build/path_planning_action/path_planning_action.egg-info/entry_points.txt
writing requirements to ../../build/path_planning_action/path_planning_action.egg-info/requires.txt
writing top-level names to ../../build/path_planning_action/path_planning_action.egg-info/top_level.txt
writing manifest file '../../build/path_planning_action/path_planning_action.egg-info/SOURCES.txt'
reading manifest file '../../build/path_planning_action/path_planning_action.egg-info/SOURCES.txt'
adding license file 'LICENSE'
writing manifest file '../../build/path_planning_action/path_planning_action.egg-info/SOURCES.txt'
running build
running build_py
creating /home/enio/develop_fer/Model-Informed-Path-Planning/path_planning_ws/build/path_planning_action/build
creating /home/enio/develop_fer/Model-Informed-Path-Planning/path_planning_ws/build/path_planning_action/build/lib
creating /home/enio/develop_fer/Model-Informed-Path-Planning/path_planning_ws/build/path_planning_action/build/lib/path_planning_action
copying path_planning_action/__init__.py -> /home/enio/develop_fer/Model-Informed-Path-Planning/path_planning_ws/build/path_planning_action/build/lib/path_planning_action
copying path_planning_action/pyplot_visualization.py -> /home/enio/develop_fer/Model-Informed-Path-Planning/path_planning_ws/build/path_planning_action/build/lib/path_planning_action
copying path_planning_action/pointcloud_publisher.py -> /home/enio/develop_fer/Model-Informed-Path-Planning/path_planning_ws/build/path_planning_action/build/lib/path_planning_action
copying path_planning_action/local_coordinates_converter.py -> /home/enio/develop_fer/Model-Informed-Path-Planning/path_planning_ws/build/path_planning_action/build/lib/path_planning_action
copying path_planning_action/start_goal_publisher.py -> /home/enio/develop_fer/Model-Informed-Path-Planning/path_planning_ws/build/path_planning_action/build/lib/path_planning_action
copying path_planning_action/start_goal_action.py -> /home/enio/develop_fer/Model-Informed-Path-Planning/path_planning_ws/build/path_planning_action/build/lib/path_planning_action
copying path_planning_action/set_start_goal.py -> /home/enio/develop_fer/Model-Informed-Path-Planning/path_planning_ws/build/path_planning_action/build/lib/path_planning_action
copying path_planning_action/rviz2_launch.py -> /home/enio/develop_fer/Model-Informed-Path-Planning/path_planning_ws/build/path_planning_action/build/lib/path_planning_action
running install
running install_lib
creating /home/enio/develop_fer/Model-Informed-Path-Planning/path_planning_ws/install/path_planning_action/lib/python3.10/site-packages/path_planning_action
copying /home/enio/develop_fer/Model-Informed-Path-Planning/path_planning_ws/build/path_planning_action/build/lib/path_planning_action/__init__.py -> /home/enio/develop_fer/Model-Informed-Path-Planning/path_planning_ws/install/path_planning_action/lib/python3.10/site-packages/path_planning_action
copying /home/enio/develop_fer/Model-Informed-Path-Planning/path_planning_ws/build/path_planning_action/build/lib/path_planning_action/pyplot_visualization.py -> /home/enio/develop_fer/Model-Informed-Path-Planning/path_planning_ws/install/path_planning_action/lib/python3.10/site-packages/path_planning_action
copying /home/enio/develop_fer/Model-Informed-Path-Planning/path_planning_ws/build/path_planning_action/build/lib/path_planning_action/pointcloud_publisher.py -> /home/enio/develop_fer/Model-Informed-Path-Planning/path_planning_ws/install/path_planning_action/lib/python3.10/site-packages/path_planning_action
copying /home/enio/develop_fer/Model-Informed-Path-Planning/path_planning_ws/build/path_planning_action/build/lib/path_planning_action/local_coordinates_converter.py -> /home/enio/develop_fer/Model-Informed-Path-Planning/path_planning_ws/install/path_planning_action/lib/python3.10/site-packages/path_planning_action
copying /home/enio/develop_fer/Model-Informed-Path-Planning/path_planning_ws/build/path_planning_action/build/lib/path_planning_action/start_goal_publisher.py -> /home/enio/develop_fer/Model-Informed-Path-Planning/path_planning_ws/install/path_planning_action/lib/python3.10/site-packages/path_planning_action
copying /home/enio/develop_fer/Model-Informed-Path-Planning/path_planning_ws/build/path_planning_action/build/lib/path_planning_action/start_goal_action.py -> /home/enio/develop_fer/Model-Informed-Path-Planning/path_planning_ws/install/path_planning_action/lib/python3.10/site-packages/path_planning_action
copying /home/enio/develop_fer/Model-Informed-Path-Planning/path_planning_ws/build/path_planning_action/build/lib/path_planning_action/set_start_goal.py -> /home/enio/develop_fer/Model-Informed-Path-Planning/path_planning_ws/install/path_planning_action/lib/python3.10/site-packages/path_planning_action
copying /home/enio/develop_fer/Model-Informed-Path-Planning/path_planning_ws/build/path_planning_action/build/lib/path_planning_action/rviz2_launch.py -> /home/enio/develop_fer/Model-Informed-Path-Planning/path_planning_ws/install/path_planning_action/lib/python3.10/site-packages/path_planning_action
byte-compiling /home/enio/develop_fer/Model-Informed-Path-Planning/path_planning_ws/install/path_planning_action/lib/python3.10/site-packages/path_planning_action/__init__.py to __init__.cpython-310.pyc
byte-compiling /home/enio/develop_fer/Model-Informed-Path-Planning/path_planning_ws/install/path_planning_action/lib/python3.10/site-packages/path_planning_action/pyplot_visualization.py to pyplot_visualization.cpython-310.pyc
byte-compiling /home/enio/develop_fer/Model-Informed-Path-Planning/path_planning_ws/install/path_planning_action/lib/python3.10/site-packages/path_planning_action/pointcloud_publisher.py to pointcloud_publisher.cpython-310.pyc
byte-compiling /home/enio/develop_fer/Model-Informed-Path-Planning/path_planning_ws/install/path_planning_action/lib/python3.10/site-packages/path_planning_action/local_coordinates_converter.py to local_coordinates_converter.cpython-310.pyc
byte-compiling /home/enio/develop_fer/Model-Informed-Path-Planning/path_planning_ws/install/path_planning_action/lib/python3.10/site-packages/path_planning_action/start_goal_publisher.py to start_goal_publisher.cpython-310.pyc
byte-compiling /home/enio/develop_fer/Model-Informed-Path-Planning/path_planning_ws/install/path_planning_action/lib/python3.10/site-packages/path_planning_action/start_goal_action.py to start_goal_action.cpython-310.pyc
byte-compiling /home/enio/develop_fer/Model-Informed-Path-Planning/path_planning_ws/install/path_planning_action/lib/python3.10/site-packages/path_planning_action/set_start_goal.py to set_start_goal.cpython-310.pyc
byte-compiling /home/enio/develop_fer/Model-Informed-Path-Planning/path_planning_ws/install/path_planning_action/lib/python3.10/site-packages/path_planning_action/rviz2_launch.py to rviz2_launch.cpython-310.pyc
running install_data
creating /home/enio/develop_fer/Model-Informed-Path-Planning/path_planning_ws/install/path_planning_action/share/ament_index
creating /home/enio/develop_fer/Model-Informed-Path-Planning/path_planning_ws/install/path_planning_action/share/ament_index/resource_index
creating /home/enio/develop_fer/Model-Informed-Path-Planning/path_planning_ws/install/path_planning_action/share/ament_index/resource_index/packages
copying resource/path_planning_action -> /home/enio/develop_fer/Model-Informed-Path-Planning/path_planning_ws/install/path_planning_action/share/ament_index/resource_index/packages
copying package.xml -> /home/enio/develop_fer/Model-Informed-Path-Planning/path_planning_ws/install/path_planning_action/share/path_planning_action
creating /home/enio/develop_fer/Model-Informed-Path-Planning/path_planning_ws/install/path_planning_action/share/path_planning_action/launch
copying launch/start_goal_action_launch.py -> /home/enio/develop_fer/Model-Informed-Path-Planning/path_planning_ws/install/path_planning_action/share/path_planning_action/launch/
copying launch/pointcloud_launch.py -> /home/enio/develop_fer/Model-Informed-Path-Planning/path_planning_ws/install/path_planning_action/share/path_planning_action/launch/
copying launch/rviz2_pointcloud_launch.py -> /home/enio/develop_fer/Model-Informed-Path-Planning/path_planning_ws/install/path_planning_action/share/path_planning_action/launch/
creating /home/enio/develop_fer/Model-Informed-Path-Planning/path_planning_ws/install/path_planning_action/share/path_planning_action/rviz2
copying rviz2/map_visualization.rviz -> /home/enio/develop_fer/Model-Informed-Path-Planning/path_planning_ws/install/path_planning_action/share/path_planning_action/rviz2/
creating /home/enio/develop_fer/Model-Informed-Path-Planning/path_planning_ws/install/path_planning_action/lib/path_planning_action
creating /home/enio/develop_fer/Model-Informed-Path-Planning/path_planning_ws/install/path_planning_action/lib/path_planning_action/launch
copying launch/start_goal_action_launch.py -> /home/enio/develop_fer/Model-Informed-Path-Planning/path_planning_ws/install/path_planning_action/lib/path_planning_action/launch/
copying launch/pointcloud_launch.py -> /home/enio/develop_fer/Model-Informed-Path-Planning/path_planning_ws/install/path_planning_action/lib/path_planning_action/launch/
copying launch/rviz2_pointcloud_launch.py -> /home/enio/develop_fer/Model-Informed-Path-Planning/path_planning_ws/install/path_planning_action/lib/path_planning_action/launch/
creating /home/enio/develop_fer/Model-Informed-Path-Planning/path_planning_ws/install/path_planning_action/lib/path_planning_action/rviz2
copying rviz2/map_visualization.rviz -> /home/enio/develop_fer/Model-Informed-Path-Planning/path_planning_ws/install/path_planning_action/lib/path_planning_action/rviz2/
creating /home/enio/develop_fer/Model-Informed-Path-Planning/path_planning_ws/install/path_planning_action/lib/python3.10/site-packages/path_planning_action/launch
copying launch/start_goal_action_launch.py -> /home/enio/develop_fer/Model-Informed-Path-Planning/path_planning_ws/install/path_planning_action/lib/python3.10/site-packages/path_planning_action/launch/
copying launch/pointcloud_launch.py -> /home/enio/develop_fer/Model-Informed-Path-Planning/path_planning_ws/install/path_planning_action/lib/python3.10/site-packages/path_planning_action/launch/
copying launch/rviz2_pointcloud_launch.py -> /home/enio/develop_fer/Model-Informed-Path-Planning/path_planning_ws/install/path_planning_action/lib/python3.10/site-packages/path_planning_action/launch/
creating /home/enio/develop_fer/Model-Informed-Path-Planning/path_planning_ws/install/path_planning_action/lib/python3.10/site-packages/path_planning_action/rviz2
copying rviz2/map_visualization.rviz -> /home/enio/develop_fer/Model-Informed-Path-Planning/path_planning_ws/install/path_planning_action/lib/python3.10/site-packages/path_planning_action/rviz2/
running install_egg_info
Copying ../../build/path_planning_action/path_planning_action.egg-info to /home/enio/develop_fer/Model-Informed-Path-Planning/path_planning_ws/install/path_planning_action/lib/python3.10/site-packages/path_planning_action-0.0.0-py3.10.egg-info
running install_scripts
Installing pointcloud_publisher script to /home/enio/develop_fer/Model-Informed-Path-Planning/path_planning_ws/install/path_planning_action/lib/path_planning_action
Installing rviz2_launch script to /home/enio/develop_fer/Model-Informed-Path-Planning/path_planning_ws/install/path_planning_action/lib/path_planning_action
Installing start_goal_action script to /home/enio/develop_fer/Model-Informed-Path-Planning/path_planning_ws/install/path_planning_action/lib/path_planning_action
Installing start_goal_publisher script to /home/enio/develop_fer/Model-Informed-Path-Planning/path_planning_ws/install/path_planning_action/lib/path_planning_action
writing list of installed files to '/home/enio/develop_fer/Model-Informed-Path-Planning/path_planning_ws/build/path_planning_action/install.log'
