[0.585s] Invoking command in '/home/enio/develop_fer/Model-Informed-Path-Planning/path_planning_ws/src/map_maker': PYTHONPATH=/home/enio/develop_fer/Model-Informed-Path-Planning/path_planning_ws/build/map_maker/prefix_override:/home/enio/develop_fer/Model-Informed-Path-Planning/path_planning_ws/install/map_maker/lib/python3.10/site-packages:${PYTHONPATH} /usr/bin/python3 -W ignore:setup.py install is deprecated setup.py egg_info --egg-base ../../build/map_maker build --build-base /home/enio/develop_fer/Model-Informed-Path-Planning/path_planning_ws/build/map_maker/build install --record /home/enio/develop_fer/Model-Informed-Path-Planning/path_planning_ws/build/map_maker/install.log --single-version-externally-managed install_data
[0.708s] running egg_info
[0.709s] creating ../../build/map_maker/map_maker.egg-info
[0.709s] writing ../../build/map_maker/map_maker.egg-info/PKG-INFO
[0.709s] writing dependency_links to ../../build/map_maker/map_maker.egg-info/dependency_links.txt
[0.709s] writing entry points to ../../build/map_maker/map_maker.egg-info/entry_points.txt
[0.709s] writing requirements to ../../build/map_maker/map_maker.egg-info/requires.txt
[0.709s] writing top-level names to ../../build/map_maker/map_maker.egg-info/top_level.txt
[0.710s] writing manifest file '../../build/map_maker/map_maker.egg-info/SOURCES.txt'
[0.712s] reading manifest file '../../build/map_maker/map_maker.egg-info/SOURCES.txt'
[0.712s] adding license file 'LICENSE'
[0.713s] writing manifest file '../../build/map_maker/map_maker.egg-info/SOURCES.txt'
[0.713s] running build
[0.713s] running build_py
[0.713s] creating /home/enio/develop_fer/Model-Informed-Path-Planning/path_planning_ws/build/map_maker/build
[0.713s] creating /home/enio/develop_fer/Model-Informed-Path-Planning/path_planning_ws/build/map_maker/build/lib
[0.713s] creating /home/enio/develop_fer/Model-Informed-Path-Planning/path_planning_ws/build/map_maker/build/lib/map_maker
[0.713s] copying map_maker/detect_coast.py -> /home/enio/develop_fer/Model-Informed-Path-Planning/path_planning_ws/build/map_maker/build/lib/map_maker
[0.713s] copying map_maker/map_process.py -> /home/enio/develop_fer/Model-Informed-Path-Planning/path_planning_ws/build/map_maker/build/lib/map_maker
[0.713s] copying map_maker/process_osm_data.py -> /home/enio/develop_fer/Model-Informed-Path-Planning/path_planning_ws/build/map_maker/build/lib/map_maker
[0.713s] copying map_maker/post_processing.py -> /home/enio/develop_fer/Model-Informed-Path-Planning/path_planning_ws/build/map_maker/build/lib/map_maker
[0.713s] copying map_maker/__init__.py -> /home/enio/develop_fer/Model-Informed-Path-Planning/path_planning_ws/build/map_maker/build/lib/map_maker
[0.713s] copying map_maker/local_coordinates_converter.py -> /home/enio/develop_fer/Model-Informed-Path-Planning/path_planning_ws/build/map_maker/build/lib/map_maker
[0.713s] copying map_maker/map_publisher.py -> /home/enio/develop_fer/Model-Informed-Path-Planning/path_planning_ws/build/map_maker/build/lib/map_maker
[0.713s] copying map_maker/map_visualization.py -> /home/enio/develop_fer/Model-Informed-Path-Planning/path_planning_ws/build/map_maker/build/lib/map_maker
[0.713s] running install
[0.713s] running install_lib
[0.714s] creating /home/enio/develop_fer/Model-Informed-Path-Planning/path_planning_ws/install/map_maker/lib/python3.10/site-packages/map_maker
[0.714s] copying /home/enio/develop_fer/Model-Informed-Path-Planning/path_planning_ws/build/map_maker/build/lib/map_maker/detect_coast.py -> /home/enio/develop_fer/Model-Informed-Path-Planning/path_planning_ws/install/map_maker/lib/python3.10/site-packages/map_maker
[0.714s] copying /home/enio/develop_fer/Model-Informed-Path-Planning/path_planning_ws/build/map_maker/build/lib/map_maker/map_process.py -> /home/enio/develop_fer/Model-Informed-Path-Planning/path_planning_ws/install/map_maker/lib/python3.10/site-packages/map_maker
[0.714s] copying /home/enio/develop_fer/Model-Informed-Path-Planning/path_planning_ws/build/map_maker/build/lib/map_maker/process_osm_data.py -> /home/enio/develop_fer/Model-Informed-Path-Planning/path_planning_ws/install/map_maker/lib/python3.10/site-packages/map_maker
[0.714s] copying /home/enio/develop_fer/Model-Informed-Path-Planning/path_planning_ws/build/map_maker/build/lib/map_maker/post_processing.py -> /home/enio/develop_fer/Model-Informed-Path-Planning/path_planning_ws/install/map_maker/lib/python3.10/site-packages/map_maker
[0.714s] copying /home/enio/develop_fer/Model-Informed-Path-Planning/path_planning_ws/build/map_maker/build/lib/map_maker/__init__.py -> /home/enio/develop_fer/Model-Informed-Path-Planning/path_planning_ws/install/map_maker/lib/python3.10/site-packages/map_maker
[0.714s] copying /home/enio/develop_fer/Model-Informed-Path-Planning/path_planning_ws/build/map_maker/build/lib/map_maker/local_coordinates_converter.py -> /home/enio/develop_fer/Model-Informed-Path-Planning/path_planning_ws/install/map_maker/lib/python3.10/site-packages/map_maker
[0.714s] copying /home/enio/develop_fer/Model-Informed-Path-Planning/path_planning_ws/build/map_maker/build/lib/map_maker/map_publisher.py -> /home/enio/develop_fer/Model-Informed-Path-Planning/path_planning_ws/install/map_maker/lib/python3.10/site-packages/map_maker
[0.714s] copying /home/enio/develop_fer/Model-Informed-Path-Planning/path_planning_ws/build/map_maker/build/lib/map_maker/map_visualization.py -> /home/enio/develop_fer/Model-Informed-Path-Planning/path_planning_ws/install/map_maker/lib/python3.10/site-packages/map_maker
[0.714s] byte-compiling /home/enio/develop_fer/Model-Informed-Path-Planning/path_planning_ws/install/map_maker/lib/python3.10/site-packages/map_maker/detect_coast.py to detect_coast.cpython-310.pyc
[0.716s] byte-compiling /home/enio/develop_fer/Model-Informed-Path-Planning/path_planning_ws/install/map_maker/lib/python3.10/site-packages/map_maker/map_process.py to map_process.cpython-310.pyc
[0.717s] byte-compiling /home/enio/develop_fer/Model-Informed-Path-Planning/path_planning_ws/install/map_maker/lib/python3.10/site-packages/map_maker/process_osm_data.py to process_osm_data.cpython-310.pyc
[0.718s] byte-compiling /home/enio/develop_fer/Model-Informed-Path-Planning/path_planning_ws/install/map_maker/lib/python3.10/site-packages/map_maker/post_processing.py to post_processing.cpython-310.pyc
[0.719s] byte-compiling /home/enio/develop_fer/Model-Informed-Path-Planning/path_planning_ws/install/map_maker/lib/python3.10/site-packages/map_maker/__init__.py to __init__.cpython-310.pyc
[0.719s] byte-compiling /home/enio/develop_fer/Model-Informed-Path-Planning/path_planning_ws/install/map_maker/lib/python3.10/site-packages/map_maker/local_coordinates_converter.py to local_coordinates_converter.cpython-310.pyc
[0.720s] byte-compiling /home/enio/develop_fer/Model-Informed-Path-Planning/path_planning_ws/install/map_maker/lib/python3.10/site-packages/map_maker/map_publisher.py to map_publisher.cpython-310.pyc
[0.720s] byte-compiling /home/enio/develop_fer/Model-Informed-Path-Planning/path_planning_ws/install/map_maker/lib/python3.10/site-packages/map_maker/map_visualization.py to map_visualization.cpython-310.pyc
[0.720s] running install_data
[0.720s] creating /home/enio/develop_fer/Model-Informed-Path-Planning/path_planning_ws/install/map_maker/share/ament_index
[0.721s] creating /home/enio/develop_fer/Model-Informed-Path-Planning/path_planning_ws/install/map_maker/share/ament_index/resource_index
[0.721s] creating /home/enio/develop_fer/Model-Informed-Path-Planning/path_planning_ws/install/map_maker/share/ament_index/resource_index/packages
[0.721s] copying resource/map_maker -> /home/enio/develop_fer/Model-Informed-Path-Planning/path_planning_ws/install/map_maker/share/ament_index/resource_index/packages
[0.721s] copying package.xml -> /home/enio/develop_fer/Model-Informed-Path-Planning/path_planning_ws/install/map_maker/share/map_maker
[0.721s] creating /home/enio/develop_fer/Model-Informed-Path-Planning/path_planning_ws/install/map_maker/share/map_maker/input_data
[0.721s] creating /home/enio/develop_fer/Model-Informed-Path-Planning/path_planning_ws/install/map_maker/share/map_maker/input_data/jadranovo
[0.721s] copying input_data/jadranovo/osm_info.txt -> /home/enio/develop_fer/Model-Informed-Path-Planning/path_planning_ws/install/map_maker/share/map_maker/input_data/jadranovo
[0.721s] copying input_data/jadranovo/jadranovo.png -> /home/enio/develop_fer/Model-Informed-Path-Planning/path_planning_ws/install/map_maker/share/map_maker/input_data/jadranovo
[0.722s] creating /home/enio/develop_fer/Model-Informed-Path-Planning/path_planning_ws/install/map_maker/share/map_maker/input_data/petrina
[0.722s] copying input_data/petrina/osm_info.txt -> /home/enio/develop_fer/Model-Informed-Path-Planning/path_planning_ws/install/map_maker/share/map_maker/input_data/petrina
[0.722s] copying input_data/petrina/petrina_resized.png -> /home/enio/develop_fer/Model-Informed-Path-Planning/path_planning_ws/install/map_maker/share/map_maker/input_data/petrina
[0.724s] copying input_data/petrina/petrina.png -> /home/enio/develop_fer/Model-Informed-Path-Planning/path_planning_ws/install/map_maker/share/map_maker/input_data/petrina
[0.724s] creating /home/enio/develop_fer/Model-Informed-Path-Planning/path_planning_ws/install/map_maker/share/map_maker/input_data/vrbnik
[0.724s] copying input_data/vrbnik/osm_info.txt -> /home/enio/develop_fer/Model-Informed-Path-Planning/path_planning_ws/install/map_maker/share/map_maker/input_data/vrbnik
[0.724s] copying input_data/vrbnik/vrbnik.png -> /home/enio/develop_fer/Model-Informed-Path-Planning/path_planning_ws/install/map_maker/share/map_maker/input_data/vrbnik
[0.724s] copying input_data/vrbnik/vrbnik_resized.png -> /home/enio/develop_fer/Model-Informed-Path-Planning/path_planning_ws/install/map_maker/share/map_maker/input_data/vrbnik
[0.726s] creating /home/enio/develop_fer/Model-Informed-Path-Planning/path_planning_ws/install/map_maker/share/map_maker/input_data/novi
[0.726s] copying input_data/novi/osm_info.txt -> /home/enio/develop_fer/Model-Informed-Path-Planning/path_planning_ws/install/map_maker/share/map_maker/input_data/novi
[0.726s] copying input_data/novi/novi.png -> /home/enio/develop_fer/Model-Informed-Path-Planning/path_planning_ws/install/map_maker/share/map_maker/input_data/novi
[0.727s] copying input_data/novi/novi_resized.png -> /home/enio/develop_fer/Model-Informed-Path-Planning/path_planning_ws/install/map_maker/share/map_maker/input_data/novi
[0.729s] creating /home/enio/develop_fer/Model-Informed-Path-Planning/path_planning_ws/install/map_maker/share/map_maker/input_data/selehovica
[0.729s] copying input_data/selehovica/osm_info.txt -> /home/enio/develop_fer/Model-Informed-Path-Planning/path_planning_ws/install/map_maker/share/map_maker/input_data/selehovica
[0.729s] copying input_data/selehovica/selehovica_resized.png -> /home/enio/develop_fer/Model-Informed-Path-Planning/path_planning_ws/install/map_maker/share/map_maker/input_data/selehovica
[0.731s] copying input_data/selehovica/selehovica.png -> /home/enio/develop_fer/Model-Informed-Path-Planning/path_planning_ws/install/map_maker/share/map_maker/input_data/selehovica
[0.731s] creating /home/enio/develop_fer/Model-Informed-Path-Planning/path_planning_ws/install/map_maker/share/map_maker/input_data/voz
[0.731s] copying input_data/voz/osm_info.txt -> /home/enio/develop_fer/Model-Informed-Path-Planning/path_planning_ws/install/map_maker/share/map_maker/input_data/voz
[0.731s] copying input_data/voz/voz_resized.png -> /home/enio/develop_fer/Model-Informed-Path-Planning/path_planning_ws/install/map_maker/share/map_maker/input_data/voz
[0.736s] copying input_data/voz/voz.png -> /home/enio/develop_fer/Model-Informed-Path-Planning/path_planning_ws/install/map_maker/share/map_maker/input_data/voz
[0.737s] creating /home/enio/develop_fer/Model-Informed-Path-Planning/path_planning_ws/install/map_maker/share/map_maker/input_data/sv_marko
[0.737s] copying input_data/sv_marko/osm_info.txt -> /home/enio/develop_fer/Model-Informed-Path-Planning/path_planning_ws/install/map_maker/share/map_maker/input_data/sv_marko
[0.737s] copying input_data/sv_marko/sv_marko.png -> /home/enio/develop_fer/Model-Informed-Path-Planning/path_planning_ws/install/map_maker/share/map_maker/input_data/sv_marko
[0.737s] creating /home/enio/develop_fer/Model-Informed-Path-Planning/path_planning_ws/install/map_maker/share/map_maker/input_data/melska
[0.737s] copying input_data/melska/osm_info.txt -> /home/enio/develop_fer/Model-Informed-Path-Planning/path_planning_ws/install/map_maker/share/map_maker/input_data/melska
[0.737s] copying input_data/melska/melska.png -> /home/enio/develop_fer/Model-Informed-Path-Planning/path_planning_ws/install/map_maker/share/map_maker/input_data/melska
[0.737s] copying input_data/melska/melska_resized.png -> /home/enio/develop_fer/Model-Informed-Path-Planning/path_planning_ws/install/map_maker/share/map_maker/input_data/melska
[0.740s] creating /home/enio/develop_fer/Model-Informed-Path-Planning/path_planning_ws/install/map_maker/share/map_maker/input_data/selce
[0.740s] copying input_data/selce/osm_info.txt -> /home/enio/develop_fer/Model-Informed-Path-Planning/path_planning_ws/install/map_maker/share/map_maker/input_data/selce
[0.740s] copying input_data/selce/selce_resized.png -> /home/enio/develop_fer/Model-Informed-Path-Planning/path_planning_ws/install/map_maker/share/map_maker/input_data/selce
[0.742s] copying input_data/selce/selce.png -> /home/enio/develop_fer/Model-Informed-Path-Planning/path_planning_ws/install/map_maker/share/map_maker/input_data/selce
[0.743s] creating /home/enio/develop_fer/Model-Informed-Path-Planning/path_planning_ws/install/map_maker/share/map_maker/input_data/klimno
[0.743s] copying input_data/klimno/osm_info.txt -> /home/enio/develop_fer/Model-Informed-Path-Planning/path_planning_ws/install/map_maker/share/map_maker/input_data/klimno
[0.743s] copying input_data/klimno/klimno.png -> /home/enio/develop_fer/Model-Informed-Path-Planning/path_planning_ws/install/map_maker/share/map_maker/input_data/klimno
[0.744s] copying input_data/klimno/klimno_resized.png -> /home/enio/develop_fer/Model-Informed-Path-Planning/path_planning_ws/install/map_maker/share/map_maker/input_data/klimno
[0.748s] creating /home/enio/develop_fer/Model-Informed-Path-Planning/path_planning_ws/install/map_maker/share/map_maker/input_data/rudine
[0.748s] copying input_data/rudine/osm_info.txt -> /home/enio/develop_fer/Model-Informed-Path-Planning/path_planning_ws/install/map_maker/share/map_maker/input_data/rudine
[0.748s] copying input_data/rudine/rudine.png -> /home/enio/develop_fer/Model-Informed-Path-Planning/path_planning_ws/install/map_maker/share/map_maker/input_data/rudine
[0.749s] copying input_data/rudine/rudine_resized.png -> /home/enio/develop_fer/Model-Informed-Path-Planning/path_planning_ws/install/map_maker/share/map_maker/input_data/rudine
[0.750s] creating /home/enio/develop_fer/Model-Informed-Path-Planning/path_planning_ws/install/map_maker/share/map_maker/input_data/silo
[0.750s] copying input_data/silo/osm_info.txt -> /home/enio/develop_fer/Model-Informed-Path-Planning/path_planning_ws/install/map_maker/share/map_maker/input_data/silo
[0.750s] copying input_data/silo/silo.png -> /home/enio/develop_fer/Model-Informed-Path-Planning/path_planning_ws/install/map_maker/share/map_maker/input_data/silo
[0.751s] copying input_data/silo/silo_resized.png -> /home/enio/develop_fer/Model-Informed-Path-Planning/path_planning_ws/install/map_maker/share/map_maker/input_data/silo
[0.754s] creating /home/enio/develop_fer/Model-Informed-Path-Planning/path_planning_ws/install/map_maker/share/map_maker/input_data/lokvisce
[0.755s] copying input_data/lokvisce/osm_info.txt -> /home/enio/develop_fer/Model-Informed-Path-Planning/path_planning_ws/install/map_maker/share/map_maker/input_data/lokvisce
[0.755s] copying input_data/lokvisce/lokvisce.png -> /home/enio/develop_fer/Model-Informed-Path-Planning/path_planning_ws/install/map_maker/share/map_maker/input_data/lokvisce
[0.755s] copying input_data/lokvisce/lokvisce_resized.png -> /home/enio/develop_fer/Model-Informed-Path-Planning/path_planning_ws/install/map_maker/share/map_maker/input_data/lokvisce
[0.758s] creating /home/enio/develop_fer/Model-Informed-Path-Planning/path_planning_ws/install/map_maker/share/map_maker/input_data/omisalj
[0.759s] copying input_data/omisalj/osm_info.txt -> /home/enio/develop_fer/Model-Informed-Path-Planning/path_planning_ws/install/map_maker/share/map_maker/input_data/omisalj
[0.759s] copying input_data/omisalj/omisalj.png -> /home/enio/develop_fer/Model-Informed-Path-Planning/path_planning_ws/install/map_maker/share/map_maker/input_data/omisalj
[0.759s] copying input_data/omisalj/omisalj_resized.png -> /home/enio/develop_fer/Model-Informed-Path-Planning/path_planning_ws/install/map_maker/share/map_maker/input_data/omisalj
[0.761s] creating /home/enio/develop_fer/Model-Informed-Path-Planning/path_planning_ws/install/map_maker/share/map_maker/input_data/povile
[0.761s] copying input_data/povile/osm_info.txt -> /home/enio/develop_fer/Model-Informed-Path-Planning/path_planning_ws/install/map_maker/share/map_maker/input_data/povile
[0.761s] copying input_data/povile/povile.png -> /home/enio/develop_fer/Model-Informed-Path-Planning/path_planning_ws/install/map_maker/share/map_maker/input_data/povile
[0.762s] copying input_data/povile/povile_resized.png -> /home/enio/develop_fer/Model-Informed-Path-Planning/path_planning_ws/install/map_maker/share/map_maker/input_data/povile
[0.762s] creating /home/enio/develop_fer/Model-Informed-Path-Planning/path_planning_ws/install/map_maker/share/map_maker/input_data/dramalj
[0.762s] copying input_data/dramalj/osm_info.txt -> /home/enio/develop_fer/Model-Informed-Path-Planning/path_planning_ws/install/map_maker/share/map_maker/input_data/dramalj
[0.763s] copying input_data/dramalj/dramalj_resized.png -> /home/enio/develop_fer/Model-Informed-Path-Planning/path_planning_ws/install/map_maker/share/map_maker/input_data/dramalj
[0.763s] copying input_data/dramalj/dramalj.png -> /home/enio/develop_fer/Model-Informed-Path-Planning/path_planning_ws/install/map_maker/share/map_maker/input_data/dramalj
[0.763s] creating /home/enio/develop_fer/Model-Informed-Path-Planning/path_planning_ws/install/map_maker/share/map_maker/input_data/crikvenica
[0.763s] copying input_data/crikvenica/osm_info.txt -> /home/enio/develop_fer/Model-Informed-Path-Planning/path_planning_ws/install/map_maker/share/map_maker/input_data/crikvenica
[0.763s] copying input_data/crikvenica/crikvenica_resized.png -> /home/enio/develop_fer/Model-Informed-Path-Planning/path_planning_ws/install/map_maker/share/map_maker/input_data/crikvenica
[0.765s] copying input_data/crikvenica/crikvenica.png -> /home/enio/develop_fer/Model-Informed-Path-Planning/path_planning_ws/install/map_maker/share/map_maker/input_data/crikvenica
[0.766s] creating /home/enio/develop_fer/Model-Informed-Path-Planning/path_planning_ws/install/map_maker/share/map_maker/launch
[0.766s] copying launch/publish_map_launch.py -> /home/enio/develop_fer/Model-Informed-Path-Planning/path_planning_ws/install/map_maker/share/map_maker/launch/
[0.766s] copying launch/make_map_launch.py -> /home/enio/develop_fer/Model-Informed-Path-Planning/path_planning_ws/install/map_maker/share/map_maker/launch/
[0.766s] copying launch/map_visualization_launch.py -> /home/enio/develop_fer/Model-Informed-Path-Planning/path_planning_ws/install/map_maker/share/map_maker/launch/
[0.767s] creating /home/enio/develop_fer/Model-Informed-Path-Planning/path_planning_ws/install/map_maker/lib/map_maker
[0.767s] creating /home/enio/develop_fer/Model-Informed-Path-Planning/path_planning_ws/install/map_maker/lib/map_maker/input_data
[0.767s] creating /home/enio/develop_fer/Model-Informed-Path-Planning/path_planning_ws/install/map_maker/lib/map_maker/input_data/jadranovo
[0.767s] copying input_data/jadranovo/osm_info.txt -> /home/enio/develop_fer/Model-Informed-Path-Planning/path_planning_ws/install/map_maker/lib/map_maker/input_data/jadranovo
[0.767s] copying input_data/jadranovo/jadranovo.png -> /home/enio/develop_fer/Model-Informed-Path-Planning/path_planning_ws/install/map_maker/lib/map_maker/input_data/jadranovo
[0.767s] creating /home/enio/develop_fer/Model-Informed-Path-Planning/path_planning_ws/install/map_maker/lib/map_maker/input_data/petrina
[0.767s] copying input_data/petrina/osm_info.txt -> /home/enio/develop_fer/Model-Informed-Path-Planning/path_planning_ws/install/map_maker/lib/map_maker/input_data/petrina
[0.767s] copying input_data/petrina/petrina_resized.png -> /home/enio/develop_fer/Model-Informed-Path-Planning/path_planning_ws/install/map_maker/lib/map_maker/input_data/petrina
[0.768s] copying input_data/petrina/petrina.png -> /home/enio/develop_fer/Model-Informed-Path-Planning/path_planning_ws/install/map_maker/lib/map_maker/input_data/petrina
[0.768s] creating /home/enio/develop_fer/Model-Informed-Path-Planning/path_planning_ws/install/map_maker/lib/map_maker/input_data/vrbnik
[0.769s] copying input_data/vrbnik/osm_info.txt -> /home/enio/develop_fer/Model-Informed-Path-Planning/path_planning_ws/install/map_maker/lib/map_maker/input_data/vrbnik
[0.769s] copying input_data/vrbnik/vrbnik.png -> /home/enio/develop_fer/Model-Informed-Path-Planning/path_planning_ws/install/map_maker/lib/map_maker/input_data/vrbnik
[0.769s] copying input_data/vrbnik/vrbnik_resized.png -> /home/enio/develop_fer/Model-Informed-Path-Planning/path_planning_ws/install/map_maker/lib/map_maker/input_data/vrbnik
[0.770s] creating /home/enio/develop_fer/Model-Informed-Path-Planning/path_planning_ws/install/map_maker/lib/map_maker/input_data/novi
[0.770s] copying input_data/novi/osm_info.txt -> /home/enio/develop_fer/Model-Informed-Path-Planning/path_planning_ws/install/map_maker/lib/map_maker/input_data/novi
[0.770s] copying input_data/novi/novi.png -> /home/enio/develop_fer/Model-Informed-Path-Planning/path_planning_ws/install/map_maker/lib/map_maker/input_data/novi
[0.770s] copying input_data/novi/novi_resized.png -> /home/enio/develop_fer/Model-Informed-Path-Planning/path_planning_ws/install/map_maker/lib/map_maker/input_data/novi
[0.771s] creating /home/enio/develop_fer/Model-Informed-Path-Planning/path_planning_ws/install/map_maker/lib/map_maker/input_data/selehovica
[0.771s] copying input_data/selehovica/osm_info.txt -> /home/enio/develop_fer/Model-Informed-Path-Planning/path_planning_ws/install/map_maker/lib/map_maker/input_data/selehovica
[0.771s] copying input_data/selehovica/selehovica_resized.png -> /home/enio/develop_fer/Model-Informed-Path-Planning/path_planning_ws/install/map_maker/lib/map_maker/input_data/selehovica
[0.772s] copying input_data/selehovica/selehovica.png -> /home/enio/develop_fer/Model-Informed-Path-Planning/path_planning_ws/install/map_maker/lib/map_maker/input_data/selehovica
[0.772s] creating /home/enio/develop_fer/Model-Informed-Path-Planning/path_planning_ws/install/map_maker/lib/map_maker/input_data/voz
[0.772s] copying input_data/voz/osm_info.txt -> /home/enio/develop_fer/Model-Informed-Path-Planning/path_planning_ws/install/map_maker/lib/map_maker/input_data/voz
[0.772s] copying input_data/voz/voz_resized.png -> /home/enio/develop_fer/Model-Informed-Path-Planning/path_planning_ws/install/map_maker/lib/map_maker/input_data/voz
[0.776s] copying input_data/voz/voz.png -> /home/enio/develop_fer/Model-Informed-Path-Planning/path_planning_ws/install/map_maker/lib/map_maker/input_data/voz
[0.776s] creating /home/enio/develop_fer/Model-Informed-Path-Planning/path_planning_ws/install/map_maker/lib/map_maker/input_data/sv_marko
[0.776s] copying input_data/sv_marko/osm_info.txt -> /home/enio/develop_fer/Model-Informed-Path-Planning/path_planning_ws/install/map_maker/lib/map_maker/input_data/sv_marko
[0.776s] copying input_data/sv_marko/sv_marko.png -> /home/enio/develop_fer/Model-Informed-Path-Planning/path_planning_ws/install/map_maker/lib/map_maker/input_data/sv_marko
[0.776s] creating /home/enio/develop_fer/Model-Informed-Path-Planning/path_planning_ws/install/map_maker/lib/map_maker/input_data/melska
[0.776s] copying input_data/melska/osm_info.txt -> /home/enio/develop_fer/Model-Informed-Path-Planning/path_planning_ws/install/map_maker/lib/map_maker/input_data/melska
[0.776s] copying input_data/melska/melska.png -> /home/enio/develop_fer/Model-Informed-Path-Planning/path_planning_ws/install/map_maker/lib/map_maker/input_data/melska
[0.777s] copying input_data/melska/melska_resized.png -> /home/enio/develop_fer/Model-Informed-Path-Planning/path_planning_ws/install/map_maker/lib/map_maker/input_data/melska
[0.778s] creating /home/enio/develop_fer/Model-Informed-Path-Planning/path_planning_ws/install/map_maker/lib/map_maker/input_data/selce
[0.778s] copying input_data/selce/osm_info.txt -> /home/enio/develop_fer/Model-Informed-Path-Planning/path_planning_ws/install/map_maker/lib/map_maker/input_data/selce
[0.778s] copying input_data/selce/selce_resized.png -> /home/enio/develop_fer/Model-Informed-Path-Planning/path_planning_ws/install/map_maker/lib/map_maker/input_data/selce
[0.779s] copying input_data/selce/selce.png -> /home/enio/develop_fer/Model-Informed-Path-Planning/path_planning_ws/install/map_maker/lib/map_maker/input_data/selce
[0.779s] creating /home/enio/develop_fer/Model-Informed-Path-Planning/path_planning_ws/install/map_maker/lib/map_maker/input_data/klimno
[0.779s] copying input_data/klimno/osm_info.txt -> /home/enio/develop_fer/Model-Informed-Path-Planning/path_planning_ws/install/map_maker/lib/map_maker/input_data/klimno
[0.779s] copying input_data/klimno/klimno.png -> /home/enio/develop_fer/Model-Informed-Path-Planning/path_planning_ws/install/map_maker/lib/map_maker/input_data/klimno
[0.780s] copying input_data/klimno/klimno_resized.png -> /home/enio/develop_fer/Model-Informed-Path-Planning/path_planning_ws/install/map_maker/lib/map_maker/input_data/klimno
[0.782s] creating /home/enio/develop_fer/Model-Informed-Path-Planning/path_planning_ws/install/map_maker/lib/map_maker/input_data/rudine
[0.782s] copying input_data/rudine/osm_info.txt -> /home/enio/develop_fer/Model-Informed-Path-Planning/path_planning_ws/install/map_maker/lib/map_maker/input_data/rudine
[0.782s] copying input_data/rudine/rudine.png -> /home/enio/develop_fer/Model-Informed-Path-Planning/path_planning_ws/install/map_maker/lib/map_maker/input_data/rudine
[0.782s] copying input_data/rudine/rudine_resized.png -> /home/enio/develop_fer/Model-Informed-Path-Planning/path_planning_ws/install/map_maker/lib/map_maker/input_data/rudine
[0.783s] creating /home/enio/develop_fer/Model-Informed-Path-Planning/path_planning_ws/install/map_maker/lib/map_maker/input_data/silo
[0.783s] copying input_data/silo/osm_info.txt -> /home/enio/develop_fer/Model-Informed-Path-Planning/path_planning_ws/install/map_maker/lib/map_maker/input_data/silo
[0.783s] copying input_data/silo/silo.png -> /home/enio/develop_fer/Model-Informed-Path-Planning/path_planning_ws/install/map_maker/lib/map_maker/input_data/silo
[0.783s] copying input_data/silo/silo_resized.png -> /home/enio/develop_fer/Model-Informed-Path-Planning/path_planning_ws/install/map_maker/lib/map_maker/input_data/silo
[0.785s] creating /home/enio/develop_fer/Model-Informed-Path-Planning/path_planning_ws/install/map_maker/lib/map_maker/input_data/lokvisce
[0.785s] copying input_data/lokvisce/osm_info.txt -> /home/enio/develop_fer/Model-Informed-Path-Planning/path_planning_ws/install/map_maker/lib/map_maker/input_data/lokvisce
[0.785s] copying input_data/lokvisce/lokvisce.png -> /home/enio/develop_fer/Model-Informed-Path-Planning/path_planning_ws/install/map_maker/lib/map_maker/input_data/lokvisce
[0.785s] copying input_data/lokvisce/lokvisce_resized.png -> /home/enio/develop_fer/Model-Informed-Path-Planning/path_planning_ws/install/map_maker/lib/map_maker/input_data/lokvisce
[0.787s] creating /home/enio/develop_fer/Model-Informed-Path-Planning/path_planning_ws/install/map_maker/lib/map_maker/input_data/omisalj
[0.787s] copying input_data/omisalj/osm_info.txt -> /home/enio/develop_fer/Model-Informed-Path-Planning/path_planning_ws/install/map_maker/lib/map_maker/input_data/omisalj
[0.787s] copying input_data/omisalj/omisalj.png -> /home/enio/develop_fer/Model-Informed-Path-Planning/path_planning_ws/install/map_maker/lib/map_maker/input_data/omisalj
[0.787s] copying input_data/omisalj/omisalj_resized.png -> /home/enio/develop_fer/Model-Informed-Path-Planning/path_planning_ws/install/map_maker/lib/map_maker/input_data/omisalj
[0.789s] creating /home/enio/develop_fer/Model-Informed-Path-Planning/path_planning_ws/install/map_maker/lib/map_maker/input_data/povile
[0.789s] copying input_data/povile/osm_info.txt -> /home/enio/develop_fer/Model-Informed-Path-Planning/path_planning_ws/install/map_maker/lib/map_maker/input_data/povile
[0.789s] copying input_data/povile/povile.png -> /home/enio/develop_fer/Model-Informed-Path-Planning/path_planning_ws/install/map_maker/lib/map_maker/input_data/povile
[0.789s] copying input_data/povile/povile_resized.png -> /home/enio/develop_fer/Model-Informed-Path-Planning/path_planning_ws/install/map_maker/lib/map_maker/input_data/povile
[0.791s] creating /home/enio/develop_fer/Model-Informed-Path-Planning/path_planning_ws/install/map_maker/lib/map_maker/input_data/dramalj
[0.791s] copying input_data/dramalj/osm_info.txt -> /home/enio/develop_fer/Model-Informed-Path-Planning/path_planning_ws/install/map_maker/lib/map_maker/input_data/dramalj
[0.791s] copying input_data/dramalj/dramalj_resized.png -> /home/enio/develop_fer/Model-Informed-Path-Planning/path_planning_ws/install/map_maker/lib/map_maker/input_data/dramalj
[0.791s] copying input_data/dramalj/dramalj.png -> /home/enio/develop_fer/Model-Informed-Path-Planning/path_planning_ws/install/map_maker/lib/map_maker/input_data/dramalj
[0.791s] creating /home/enio/develop_fer/Model-Informed-Path-Planning/path_planning_ws/install/map_maker/lib/map_maker/input_data/crikvenica
[0.792s] copying input_data/crikvenica/osm_info.txt -> /home/enio/develop_fer/Model-Informed-Path-Planning/path_planning_ws/install/map_maker/lib/map_maker/input_data/crikvenica
[0.792s] copying input_data/crikvenica/crikvenica_resized.png -> /home/enio/develop_fer/Model-Informed-Path-Planning/path_planning_ws/install/map_maker/lib/map_maker/input_data/crikvenica
[0.794s] copying input_data/crikvenica/crikvenica.png -> /home/enio/develop_fer/Model-Informed-Path-Planning/path_planning_ws/install/map_maker/lib/map_maker/input_data/crikvenica
[0.795s] creating /home/enio/develop_fer/Model-Informed-Path-Planning/path_planning_ws/install/map_maker/lib/map_maker/launch
[0.795s] copying launch/publish_map_launch.py -> /home/enio/develop_fer/Model-Informed-Path-Planning/path_planning_ws/install/map_maker/lib/map_maker/launch/
[0.795s] copying launch/make_map_launch.py -> /home/enio/develop_fer/Model-Informed-Path-Planning/path_planning_ws/install/map_maker/lib/map_maker/launch/
[0.795s] copying launch/map_visualization_launch.py -> /home/enio/develop_fer/Model-Informed-Path-Planning/path_planning_ws/install/map_maker/lib/map_maker/launch/
[0.796s] creating /home/enio/develop_fer/Model-Informed-Path-Planning/path_planning_ws/install/map_maker/lib/python3.10/site-packages/map_maker/input_data
[0.796s] creating /home/enio/develop_fer/Model-Informed-Path-Planning/path_planning_ws/install/map_maker/lib/python3.10/site-packages/map_maker/input_data/jadranovo
[0.796s] copying input_data/jadranovo/osm_info.txt -> /home/enio/develop_fer/Model-Informed-Path-Planning/path_planning_ws/install/map_maker/lib/python3.10/site-packages/map_maker/input_data/jadranovo
[0.796s] copying input_data/jadranovo/jadranovo.png -> /home/enio/develop_fer/Model-Informed-Path-Planning/path_planning_ws/install/map_maker/lib/python3.10/site-packages/map_maker/input_data/jadranovo
[0.796s] creating /home/enio/develop_fer/Model-Informed-Path-Planning/path_planning_ws/install/map_maker/lib/python3.10/site-packages/map_maker/input_data/petrina
[0.796s] copying input_data/petrina/osm_info.txt -> /home/enio/develop_fer/Model-Informed-Path-Planning/path_planning_ws/install/map_maker/lib/python3.10/site-packages/map_maker/input_data/petrina
[0.796s] copying input_data/petrina/petrina_resized.png -> /home/enio/develop_fer/Model-Informed-Path-Planning/path_planning_ws/install/map_maker/lib/python3.10/site-packages/map_maker/input_data/petrina
[0.797s] copying input_data/petrina/petrina.png -> /home/enio/develop_fer/Model-Informed-Path-Planning/path_planning_ws/install/map_maker/lib/python3.10/site-packages/map_maker/input_data/petrina
[0.797s] creating /home/enio/develop_fer/Model-Informed-Path-Planning/path_planning_ws/install/map_maker/lib/python3.10/site-packages/map_maker/input_data/vrbnik
[0.797s] copying input_data/vrbnik/osm_info.txt -> /home/enio/develop_fer/Model-Informed-Path-Planning/path_planning_ws/install/map_maker/lib/python3.10/site-packages/map_maker/input_data/vrbnik
[0.797s] copying input_data/vrbnik/vrbnik.png -> /home/enio/develop_fer/Model-Informed-Path-Planning/path_planning_ws/install/map_maker/lib/python3.10/site-packages/map_maker/input_data/vrbnik
[0.797s] copying input_data/vrbnik/vrbnik_resized.png -> /home/enio/develop_fer/Model-Informed-Path-Planning/path_planning_ws/install/map_maker/lib/python3.10/site-packages/map_maker/input_data/vrbnik
[0.798s] creating /home/enio/develop_fer/Model-Informed-Path-Planning/path_planning_ws/install/map_maker/lib/python3.10/site-packages/map_maker/input_data/novi
[0.799s] copying input_data/novi/osm_info.txt -> /home/enio/develop_fer/Model-Informed-Path-Planning/path_planning_ws/install/map_maker/lib/python3.10/site-packages/map_maker/input_data/novi
[0.799s] copying input_data/novi/novi.png -> /home/enio/develop_fer/Model-Informed-Path-Planning/path_planning_ws/install/map_maker/lib/python3.10/site-packages/map_maker/input_data/novi
[0.799s] copying input_data/novi/novi_resized.png -> /home/enio/develop_fer/Model-Informed-Path-Planning/path_planning_ws/install/map_maker/lib/python3.10/site-packages/map_maker/input_data/novi
[0.800s] creating /home/enio/develop_fer/Model-Informed-Path-Planning/path_planning_ws/install/map_maker/lib/python3.10/site-packages/map_maker/input_data/selehovica
[0.800s] copying input_data/selehovica/osm_info.txt -> /home/enio/develop_fer/Model-Informed-Path-Planning/path_planning_ws/install/map_maker/lib/python3.10/site-packages/map_maker/input_data/selehovica
[0.800s] copying input_data/selehovica/selehovica_resized.png -> /home/enio/develop_fer/Model-Informed-Path-Planning/path_planning_ws/install/map_maker/lib/python3.10/site-packages/map_maker/input_data/selehovica
[0.801s] copying input_data/selehovica/selehovica.png -> /home/enio/develop_fer/Model-Informed-Path-Planning/path_planning_ws/install/map_maker/lib/python3.10/site-packages/map_maker/input_data/selehovica
[0.801s] creating /home/enio/develop_fer/Model-Informed-Path-Planning/path_planning_ws/install/map_maker/lib/python3.10/site-packages/map_maker/input_data/voz
[0.801s] copying input_data/voz/osm_info.txt -> /home/enio/develop_fer/Model-Informed-Path-Planning/path_planning_ws/install/map_maker/lib/python3.10/site-packages/map_maker/input_data/voz
[0.801s] copying input_data/voz/voz_resized.png -> /home/enio/develop_fer/Model-Informed-Path-Planning/path_planning_ws/install/map_maker/lib/python3.10/site-packages/map_maker/input_data/voz
[0.804s] copying input_data/voz/voz.png -> /home/enio/develop_fer/Model-Informed-Path-Planning/path_planning_ws/install/map_maker/lib/python3.10/site-packages/map_maker/input_data/voz
[0.805s] creating /home/enio/develop_fer/Model-Informed-Path-Planning/path_planning_ws/install/map_maker/lib/python3.10/site-packages/map_maker/input_data/sv_marko
[0.805s] copying input_data/sv_marko/osm_info.txt -> /home/enio/develop_fer/Model-Informed-Path-Planning/path_planning_ws/install/map_maker/lib/python3.10/site-packages/map_maker/input_data/sv_marko
[0.805s] copying input_data/sv_marko/sv_marko.png -> /home/enio/develop_fer/Model-Informed-Path-Planning/path_planning_ws/install/map_maker/lib/python3.10/site-packages/map_maker/input_data/sv_marko
[0.805s] creating /home/enio/develop_fer/Model-Informed-Path-Planning/path_planning_ws/install/map_maker/lib/python3.10/site-packages/map_maker/input_data/melska
[0.805s] copying input_data/melska/osm_info.txt -> /home/enio/develop_fer/Model-Informed-Path-Planning/path_planning_ws/install/map_maker/lib/python3.10/site-packages/map_maker/input_data/melska
[0.805s] copying input_data/melska/melska.png -> /home/enio/develop_fer/Model-Informed-Path-Planning/path_planning_ws/install/map_maker/lib/python3.10/site-packages/map_maker/input_data/melska
[0.805s] copying input_data/melska/melska_resized.png -> /home/enio/develop_fer/Model-Informed-Path-Planning/path_planning_ws/install/map_maker/lib/python3.10/site-packages/map_maker/input_data/melska
[0.806s] creating /home/enio/develop_fer/Model-Informed-Path-Planning/path_planning_ws/install/map_maker/lib/python3.10/site-packages/map_maker/input_data/selce
[0.806s] copying input_data/selce/osm_info.txt -> /home/enio/develop_fer/Model-Informed-Path-Planning/path_planning_ws/install/map_maker/lib/python3.10/site-packages/map_maker/input_data/selce
[0.806s] copying input_data/selce/selce_resized.png -> /home/enio/develop_fer/Model-Informed-Path-Planning/path_planning_ws/install/map_maker/lib/python3.10/site-packages/map_maker/input_data/selce
[0.808s] copying input_data/selce/selce.png -> /home/enio/develop_fer/Model-Informed-Path-Planning/path_planning_ws/install/map_maker/lib/python3.10/site-packages/map_maker/input_data/selce
[0.808s] creating /home/enio/develop_fer/Model-Informed-Path-Planning/path_planning_ws/install/map_maker/lib/python3.10/site-packages/map_maker/input_data/klimno
[0.808s] copying input_data/klimno/osm_info.txt -> /home/enio/develop_fer/Model-Informed-Path-Planning/path_planning_ws/install/map_maker/lib/python3.10/site-packages/map_maker/input_data/klimno
[0.808s] copying input_data/klimno/klimno.png -> /home/enio/develop_fer/Model-Informed-Path-Planning/path_planning_ws/install/map_maker/lib/python3.10/site-packages/map_maker/input_data/klimno
[0.809s] copying input_data/klimno/klimno_resized.png -> /home/enio/develop_fer/Model-Informed-Path-Planning/path_planning_ws/install/map_maker/lib/python3.10/site-packages/map_maker/input_data/klimno
[0.811s] creating /home/enio/develop_fer/Model-Informed-Path-Planning/path_planning_ws/install/map_maker/lib/python3.10/site-packages/map_maker/input_data/rudine
[0.811s] copying input_data/rudine/osm_info.txt -> /home/enio/develop_fer/Model-Informed-Path-Planning/path_planning_ws/install/map_maker/lib/python3.10/site-packages/map_maker/input_data/rudine
[0.811s] copying input_data/rudine/rudine.png -> /home/enio/develop_fer/Model-Informed-Path-Planning/path_planning_ws/install/map_maker/lib/python3.10/site-packages/map_maker/input_data/rudine
[0.811s] copying input_data/rudine/rudine_resized.png -> /home/enio/develop_fer/Model-Informed-Path-Planning/path_planning_ws/install/map_maker/lib/python3.10/site-packages/map_maker/input_data/rudine
[0.812s] creating /home/enio/develop_fer/Model-Informed-Path-Planning/path_planning_ws/install/map_maker/lib/python3.10/site-packages/map_maker/input_data/silo
[0.812s] copying input_data/silo/osm_info.txt -> /home/enio/develop_fer/Model-Informed-Path-Planning/path_planning_ws/install/map_maker/lib/python3.10/site-packages/map_maker/input_data/silo
[0.812s] copying input_data/silo/silo.png -> /home/enio/develop_fer/Model-Informed-Path-Planning/path_planning_ws/install/map_maker/lib/python3.10/site-packages/map_maker/input_data/silo
[0.813s] copying input_data/silo/silo_resized.png -> /home/enio/develop_fer/Model-Informed-Path-Planning/path_planning_ws/install/map_maker/lib/python3.10/site-packages/map_maker/input_data/silo
[0.814s] creating /home/enio/develop_fer/Model-Informed-Path-Planning/path_planning_ws/install/map_maker/lib/python3.10/site-packages/map_maker/input_data/lokvisce
[0.814s] copying input_data/lokvisce/osm_info.txt -> /home/enio/develop_fer/Model-Informed-Path-Planning/path_planning_ws/install/map_maker/lib/python3.10/site-packages/map_maker/input_data/lokvisce
[0.814s] copying input_data/lokvisce/lokvisce.png -> /home/enio/develop_fer/Model-Informed-Path-Planning/path_planning_ws/install/map_maker/lib/python3.10/site-packages/map_maker/input_data/lokvisce
[0.815s] copying input_data/lokvisce/lokvisce_resized.png -> /home/enio/develop_fer/Model-Informed-Path-Planning/path_planning_ws/install/map_maker/lib/python3.10/site-packages/map_maker/input_data/lokvisce
[0.816s] creating /home/enio/develop_fer/Model-Informed-Path-Planning/path_planning_ws/install/map_maker/lib/python3.10/site-packages/map_maker/input_data/omisalj
[0.816s] copying input_data/omisalj/osm_info.txt -> /home/enio/develop_fer/Model-Informed-Path-Planning/path_planning_ws/install/map_maker/lib/python3.10/site-packages/map_maker/input_data/omisalj
[0.816s] copying input_data/omisalj/omisalj.png -> /home/enio/develop_fer/Model-Informed-Path-Planning/path_planning_ws/install/map_maker/lib/python3.10/site-packages/map_maker/input_data/omisalj
[0.817s] copying input_data/omisalj/omisalj_resized.png -> /home/enio/develop_fer/Model-Informed-Path-Planning/path_planning_ws/install/map_maker/lib/python3.10/site-packages/map_maker/input_data/omisalj
[0.818s] creating /home/enio/develop_fer/Model-Informed-Path-Planning/path_planning_ws/install/map_maker/lib/python3.10/site-packages/map_maker/input_data/povile
[0.818s] copying input_data/povile/osm_info.txt -> /home/enio/develop_fer/Model-Informed-Path-Planning/path_planning_ws/install/map_maker/lib/python3.10/site-packages/map_maker/input_data/povile
[0.818s] copying input_data/povile/povile.png -> /home/enio/develop_fer/Model-Informed-Path-Planning/path_planning_ws/install/map_maker/lib/python3.10/site-packages/map_maker/input_data/povile
[0.818s] copying input_data/povile/povile_resized.png -> /home/enio/develop_fer/Model-Informed-Path-Planning/path_planning_ws/install/map_maker/lib/python3.10/site-packages/map_maker/input_data/povile
[0.820s] creating /home/enio/develop_fer/Model-Informed-Path-Planning/path_planning_ws/install/map_maker/lib/python3.10/site-packages/map_maker/input_data/dramalj
[0.820s] copying input_data/dramalj/osm_info.txt -> /home/enio/develop_fer/Model-Informed-Path-Planning/path_planning_ws/install/map_maker/lib/python3.10/site-packages/map_maker/input_data/dramalj
[0.820s] copying input_data/dramalj/dramalj_resized.png -> /home/enio/develop_fer/Model-Informed-Path-Planning/path_planning_ws/install/map_maker/lib/python3.10/site-packages/map_maker/input_data/dramalj
[0.820s] copying input_data/dramalj/dramalj.png -> /home/enio/develop_fer/Model-Informed-Path-Planning/path_planning_ws/install/map_maker/lib/python3.10/site-packages/map_maker/input_data/dramalj
[0.820s] creating /home/enio/develop_fer/Model-Informed-Path-Planning/path_planning_ws/install/map_maker/lib/python3.10/site-packages/map_maker/input_data/crikvenica
[0.820s] copying input_data/crikvenica/osm_info.txt -> /home/enio/develop_fer/Model-Informed-Path-Planning/path_planning_ws/install/map_maker/lib/python3.10/site-packages/map_maker/input_data/crikvenica
[0.821s] copying input_data/crikvenica/crikvenica_resized.png -> /home/enio/develop_fer/Model-Informed-Path-Planning/path_planning_ws/install/map_maker/lib/python3.10/site-packages/map_maker/input_data/crikvenica
[0.823s] copying input_data/crikvenica/crikvenica.png -> /home/enio/develop_fer/Model-Informed-Path-Planning/path_planning_ws/install/map_maker/lib/python3.10/site-packages/map_maker/input_data/crikvenica
[0.824s] creating /home/enio/develop_fer/Model-Informed-Path-Planning/path_planning_ws/install/map_maker/lib/python3.10/site-packages/map_maker/launch
[0.824s] copying launch/publish_map_launch.py -> /home/enio/develop_fer/Model-Informed-Path-Planning/path_planning_ws/install/map_maker/lib/python3.10/site-packages/map_maker/launch/
[0.824s] copying launch/make_map_launch.py -> /home/enio/develop_fer/Model-Informed-Path-Planning/path_planning_ws/install/map_maker/lib/python3.10/site-packages/map_maker/launch/
[0.824s] copying launch/map_visualization_launch.py -> /home/enio/develop_fer/Model-Informed-Path-Planning/path_planning_ws/install/map_maker/lib/python3.10/site-packages/map_maker/launch/
[0.824s] running install_egg_info
[0.825s] Copying ../../build/map_maker/map_maker.egg-info to /home/enio/develop_fer/Model-Informed-Path-Planning/path_planning_ws/install/map_maker/lib/python3.10/site-packages/map_maker-0.0.0-py3.10.egg-info
[0.825s] running install_scripts
[0.836s] Installing detect_coast script to /home/enio/develop_fer/Model-Informed-Path-Planning/path_planning_ws/install/map_maker/lib/map_maker
[0.836s] Installing map_process script to /home/enio/develop_fer/Model-Informed-Path-Planning/path_planning_ws/install/map_maker/lib/map_maker
[0.836s] Installing map_publisher script to /home/enio/develop_fer/Model-Informed-Path-Planning/path_planning_ws/install/map_maker/lib/map_maker
[0.836s] Installing map_visualization script to /home/enio/develop_fer/Model-Informed-Path-Planning/path_planning_ws/install/map_maker/lib/map_maker
[0.836s] Installing post_processing script to /home/enio/develop_fer/Model-Informed-Path-Planning/path_planning_ws/install/map_maker/lib/map_maker
[0.836s] Installing process_osm_data script to /home/enio/develop_fer/Model-Informed-Path-Planning/path_planning_ws/install/map_maker/lib/map_maker
[0.836s] writing list of installed files to '/home/enio/develop_fer/Model-Informed-Path-Planning/path_planning_ws/build/map_maker/install.log'
[0.848s] Invoked command in '/home/enio/develop_fer/Model-Informed-Path-Planning/path_planning_ws/src/map_maker' returned '0': PYTHONPATH=/home/enio/develop_fer/Model-Informed-Path-Planning/path_planning_ws/build/map_maker/prefix_override:/home/enio/develop_fer/Model-Informed-Path-Planning/path_planning_ws/install/map_maker/lib/python3.10/site-packages:${PYTHONPATH} /usr/bin/python3 -W ignore:setup.py install is deprecated setup.py egg_info --egg-base ../../build/map_maker build --build-base /home/enio/develop_fer/Model-Informed-Path-Planning/path_planning_ws/build/map_maker/build install --record /home/enio/develop_fer/Model-Informed-Path-Planning/path_planning_ws/build/map_maker/install.log --single-version-externally-managed install_data
