[0.011s] Invoking command in '/home/enio/develop_fer/Model-Informed-Path-Planning/path_planning_ws/build/path_management': CMAKE_PREFIX_PATH=/home/enio/develop_fer/Model-Informed-Path-Planning/path_planning_ws/install/user_action_interfaces:/home/enio/develop_fer/Model-Informed-Path-Planning/path_planning_ws/install/user_commands:/home/enio/develop_fer/Model-Informed-Path-Planning/path_planning_ws/install/path_planning_dtstarlite:/opt/ros/iron /usr/bin/cmake /home/enio/develop_fer/Model-Informed-Path-Planning/path_planning_ws/src/path_management -DCMAKE_INSTALL_PREFIX=/home/enio/develop_fer/Model-Informed-Path-Planning/path_planning_ws/install/path_management
[0.057s] -- The C compiler identification is GNU 11.4.0
[0.091s] -- The CXX compiler identification is GNU 11.4.0
[0.095s] -- Detecting C compiler ABI info
[0.145s] -- Detecting C compiler ABI info - done
[0.150s] -- Check for working C compiler: /usr/bin/cc - skipped
[0.150s] -- Detecting C compile features
[0.151s] -- Detecting C compile features - done
[0.153s] -- Detecting CXX compiler ABI info
[0.198s] -- Detecting CXX compiler ABI info - done
[0.203s] -- Check for working CXX compiler: /usr/bin/c++ - skipped
[0.203s] -- Detecting CXX compile features
[0.203s] -- Detecting CXX compile features - done
[0.205s] -- Found ament_cmake: 2.0.5 (/opt/ros/iron/share/ament_cmake/cmake)
[0.326s] -- Found Python3: /usr/bin/python3.10 (found version "3.10.12") found components: Interpreter 
[0.386s] -- Found rclcpp: 21.0.6 (/opt/ros/iron/share/rclcpp/cmake)
[0.417s] -- Found rosidl_generator_c: 4.0.1 (/opt/ros/iron/share/rosidl_generator_c/cmake)
[0.424s] -- Found rosidl_generator_cpp: 4.0.1 (/opt/ros/iron/share/rosidl_generator_cpp/cmake)
[0.434s] -- Using all available rosidl_typesupport_c: rosidl_typesupport_fastrtps_c;rosidl_typesupport_introspection_c
[0.445s] -- Using all available rosidl_typesupport_cpp: rosidl_typesupport_fastrtps_cpp;rosidl_typesupport_introspection_cpp
[0.557s] -- Found rmw_implementation_cmake: 7.1.0 (/opt/ros/iron/share/rmw_implementation_cmake/cmake)
[0.560s] -- Found rmw_fastrtps_cpp: 7.1.3 (/opt/ros/iron/share/rmw_fastrtps_cpp/cmake)
[0.630s] -- Found OpenSSL: /usr/lib/x86_64-linux-gnu/libcrypto.so (found version "3.0.2")  
[0.648s] -- Found FastRTPS: /opt/ros/iron/include  
[0.675s] -- Using RMW implementation 'rmw_fastrtps_cpp' as default
[0.795s] -- Found user_action_interfaces: 0.0.0 (/home/enio/develop_fer/Model-Informed-Path-Planning/path_planning_ws/install/user_action_interfaces/share/user_action_interfaces/cmake)
[0.918s] -- Found ament_lint_auto: 0.14.3 (/opt/ros/iron/share/ament_lint_auto/cmake)
[0.964s] -- Added test 'flake8' to check Python code syntax and style conventions
[0.964s] -- Configured 'flake8' exclude dirs and/or files: 
[0.964s] -- Added test 'lint_cmake' to check CMake code style
[0.965s] -- Added test 'pep257' to check Python code against some of the docstring style conventions in PEP 257
[0.965s] -- Added test 'xmllint' to check XML markup files
[0.966s] -- Configuring done
[0.968s] -- Generating done
[0.969s] -- Build files have been written to: /home/enio/develop_fer/Model-Informed-Path-Planning/path_planning_ws/build/path_management
[0.975s] Invoked command in '/home/enio/develop_fer/Model-Informed-Path-Planning/path_planning_ws/build/path_management' returned '0': CMAKE_PREFIX_PATH=/home/enio/develop_fer/Model-Informed-Path-Planning/path_planning_ws/install/user_action_interfaces:/home/enio/develop_fer/Model-Informed-Path-Planning/path_planning_ws/install/user_commands:/home/enio/develop_fer/Model-Informed-Path-Planning/path_planning_ws/install/path_planning_dtstarlite:/opt/ros/iron /usr/bin/cmake /home/enio/develop_fer/Model-Informed-Path-Planning/path_planning_ws/src/path_management -DCMAKE_INSTALL_PREFIX=/home/enio/develop_fer/Model-Informed-Path-Planning/path_planning_ws/install/path_management
[0.976s] Invoking command in '/home/enio/develop_fer/Model-Informed-Path-Planning/path_planning_ws/build/path_management': CMAKE_PREFIX_PATH=/home/enio/develop_fer/Model-Informed-Path-Planning/path_planning_ws/install/user_action_interfaces:/home/enio/develop_fer/Model-Informed-Path-Planning/path_planning_ws/install/user_commands:/home/enio/develop_fer/Model-Informed-Path-Planning/path_planning_ws/install/path_planning_dtstarlite:/opt/ros/iron /usr/bin/cmake --build /home/enio/develop_fer/Model-Informed-Path-Planning/path_planning_ws/build/path_management -- -j20 -l20
[0.998s] Invoked command in '/home/enio/develop_fer/Model-Informed-Path-Planning/path_planning_ws/build/path_management' returned '0': CMAKE_PREFIX_PATH=/home/enio/develop_fer/Model-Informed-Path-Planning/path_planning_ws/install/user_action_interfaces:/home/enio/develop_fer/Model-Informed-Path-Planning/path_planning_ws/install/user_commands:/home/enio/develop_fer/Model-Informed-Path-Planning/path_planning_ws/install/path_planning_dtstarlite:/opt/ros/iron /usr/bin/cmake --build /home/enio/develop_fer/Model-Informed-Path-Planning/path_planning_ws/build/path_management -- -j20 -l20
[1.014s] Invoking command in '/home/enio/develop_fer/Model-Informed-Path-Planning/path_planning_ws/build/path_management': CMAKE_PREFIX_PATH=/home/enio/develop_fer/Model-Informed-Path-Planning/path_planning_ws/install/user_action_interfaces:/home/enio/develop_fer/Model-Informed-Path-Planning/path_planning_ws/install/user_commands:/home/enio/develop_fer/Model-Informed-Path-Planning/path_planning_ws/install/path_planning_dtstarlite:/opt/ros/iron /usr/bin/cmake --install /home/enio/develop_fer/Model-Informed-Path-Planning/path_planning_ws/build/path_management
[1.021s] -- Install configuration: ""
[1.021s] -- Installing: /home/enio/develop_fer/Model-Informed-Path-Planning/path_planning_ws/install/path_management/share/ament_index/resource_index/package_run_dependencies/path_management
[1.021s] -- Installing: /home/enio/develop_fer/Model-Informed-Path-Planning/path_planning_ws/install/path_management/share/ament_index/resource_index/parent_prefix_path/path_management
[1.021s] -- Installing: /home/enio/develop_fer/Model-Informed-Path-Planning/path_planning_ws/install/path_management/share/path_management/environment/ament_prefix_path.sh
[1.021s] -- Installing: /home/enio/develop_fer/Model-Informed-Path-Planning/path_planning_ws/install/path_management/share/path_management/environment/ament_prefix_path.dsv
[1.021s] -- Installing: /home/enio/develop_fer/Model-Informed-Path-Planning/path_planning_ws/install/path_management/share/path_management/environment/path.sh
[1.021s] -- Installing: /home/enio/develop_fer/Model-Informed-Path-Planning/path_planning_ws/install/path_management/share/path_management/environment/path.dsv
[1.022s] -- Installing: /home/enio/develop_fer/Model-Informed-Path-Planning/path_planning_ws/install/path_management/share/path_management/local_setup.bash
[1.022s] -- Installing: /home/enio/develop_fer/Model-Informed-Path-Planning/path_planning_ws/install/path_management/share/path_management/local_setup.sh
[1.022s] -- Installing: /home/enio/develop_fer/Model-Informed-Path-Planning/path_planning_ws/install/path_management/share/path_management/local_setup.zsh
[1.022s] -- Installing: /home/enio/develop_fer/Model-Informed-Path-Planning/path_planning_ws/install/path_management/share/path_management/local_setup.dsv
[1.022s] -- Installing: /home/enio/develop_fer/Model-Informed-Path-Planning/path_planning_ws/install/path_management/share/path_management/package.dsv
[1.022s] -- Installing: /home/enio/develop_fer/Model-Informed-Path-Planning/path_planning_ws/install/path_management/share/ament_index/resource_index/packages/path_management
[1.022s] -- Installing: /home/enio/develop_fer/Model-Informed-Path-Planning/path_planning_ws/install/path_management/share/path_management/cmake/path_managementConfig.cmake
[1.022s] -- Installing: /home/enio/develop_fer/Model-Informed-Path-Planning/path_planning_ws/install/path_management/share/path_management/cmake/path_managementConfig-version.cmake
[1.022s] -- Installing: /home/enio/develop_fer/Model-Informed-Path-Planning/path_planning_ws/install/path_management/share/path_management/package.xml
[1.024s] Invoked command in '/home/enio/develop_fer/Model-Informed-Path-Planning/path_planning_ws/build/path_management' returned '0': CMAKE_PREFIX_PATH=/home/enio/develop_fer/Model-Informed-Path-Planning/path_planning_ws/install/user_action_interfaces:/home/enio/develop_fer/Model-Informed-Path-Planning/path_planning_ws/install/user_commands:/home/enio/develop_fer/Model-Informed-Path-Planning/path_planning_ws/install/path_planning_dtstarlite:/opt/ros/iron /usr/bin/cmake --install /home/enio/develop_fer/Model-Informed-Path-Planning/path_planning_ws/build/path_management
