[2.739s] DEBUG:colcon:Command line arguments: ['/usr/bin/colcon', 'build']
[2.739s] DEBUG:colcon:Parsed command line arguments: Namespace(log_base=None, log_level=None, verb_name='build', build_base='build', install_base='install', merge_install=False, symlink_install=False, test_result_base=None, continue_on_error=False, executor='parallel', parallel_workers=8, event_handlers=None, ignore_user_meta=False, metas=['./colcon.meta'], base_paths=['.'], packages_ignore=None, packages_ignore_regex=None, paths=None, packages_up_to=None, packages_up_to_regex=None, packages_above=None, packages_above_and_dependencies=None, packages_above_depth=None, packages_select_by_dep=None, packages_skip_by_dep=None, packages_skip_up_to=None, packages_select_build_failed=False, packages_skip_build_finished=False, packages_select_test_failures=False, packages_skip_test_passed=False, packages_select=None, packages_skip=None, packages_select_regex=None, packages_skip_regex=None, packages_start=None, packages_end=None, allow_overriding=[], cmake_args=None, cmake_target=None, cmake_target_skip_unavailable=False, cmake_clean_cache=False, cmake_clean_first=False, cmake_force_configure=False, ament_cmake_args=None, catkin_cmake_args=None, catkin_skip_building_tests=False, verb_parser=<colcon_defaults.argument_parser.defaults.DefaultArgumentsDecorator object at 0x7fa58bdc4e20>, verb_extension=<colcon_core.verb.build.BuildVerb object at 0x7fa58c0d47c0>, main=<bound method BuildVerb.main of <colcon_core.verb.build.BuildVerb object at 0x7fa58c0d47c0>>)
[2.873s] Level 1:colcon.colcon_core.package_discovery:discover_packages(colcon_meta) check parameters
[2.873s] Level 1:colcon.colcon_core.package_discovery:discover_packages(recursive) check parameters
[2.873s] Level 1:colcon.colcon_core.package_discovery:discover_packages(ignore) check parameters
[2.873s] Level 1:colcon.colcon_core.package_discovery:discover_packages(path) check parameters
[2.873s] Level 1:colcon.colcon_core.package_discovery:discover_packages(colcon_meta) discover
[2.873s] Level 1:colcon.colcon_core.package_discovery:discover_packages(recursive) discover
[2.873s] INFO:colcon.colcon_core.package_discovery:Crawling recursively for packages in '/home/enio/develop_fer/path_planning/Model-informed-path-planning-and-control-for-autonomous-vessels'
[2.874s] Level 1:colcon.colcon_core.package_identification:_identify(.) by extensions ['ignore', 'ignore_ament_install']
[2.874s] Level 1:colcon.colcon_core.package_identification:_identify(.) by extension 'ignore'
[2.874s] Level 1:colcon.colcon_core.package_identification:_identify(.) by extension 'ignore_ament_install'
[2.874s] Level 1:colcon.colcon_core.package_identification:_identify(.) by extensions ['colcon_pkg']
[2.874s] Level 1:colcon.colcon_core.package_identification:_identify(.) by extension 'colcon_pkg'
[2.874s] Level 1:colcon.colcon_core.package_identification:_identify(.) by extensions ['colcon_meta']
[2.874s] Level 1:colcon.colcon_core.package_identification:_identify(.) by extension 'colcon_meta'
[2.874s] Level 1:colcon.colcon_core.package_identification:_identify(.) by extensions ['ros']
[2.874s] Level 1:colcon.colcon_core.package_identification:_identify(.) by extension 'ros'
[2.897s] Level 1:colcon.colcon_core.package_identification:_identify(.) by extensions ['cmake', 'python']
[2.897s] Level 1:colcon.colcon_core.package_identification:_identify(.) by extension 'cmake'
[2.897s] Level 1:colcon.colcon_core.package_identification:_identify(.) by extension 'python'
[2.898s] Level 1:colcon.colcon_core.package_identification:_identify(.) by extensions ['python_setup_py']
[2.898s] Level 1:colcon.colcon_core.package_identification:_identify(.) by extension 'python_setup_py'
[2.898s] Level 1:colcon.colcon_core.package_identification:_identify(build) by extensions ['ignore', 'ignore_ament_install']
[2.898s] Level 1:colcon.colcon_core.package_identification:_identify(build) by extension 'ignore'
[2.898s] Level 1:colcon.colcon_core.package_identification:_identify(build) ignored
[2.898s] Level 1:colcon.colcon_core.package_identification:_identify(install) by extensions ['ignore', 'ignore_ament_install']
[2.899s] Level 1:colcon.colcon_core.package_identification:_identify(install) by extension 'ignore'
[2.899s] Level 1:colcon.colcon_core.package_identification:_identify(install) ignored
[2.899s] Level 1:colcon.colcon_core.package_identification:_identify(log) by extensions ['ignore', 'ignore_ament_install']
[2.899s] Level 1:colcon.colcon_core.package_identification:_identify(log) by extension 'ignore'
[2.899s] Level 1:colcon.colcon_core.package_identification:_identify(log) ignored
[2.899s] Level 1:colcon.colcon_core.package_identification:_identify(src) by extensions ['ignore', 'ignore_ament_install']
[2.899s] Level 1:colcon.colcon_core.package_identification:_identify(src) by extension 'ignore'
[2.900s] Level 1:colcon.colcon_core.package_identification:_identify(src) by extension 'ignore_ament_install'
[2.900s] Level 1:colcon.colcon_core.package_identification:_identify(src) by extensions ['colcon_pkg']
[2.900s] Level 1:colcon.colcon_core.package_identification:_identify(src) by extension 'colcon_pkg'
[2.900s] Level 1:colcon.colcon_core.package_identification:_identify(src) by extensions ['colcon_meta']
[2.900s] Level 1:colcon.colcon_core.package_identification:_identify(src) by extension 'colcon_meta'
[2.900s] Level 1:colcon.colcon_core.package_identification:_identify(src) by extensions ['ros']
[2.900s] Level 1:colcon.colcon_core.package_identification:_identify(src) by extension 'ros'
[2.900s] Level 1:colcon.colcon_core.package_identification:_identify(src) by extensions ['cmake', 'python']
[2.900s] Level 1:colcon.colcon_core.package_identification:_identify(src) by extension 'cmake'
[2.900s] Level 1:colcon.colcon_core.package_identification:_identify(src) by extension 'python'
[2.900s] Level 1:colcon.colcon_core.package_identification:_identify(src) by extensions ['python_setup_py']
[2.901s] Level 1:colcon.colcon_core.package_identification:_identify(src) by extension 'python_setup_py'
[2.901s] Level 1:colcon.colcon_core.package_identification:_identify(src/assets) by extensions ['ignore', 'ignore_ament_install']
[2.901s] Level 1:colcon.colcon_core.package_identification:_identify(src/assets) by extension 'ignore'
[2.901s] Level 1:colcon.colcon_core.package_identification:_identify(src/assets) by extension 'ignore_ament_install'
[2.901s] Level 1:colcon.colcon_core.package_identification:_identify(src/assets) by extensions ['colcon_pkg']
[2.901s] Level 1:colcon.colcon_core.package_identification:_identify(src/assets) by extension 'colcon_pkg'
[2.901s] Level 1:colcon.colcon_core.package_identification:_identify(src/assets) by extensions ['colcon_meta']
[2.901s] Level 1:colcon.colcon_core.package_identification:_identify(src/assets) by extension 'colcon_meta'
[2.902s] Level 1:colcon.colcon_core.package_identification:_identify(src/assets) by extensions ['ros']
[2.902s] Level 1:colcon.colcon_core.package_identification:_identify(src/assets) by extension 'ros'
[2.902s] Level 1:colcon.colcon_core.package_identification:_identify(src/assets) by extensions ['cmake', 'python']
[2.902s] Level 1:colcon.colcon_core.package_identification:_identify(src/assets) by extension 'cmake'
[2.902s] Level 1:colcon.colcon_core.package_identification:_identify(src/assets) by extension 'python'
[2.902s] Level 1:colcon.colcon_core.package_identification:_identify(src/assets) by extensions ['python_setup_py']
[2.902s] Level 1:colcon.colcon_core.package_identification:_identify(src/assets) by extension 'python_setup_py'
[2.902s] Level 1:colcon.colcon_core.package_identification:_identify(src/grid_search_algorithms) by extensions ['ignore', 'ignore_ament_install']
[2.902s] Level 1:colcon.colcon_core.package_identification:_identify(src/grid_search_algorithms) by extension 'ignore'
[2.903s] Level 1:colcon.colcon_core.package_identification:_identify(src/grid_search_algorithms) by extension 'ignore_ament_install'
[2.903s] Level 1:colcon.colcon_core.package_identification:_identify(src/grid_search_algorithms) by extensions ['colcon_pkg']
[2.903s] Level 1:colcon.colcon_core.package_identification:_identify(src/grid_search_algorithms) by extension 'colcon_pkg'
[2.903s] Level 1:colcon.colcon_core.package_identification:_identify(src/grid_search_algorithms) by extensions ['colcon_meta']
[2.903s] Level 1:colcon.colcon_core.package_identification:_identify(src/grid_search_algorithms) by extension 'colcon_meta'
[2.903s] Level 1:colcon.colcon_core.package_identification:_identify(src/grid_search_algorithms) by extensions ['ros']
[2.903s] Level 1:colcon.colcon_core.package_identification:_identify(src/grid_search_algorithms) by extension 'ros'
[2.903s] Level 1:colcon.colcon_core.package_identification:_identify(src/grid_search_algorithms) by extensions ['cmake', 'python']
[2.903s] Level 1:colcon.colcon_core.package_identification:_identify(src/grid_search_algorithms) by extension 'cmake'
[2.903s] Level 1:colcon.colcon_core.package_identification:_identify(src/grid_search_algorithms) by extension 'python'
[2.903s] Level 1:colcon.colcon_core.package_identification:_identify(src/grid_search_algorithms) by extensions ['python_setup_py']
[2.904s] Level 1:colcon.colcon_core.package_identification:_identify(src/grid_search_algorithms) by extension 'python_setup_py'
[2.904s] Level 1:colcon.colcon_core.package_identification:_identify(src/grid_search_algorithms/Astar) by extensions ['ignore', 'ignore_ament_install']
[2.904s] Level 1:colcon.colcon_core.package_identification:_identify(src/grid_search_algorithms/Astar) by extension 'ignore'
[2.904s] Level 1:colcon.colcon_core.package_identification:_identify(src/grid_search_algorithms/Astar) by extension 'ignore_ament_install'
[2.904s] Level 1:colcon.colcon_core.package_identification:_identify(src/grid_search_algorithms/Astar) by extensions ['colcon_pkg']
[2.904s] Level 1:colcon.colcon_core.package_identification:_identify(src/grid_search_algorithms/Astar) by extension 'colcon_pkg'
[2.904s] Level 1:colcon.colcon_core.package_identification:_identify(src/grid_search_algorithms/Astar) by extensions ['colcon_meta']
[2.904s] Level 1:colcon.colcon_core.package_identification:_identify(src/grid_search_algorithms/Astar) by extension 'colcon_meta'
[2.904s] Level 1:colcon.colcon_core.package_identification:_identify(src/grid_search_algorithms/Astar) by extensions ['ros']
[2.905s] Level 1:colcon.colcon_core.package_identification:_identify(src/grid_search_algorithms/Astar) by extension 'ros'
[2.905s] Level 1:colcon.colcon_core.package_identification:_identify(src/grid_search_algorithms/Astar) by extensions ['cmake', 'python']
[2.905s] Level 1:colcon.colcon_core.package_identification:_identify(src/grid_search_algorithms/Astar) by extension 'cmake'
[2.905s] Level 1:colcon.colcon_core.package_identification:_identify(src/grid_search_algorithms/Astar) by extension 'python'
[2.905s] Level 1:colcon.colcon_core.package_identification:_identify(src/grid_search_algorithms/Astar) by extensions ['python_setup_py']
[2.905s] Level 1:colcon.colcon_core.package_identification:_identify(src/grid_search_algorithms/Astar) by extension 'python_setup_py'
[2.905s] Level 1:colcon.colcon_core.package_identification:_identify(src/grid_search_algorithms/Astar/__pycache__) by extensions ['ignore', 'ignore_ament_install']
[2.905s] Level 1:colcon.colcon_core.package_identification:_identify(src/grid_search_algorithms/Astar/__pycache__) by extension 'ignore'
[2.906s] Level 1:colcon.colcon_core.package_identification:_identify(src/grid_search_algorithms/Astar/__pycache__) by extension 'ignore_ament_install'
[2.906s] Level 1:colcon.colcon_core.package_identification:_identify(src/grid_search_algorithms/Astar/__pycache__) by extensions ['colcon_pkg']
[2.906s] Level 1:colcon.colcon_core.package_identification:_identify(src/grid_search_algorithms/Astar/__pycache__) by extension 'colcon_pkg'
[2.906s] Level 1:colcon.colcon_core.package_identification:_identify(src/grid_search_algorithms/Astar/__pycache__) by extensions ['colcon_meta']
[2.906s] Level 1:colcon.colcon_core.package_identification:_identify(src/grid_search_algorithms/Astar/__pycache__) by extension 'colcon_meta'
[2.906s] Level 1:colcon.colcon_core.package_identification:_identify(src/grid_search_algorithms/Astar/__pycache__) by extensions ['ros']
[2.906s] Level 1:colcon.colcon_core.package_identification:_identify(src/grid_search_algorithms/Astar/__pycache__) by extension 'ros'
[2.906s] Level 1:colcon.colcon_core.package_identification:_identify(src/grid_search_algorithms/Astar/__pycache__) by extensions ['cmake', 'python']
[2.906s] Level 1:colcon.colcon_core.package_identification:_identify(src/grid_search_algorithms/Astar/__pycache__) by extension 'cmake'
[2.906s] Level 1:colcon.colcon_core.package_identification:_identify(src/grid_search_algorithms/Astar/__pycache__) by extension 'python'
[2.906s] Level 1:colcon.colcon_core.package_identification:_identify(src/grid_search_algorithms/Astar/__pycache__) by extensions ['python_setup_py']
[2.907s] Level 1:colcon.colcon_core.package_identification:_identify(src/grid_search_algorithms/Astar/__pycache__) by extension 'python_setup_py'
[2.907s] Level 1:colcon.colcon_core.package_identification:_identify(src/grid_search_algorithms/Astar/img) by extensions ['ignore', 'ignore_ament_install']
[2.907s] Level 1:colcon.colcon_core.package_identification:_identify(src/grid_search_algorithms/Astar/img) by extension 'ignore'
[2.907s] Level 1:colcon.colcon_core.package_identification:_identify(src/grid_search_algorithms/Astar/img) by extension 'ignore_ament_install'
[2.907s] Level 1:colcon.colcon_core.package_identification:_identify(src/grid_search_algorithms/Astar/img) by extensions ['colcon_pkg']
[2.907s] Level 1:colcon.colcon_core.package_identification:_identify(src/grid_search_algorithms/Astar/img) by extension 'colcon_pkg'
[2.907s] Level 1:colcon.colcon_core.package_identification:_identify(src/grid_search_algorithms/Astar/img) by extensions ['colcon_meta']
[2.907s] Level 1:colcon.colcon_core.package_identification:_identify(src/grid_search_algorithms/Astar/img) by extension 'colcon_meta'
[2.908s] Level 1:colcon.colcon_core.package_identification:_identify(src/grid_search_algorithms/Astar/img) by extensions ['ros']
[2.908s] Level 1:colcon.colcon_core.package_identification:_identify(src/grid_search_algorithms/Astar/img) by extension 'ros'
[2.908s] Level 1:colcon.colcon_core.package_identification:_identify(src/grid_search_algorithms/Astar/img) by extensions ['cmake', 'python']
[2.908s] Level 1:colcon.colcon_core.package_identification:_identify(src/grid_search_algorithms/Astar/img) by extension 'cmake'
[2.908s] Level 1:colcon.colcon_core.package_identification:_identify(src/grid_search_algorithms/Astar/img) by extension 'python'
[2.908s] Level 1:colcon.colcon_core.package_identification:_identify(src/grid_search_algorithms/Astar/img) by extensions ['python_setup_py']
[2.908s] Level 1:colcon.colcon_core.package_identification:_identify(src/grid_search_algorithms/Astar/img) by extension 'python_setup_py'
[2.908s] Level 1:colcon.colcon_core.package_identification:_identify(src/grid_search_algorithms/Astar/test_data) by extensions ['ignore', 'ignore_ament_install']
[2.909s] Level 1:colcon.colcon_core.package_identification:_identify(src/grid_search_algorithms/Astar/test_data) by extension 'ignore'
[2.909s] Level 1:colcon.colcon_core.package_identification:_identify(src/grid_search_algorithms/Astar/test_data) by extension 'ignore_ament_install'
[2.909s] Level 1:colcon.colcon_core.package_identification:_identify(src/grid_search_algorithms/Astar/test_data) by extensions ['colcon_pkg']
[2.909s] Level 1:colcon.colcon_core.package_identification:_identify(src/grid_search_algorithms/Astar/test_data) by extension 'colcon_pkg'
[2.909s] Level 1:colcon.colcon_core.package_identification:_identify(src/grid_search_algorithms/Astar/test_data) by extensions ['colcon_meta']
[2.909s] Level 1:colcon.colcon_core.package_identification:_identify(src/grid_search_algorithms/Astar/test_data) by extension 'colcon_meta'
[2.909s] Level 1:colcon.colcon_core.package_identification:_identify(src/grid_search_algorithms/Astar/test_data) by extensions ['ros']
[2.909s] Level 1:colcon.colcon_core.package_identification:_identify(src/grid_search_algorithms/Astar/test_data) by extension 'ros'
[2.909s] Level 1:colcon.colcon_core.package_identification:_identify(src/grid_search_algorithms/Astar/test_data) by extensions ['cmake', 'python']
[2.909s] Level 1:colcon.colcon_core.package_identification:_identify(src/grid_search_algorithms/Astar/test_data) by extension 'cmake'
[2.909s] Level 1:colcon.colcon_core.package_identification:_identify(src/grid_search_algorithms/Astar/test_data) by extension 'python'
[2.910s] Level 1:colcon.colcon_core.package_identification:_identify(src/grid_search_algorithms/Astar/test_data) by extensions ['python_setup_py']
[2.910s] Level 1:colcon.colcon_core.package_identification:_identify(src/grid_search_algorithms/Astar/test_data) by extension 'python_setup_py'
[2.910s] Level 1:colcon.colcon_core.package_identification:_identify(src/image_processing) by extensions ['ignore', 'ignore_ament_install']
[2.910s] Level 1:colcon.colcon_core.package_identification:_identify(src/image_processing) by extension 'ignore'
[2.910s] Level 1:colcon.colcon_core.package_identification:_identify(src/image_processing) by extension 'ignore_ament_install'
[2.910s] Level 1:colcon.colcon_core.package_identification:_identify(src/image_processing) by extensions ['colcon_pkg']
[2.910s] Level 1:colcon.colcon_core.package_identification:_identify(src/image_processing) by extension 'colcon_pkg'
[2.910s] Level 1:colcon.colcon_core.package_identification:_identify(src/image_processing) by extensions ['colcon_meta']
[2.910s] Level 1:colcon.colcon_core.package_identification:_identify(src/image_processing) by extension 'colcon_meta'
[2.911s] Level 1:colcon.colcon_core.package_identification:_identify(src/image_processing) by extensions ['ros']
[2.911s] Level 1:colcon.colcon_core.package_identification:_identify(src/image_processing) by extension 'ros'
[2.911s] Level 1:colcon.colcon_core.package_identification:_identify(src/image_processing) by extensions ['cmake', 'python']
[2.911s] Level 1:colcon.colcon_core.package_identification:_identify(src/image_processing) by extension 'cmake'
[2.911s] Level 1:colcon.colcon_core.package_identification:_identify(src/image_processing) by extension 'python'
[2.911s] Level 1:colcon.colcon_core.package_identification:_identify(src/image_processing) by extensions ['python_setup_py']
[2.911s] Level 1:colcon.colcon_core.package_identification:_identify(src/image_processing) by extension 'python_setup_py'
[2.911s] Level 1:colcon.colcon_core.package_identification:_identify(src/map_generator) by extensions ['ignore', 'ignore_ament_install']
[2.911s] Level 1:colcon.colcon_core.package_identification:_identify(src/map_generator) by extension 'ignore'
[2.912s] Level 1:colcon.colcon_core.package_identification:_identify(src/map_generator) by extension 'ignore_ament_install'
[2.912s] Level 1:colcon.colcon_core.package_identification:_identify(src/map_generator) by extensions ['colcon_pkg']
[2.912s] Level 1:colcon.colcon_core.package_identification:_identify(src/map_generator) by extension 'colcon_pkg'
[2.912s] Level 1:colcon.colcon_core.package_identification:_identify(src/map_generator) by extensions ['colcon_meta']
[2.912s] Level 1:colcon.colcon_core.package_identification:_identify(src/map_generator) by extension 'colcon_meta'
[2.912s] Level 1:colcon.colcon_core.package_identification:_identify(src/map_generator) by extensions ['ros']
[2.912s] Level 1:colcon.colcon_core.package_identification:_identify(src/map_generator) by extension 'ros'
[2.912s] Level 1:colcon.colcon_core.package_identification:_identify(src/map_generator) by extensions ['cmake', 'python']
[2.912s] Level 1:colcon.colcon_core.package_identification:_identify(src/map_generator) by extension 'cmake'
[2.912s] Level 1:colcon.colcon_core.package_identification:_identify(src/map_generator) by extension 'python'
[2.912s] Level 1:colcon.colcon_core.package_identification:_identify(src/map_generator) by extensions ['python_setup_py']
[2.913s] Level 1:colcon.colcon_core.package_identification:_identify(src/map_generator) by extension 'python_setup_py'
[2.913s] Level 1:colcon.colcon_core.package_discovery:discover_packages(recursive) using defaults
[2.913s] Level 1:colcon.colcon_core.package_discovery:discover_packages(ignore) discover
[2.913s] Level 1:colcon.colcon_core.package_discovery:discover_packages(ignore) using defaults
[2.913s] Level 1:colcon.colcon_core.package_discovery:discover_packages(path) discover
[2.913s] Level 1:colcon.colcon_core.package_discovery:discover_packages(path) using defaults
[3.161s] Level 1:colcon.colcon_core.package_discovery:discover_packages(prefix_path) check parameters
[3.162s] Level 1:colcon.colcon_core.package_discovery:discover_packages(prefix_path) discover
[3.252s] DEBUG:colcon.colcon_installed_package_information.package_discovery:Found 7 installed packages in /home/enio/develop_fer/ros2_ws/install
[3.307s] DEBUG:colcon.colcon_installed_package_information.package_discovery:Found 26 installed packages in /home/enio/develop_mcoe/ros2_ws/install
[3.349s] DEBUG:colcon.colcon_installed_package_information.package_discovery:Found 271 installed packages in /opt/ros/humble
[3.353s] Level 1:colcon.colcon_core.package_discovery:discover_packages(prefix_path) using defaults
[3.582s] INFO:colcon.colcon_core.executor:Executing jobs using 'parallel' executor
[3.623s] DEBUG:colcon.colcon_parallel_executor.executor.parallel:run_until_complete
[3.623s] DEBUG:colcon.colcon_parallel_executor.executor.parallel:closing loop
[3.623s] DEBUG:colcon.colcon_parallel_executor.executor.parallel:loop closed
[3.623s] DEBUG:colcon.colcon_parallel_executor.executor.parallel:run_until_complete finished with '0'
[3.623s] DEBUG:colcon.colcon_core.event_reactor:joining thread
[3.683s] INFO:colcon.colcon_core.plugin_system:Skipping extension 'colcon_notification.desktop_notification.terminal_notifier': Not used on non-Darwin systems
[3.683s] INFO:colcon.colcon_core.plugin_system:Skipping extension 'colcon_notification.desktop_notification.win32': Not used on non-Windows systems
[3.683s] INFO:colcon.colcon_notification.desktop_notification:Sending desktop notification using 'notify2'
[3.718s] DEBUG:colcon.colcon_core.event_reactor:joined thread
[3.765s] INFO:colcon.colcon_core.plugin_system:Skipping extension 'colcon_core.shell.bat': Not used on non-Windows systems
[3.766s] INFO:colcon.colcon_core.shell:Creating prefix script '/home/enio/develop_fer/path_planning/Model-informed-path-planning-and-control-for-autonomous-vessels/install/local_setup.ps1'
[3.768s] INFO:colcon.colcon_core.shell:Creating prefix util module '/home/enio/develop_fer/path_planning/Model-informed-path-planning-and-control-for-autonomous-vessels/install/_local_setup_util_ps1.py'
[3.770s] INFO:colcon.colcon_core.shell:Creating prefix chain script '/home/enio/develop_fer/path_planning/Model-informed-path-planning-and-control-for-autonomous-vessels/install/setup.ps1'
[3.816s] INFO:colcon.colcon_core.shell:Creating prefix script '/home/enio/develop_fer/path_planning/Model-informed-path-planning-and-control-for-autonomous-vessels/install/local_setup.sh'
[3.817s] INFO:colcon.colcon_core.shell:Creating prefix util module '/home/enio/develop_fer/path_planning/Model-informed-path-planning-and-control-for-autonomous-vessels/install/_local_setup_util_sh.py'
[3.817s] INFO:colcon.colcon_core.shell:Creating prefix chain script '/home/enio/develop_fer/path_planning/Model-informed-path-planning-and-control-for-autonomous-vessels/install/setup.sh'
[3.863s] INFO:colcon.colcon_core.shell:Creating prefix script '/home/enio/develop_fer/path_planning/Model-informed-path-planning-and-control-for-autonomous-vessels/install/local_setup.bash'
[3.863s] INFO:colcon.colcon_core.shell:Creating prefix chain script '/home/enio/develop_fer/path_planning/Model-informed-path-planning-and-control-for-autonomous-vessels/install/setup.bash'
[3.909s] INFO:colcon.colcon_core.shell:Creating prefix script '/home/enio/develop_fer/path_planning/Model-informed-path-planning-and-control-for-autonomous-vessels/install/local_setup.zsh'
[3.910s] INFO:colcon.colcon_core.shell:Creating prefix chain script '/home/enio/develop_fer/path_planning/Model-informed-path-planning-and-control-for-autonomous-vessels/install/setup.zsh'
