[0.054s] DEBUG:colcon:Command line arguments: ['/usr/bin/colcon', 'build']
[0.054s] DEBUG:colcon:Parsed command line arguments: Namespace(log_base=None, log_level=None, verb_name='build', build_base='build', install_base='install', merge_install=False, symlink_install=False, test_result_base=None, continue_on_error=False, executor='parallel', parallel_workers=20, event_handlers=None, ignore_user_meta=False, metas=['./colcon.meta'], base_paths=['.'], packages_ignore=None, packages_ignore_regex=None, paths=None, packages_up_to=None, packages_up_to_regex=None, packages_above=None, packages_above_and_dependencies=None, packages_above_depth=None, packages_select_by_dep=None, packages_skip_by_dep=None, packages_skip_up_to=None, packages_select_build_failed=False, packages_skip_build_finished=False, packages_select_test_failures=False, packages_skip_test_passed=False, packages_select=None, packages_skip=None, packages_select_regex=None, packages_skip_regex=None, packages_start=None, packages_end=None, allow_overriding=[], cmake_args=None, cmake_target=None, cmake_target_skip_unavailable=False, cmake_clean_cache=False, cmake_clean_first=False, cmake_force_configure=False, ament_cmake_args=None, catkin_cmake_args=None, catkin_skip_building_tests=False, mixin_files=None, mixin=None, verb_parser=<colcon_mixin.mixin.mixin_argument.MixinArgumentDecorator object at 0x77a51a947640>, verb_extension=<colcon_core.verb.build.BuildVerb object at 0x77a51a900d30>, main=<bound method BuildVerb.main of <colcon_core.verb.build.BuildVerb object at 0x77a51a900d30>>, mixin_verb=('build',))
[0.141s] Level 1:colcon.colcon_core.package_discovery:discover_packages(colcon_meta) check parameters
[0.141s] Level 1:colcon.colcon_core.package_discovery:discover_packages(recursive) check parameters
[0.141s] Level 1:colcon.colcon_core.package_discovery:discover_packages(ignore) check parameters
[0.141s] Level 1:colcon.colcon_core.package_discovery:discover_packages(path) check parameters
[0.141s] Level 1:colcon.colcon_core.package_discovery:discover_packages(colcon_meta) discover
[0.141s] Level 1:colcon.colcon_core.package_discovery:discover_packages(recursive) discover
[0.141s] INFO:colcon.colcon_core.package_discovery:Crawling recursively for packages in '/home/enio/develop_fer/Model-Informed-Path-Planning/path_planning_ws'
[0.141s] Level 1:colcon.colcon_core.package_identification:_identify(.) by extensions ['ignore', 'ignore_ament_install']
[0.141s] Level 1:colcon.colcon_core.package_identification:_identify(.) by extension 'ignore'
[0.141s] Level 1:colcon.colcon_core.package_identification:_identify(.) by extension 'ignore_ament_install'
[0.141s] Level 1:colcon.colcon_core.package_identification:_identify(.) by extensions ['colcon_pkg']
[0.141s] Level 1:colcon.colcon_core.package_identification:_identify(.) by extension 'colcon_pkg'
[0.141s] Level 1:colcon.colcon_core.package_identification:_identify(.) by extensions ['colcon_meta']
[0.141s] Level 1:colcon.colcon_core.package_identification:_identify(.) by extension 'colcon_meta'
[0.141s] Level 1:colcon.colcon_core.package_identification:_identify(.) by extensions ['ros']
[0.141s] Level 1:colcon.colcon_core.package_identification:_identify(.) by extension 'ros'
[0.151s] Level 1:colcon.colcon_core.package_identification:_identify(.) by extensions ['cmake', 'python']
[0.151s] Level 1:colcon.colcon_core.package_identification:_identify(.) by extension 'cmake'
[0.151s] Level 1:colcon.colcon_core.package_identification:_identify(.) by extension 'python'
[0.151s] Level 1:colcon.colcon_core.package_identification:_identify(.) by extensions ['python_setup_py']
[0.151s] Level 1:colcon.colcon_core.package_identification:_identify(.) by extension 'python_setup_py'
[0.151s] Level 1:colcon.colcon_core.package_identification:_identify(build) by extensions ['ignore', 'ignore_ament_install']
[0.151s] Level 1:colcon.colcon_core.package_identification:_identify(build) by extension 'ignore'
[0.151s] Level 1:colcon.colcon_core.package_identification:_identify(build) ignored
[0.151s] Level 1:colcon.colcon_core.package_identification:_identify(install) by extensions ['ignore', 'ignore_ament_install']
[0.151s] Level 1:colcon.colcon_core.package_identification:_identify(install) by extension 'ignore'
[0.151s] Level 1:colcon.colcon_core.package_identification:_identify(install) ignored
[0.151s] Level 1:colcon.colcon_core.package_identification:_identify(log) by extensions ['ignore', 'ignore_ament_install']
[0.151s] Level 1:colcon.colcon_core.package_identification:_identify(log) by extension 'ignore'
[0.151s] Level 1:colcon.colcon_core.package_identification:_identify(log) ignored
[0.151s] Level 1:colcon.colcon_core.package_identification:_identify(src) by extensions ['ignore', 'ignore_ament_install']
[0.151s] Level 1:colcon.colcon_core.package_identification:_identify(src) by extension 'ignore'
[0.151s] Level 1:colcon.colcon_core.package_identification:_identify(src) by extension 'ignore_ament_install'
[0.151s] Level 1:colcon.colcon_core.package_identification:_identify(src) by extensions ['colcon_pkg']
[0.151s] Level 1:colcon.colcon_core.package_identification:_identify(src) by extension 'colcon_pkg'
[0.152s] Level 1:colcon.colcon_core.package_identification:_identify(src) by extensions ['colcon_meta']
[0.152s] Level 1:colcon.colcon_core.package_identification:_identify(src) by extension 'colcon_meta'
[0.152s] Level 1:colcon.colcon_core.package_identification:_identify(src) by extensions ['ros']
[0.152s] Level 1:colcon.colcon_core.package_identification:_identify(src) by extension 'ros'
[0.152s] Level 1:colcon.colcon_core.package_identification:_identify(src) by extensions ['cmake', 'python']
[0.152s] Level 1:colcon.colcon_core.package_identification:_identify(src) by extension 'cmake'
[0.152s] Level 1:colcon.colcon_core.package_identification:_identify(src) by extension 'python'
[0.152s] Level 1:colcon.colcon_core.package_identification:_identify(src) by extensions ['python_setup_py']
[0.152s] Level 1:colcon.colcon_core.package_identification:_identify(src) by extension 'python_setup_py'
[0.152s] Level 1:colcon.colcon_core.package_identification:_identify(src/map_maker) by extensions ['ignore', 'ignore_ament_install']
[0.152s] Level 1:colcon.colcon_core.package_identification:_identify(src/map_maker) by extension 'ignore'
[0.152s] Level 1:colcon.colcon_core.package_identification:_identify(src/map_maker) by extension 'ignore_ament_install'
[0.152s] Level 1:colcon.colcon_core.package_identification:_identify(src/map_maker) by extensions ['colcon_pkg']
[0.152s] Level 1:colcon.colcon_core.package_identification:_identify(src/map_maker) by extension 'colcon_pkg'
[0.152s] Level 1:colcon.colcon_core.package_identification:_identify(src/map_maker) by extensions ['colcon_meta']
[0.152s] Level 1:colcon.colcon_core.package_identification:_identify(src/map_maker) by extension 'colcon_meta'
[0.152s] Level 1:colcon.colcon_core.package_identification:_identify(src/map_maker) by extensions ['ros']
[0.152s] Level 1:colcon.colcon_core.package_identification:_identify(src/map_maker) by extension 'ros'
[0.153s] DEBUG:colcon.colcon_core.package_identification:Package 'src/map_maker' with type 'ros.ament_python' and name 'map_maker'
[0.153s] Level 1:colcon.colcon_core.package_identification:_identify(src/path_planning_action) by extensions ['ignore', 'ignore_ament_install']
[0.153s] Level 1:colcon.colcon_core.package_identification:_identify(src/path_planning_action) by extension 'ignore'
[0.153s] Level 1:colcon.colcon_core.package_identification:_identify(src/path_planning_action) by extension 'ignore_ament_install'
[0.153s] Level 1:colcon.colcon_core.package_identification:_identify(src/path_planning_action) by extensions ['colcon_pkg']
[0.153s] Level 1:colcon.colcon_core.package_identification:_identify(src/path_planning_action) by extension 'colcon_pkg'
[0.153s] Level 1:colcon.colcon_core.package_identification:_identify(src/path_planning_action) by extensions ['colcon_meta']
[0.153s] Level 1:colcon.colcon_core.package_identification:_identify(src/path_planning_action) by extension 'colcon_meta'
[0.153s] Level 1:colcon.colcon_core.package_identification:_identify(src/path_planning_action) by extensions ['ros']
[0.153s] Level 1:colcon.colcon_core.package_identification:_identify(src/path_planning_action) by extension 'ros'
[0.154s] DEBUG:colcon.colcon_core.package_identification:Package 'src/path_planning_action' with type 'ros.ament_python' and name 'path_planning_action'
[0.154s] Level 1:colcon.colcon_core.package_identification:_identify(src/path_planning_server) by extensions ['ignore', 'ignore_ament_install']
[0.154s] Level 1:colcon.colcon_core.package_identification:_identify(src/path_planning_server) by extension 'ignore'
[0.154s] Level 1:colcon.colcon_core.package_identification:_identify(src/path_planning_server) by extension 'ignore_ament_install'
[0.154s] Level 1:colcon.colcon_core.package_identification:_identify(src/path_planning_server) by extensions ['colcon_pkg']
[0.154s] Level 1:colcon.colcon_core.package_identification:_identify(src/path_planning_server) by extension 'colcon_pkg'
[0.154s] Level 1:colcon.colcon_core.package_identification:_identify(src/path_planning_server) by extensions ['colcon_meta']
[0.154s] Level 1:colcon.colcon_core.package_identification:_identify(src/path_planning_server) by extension 'colcon_meta'
[0.154s] Level 1:colcon.colcon_core.package_identification:_identify(src/path_planning_server) by extensions ['ros']
[0.154s] Level 1:colcon.colcon_core.package_identification:_identify(src/path_planning_server) by extension 'ros'
[0.154s] DEBUG:colcon.colcon_core.package_identification:Package 'src/path_planning_server' with type 'ros.ament_python' and name 'path_planning_server'
[0.154s] Level 1:colcon.colcon_core.package_identification:_identify(src/user_action_interfaces) by extensions ['ignore', 'ignore_ament_install']
[0.154s] Level 1:colcon.colcon_core.package_identification:_identify(src/user_action_interfaces) by extension 'ignore'
[0.154s] Level 1:colcon.colcon_core.package_identification:_identify(src/user_action_interfaces) by extension 'ignore_ament_install'
[0.154s] Level 1:colcon.colcon_core.package_identification:_identify(src/user_action_interfaces) by extensions ['colcon_pkg']
[0.154s] Level 1:colcon.colcon_core.package_identification:_identify(src/user_action_interfaces) by extension 'colcon_pkg'
[0.154s] Level 1:colcon.colcon_core.package_identification:_identify(src/user_action_interfaces) by extensions ['colcon_meta']
[0.154s] Level 1:colcon.colcon_core.package_identification:_identify(src/user_action_interfaces) by extension 'colcon_meta'
[0.154s] Level 1:colcon.colcon_core.package_identification:_identify(src/user_action_interfaces) by extensions ['ros']
[0.154s] Level 1:colcon.colcon_core.package_identification:_identify(src/user_action_interfaces) by extension 'ros'
[0.155s] DEBUG:colcon.colcon_core.package_identification:Package 'src/user_action_interfaces' with type 'ros.ament_cmake' and name 'user_action_interfaces'
[0.155s] Level 1:colcon.colcon_core.package_discovery:discover_packages(recursive) using defaults
[0.155s] Level 1:colcon.colcon_core.package_discovery:discover_packages(ignore) discover
[0.155s] Level 1:colcon.colcon_core.package_discovery:discover_packages(ignore) using defaults
[0.155s] Level 1:colcon.colcon_core.package_discovery:discover_packages(path) discover
[0.155s] Level 1:colcon.colcon_core.package_discovery:discover_packages(path) using defaults
[0.165s] Level 1:colcon.colcon_core.package_discovery:discover_packages(prefix_path) check parameters
[0.165s] Level 1:colcon.colcon_core.package_discovery:discover_packages(prefix_path) discover
[0.165s] WARNING:colcon.colcon_ros.prefix_path.ament:The path '/home/enio/develop_fer/Model-Informed-Path-Planning/path_planning_ws/install/user_action_interfaces' in the environment variable AMENT_PREFIX_PATH doesn't exist
[0.165s] WARNING:colcon.colcon_ros.prefix_path.ament:The path '/home/enio/develop_fer/Model-Informed-Path-Planning/path_planning_ws/install/path_planning_server' in the environment variable AMENT_PREFIX_PATH doesn't exist
[0.165s] WARNING:colcon.colcon_ros.prefix_path.ament:The path '/home/enio/develop_fer/Model-Informed-Path-Planning/path_planning_ws/install/path_planning_action' in the environment variable AMENT_PREFIX_PATH doesn't exist
[0.165s] WARNING:colcon.colcon_ros.prefix_path.ament:The path '/home/enio/develop_fer/Model-Informed-Path-Planning/path_planning_ws/install/map_maker' in the environment variable AMENT_PREFIX_PATH doesn't exist
[0.165s] WARNING:colcon.colcon_ros.prefix_path.catkin:The path '/home/enio/develop_fer/Model-Informed-Path-Planning/path_planning_ws/install/user_action_interfaces' in the environment variable CMAKE_PREFIX_PATH doesn't exist
[0.165s] DEBUG:colcon.colcon_installed_package_information.package_discovery:Found 0 installed packages in /home/enio/develop_fer/Model-Informed-Path-Planning/path_planning_ws/install
[0.166s] DEBUG:colcon.colcon_installed_package_information.package_discovery:Found 331 installed packages in /opt/ros/iron
[0.167s] Level 1:colcon.colcon_core.package_discovery:discover_packages(prefix_path) using defaults
[0.189s] Level 5:colcon.colcon_core.verb:set package 'map_maker' build argument 'cmake_args' from command line to 'None'
[0.189s] Level 5:colcon.colcon_core.verb:set package 'map_maker' build argument 'cmake_target' from command line to 'None'
[0.189s] Level 5:colcon.colcon_core.verb:set package 'map_maker' build argument 'cmake_target_skip_unavailable' from command line to 'False'
[0.189s] Level 5:colcon.colcon_core.verb:set package 'map_maker' build argument 'cmake_clean_cache' from command line to 'False'
[0.189s] Level 5:colcon.colcon_core.verb:set package 'map_maker' build argument 'cmake_clean_first' from command line to 'False'
[0.189s] Level 5:colcon.colcon_core.verb:set package 'map_maker' build argument 'cmake_force_configure' from command line to 'False'
[0.189s] Level 5:colcon.colcon_core.verb:set package 'map_maker' build argument 'ament_cmake_args' from command line to 'None'
[0.189s] Level 5:colcon.colcon_core.verb:set package 'map_maker' build argument 'catkin_cmake_args' from command line to 'None'
[0.189s] Level 5:colcon.colcon_core.verb:set package 'map_maker' build argument 'catkin_skip_building_tests' from command line to 'False'
[0.189s] DEBUG:colcon.colcon_core.verb:Building package 'map_maker' with the following arguments: {'ament_cmake_args': None, 'build_base': '/home/enio/develop_fer/Model-Informed-Path-Planning/path_planning_ws/build/map_maker', 'catkin_cmake_args': None, 'catkin_skip_building_tests': False, 'cmake_args': None, 'cmake_clean_cache': False, 'cmake_clean_first': False, 'cmake_force_configure': False, 'cmake_target': None, 'cmake_target_skip_unavailable': False, 'install_base': '/home/enio/develop_fer/Model-Informed-Path-Planning/path_planning_ws/install/map_maker', 'merge_install': False, 'path': '/home/enio/develop_fer/Model-Informed-Path-Planning/path_planning_ws/src/map_maker', 'symlink_install': False, 'test_result_base': None}
[0.189s] Level 5:colcon.colcon_core.verb:set package 'path_planning_action' build argument 'cmake_args' from command line to 'None'
[0.189s] Level 5:colcon.colcon_core.verb:set package 'path_planning_action' build argument 'cmake_target' from command line to 'None'
[0.189s] Level 5:colcon.colcon_core.verb:set package 'path_planning_action' build argument 'cmake_target_skip_unavailable' from command line to 'False'
[0.189s] Level 5:colcon.colcon_core.verb:set package 'path_planning_action' build argument 'cmake_clean_cache' from command line to 'False'
[0.189s] Level 5:colcon.colcon_core.verb:set package 'path_planning_action' build argument 'cmake_clean_first' from command line to 'False'
[0.189s] Level 5:colcon.colcon_core.verb:set package 'path_planning_action' build argument 'cmake_force_configure' from command line to 'False'
[0.189s] Level 5:colcon.colcon_core.verb:set package 'path_planning_action' build argument 'ament_cmake_args' from command line to 'None'
[0.189s] Level 5:colcon.colcon_core.verb:set package 'path_planning_action' build argument 'catkin_cmake_args' from command line to 'None'
[0.189s] Level 5:colcon.colcon_core.verb:set package 'path_planning_action' build argument 'catkin_skip_building_tests' from command line to 'False'
[0.189s] DEBUG:colcon.colcon_core.verb:Building package 'path_planning_action' with the following arguments: {'ament_cmake_args': None, 'build_base': '/home/enio/develop_fer/Model-Informed-Path-Planning/path_planning_ws/build/path_planning_action', 'catkin_cmake_args': None, 'catkin_skip_building_tests': False, 'cmake_args': None, 'cmake_clean_cache': False, 'cmake_clean_first': False, 'cmake_force_configure': False, 'cmake_target': None, 'cmake_target_skip_unavailable': False, 'install_base': '/home/enio/develop_fer/Model-Informed-Path-Planning/path_planning_ws/install/path_planning_action', 'merge_install': False, 'path': '/home/enio/develop_fer/Model-Informed-Path-Planning/path_planning_ws/src/path_planning_action', 'symlink_install': False, 'test_result_base': None}
[0.189s] Level 5:colcon.colcon_core.verb:set package 'path_planning_server' build argument 'cmake_args' from command line to 'None'
[0.189s] Level 5:colcon.colcon_core.verb:set package 'path_planning_server' build argument 'cmake_target' from command line to 'None'
[0.189s] Level 5:colcon.colcon_core.verb:set package 'path_planning_server' build argument 'cmake_target_skip_unavailable' from command line to 'False'
[0.189s] Level 5:colcon.colcon_core.verb:set package 'path_planning_server' build argument 'cmake_clean_cache' from command line to 'False'
[0.189s] Level 5:colcon.colcon_core.verb:set package 'path_planning_server' build argument 'cmake_clean_first' from command line to 'False'
[0.189s] Level 5:colcon.colcon_core.verb:set package 'path_planning_server' build argument 'cmake_force_configure' from command line to 'False'
[0.189s] Level 5:colcon.colcon_core.verb:set package 'path_planning_server' build argument 'ament_cmake_args' from command line to 'None'
[0.189s] Level 5:colcon.colcon_core.verb:set package 'path_planning_server' build argument 'catkin_cmake_args' from command line to 'None'
[0.189s] Level 5:colcon.colcon_core.verb:set package 'path_planning_server' build argument 'catkin_skip_building_tests' from command line to 'False'
[0.190s] DEBUG:colcon.colcon_core.verb:Building package 'path_planning_server' with the following arguments: {'ament_cmake_args': None, 'build_base': '/home/enio/develop_fer/Model-Informed-Path-Planning/path_planning_ws/build/path_planning_server', 'catkin_cmake_args': None, 'catkin_skip_building_tests': False, 'cmake_args': None, 'cmake_clean_cache': False, 'cmake_clean_first': False, 'cmake_force_configure': False, 'cmake_target': None, 'cmake_target_skip_unavailable': False, 'install_base': '/home/enio/develop_fer/Model-Informed-Path-Planning/path_planning_ws/install/path_planning_server', 'merge_install': False, 'path': '/home/enio/develop_fer/Model-Informed-Path-Planning/path_planning_ws/src/path_planning_server', 'symlink_install': False, 'test_result_base': None}
[0.190s] Level 5:colcon.colcon_core.verb:set package 'user_action_interfaces' build argument 'cmake_args' from command line to 'None'
[0.190s] Level 5:colcon.colcon_core.verb:set package 'user_action_interfaces' build argument 'cmake_target' from command line to 'None'
[0.190s] Level 5:colcon.colcon_core.verb:set package 'user_action_interfaces' build argument 'cmake_target_skip_unavailable' from command line to 'False'
[0.190s] Level 5:colcon.colcon_core.verb:set package 'user_action_interfaces' build argument 'cmake_clean_cache' from command line to 'False'
[0.190s] Level 5:colcon.colcon_core.verb:set package 'user_action_interfaces' build argument 'cmake_clean_first' from command line to 'False'
[0.190s] Level 5:colcon.colcon_core.verb:set package 'user_action_interfaces' build argument 'cmake_force_configure' from command line to 'False'
[0.190s] Level 5:colcon.colcon_core.verb:set package 'user_action_interfaces' build argument 'ament_cmake_args' from command line to 'None'
[0.190s] Level 5:colcon.colcon_core.verb:set package 'user_action_interfaces' build argument 'catkin_cmake_args' from command line to 'None'
[0.190s] Level 5:colcon.colcon_core.verb:set package 'user_action_interfaces' build argument 'catkin_skip_building_tests' from command line to 'False'
[0.190s] DEBUG:colcon.colcon_core.verb:Building package 'user_action_interfaces' with the following arguments: {'ament_cmake_args': None, 'build_base': '/home/enio/develop_fer/Model-Informed-Path-Planning/path_planning_ws/build/user_action_interfaces', 'catkin_cmake_args': None, 'catkin_skip_building_tests': False, 'cmake_args': None, 'cmake_clean_cache': False, 'cmake_clean_first': False, 'cmake_force_configure': False, 'cmake_target': None, 'cmake_target_skip_unavailable': False, 'install_base': '/home/enio/develop_fer/Model-Informed-Path-Planning/path_planning_ws/install/user_action_interfaces', 'merge_install': False, 'path': '/home/enio/develop_fer/Model-Informed-Path-Planning/path_planning_ws/src/user_action_interfaces', 'symlink_install': False, 'test_result_base': None}
[0.190s] INFO:colcon.colcon_core.executor:Executing jobs using 'parallel' executor
[0.190s] DEBUG:colcon.colcon_parallel_executor.executor.parallel:run_until_complete
[0.191s] INFO:colcon.colcon_ros.task.ament_python.build:Building ROS package in '/home/enio/develop_fer/Model-Informed-Path-Planning/path_planning_ws/src/map_maker' with build type 'ament_python'
[0.191s] Level 1:colcon.colcon_core.shell:create_environment_hook('map_maker', 'ament_prefix_path')
[0.192s] INFO:colcon.colcon_core.plugin_system:Skipping extension 'colcon_core.shell.bat': Not used on non-Windows systems
[0.192s] INFO:colcon.colcon_core.shell:Creating environment hook '/home/enio/develop_fer/Model-Informed-Path-Planning/path_planning_ws/install/map_maker/share/map_maker/hook/ament_prefix_path.ps1'
[0.192s] INFO:colcon.colcon_core.shell:Creating environment descriptor '/home/enio/develop_fer/Model-Informed-Path-Planning/path_planning_ws/install/map_maker/share/map_maker/hook/ament_prefix_path.dsv'
[0.193s] INFO:colcon.colcon_core.shell:Creating environment hook '/home/enio/develop_fer/Model-Informed-Path-Planning/path_planning_ws/install/map_maker/share/map_maker/hook/ament_prefix_path.sh'
[0.193s] INFO:colcon.colcon_core.shell:Skip shell extension 'powershell' for command environment: Not usable outside of PowerShell
[0.193s] DEBUG:colcon.colcon_core.shell:Skip shell extension 'dsv' for command environment
[0.195s] INFO:colcon.colcon_ros.task.ament_python.build:Building ROS package in '/home/enio/develop_fer/Model-Informed-Path-Planning/path_planning_ws/src/path_planning_action' with build type 'ament_python'
[0.195s] Level 1:colcon.colcon_core.shell:create_environment_hook('path_planning_action', 'ament_prefix_path')
[0.195s] INFO:colcon.colcon_core.shell:Creating environment hook '/home/enio/develop_fer/Model-Informed-Path-Planning/path_planning_ws/install/path_planning_action/share/path_planning_action/hook/ament_prefix_path.ps1'
[0.195s] INFO:colcon.colcon_core.shell:Creating environment descriptor '/home/enio/develop_fer/Model-Informed-Path-Planning/path_planning_ws/install/path_planning_action/share/path_planning_action/hook/ament_prefix_path.dsv'
[0.195s] INFO:colcon.colcon_core.shell:Creating environment hook '/home/enio/develop_fer/Model-Informed-Path-Planning/path_planning_ws/install/path_planning_action/share/path_planning_action/hook/ament_prefix_path.sh'
[0.195s] INFO:colcon.colcon_core.shell:Skip shell extension 'powershell' for command environment: Not usable outside of PowerShell
[0.195s] DEBUG:colcon.colcon_core.shell:Skip shell extension 'dsv' for command environment
[0.197s] INFO:colcon.colcon_ros.task.ament_python.build:Building ROS package in '/home/enio/develop_fer/Model-Informed-Path-Planning/path_planning_ws/src/path_planning_server' with build type 'ament_python'
[0.197s] Level 1:colcon.colcon_core.shell:create_environment_hook('path_planning_server', 'ament_prefix_path')
[0.197s] INFO:colcon.colcon_core.shell:Creating environment hook '/home/enio/develop_fer/Model-Informed-Path-Planning/path_planning_ws/install/path_planning_server/share/path_planning_server/hook/ament_prefix_path.ps1'
[0.197s] INFO:colcon.colcon_core.shell:Creating environment descriptor '/home/enio/develop_fer/Model-Informed-Path-Planning/path_planning_ws/install/path_planning_server/share/path_planning_server/hook/ament_prefix_path.dsv'
[0.197s] INFO:colcon.colcon_core.shell:Creating environment hook '/home/enio/develop_fer/Model-Informed-Path-Planning/path_planning_ws/install/path_planning_server/share/path_planning_server/hook/ament_prefix_path.sh'
[0.198s] INFO:colcon.colcon_core.shell:Skip shell extension 'powershell' for command environment: Not usable outside of PowerShell
[0.198s] DEBUG:colcon.colcon_core.shell:Skip shell extension 'dsv' for command environment
[0.199s] INFO:colcon.colcon_ros.task.ament_cmake.build:Building ROS package in '/home/enio/develop_fer/Model-Informed-Path-Planning/path_planning_ws/src/user_action_interfaces' with build type 'ament_cmake'
[0.199s] INFO:colcon.colcon_cmake.task.cmake.build:Building CMake package in '/home/enio/develop_fer/Model-Informed-Path-Planning/path_planning_ws/src/user_action_interfaces'
[0.199s] INFO:colcon.colcon_core.shell:Skip shell extension 'powershell' for command environment: Not usable outside of PowerShell
[0.199s] DEBUG:colcon.colcon_core.shell:Skip shell extension 'dsv' for command environment
[0.326s] INFO:colcon.colcon_core.task.python.build:Building Python package in '/home/enio/develop_fer/Model-Informed-Path-Planning/path_planning_ws/src/map_maker'
[0.326s] INFO:colcon.colcon_core.shell:Skip shell extension 'powershell' for command environment: Not usable outside of PowerShell
[0.326s] DEBUG:colcon.colcon_core.shell:Skip shell extension 'dsv' for command environment
[0.450s] INFO:colcon.colcon_core.task.python.build:Building Python package in '/home/enio/develop_fer/Model-Informed-Path-Planning/path_planning_ws/src/path_planning_action'
[0.450s] INFO:colcon.colcon_core.shell:Skip shell extension 'powershell' for command environment: Not usable outside of PowerShell
[0.450s] DEBUG:colcon.colcon_core.shell:Skip shell extension 'dsv' for command environment
[0.577s] INFO:colcon.colcon_core.task.python.build:Building Python package in '/home/enio/develop_fer/Model-Informed-Path-Planning/path_planning_ws/src/path_planning_server'
[0.577s] INFO:colcon.colcon_core.shell:Skip shell extension 'powershell' for command environment: Not usable outside of PowerShell
[0.577s] DEBUG:colcon.colcon_core.shell:Skip shell extension 'dsv' for command environment
[0.583s] DEBUG:colcon.colcon_core.event_handler.log_command:Invoking command in '/home/enio/develop_fer/Model-Informed-Path-Planning/path_planning_ws/build/user_action_interfaces': CMAKE_PREFIX_PATH=${CMAKE_PREFIX_PATH}:/home/enio/develop_fer/Model-Informed-Path-Planning/path_planning_ws/install/path_planning_server:/home/enio/develop_fer/Model-Informed-Path-Planning/path_planning_ws/install/path_planning_action:/home/enio/develop_fer/Model-Informed-Path-Planning/path_planning_ws/install/map_maker:/opt/ros/iron /usr/bin/cmake /home/enio/develop_fer/Model-Informed-Path-Planning/path_planning_ws/src/user_action_interfaces -DCMAKE_INSTALL_PREFIX=/home/enio/develop_fer/Model-Informed-Path-Planning/path_planning_ws/install/user_action_interfaces
[0.757s] DEBUG:colcon.colcon_core.event_handler.log_command:Invoking command in '/home/enio/develop_fer/Model-Informed-Path-Planning/path_planning_ws/src/map_maker': PYTHONPATH=/home/enio/develop_fer/Model-Informed-Path-Planning/path_planning_ws/build/map_maker/prefix_override:/home/enio/develop_fer/Model-Informed-Path-Planning/path_planning_ws/install/map_maker/lib/python3.10/site-packages:${PYTHONPATH} /usr/bin/python3 -W ignore:setup.py install is deprecated setup.py egg_info --egg-base ../../build/map_maker build --build-base /home/enio/develop_fer/Model-Informed-Path-Planning/path_planning_ws/build/map_maker/build install --record /home/enio/develop_fer/Model-Informed-Path-Planning/path_planning_ws/build/map_maker/install.log --single-version-externally-managed install_data
[0.759s] DEBUG:colcon.colcon_core.event_handler.log_command:Invoking command in '/home/enio/develop_fer/Model-Informed-Path-Planning/path_planning_ws/src/path_planning_server': PYTHONPATH=/home/enio/develop_fer/Model-Informed-Path-Planning/path_planning_ws/build/path_planning_server/prefix_override:/home/enio/develop_fer/Model-Informed-Path-Planning/path_planning_ws/install/path_planning_server/lib/python3.10/site-packages:${PYTHONPATH} /usr/bin/python3 -W ignore:setup.py install is deprecated setup.py egg_info --egg-base ../../build/path_planning_server build --build-base /home/enio/develop_fer/Model-Informed-Path-Planning/path_planning_ws/build/path_planning_server/build install --record /home/enio/develop_fer/Model-Informed-Path-Planning/path_planning_ws/build/path_planning_server/install.log --single-version-externally-managed install_data
[0.760s] DEBUG:colcon.colcon_core.event_handler.log_command:Invoking command in '/home/enio/develop_fer/Model-Informed-Path-Planning/path_planning_ws/src/path_planning_action': PYTHONPATH=/home/enio/develop_fer/Model-Informed-Path-Planning/path_planning_ws/build/path_planning_action/prefix_override:/home/enio/develop_fer/Model-Informed-Path-Planning/path_planning_ws/install/path_planning_action/lib/python3.10/site-packages:${PYTHONPATH} /usr/bin/python3 -W ignore:setup.py install is deprecated setup.py egg_info --egg-base ../../build/path_planning_action build --build-base /home/enio/develop_fer/Model-Informed-Path-Planning/path_planning_ws/build/path_planning_action/build install --record /home/enio/develop_fer/Model-Informed-Path-Planning/path_planning_ws/build/path_planning_action/install.log --single-version-externally-managed install_data
[0.919s] DEBUG:colcon.colcon_core.event_handler.log_command:Invoked command in '/home/enio/develop_fer/Model-Informed-Path-Planning/path_planning_ws/src/path_planning_action' returned '0': PYTHONPATH=/home/enio/develop_fer/Model-Informed-Path-Planning/path_planning_ws/build/path_planning_action/prefix_override:/home/enio/develop_fer/Model-Informed-Path-Planning/path_planning_ws/install/path_planning_action/lib/python3.10/site-packages:${PYTHONPATH} /usr/bin/python3 -W ignore:setup.py install is deprecated setup.py egg_info --egg-base ../../build/path_planning_action build --build-base /home/enio/develop_fer/Model-Informed-Path-Planning/path_planning_ws/build/path_planning_action/build install --record /home/enio/develop_fer/Model-Informed-Path-Planning/path_planning_ws/build/path_planning_action/install.log --single-version-externally-managed install_data
[0.920s] Level 1:colcon.colcon_core.environment:checking '/home/enio/develop_fer/Model-Informed-Path-Planning/path_planning_ws/install/path_planning_action' for CMake module files
[0.921s] Level 1:colcon.colcon_core.environment:checking '/home/enio/develop_fer/Model-Informed-Path-Planning/path_planning_ws/install/path_planning_action' for CMake config files
[0.921s] Level 1:colcon.colcon_core.environment:checking '/home/enio/develop_fer/Model-Informed-Path-Planning/path_planning_ws/install/path_planning_action/lib'
[0.921s] Level 1:colcon.colcon_core.environment:checking '/home/enio/develop_fer/Model-Informed-Path-Planning/path_planning_ws/install/path_planning_action/bin'
[0.921s] Level 1:colcon.colcon_core.environment:checking '/home/enio/develop_fer/Model-Informed-Path-Planning/path_planning_ws/install/path_planning_action/lib/pkgconfig/path_planning_action.pc'
[0.921s] Level 1:colcon.colcon_core.environment:checking '/home/enio/develop_fer/Model-Informed-Path-Planning/path_planning_ws/install/path_planning_action/lib/python3.10/site-packages'
[0.921s] Level 1:colcon.colcon_core.shell:create_environment_hook('path_planning_action', 'pythonpath')
[0.922s] INFO:colcon.colcon_core.shell:Creating environment hook '/home/enio/develop_fer/Model-Informed-Path-Planning/path_planning_ws/install/path_planning_action/share/path_planning_action/hook/pythonpath.ps1'
[0.922s] INFO:colcon.colcon_core.shell:Creating environment descriptor '/home/enio/develop_fer/Model-Informed-Path-Planning/path_planning_ws/install/path_planning_action/share/path_planning_action/hook/pythonpath.dsv'
[0.922s] INFO:colcon.colcon_core.shell:Creating environment hook '/home/enio/develop_fer/Model-Informed-Path-Planning/path_planning_ws/install/path_planning_action/share/path_planning_action/hook/pythonpath.sh'
[0.922s] Level 1:colcon.colcon_core.environment:checking '/home/enio/develop_fer/Model-Informed-Path-Planning/path_planning_ws/install/path_planning_action/bin'
[0.922s] Level 1:colcon.colcon_core.environment:create_environment_scripts_only(path_planning_action)
[0.923s] INFO:colcon.colcon_core.shell:Creating package script '/home/enio/develop_fer/Model-Informed-Path-Planning/path_planning_ws/install/path_planning_action/share/path_planning_action/package.ps1'
[0.923s] INFO:colcon.colcon_core.shell:Creating package descriptor '/home/enio/develop_fer/Model-Informed-Path-Planning/path_planning_ws/install/path_planning_action/share/path_planning_action/package.dsv'
[0.924s] INFO:colcon.colcon_core.shell:Creating package script '/home/enio/develop_fer/Model-Informed-Path-Planning/path_planning_ws/install/path_planning_action/share/path_planning_action/package.sh'
[0.924s] INFO:colcon.colcon_core.shell:Creating package script '/home/enio/develop_fer/Model-Informed-Path-Planning/path_planning_ws/install/path_planning_action/share/path_planning_action/package.bash'
[0.924s] INFO:colcon.colcon_core.shell:Creating package script '/home/enio/develop_fer/Model-Informed-Path-Planning/path_planning_ws/install/path_planning_action/share/path_planning_action/package.zsh'
[0.925s] Level 1:colcon.colcon_core.environment:create_file_with_runtime_dependencies(/home/enio/develop_fer/Model-Informed-Path-Planning/path_planning_ws/install/path_planning_action/share/colcon-core/packages/path_planning_action)
[0.926s] Level 1:colcon.colcon_core.environment:checking '/home/enio/develop_fer/Model-Informed-Path-Planning/path_planning_ws/install/path_planning_server' for CMake module files
[0.926s] DEBUG:colcon.colcon_core.event_handler.log_command:Invoked command in '/home/enio/develop_fer/Model-Informed-Path-Planning/path_planning_ws/src/path_planning_server' returned '0': PYTHONPATH=/home/enio/develop_fer/Model-Informed-Path-Planning/path_planning_ws/build/path_planning_server/prefix_override:/home/enio/develop_fer/Model-Informed-Path-Planning/path_planning_ws/install/path_planning_server/lib/python3.10/site-packages:${PYTHONPATH} /usr/bin/python3 -W ignore:setup.py install is deprecated setup.py egg_info --egg-base ../../build/path_planning_server build --build-base /home/enio/develop_fer/Model-Informed-Path-Planning/path_planning_ws/build/path_planning_server/build install --record /home/enio/develop_fer/Model-Informed-Path-Planning/path_planning_ws/build/path_planning_server/install.log --single-version-externally-managed install_data
[0.926s] Level 1:colcon.colcon_core.environment:checking '/home/enio/develop_fer/Model-Informed-Path-Planning/path_planning_ws/install/path_planning_server' for CMake config files
[0.928s] Level 1:colcon.colcon_core.environment:checking '/home/enio/develop_fer/Model-Informed-Path-Planning/path_planning_ws/install/path_planning_server/lib'
[0.928s] Level 1:colcon.colcon_core.environment:checking '/home/enio/develop_fer/Model-Informed-Path-Planning/path_planning_ws/install/path_planning_server/bin'
[0.928s] Level 1:colcon.colcon_core.environment:checking '/home/enio/develop_fer/Model-Informed-Path-Planning/path_planning_ws/install/path_planning_server/lib/pkgconfig/path_planning_server.pc'
[0.928s] Level 1:colcon.colcon_core.environment:checking '/home/enio/develop_fer/Model-Informed-Path-Planning/path_planning_ws/install/path_planning_server/lib/python3.10/site-packages'
[0.928s] Level 1:colcon.colcon_core.shell:create_environment_hook('path_planning_server', 'pythonpath')
[0.928s] INFO:colcon.colcon_core.shell:Creating environment hook '/home/enio/develop_fer/Model-Informed-Path-Planning/path_planning_ws/install/path_planning_server/share/path_planning_server/hook/pythonpath.ps1'
[0.928s] INFO:colcon.colcon_core.shell:Creating environment descriptor '/home/enio/develop_fer/Model-Informed-Path-Planning/path_planning_ws/install/path_planning_server/share/path_planning_server/hook/pythonpath.dsv'
[0.928s] INFO:colcon.colcon_core.shell:Creating environment hook '/home/enio/develop_fer/Model-Informed-Path-Planning/path_planning_ws/install/path_planning_server/share/path_planning_server/hook/pythonpath.sh'
[0.928s] Level 1:colcon.colcon_core.environment:checking '/home/enio/develop_fer/Model-Informed-Path-Planning/path_planning_ws/install/path_planning_server/bin'
[0.928s] Level 1:colcon.colcon_core.environment:create_environment_scripts_only(path_planning_server)
[0.929s] INFO:colcon.colcon_core.shell:Creating package script '/home/enio/develop_fer/Model-Informed-Path-Planning/path_planning_ws/install/path_planning_server/share/path_planning_server/package.ps1'
[0.929s] INFO:colcon.colcon_core.shell:Creating package descriptor '/home/enio/develop_fer/Model-Informed-Path-Planning/path_planning_ws/install/path_planning_server/share/path_planning_server/package.dsv'
[0.929s] INFO:colcon.colcon_core.shell:Creating package script '/home/enio/develop_fer/Model-Informed-Path-Planning/path_planning_ws/install/path_planning_server/share/path_planning_server/package.sh'
[0.929s] INFO:colcon.colcon_core.shell:Creating package script '/home/enio/develop_fer/Model-Informed-Path-Planning/path_planning_ws/install/path_planning_server/share/path_planning_server/package.bash'
[0.930s] INFO:colcon.colcon_core.shell:Creating package script '/home/enio/develop_fer/Model-Informed-Path-Planning/path_planning_ws/install/path_planning_server/share/path_planning_server/package.zsh'
[0.930s] Level 1:colcon.colcon_core.environment:create_file_with_runtime_dependencies(/home/enio/develop_fer/Model-Informed-Path-Planning/path_planning_ws/install/path_planning_server/share/colcon-core/packages/path_planning_server)
[0.998s] Level 1:colcon.colcon_core.environment:checking '/home/enio/develop_fer/Model-Informed-Path-Planning/path_planning_ws/install/map_maker' for CMake module files
[0.998s] DEBUG:colcon.colcon_core.event_handler.log_command:Invoked command in '/home/enio/develop_fer/Model-Informed-Path-Planning/path_planning_ws/src/map_maker' returned '0': PYTHONPATH=/home/enio/develop_fer/Model-Informed-Path-Planning/path_planning_ws/build/map_maker/prefix_override:/home/enio/develop_fer/Model-Informed-Path-Planning/path_planning_ws/install/map_maker/lib/python3.10/site-packages:${PYTHONPATH} /usr/bin/python3 -W ignore:setup.py install is deprecated setup.py egg_info --egg-base ../../build/map_maker build --build-base /home/enio/develop_fer/Model-Informed-Path-Planning/path_planning_ws/build/map_maker/build install --record /home/enio/develop_fer/Model-Informed-Path-Planning/path_planning_ws/build/map_maker/install.log --single-version-externally-managed install_data
[0.998s] Level 1:colcon.colcon_core.environment:checking '/home/enio/develop_fer/Model-Informed-Path-Planning/path_planning_ws/install/map_maker' for CMake config files
[1.000s] Level 1:colcon.colcon_core.environment:checking '/home/enio/develop_fer/Model-Informed-Path-Planning/path_planning_ws/install/map_maker/lib'
[1.000s] Level 1:colcon.colcon_core.environment:checking '/home/enio/develop_fer/Model-Informed-Path-Planning/path_planning_ws/install/map_maker/bin'
[1.000s] Level 1:colcon.colcon_core.environment:checking '/home/enio/develop_fer/Model-Informed-Path-Planning/path_planning_ws/install/map_maker/lib/pkgconfig/map_maker.pc'
[1.000s] Level 1:colcon.colcon_core.environment:checking '/home/enio/develop_fer/Model-Informed-Path-Planning/path_planning_ws/install/map_maker/lib/python3.10/site-packages'
[1.000s] Level 1:colcon.colcon_core.shell:create_environment_hook('map_maker', 'pythonpath')
[1.000s] INFO:colcon.colcon_core.shell:Creating environment hook '/home/enio/develop_fer/Model-Informed-Path-Planning/path_planning_ws/install/map_maker/share/map_maker/hook/pythonpath.ps1'
[1.001s] INFO:colcon.colcon_core.shell:Creating environment descriptor '/home/enio/develop_fer/Model-Informed-Path-Planning/path_planning_ws/install/map_maker/share/map_maker/hook/pythonpath.dsv'
[1.001s] INFO:colcon.colcon_core.shell:Creating environment hook '/home/enio/develop_fer/Model-Informed-Path-Planning/path_planning_ws/install/map_maker/share/map_maker/hook/pythonpath.sh'
[1.001s] Level 1:colcon.colcon_core.environment:checking '/home/enio/develop_fer/Model-Informed-Path-Planning/path_planning_ws/install/map_maker/bin'
[1.001s] Level 1:colcon.colcon_core.environment:create_environment_scripts_only(map_maker)
[1.001s] INFO:colcon.colcon_core.shell:Creating package script '/home/enio/develop_fer/Model-Informed-Path-Planning/path_planning_ws/install/map_maker/share/map_maker/package.ps1'
[1.001s] INFO:colcon.colcon_core.shell:Creating package descriptor '/home/enio/develop_fer/Model-Informed-Path-Planning/path_planning_ws/install/map_maker/share/map_maker/package.dsv'
[1.001s] INFO:colcon.colcon_core.shell:Creating package script '/home/enio/develop_fer/Model-Informed-Path-Planning/path_planning_ws/install/map_maker/share/map_maker/package.sh'
[1.002s] INFO:colcon.colcon_core.shell:Creating package script '/home/enio/develop_fer/Model-Informed-Path-Planning/path_planning_ws/install/map_maker/share/map_maker/package.bash'
[1.002s] INFO:colcon.colcon_core.shell:Creating package script '/home/enio/develop_fer/Model-Informed-Path-Planning/path_planning_ws/install/map_maker/share/map_maker/package.zsh'
[1.002s] Level 1:colcon.colcon_core.environment:create_file_with_runtime_dependencies(/home/enio/develop_fer/Model-Informed-Path-Planning/path_planning_ws/install/map_maker/share/colcon-core/packages/map_maker)
[1.732s] DEBUG:colcon.colcon_core.event_handler.log_command:Invoked command in '/home/enio/develop_fer/Model-Informed-Path-Planning/path_planning_ws/build/user_action_interfaces' returned '0': CMAKE_PREFIX_PATH=${CMAKE_PREFIX_PATH}:/home/enio/develop_fer/Model-Informed-Path-Planning/path_planning_ws/install/path_planning_server:/home/enio/develop_fer/Model-Informed-Path-Planning/path_planning_ws/install/path_planning_action:/home/enio/develop_fer/Model-Informed-Path-Planning/path_planning_ws/install/map_maker:/opt/ros/iron /usr/bin/cmake /home/enio/develop_fer/Model-Informed-Path-Planning/path_planning_ws/src/user_action_interfaces -DCMAKE_INSTALL_PREFIX=/home/enio/develop_fer/Model-Informed-Path-Planning/path_planning_ws/install/user_action_interfaces
[1.732s] DEBUG:colcon.colcon_core.event_handler.log_command:Invoking command in '/home/enio/develop_fer/Model-Informed-Path-Planning/path_planning_ws/build/user_action_interfaces': CMAKE_PREFIX_PATH=${CMAKE_PREFIX_PATH}:/home/enio/develop_fer/Model-Informed-Path-Planning/path_planning_ws/install/path_planning_server:/home/enio/develop_fer/Model-Informed-Path-Planning/path_planning_ws/install/path_planning_action:/home/enio/develop_fer/Model-Informed-Path-Planning/path_planning_ws/install/map_maker:/opt/ros/iron /usr/bin/cmake --build /home/enio/develop_fer/Model-Informed-Path-Planning/path_planning_ws/build/user_action_interfaces -- -j20 -l20
[4.170s] DEBUG:colcon.colcon_core.event_handler.log_command:Invoked command in '/home/enio/develop_fer/Model-Informed-Path-Planning/path_planning_ws/build/user_action_interfaces' returned '0': CMAKE_PREFIX_PATH=${CMAKE_PREFIX_PATH}:/home/enio/develop_fer/Model-Informed-Path-Planning/path_planning_ws/install/path_planning_server:/home/enio/develop_fer/Model-Informed-Path-Planning/path_planning_ws/install/path_planning_action:/home/enio/develop_fer/Model-Informed-Path-Planning/path_planning_ws/install/map_maker:/opt/ros/iron /usr/bin/cmake --build /home/enio/develop_fer/Model-Informed-Path-Planning/path_planning_ws/build/user_action_interfaces -- -j20 -l20
[4.296s] DEBUG:colcon.colcon_core.event_handler.log_command:Invoking command in '/home/enio/develop_fer/Model-Informed-Path-Planning/path_planning_ws/build/user_action_interfaces': CMAKE_PREFIX_PATH=${CMAKE_PREFIX_PATH}:/home/enio/develop_fer/Model-Informed-Path-Planning/path_planning_ws/install/path_planning_server:/home/enio/develop_fer/Model-Informed-Path-Planning/path_planning_ws/install/path_planning_action:/home/enio/develop_fer/Model-Informed-Path-Planning/path_planning_ws/install/map_maker:/opt/ros/iron /usr/bin/cmake --install /home/enio/develop_fer/Model-Informed-Path-Planning/path_planning_ws/build/user_action_interfaces
[4.347s] Level 1:colcon.colcon_core.environment:create_environment_scripts_only(user_action_interfaces)
[4.347s] Level 1:colcon.colcon_core.environment:checking '/home/enio/develop_fer/Model-Informed-Path-Planning/path_planning_ws/install/user_action_interfaces' for CMake module files
[4.347s] DEBUG:colcon.colcon_core.event_handler.log_command:Invoked command in '/home/enio/develop_fer/Model-Informed-Path-Planning/path_planning_ws/build/user_action_interfaces' returned '0': CMAKE_PREFIX_PATH=${CMAKE_PREFIX_PATH}:/home/enio/develop_fer/Model-Informed-Path-Planning/path_planning_ws/install/path_planning_server:/home/enio/develop_fer/Model-Informed-Path-Planning/path_planning_ws/install/path_planning_action:/home/enio/develop_fer/Model-Informed-Path-Planning/path_planning_ws/install/map_maker:/opt/ros/iron /usr/bin/cmake --install /home/enio/develop_fer/Model-Informed-Path-Planning/path_planning_ws/build/user_action_interfaces
[4.348s] Level 1:colcon.colcon_core.environment:checking '/home/enio/develop_fer/Model-Informed-Path-Planning/path_planning_ws/install/user_action_interfaces' for CMake config files
[4.348s] Level 1:colcon.colcon_core.shell:create_environment_hook('user_action_interfaces', 'cmake_prefix_path')
[4.348s] INFO:colcon.colcon_core.shell:Creating environment hook '/home/enio/develop_fer/Model-Informed-Path-Planning/path_planning_ws/install/user_action_interfaces/share/user_action_interfaces/hook/cmake_prefix_path.ps1'
[4.348s] INFO:colcon.colcon_core.shell:Creating environment descriptor '/home/enio/develop_fer/Model-Informed-Path-Planning/path_planning_ws/install/user_action_interfaces/share/user_action_interfaces/hook/cmake_prefix_path.dsv'
[4.349s] INFO:colcon.colcon_core.shell:Creating environment hook '/home/enio/develop_fer/Model-Informed-Path-Planning/path_planning_ws/install/user_action_interfaces/share/user_action_interfaces/hook/cmake_prefix_path.sh'
[4.349s] Level 1:colcon.colcon_core.environment:checking '/home/enio/develop_fer/Model-Informed-Path-Planning/path_planning_ws/install/user_action_interfaces/lib'
[4.349s] Level 1:colcon.colcon_core.shell:create_environment_hook('user_action_interfaces', 'ld_library_path_lib')
[4.349s] INFO:colcon.colcon_core.shell:Creating environment hook '/home/enio/develop_fer/Model-Informed-Path-Planning/path_planning_ws/install/user_action_interfaces/share/user_action_interfaces/hook/ld_library_path_lib.ps1'
[4.349s] INFO:colcon.colcon_core.shell:Creating environment descriptor '/home/enio/develop_fer/Model-Informed-Path-Planning/path_planning_ws/install/user_action_interfaces/share/user_action_interfaces/hook/ld_library_path_lib.dsv'
[4.349s] INFO:colcon.colcon_core.shell:Creating environment hook '/home/enio/develop_fer/Model-Informed-Path-Planning/path_planning_ws/install/user_action_interfaces/share/user_action_interfaces/hook/ld_library_path_lib.sh'
[4.349s] Level 1:colcon.colcon_core.environment:checking '/home/enio/develop_fer/Model-Informed-Path-Planning/path_planning_ws/install/user_action_interfaces/bin'
[4.349s] Level 1:colcon.colcon_core.environment:checking '/home/enio/develop_fer/Model-Informed-Path-Planning/path_planning_ws/install/user_action_interfaces/lib/pkgconfig/user_action_interfaces.pc'
[4.349s] Level 1:colcon.colcon_core.environment:checking '/home/enio/develop_fer/Model-Informed-Path-Planning/path_planning_ws/install/user_action_interfaces/lib/python3.10/site-packages'
[4.349s] Level 1:colcon.colcon_core.shell:create_environment_hook('user_action_interfaces', 'pythonpath')
[4.350s] INFO:colcon.colcon_core.shell:Creating environment hook '/home/enio/develop_fer/Model-Informed-Path-Planning/path_planning_ws/install/user_action_interfaces/share/user_action_interfaces/hook/pythonpath.ps1'
[4.350s] INFO:colcon.colcon_core.shell:Creating environment descriptor '/home/enio/develop_fer/Model-Informed-Path-Planning/path_planning_ws/install/user_action_interfaces/share/user_action_interfaces/hook/pythonpath.dsv'
[4.350s] INFO:colcon.colcon_core.shell:Creating environment hook '/home/enio/develop_fer/Model-Informed-Path-Planning/path_planning_ws/install/user_action_interfaces/share/user_action_interfaces/hook/pythonpath.sh'
[4.350s] Level 1:colcon.colcon_core.environment:checking '/home/enio/develop_fer/Model-Informed-Path-Planning/path_planning_ws/install/user_action_interfaces/bin'
[4.350s] INFO:colcon.colcon_core.shell:Creating package script '/home/enio/develop_fer/Model-Informed-Path-Planning/path_planning_ws/install/user_action_interfaces/share/user_action_interfaces/package.ps1'
[4.350s] INFO:colcon.colcon_core.shell:Creating package descriptor '/home/enio/develop_fer/Model-Informed-Path-Planning/path_planning_ws/install/user_action_interfaces/share/user_action_interfaces/package.dsv'
[4.351s] INFO:colcon.colcon_core.shell:Creating package script '/home/enio/develop_fer/Model-Informed-Path-Planning/path_planning_ws/install/user_action_interfaces/share/user_action_interfaces/package.sh'
[4.351s] INFO:colcon.colcon_core.shell:Creating package script '/home/enio/develop_fer/Model-Informed-Path-Planning/path_planning_ws/install/user_action_interfaces/share/user_action_interfaces/package.bash'
[4.351s] INFO:colcon.colcon_core.shell:Creating package script '/home/enio/develop_fer/Model-Informed-Path-Planning/path_planning_ws/install/user_action_interfaces/share/user_action_interfaces/package.zsh'
[4.351s] Level 1:colcon.colcon_core.environment:create_file_with_runtime_dependencies(/home/enio/develop_fer/Model-Informed-Path-Planning/path_planning_ws/install/user_action_interfaces/share/colcon-core/packages/user_action_interfaces)
[4.470s] Level 1:colcon.colcon_core.environment:create_environment_scripts_only(user_action_interfaces)
[4.471s] Level 1:colcon.colcon_core.environment:checking '/home/enio/develop_fer/Model-Informed-Path-Planning/path_planning_ws/install/user_action_interfaces' for CMake module files
[4.471s] Level 1:colcon.colcon_core.environment:checking '/home/enio/develop_fer/Model-Informed-Path-Planning/path_planning_ws/install/user_action_interfaces' for CMake config files
[4.472s] Level 1:colcon.colcon_core.shell:create_environment_hook('user_action_interfaces', 'cmake_prefix_path')
[4.472s] INFO:colcon.colcon_core.shell:Creating environment hook '/home/enio/develop_fer/Model-Informed-Path-Planning/path_planning_ws/install/user_action_interfaces/share/user_action_interfaces/hook/cmake_prefix_path.ps1'
[4.472s] INFO:colcon.colcon_core.shell:Creating environment descriptor '/home/enio/develop_fer/Model-Informed-Path-Planning/path_planning_ws/install/user_action_interfaces/share/user_action_interfaces/hook/cmake_prefix_path.dsv'
[4.473s] INFO:colcon.colcon_core.shell:Creating environment hook '/home/enio/develop_fer/Model-Informed-Path-Planning/path_planning_ws/install/user_action_interfaces/share/user_action_interfaces/hook/cmake_prefix_path.sh'
[4.473s] Level 1:colcon.colcon_core.environment:checking '/home/enio/develop_fer/Model-Informed-Path-Planning/path_planning_ws/install/user_action_interfaces/lib'
[4.473s] Level 1:colcon.colcon_core.shell:create_environment_hook('user_action_interfaces', 'ld_library_path_lib')
[4.473s] INFO:colcon.colcon_core.shell:Creating environment hook '/home/enio/develop_fer/Model-Informed-Path-Planning/path_planning_ws/install/user_action_interfaces/share/user_action_interfaces/hook/ld_library_path_lib.ps1'
[4.474s] INFO:colcon.colcon_core.shell:Creating environment descriptor '/home/enio/develop_fer/Model-Informed-Path-Planning/path_planning_ws/install/user_action_interfaces/share/user_action_interfaces/hook/ld_library_path_lib.dsv'
[4.474s] INFO:colcon.colcon_core.shell:Creating environment hook '/home/enio/develop_fer/Model-Informed-Path-Planning/path_planning_ws/install/user_action_interfaces/share/user_action_interfaces/hook/ld_library_path_lib.sh'
[4.474s] Level 1:colcon.colcon_core.environment:checking '/home/enio/develop_fer/Model-Informed-Path-Planning/path_planning_ws/install/user_action_interfaces/bin'
[4.474s] Level 1:colcon.colcon_core.environment:checking '/home/enio/develop_fer/Model-Informed-Path-Planning/path_planning_ws/install/user_action_interfaces/lib/pkgconfig/user_action_interfaces.pc'
[4.475s] Level 1:colcon.colcon_core.environment:checking '/home/enio/develop_fer/Model-Informed-Path-Planning/path_planning_ws/install/user_action_interfaces/lib/python3.10/site-packages'
[4.475s] Level 1:colcon.colcon_core.shell:create_environment_hook('user_action_interfaces', 'pythonpath')
[4.475s] INFO:colcon.colcon_core.shell:Creating environment hook '/home/enio/develop_fer/Model-Informed-Path-Planning/path_planning_ws/install/user_action_interfaces/share/user_action_interfaces/hook/pythonpath.ps1'
[4.475s] INFO:colcon.colcon_core.shell:Creating environment descriptor '/home/enio/develop_fer/Model-Informed-Path-Planning/path_planning_ws/install/user_action_interfaces/share/user_action_interfaces/hook/pythonpath.dsv'
[4.475s] INFO:colcon.colcon_core.shell:Creating environment hook '/home/enio/develop_fer/Model-Informed-Path-Planning/path_planning_ws/install/user_action_interfaces/share/user_action_interfaces/hook/pythonpath.sh'
[4.476s] Level 1:colcon.colcon_core.environment:checking '/home/enio/develop_fer/Model-Informed-Path-Planning/path_planning_ws/install/user_action_interfaces/bin'
[4.476s] INFO:colcon.colcon_core.shell:Creating package script '/home/enio/develop_fer/Model-Informed-Path-Planning/path_planning_ws/install/user_action_interfaces/share/user_action_interfaces/package.ps1'
[4.477s] INFO:colcon.colcon_core.shell:Creating package descriptor '/home/enio/develop_fer/Model-Informed-Path-Planning/path_planning_ws/install/user_action_interfaces/share/user_action_interfaces/package.dsv'
[4.477s] INFO:colcon.colcon_core.shell:Creating package script '/home/enio/develop_fer/Model-Informed-Path-Planning/path_planning_ws/install/user_action_interfaces/share/user_action_interfaces/package.sh'
[4.478s] INFO:colcon.colcon_core.shell:Creating package script '/home/enio/develop_fer/Model-Informed-Path-Planning/path_planning_ws/install/user_action_interfaces/share/user_action_interfaces/package.bash'
[4.478s] INFO:colcon.colcon_core.shell:Creating package script '/home/enio/develop_fer/Model-Informed-Path-Planning/path_planning_ws/install/user_action_interfaces/share/user_action_interfaces/package.zsh'
[4.478s] Level 1:colcon.colcon_core.environment:create_file_with_runtime_dependencies(/home/enio/develop_fer/Model-Informed-Path-Planning/path_planning_ws/install/user_action_interfaces/share/colcon-core/packages/user_action_interfaces)
[4.479s] DEBUG:colcon.colcon_parallel_executor.executor.parallel:closing loop
[4.479s] DEBUG:colcon.colcon_parallel_executor.executor.parallel:loop closed
[4.479s] DEBUG:colcon.colcon_parallel_executor.executor.parallel:run_until_complete finished with '0'
[4.479s] DEBUG:colcon.colcon_core.event_reactor:joining thread
[4.484s] INFO:colcon.colcon_core.plugin_system:Skipping extension 'colcon_notification.desktop_notification.terminal_notifier': Not used on non-Darwin systems
[4.485s] INFO:colcon.colcon_core.plugin_system:Skipping extension 'colcon_notification.desktop_notification.win32': Not used on non-Windows systems
[4.485s] INFO:colcon.colcon_notification.desktop_notification:Sending desktop notification using 'notify2'
[4.498s] DEBUG:colcon.colcon_core.event_reactor:joined thread
[4.499s] INFO:colcon.colcon_core.shell:Creating prefix script '/home/enio/develop_fer/Model-Informed-Path-Planning/path_planning_ws/install/local_setup.ps1'
[4.500s] INFO:colcon.colcon_core.shell:Creating prefix util module '/home/enio/develop_fer/Model-Informed-Path-Planning/path_planning_ws/install/_local_setup_util_ps1.py'
[4.501s] INFO:colcon.colcon_core.shell:Creating prefix chain script '/home/enio/develop_fer/Model-Informed-Path-Planning/path_planning_ws/install/setup.ps1'
[4.502s] INFO:colcon.colcon_core.shell:Creating prefix script '/home/enio/develop_fer/Model-Informed-Path-Planning/path_planning_ws/install/local_setup.sh'
[4.502s] INFO:colcon.colcon_core.shell:Creating prefix util module '/home/enio/develop_fer/Model-Informed-Path-Planning/path_planning_ws/install/_local_setup_util_sh.py'
[4.502s] INFO:colcon.colcon_core.shell:Creating prefix chain script '/home/enio/develop_fer/Model-Informed-Path-Planning/path_planning_ws/install/setup.sh'
[4.504s] INFO:colcon.colcon_core.shell:Creating prefix script '/home/enio/develop_fer/Model-Informed-Path-Planning/path_planning_ws/install/local_setup.bash'
[4.504s] INFO:colcon.colcon_core.shell:Creating prefix chain script '/home/enio/develop_fer/Model-Informed-Path-Planning/path_planning_ws/install/setup.bash'
[4.505s] INFO:colcon.colcon_core.shell:Creating prefix script '/home/enio/develop_fer/Model-Informed-Path-Planning/path_planning_ws/install/local_setup.zsh'
[4.505s] INFO:colcon.colcon_core.shell:Creating prefix chain script '/home/enio/develop_fer/Model-Informed-Path-Planning/path_planning_ws/install/setup.zsh'
