[0.386s] Invoking command in '/home/enio/develop_fer/Model-Informed-Path-Planning/path_planning_ws/build/user_action_interfaces': CMAKE_PREFIX_PATH=${CMAKE_PREFIX_PATH}:/home/enio/develop_fer/Model-Informed-Path-Planning/path_planning_ws/install/path_planning_server:/home/enio/develop_fer/Model-Informed-Path-Planning/path_planning_ws/install/path_planning_action:/home/enio/develop_fer/Model-Informed-Path-Planning/path_planning_ws/install/map_maker:/opt/ros/iron /usr/bin/cmake /home/enio/develop_fer/Model-Informed-Path-Planning/path_planning_ws/src/user_action_interfaces -DCMAKE_INSTALL_PREFIX=/home/enio/develop_fer/Model-Informed-Path-Planning/path_planning_ws/install/user_action_interfaces
[0.415s] -- The C compiler identification is GNU 11.4.0
[0.445s] -- The CXX compiler identification is GNU 11.4.0
[0.449s] -- Detecting C compiler ABI info
[0.486s] -- Detecting C compiler ABI info - done
[0.492s] -- Check for working C compiler: /usr/bin/cc - skipped
[0.492s] -- Detecting C compile features
[0.492s] -- Detecting C compile features - done
[0.494s] -- Detecting CXX compiler ABI info
[0.538s] -- Detecting CXX compiler ABI info - done
[0.543s] -- Check for working CXX compiler: /usr/bin/c++ - skipped
[0.543s] -- Detecting CXX compile features
[0.543s] -- Detecting CXX compile features - done
[0.545s] -- Found ament_cmake: 2.0.5 (/opt/ros/iron/share/ament_cmake/cmake)
[0.631s] -- Found Python3: /usr/bin/python3.10 (found version "3.10.12") found components: Interpreter 
[0.684s] -- Found rosidl_default_generators: 1.5.0 (/opt/ros/iron/share/rosidl_default_generators/cmake)
[0.687s] -- Using all available rosidl_typesupport_c: rosidl_typesupport_fastrtps_c;rosidl_typesupport_introspection_c
[0.713s] -- Using all available rosidl_typesupport_cpp: rosidl_typesupport_fastrtps_cpp;rosidl_typesupport_introspection_cpp
[0.735s] -- Found rosidl_adapter: 4.0.1 (/opt/ros/iron/share/rosidl_adapter/cmake)
[0.738s] -- Found std_msgs: 5.0.1 (/opt/ros/iron/share/std_msgs/cmake)
[0.774s] -- Found sensor_msgs: 5.0.1 (/opt/ros/iron/share/sensor_msgs/cmake)
[1.095s] -- Found ament_cmake_ros: 0.11.2 (/opt/ros/iron/share/ament_cmake_ros/cmake)
[1.240s] -- Using all available rosidl_typesupport_c: rosidl_typesupport_fastrtps_c;rosidl_typesupport_introspection_c
[1.427s] -- Using all available rosidl_typesupport_cpp: rosidl_typesupport_fastrtps_cpp;rosidl_typesupport_introspection_cpp
[1.437s] -- Found PythonInterp: /usr/bin/python3 (found suitable version "3.10.12", minimum required is "3.6") 
[1.437s] -- Found python_cmake_module: 0.10.2 (/opt/ros/iron/share/python_cmake_module/cmake)
[1.449s] -- Found PythonLibs: /usr/lib/x86_64-linux-gnu/libpython3.10.so (found suitable version "3.10.12", minimum required is "3.5") 
[1.449s] -- Using PYTHON_EXECUTABLE: /usr/bin/python3
[1.449s] -- Using PYTHON_INCLUDE_DIRS: /usr/include/python3.10
[1.449s] -- Using PYTHON_LIBRARIES: /usr/lib/x86_64-linux-gnu/libpython3.10.so
[1.458s] -- Found PythonExtra: .so  
[1.512s] -- Found ament_lint_auto: 0.14.3 (/opt/ros/iron/share/ament_lint_auto/cmake)
[1.520s] -- Added test 'lint_cmake' to check CMake code style
[1.521s] -- Added test 'xmllint' to check XML markup files
[1.522s] -- Configuring done
[1.546s] -- Generating done
[1.548s] -- Build files have been written to: /home/enio/develop_fer/Model-Informed-Path-Planning/path_planning_ws/build/user_action_interfaces
[1.554s] Invoked command in '/home/enio/develop_fer/Model-Informed-Path-Planning/path_planning_ws/build/user_action_interfaces' returned '0': CMAKE_PREFIX_PATH=${CMAKE_PREFIX_PATH}:/home/enio/develop_fer/Model-Informed-Path-Planning/path_planning_ws/install/path_planning_server:/home/enio/develop_fer/Model-Informed-Path-Planning/path_planning_ws/install/path_planning_action:/home/enio/develop_fer/Model-Informed-Path-Planning/path_planning_ws/install/map_maker:/opt/ros/iron /usr/bin/cmake /home/enio/develop_fer/Model-Informed-Path-Planning/path_planning_ws/src/user_action_interfaces -DCMAKE_INSTALL_PREFIX=/home/enio/develop_fer/Model-Informed-Path-Planning/path_planning_ws/install/user_action_interfaces
[1.555s] Invoking command in '/home/enio/develop_fer/Model-Informed-Path-Planning/path_planning_ws/build/user_action_interfaces': CMAKE_PREFIX_PATH=${CMAKE_PREFIX_PATH}:/home/enio/develop_fer/Model-Informed-Path-Planning/path_planning_ws/install/path_planning_server:/home/enio/develop_fer/Model-Informed-Path-Planning/path_planning_ws/install/path_planning_action:/home/enio/develop_fer/Model-Informed-Path-Planning/path_planning_ws/install/map_maker:/opt/ros/iron /usr/bin/cmake --build /home/enio/develop_fer/Model-Informed-Path-Planning/path_planning_ws/build/user_action_interfaces -- -j20 -l20
[1.582s] [  1%] [34m[1mGenerating type hashes for ROS interfaces[0m
[1.587s] [  1%] Built target ament_cmake_python_copy_user_action_interfaces
[1.719s] [  1%] Built target user_action_interfaces__rosidl_generator_type_description
[1.720s] running egg_info
[1.721s] creating user_action_interfaces.egg-info
[1.721s] writing user_action_interfaces.egg-info/PKG-INFO
[1.721s] writing dependency_links to user_action_interfaces.egg-info/dependency_links.txt
[1.721s] writing top-level names to user_action_interfaces.egg-info/top_level.txt
[1.721s] writing manifest file 'user_action_interfaces.egg-info/SOURCES.txt'
[1.722s] reading manifest file 'user_action_interfaces.egg-info/SOURCES.txt'
[1.722s] writing manifest file 'user_action_interfaces.egg-info/SOURCES.txt'
[1.725s] [  3%] [34m[1mGenerating C code for ROS interfaces[0m
[1.730s] [  4%] [34m[1mGenerating C++ code for ROS interfaces[0m
[1.737s] [  4%] Built target ament_cmake_python_build_user_action_interfaces_egg
[2.036s] [  4%] Built target user_action_interfaces__cpp
[2.090s] [  6%] [32mBuilding C object CMakeFiles/user_action_interfaces__rosidl_generator_c.dir/rosidl_generator_c/user_action_interfaces/action/detail/start_goal_action__description.c.o[0m
[2.090s] [  7%] [32mBuilding C object CMakeFiles/user_action_interfaces__rosidl_generator_c.dir/rosidl_generator_c/user_action_interfaces/action/detail/start_goal_action__type_support.c.o[0m
[2.090s] [  9%] [32mBuilding C object CMakeFiles/user_action_interfaces__rosidl_generator_c.dir/rosidl_generator_c/user_action_interfaces/action/detail/start_goal_action__functions.c.o[0m
[2.090s] [ 10%] [32mBuilding C object CMakeFiles/user_action_interfaces__rosidl_generator_c.dir/rosidl_generator_c/user_action_interfaces/msg/detail/start_goal_msg__description.c.o[0m
[2.090s] [ 12%] [32mBuilding C object CMakeFiles/user_action_interfaces__rosidl_generator_c.dir/rosidl_generator_c/user_action_interfaces/msg/detail/start_goal_msg__functions.c.o[0m
[2.091s] [ 14%] [32mBuilding C object CMakeFiles/user_action_interfaces__rosidl_generator_c.dir/rosidl_generator_c/user_action_interfaces/msg/detail/start_goal_msg__type_support.c.o[0m
[2.094s] [ 15%] [32mBuilding C object CMakeFiles/user_action_interfaces__rosidl_generator_c.dir/rosidl_generator_c/user_action_interfaces/msg/detail/path_msg__description.c.o[0m
[2.095s] [ 17%] [32mBuilding C object CMakeFiles/user_action_interfaces__rosidl_generator_c.dir/rosidl_generator_c/user_action_interfaces/msg/detail/coast_msg__functions.c.o[0m
[2.095s] [ 18%] [32mBuilding C object CMakeFiles/user_action_interfaces__rosidl_generator_c.dir/rosidl_generator_c/user_action_interfaces/msg/detail/path_msg__type_support.c.o[0m
[2.096s] [ 20%] [32mBuilding C object CMakeFiles/user_action_interfaces__rosidl_generator_c.dir/rosidl_generator_c/user_action_interfaces/msg/detail/coast_msg__description.c.o[0m
[2.096s] [ 21%] [32mBuilding C object CMakeFiles/user_action_interfaces__rosidl_generator_c.dir/rosidl_generator_c/user_action_interfaces/msg/detail/coast_msg__type_support.c.o[0m
[2.097s] [ 23%] [32mBuilding C object CMakeFiles/user_action_interfaces__rosidl_generator_c.dir/rosidl_generator_c/user_action_interfaces/msg/detail/path_msg__functions.c.o[0m
[2.191s] [ 25%] [32m[1mLinking C shared library libuser_action_interfaces__rosidl_generator_c.so[0m
[2.216s] [ 25%] Built target user_action_interfaces__rosidl_generator_c
[2.226s] [ 26%] [34m[1mGenerating C++ type support dispatch for ROS interfaces[0m
[2.227s] [ 28%] [34m[1mGenerating C type support for eProsima Fast-RTPS[0m
[2.227s] [ 31%] [34m[1mGenerating C introspection for ROS interfaces[0m
[2.227s] [ 31%] [34m[1mGenerating C type support dispatch for ROS interfaces[0m
[2.228s] [ 32%] [34m[1mGenerating C++ type support for eProsima Fast-RTPS[0m
[2.228s] [ 34%] [34m[1mGenerating C++ introspection for ROS interfaces[0m
[2.437s] [ 35%] [32mBuilding CXX object CMakeFiles/user_action_interfaces__rosidl_typesupport_c.dir/rosidl_typesupport_c/user_action_interfaces/msg/coast_msg__type_support.cpp.o[0m
[2.439s] [ 40%] [32mBuilding CXX object CMakeFiles/user_action_interfaces__rosidl_typesupport_c.dir/rosidl_typesupport_c/user_action_interfaces/action/start_goal_action__type_support.cpp.o[0m
[2.439s] [ 40%] [32mBuilding CXX object CMakeFiles/user_action_interfaces__rosidl_typesupport_c.dir/rosidl_typesupport_c/user_action_interfaces/msg/start_goal_msg__type_support.cpp.o[0m
[2.439s] [ 40%] [32mBuilding CXX object CMakeFiles/user_action_interfaces__rosidl_typesupport_cpp.dir/rosidl_typesupport_cpp/user_action_interfaces/action/start_goal_action__type_support.cpp.o[0m
[2.439s] [ 42%] [32mBuilding CXX object CMakeFiles/user_action_interfaces__rosidl_typesupport_c.dir/rosidl_typesupport_c/user_action_interfaces/msg/path_msg__type_support.cpp.o[0m
[2.442s] [ 45%] [32mBuilding CXX object CMakeFiles/user_action_interfaces__rosidl_typesupport_cpp.dir/rosidl_typesupport_cpp/user_action_interfaces/msg/coast_msg__type_support.cpp.o[0m
[2.442s] [ 45%] [32mBuilding CXX object CMakeFiles/user_action_interfaces__rosidl_typesupport_cpp.dir/rosidl_typesupport_cpp/user_action_interfaces/msg/start_goal_msg__type_support.cpp.o[0m
[2.442s] [ 46%] [32mBuilding CXX object CMakeFiles/user_action_interfaces__rosidl_typesupport_cpp.dir/rosidl_typesupport_cpp/user_action_interfaces/msg/path_msg__type_support.cpp.o[0m
[2.470s] [ 48%] [32m[1mLinking CXX shared library libuser_action_interfaces__rosidl_typesupport_c.so[0m
[2.496s] [ 48%] Built target user_action_interfaces__rosidl_typesupport_c
[2.503s] [ 50%] [32mBuilding CXX object CMakeFiles/user_action_interfaces__rosidl_typesupport_introspection_cpp.dir/rosidl_typesupport_introspection_cpp/user_action_interfaces/action/detail/start_goal_action__type_support.cpp.o[0m
[2.504s] [ 51%] [32mBuilding CXX object CMakeFiles/user_action_interfaces__rosidl_typesupport_introspection_cpp.dir/rosidl_typesupport_introspection_cpp/user_action_interfaces/msg/detail/path_msg__type_support.cpp.o[0m
[2.505s] [ 54%] [32mBuilding CXX object CMakeFiles/user_action_interfaces__rosidl_typesupport_introspection_cpp.dir/rosidl_typesupport_introspection_cpp/user_action_interfaces/msg/detail/start_goal_msg__type_support.cpp.o[0m
[2.505s] [ 54%] [32mBuilding CXX object CMakeFiles/user_action_interfaces__rosidl_typesupport_introspection_cpp.dir/rosidl_typesupport_introspection_cpp/user_action_interfaces/msg/detail/coast_msg__type_support.cpp.o[0m
[2.507s] [ 56%] [32mBuilding C object CMakeFiles/user_action_interfaces__rosidl_typesupport_introspection_c.dir/rosidl_typesupport_introspection_c/user_action_interfaces/msg/detail/coast_msg__type_support.c.o[0m
[2.509s] [ 60%] [32mBuilding C object CMakeFiles/user_action_interfaces__rosidl_typesupport_introspection_c.dir/rosidl_typesupport_introspection_c/user_action_interfaces/msg/detail/path_msg__type_support.c.o[0m
[2.509s] [ 60%] [32mBuilding C object CMakeFiles/user_action_interfaces__rosidl_typesupport_introspection_c.dir/rosidl_typesupport_introspection_c/user_action_interfaces/msg/detail/start_goal_msg__type_support.c.o[0m
[2.509s] [ 60%] [32mBuilding C object CMakeFiles/user_action_interfaces__rosidl_typesupport_introspection_c.dir/rosidl_typesupport_introspection_c/user_action_interfaces/action/detail/start_goal_action__type_support.c.o[0m
[2.531s] [ 62%] [32mBuilding CXX object CMakeFiles/user_action_interfaces__rosidl_typesupport_fastrtps_c.dir/rosidl_typesupport_fastrtps_c/user_action_interfaces/msg/detail/coast_msg__type_support_c.cpp.o[0m
[2.531s] [ 65%] [32mBuilding CXX object CMakeFiles/user_action_interfaces__rosidl_typesupport_fastrtps_c.dir/rosidl_typesupport_fastrtps_c/user_action_interfaces/msg/detail/start_goal_msg__type_support_c.cpp.o[0m
[2.531s] [ 65%] [32mBuilding CXX object CMakeFiles/user_action_interfaces__rosidl_typesupport_fastrtps_c.dir/rosidl_typesupport_fastrtps_c/user_action_interfaces/action/detail/start_goal_action__type_support_c.cpp.o[0m
[2.532s] [ 67%] [32mBuilding CXX object CMakeFiles/user_action_interfaces__rosidl_typesupport_fastrtps_c.dir/rosidl_typesupport_fastrtps_c/user_action_interfaces/msg/detail/path_msg__type_support_c.cpp.o[0m
[2.542s] [ 73%] [32mBuilding CXX object CMakeFiles/user_action_interfaces__rosidl_typesupport_fastrtps_cpp.dir/rosidl_typesupport_fastrtps_cpp/user_action_interfaces/action/detail/dds_fastrtps/start_goal_action__type_support.cpp.o[0m
[2.542s] [ 73%] [32mBuilding CXX object CMakeFiles/user_action_interfaces__rosidl_typesupport_fastrtps_cpp.dir/rosidl_typesupport_fastrtps_cpp/user_action_interfaces/msg/detail/dds_fastrtps/path_msg__type_support.cpp.o[0m
[2.542s] [ 73%] [32mBuilding CXX object CMakeFiles/user_action_interfaces__rosidl_typesupport_fastrtps_cpp.dir/rosidl_typesupport_fastrtps_cpp/user_action_interfaces/msg/detail/dds_fastrtps/start_goal_msg__type_support.cpp.o[0m
[2.542s] [ 73%] [32mBuilding CXX object CMakeFiles/user_action_interfaces__rosidl_typesupport_fastrtps_cpp.dir/rosidl_typesupport_fastrtps_cpp/user_action_interfaces/msg/detail/dds_fastrtps/coast_msg__type_support.cpp.o[0m
[2.580s] [ 75%] [32m[1mLinking C shared library libuser_action_interfaces__rosidl_typesupport_introspection_c.so[0m
[2.615s] [ 75%] Built target user_action_interfaces__rosidl_typesupport_introspection_c
[2.915s] [ 76%] [32m[1mLinking CXX shared library libuser_action_interfaces__rosidl_typesupport_fastrtps_c.so[0m
[2.958s] [ 76%] Built target user_action_interfaces__rosidl_typesupport_fastrtps_c
[3.037s] [ 78%] [32m[1mLinking CXX shared library libuser_action_interfaces__rosidl_typesupport_introspection_cpp.so[0m
[3.056s] [ 79%] [32m[1mLinking CXX shared library libuser_action_interfaces__rosidl_typesupport_cpp.so[0m
[3.084s] [ 79%] Built target user_action_interfaces__rosidl_typesupport_introspection_cpp
[3.101s] [ 79%] Built target user_action_interfaces__rosidl_typesupport_cpp
[3.206s] [ 81%] [32m[1mLinking CXX shared library libuser_action_interfaces__rosidl_typesupport_fastrtps_cpp.so[0m
[3.257s] [ 81%] Built target user_action_interfaces__rosidl_typesupport_fastrtps_cpp
[3.268s] [ 81%] Built target user_action_interfaces
[3.285s] [ 82%] [34m[1mGenerating Python code for ROS interfaces[0m
[3.814s] [ 82%] Built target user_action_interfaces__py
[3.824s] [ 84%] [32mBuilding C object CMakeFiles/user_action_interfaces__rosidl_generator_py.dir/rosidl_generator_py/user_action_interfaces/action/_start_goal_action_s.c.o[0m
[3.824s] [ 85%] [32mBuilding C object CMakeFiles/user_action_interfaces__rosidl_generator_py.dir/rosidl_generator_py/user_action_interfaces/msg/_start_goal_msg_s.c.o[0m
[3.824s] [ 87%] [32mBuilding C object CMakeFiles/user_action_interfaces__rosidl_generator_py.dir/rosidl_generator_py/user_action_interfaces/msg/_coast_msg_s.c.o[0m
[3.824s] [ 89%] [32mBuilding C object CMakeFiles/user_action_interfaces__rosidl_generator_py.dir/rosidl_generator_py/user_action_interfaces/msg/_path_msg_s.c.o[0m
[3.925s] [ 90%] [32m[1mLinking C shared library rosidl_generator_py/user_action_interfaces/libuser_action_interfaces__rosidl_generator_py.so[0m
[3.956s] [ 90%] Built target user_action_interfaces__rosidl_generator_py
[3.967s] [ 95%] [32mBuilding C object CMakeFiles/user_action_interfaces__rosidl_typesupport_introspection_c__pyext.dir/rosidl_generator_py/user_action_interfaces/_user_action_interfaces_s.ep.rosidl_typesupport_introspection_c.c.o[0m
[3.967s] [ 95%] [32mBuilding C object CMakeFiles/user_action_interfaces__rosidl_typesupport_c__pyext.dir/rosidl_generator_py/user_action_interfaces/_user_action_interfaces_s.ep.rosidl_typesupport_c.c.o[0m
[3.967s] [ 95%] [32mBuilding C object CMakeFiles/user_action_interfaces__rosidl_typesupport_fastrtps_c__pyext.dir/rosidl_generator_py/user_action_interfaces/_user_action_interfaces_s.ep.rosidl_typesupport_fastrtps_c.c.o[0m
[4.037s] [ 96%] [32m[1mLinking C shared library rosidl_generator_py/user_action_interfaces/user_action_interfaces_s__rosidl_typesupport_fastrtps_c.cpython-310-x86_64-linux-gnu.so[0m
[4.037s] [ 98%] [32m[1mLinking C shared library rosidl_generator_py/user_action_interfaces/user_action_interfaces_s__rosidl_typesupport_c.cpython-310-x86_64-linux-gnu.so[0m
[4.040s] [100%] [32m[1mLinking C shared library rosidl_generator_py/user_action_interfaces/user_action_interfaces_s__rosidl_typesupport_introspection_c.cpython-310-x86_64-linux-gnu.so[0m
[4.064s] [100%] Built target user_action_interfaces__rosidl_typesupport_c__pyext
[4.064s] [100%] Built target user_action_interfaces__rosidl_typesupport_fastrtps_c__pyext
[4.066s] [100%] Built target user_action_interfaces__rosidl_typesupport_introspection_c__pyext
[4.072s] Invoked command in '/home/enio/develop_fer/Model-Informed-Path-Planning/path_planning_ws/build/user_action_interfaces' returned '0': CMAKE_PREFIX_PATH=${CMAKE_PREFIX_PATH}:/home/enio/develop_fer/Model-Informed-Path-Planning/path_planning_ws/install/path_planning_server:/home/enio/develop_fer/Model-Informed-Path-Planning/path_planning_ws/install/path_planning_action:/home/enio/develop_fer/Model-Informed-Path-Planning/path_planning_ws/install/map_maker:/opt/ros/iron /usr/bin/cmake --build /home/enio/develop_fer/Model-Informed-Path-Planning/path_planning_ws/build/user_action_interfaces -- -j20 -l20
[4.193s] Invoking command in '/home/enio/develop_fer/Model-Informed-Path-Planning/path_planning_ws/build/user_action_interfaces': CMAKE_PREFIX_PATH=${CMAKE_PREFIX_PATH}:/home/enio/develop_fer/Model-Informed-Path-Planning/path_planning_ws/install/path_planning_server:/home/enio/develop_fer/Model-Informed-Path-Planning/path_planning_ws/install/path_planning_action:/home/enio/develop_fer/Model-Informed-Path-Planning/path_planning_ws/install/map_maker:/opt/ros/iron /usr/bin/cmake --install /home/enio/develop_fer/Model-Informed-Path-Planning/path_planning_ws/build/user_action_interfaces
[4.201s] -- Install configuration: ""
[4.201s] -- Installing: /home/enio/develop_fer/Model-Informed-Path-Planning/path_planning_ws/install/user_action_interfaces/share/ament_index/resource_index/rosidl_interfaces/user_action_interfaces
[4.201s] -- Installing: /home/enio/develop_fer/Model-Informed-Path-Planning/path_planning_ws/install/user_action_interfaces/share/user_action_interfaces/action/StartGoalAction.json
[4.201s] -- Installing: /home/enio/develop_fer/Model-Informed-Path-Planning/path_planning_ws/install/user_action_interfaces/share/user_action_interfaces/msg/StartGoalMsg.json
[4.201s] -- Installing: /home/enio/develop_fer/Model-Informed-Path-Planning/path_planning_ws/install/user_action_interfaces/share/user_action_interfaces/msg/CoastMsg.json
[4.201s] -- Installing: /home/enio/develop_fer/Model-Informed-Path-Planning/path_planning_ws/install/user_action_interfaces/share/user_action_interfaces/msg/PathMsg.json
[4.201s] -- Installing: /home/enio/develop_fer/Model-Informed-Path-Planning/path_planning_ws/install/user_action_interfaces/include/user_action_interfaces/user_action_interfaces
[4.201s] -- Installing: /home/enio/develop_fer/Model-Informed-Path-Planning/path_planning_ws/install/user_action_interfaces/include/user_action_interfaces/user_action_interfaces/msg
[4.201s] -- Installing: /home/enio/develop_fer/Model-Informed-Path-Planning/path_planning_ws/install/user_action_interfaces/include/user_action_interfaces/user_action_interfaces/msg/start_goal_msg.h
[4.201s] -- Installing: /home/enio/develop_fer/Model-Informed-Path-Planning/path_planning_ws/install/user_action_interfaces/include/user_action_interfaces/user_action_interfaces/msg/detail
[4.201s] -- Installing: /home/enio/develop_fer/Model-Informed-Path-Planning/path_planning_ws/install/user_action_interfaces/include/user_action_interfaces/user_action_interfaces/msg/detail/coast_msg__type_support.c
[4.202s] -- Installing: /home/enio/develop_fer/Model-Informed-Path-Planning/path_planning_ws/install/user_action_interfaces/include/user_action_interfaces/user_action_interfaces/msg/detail/coast_msg__functions.c
[4.202s] -- Installing: /home/enio/develop_fer/Model-Informed-Path-Planning/path_planning_ws/install/user_action_interfaces/include/user_action_interfaces/user_action_interfaces/msg/detail/path_msg__type_support.h
[4.202s] -- Installing: /home/enio/develop_fer/Model-Informed-Path-Planning/path_planning_ws/install/user_action_interfaces/include/user_action_interfaces/user_action_interfaces/msg/detail/coast_msg__type_support.h
[4.202s] -- Installing: /home/enio/develop_fer/Model-Informed-Path-Planning/path_planning_ws/install/user_action_interfaces/include/user_action_interfaces/user_action_interfaces/msg/detail/start_goal_msg__description.c
[4.202s] -- Installing: /home/enio/develop_fer/Model-Informed-Path-Planning/path_planning_ws/install/user_action_interfaces/include/user_action_interfaces/user_action_interfaces/msg/detail/path_msg__functions.h
[4.202s] -- Installing: /home/enio/develop_fer/Model-Informed-Path-Planning/path_planning_ws/install/user_action_interfaces/include/user_action_interfaces/user_action_interfaces/msg/detail/coast_msg__functions.h
[4.202s] -- Installing: /home/enio/develop_fer/Model-Informed-Path-Planning/path_planning_ws/install/user_action_interfaces/include/user_action_interfaces/user_action_interfaces/msg/detail/coast_msg__struct.h
[4.202s] -- Installing: /home/enio/develop_fer/Model-Informed-Path-Planning/path_planning_ws/install/user_action_interfaces/include/user_action_interfaces/user_action_interfaces/msg/detail/path_msg__struct.h
[4.202s] -- Installing: /home/enio/develop_fer/Model-Informed-Path-Planning/path_planning_ws/install/user_action_interfaces/include/user_action_interfaces/user_action_interfaces/msg/detail/path_msg__type_support.c
[4.202s] -- Installing: /home/enio/develop_fer/Model-Informed-Path-Planning/path_planning_ws/install/user_action_interfaces/include/user_action_interfaces/user_action_interfaces/msg/detail/path_msg__functions.c
[4.202s] -- Installing: /home/enio/develop_fer/Model-Informed-Path-Planning/path_planning_ws/install/user_action_interfaces/include/user_action_interfaces/user_action_interfaces/msg/detail/start_goal_msg__functions.h
[4.202s] -- Installing: /home/enio/develop_fer/Model-Informed-Path-Planning/path_planning_ws/install/user_action_interfaces/include/user_action_interfaces/user_action_interfaces/msg/detail/path_msg__description.c
[4.203s] -- Installing: /home/enio/develop_fer/Model-Informed-Path-Planning/path_planning_ws/install/user_action_interfaces/include/user_action_interfaces/user_action_interfaces/msg/detail/coast_msg__description.c
[4.203s] -- Installing: /home/enio/develop_fer/Model-Informed-Path-Planning/path_planning_ws/install/user_action_interfaces/include/user_action_interfaces/user_action_interfaces/msg/detail/start_goal_msg__functions.c
[4.203s] -- Installing: /home/enio/develop_fer/Model-Informed-Path-Planning/path_planning_ws/install/user_action_interfaces/include/user_action_interfaces/user_action_interfaces/msg/detail/start_goal_msg__type_support.h
[4.203s] -- Installing: /home/enio/develop_fer/Model-Informed-Path-Planning/path_planning_ws/install/user_action_interfaces/include/user_action_interfaces/user_action_interfaces/msg/detail/start_goal_msg__struct.h
[4.203s] -- Installing: /home/enio/develop_fer/Model-Informed-Path-Planning/path_planning_ws/install/user_action_interfaces/include/user_action_interfaces/user_action_interfaces/msg/detail/start_goal_msg__type_support.c
[4.203s] -- Installing: /home/enio/develop_fer/Model-Informed-Path-Planning/path_planning_ws/install/user_action_interfaces/include/user_action_interfaces/user_action_interfaces/msg/rosidl_generator_c__visibility_control.h
[4.203s] -- Installing: /home/enio/develop_fer/Model-Informed-Path-Planning/path_planning_ws/install/user_action_interfaces/include/user_action_interfaces/user_action_interfaces/msg/path_msg.h
[4.203s] -- Installing: /home/enio/develop_fer/Model-Informed-Path-Planning/path_planning_ws/install/user_action_interfaces/include/user_action_interfaces/user_action_interfaces/msg/coast_msg.h
[4.203s] -- Installing: /home/enio/develop_fer/Model-Informed-Path-Planning/path_planning_ws/install/user_action_interfaces/include/user_action_interfaces/user_action_interfaces/action
[4.203s] -- Installing: /home/enio/develop_fer/Model-Informed-Path-Planning/path_planning_ws/install/user_action_interfaces/include/user_action_interfaces/user_action_interfaces/action/detail
[4.203s] -- Installing: /home/enio/develop_fer/Model-Informed-Path-Planning/path_planning_ws/install/user_action_interfaces/include/user_action_interfaces/user_action_interfaces/action/detail/start_goal_action__description.c
[4.203s] -- Installing: /home/enio/develop_fer/Model-Informed-Path-Planning/path_planning_ws/install/user_action_interfaces/include/user_action_interfaces/user_action_interfaces/action/detail/start_goal_action__type_support.h
[4.203s] -- Installing: /home/enio/develop_fer/Model-Informed-Path-Planning/path_planning_ws/install/user_action_interfaces/include/user_action_interfaces/user_action_interfaces/action/detail/start_goal_action__type_support.c
[4.203s] -- Installing: /home/enio/develop_fer/Model-Informed-Path-Planning/path_planning_ws/install/user_action_interfaces/include/user_action_interfaces/user_action_interfaces/action/detail/start_goal_action__functions.h
[4.204s] -- Installing: /home/enio/develop_fer/Model-Informed-Path-Planning/path_planning_ws/install/user_action_interfaces/include/user_action_interfaces/user_action_interfaces/action/detail/start_goal_action__struct.h
[4.204s] -- Installing: /home/enio/develop_fer/Model-Informed-Path-Planning/path_planning_ws/install/user_action_interfaces/include/user_action_interfaces/user_action_interfaces/action/detail/start_goal_action__functions.c
[4.204s] -- Installing: /home/enio/develop_fer/Model-Informed-Path-Planning/path_planning_ws/install/user_action_interfaces/include/user_action_interfaces/user_action_interfaces/action/start_goal_action.h
[4.204s] -- Installing: /home/enio/develop_fer/Model-Informed-Path-Planning/path_planning_ws/install/user_action_interfaces/share/user_action_interfaces/environment/library_path.sh
[4.204s] -- Installing: /home/enio/develop_fer/Model-Informed-Path-Planning/path_planning_ws/install/user_action_interfaces/share/user_action_interfaces/environment/library_path.dsv
[4.204s] -- Installing: /home/enio/develop_fer/Model-Informed-Path-Planning/path_planning_ws/install/user_action_interfaces/lib/libuser_action_interfaces__rosidl_generator_c.so
[4.205s] -- Set runtime path of "/home/enio/develop_fer/Model-Informed-Path-Planning/path_planning_ws/install/user_action_interfaces/lib/libuser_action_interfaces__rosidl_generator_c.so" to ""
[4.205s] -- Up-to-date: /home/enio/develop_fer/Model-Informed-Path-Planning/path_planning_ws/install/user_action_interfaces/include/user_action_interfaces/user_action_interfaces
[4.205s] -- Up-to-date: /home/enio/develop_fer/Model-Informed-Path-Planning/path_planning_ws/install/user_action_interfaces/include/user_action_interfaces/user_action_interfaces/msg
[4.205s] -- Up-to-date: /home/enio/develop_fer/Model-Informed-Path-Planning/path_planning_ws/install/user_action_interfaces/include/user_action_interfaces/user_action_interfaces/msg/detail
[4.205s] -- Installing: /home/enio/develop_fer/Model-Informed-Path-Planning/path_planning_ws/install/user_action_interfaces/include/user_action_interfaces/user_action_interfaces/msg/detail/coast_msg__rosidl_typesupport_fastrtps_c.h
[4.205s] -- Installing: /home/enio/develop_fer/Model-Informed-Path-Planning/path_planning_ws/install/user_action_interfaces/include/user_action_interfaces/user_action_interfaces/msg/detail/path_msg__rosidl_typesupport_fastrtps_c.h
[4.205s] -- Installing: /home/enio/develop_fer/Model-Informed-Path-Planning/path_planning_ws/install/user_action_interfaces/include/user_action_interfaces/user_action_interfaces/msg/detail/start_goal_msg__rosidl_typesupport_fastrtps_c.h
[4.205s] -- Installing: /home/enio/develop_fer/Model-Informed-Path-Planning/path_planning_ws/install/user_action_interfaces/include/user_action_interfaces/user_action_interfaces/msg/rosidl_typesupport_fastrtps_c__visibility_control.h
[4.205s] -- Up-to-date: /home/enio/develop_fer/Model-Informed-Path-Planning/path_planning_ws/install/user_action_interfaces/include/user_action_interfaces/user_action_interfaces/action
[4.205s] -- Up-to-date: /home/enio/develop_fer/Model-Informed-Path-Planning/path_planning_ws/install/user_action_interfaces/include/user_action_interfaces/user_action_interfaces/action/detail
[4.205s] -- Installing: /home/enio/develop_fer/Model-Informed-Path-Planning/path_planning_ws/install/user_action_interfaces/include/user_action_interfaces/user_action_interfaces/action/detail/start_goal_action__rosidl_typesupport_fastrtps_c.h
[4.205s] -- Installing: /home/enio/develop_fer/Model-Informed-Path-Planning/path_planning_ws/install/user_action_interfaces/lib/libuser_action_interfaces__rosidl_typesupport_fastrtps_c.so
[4.205s] -- Set runtime path of "/home/enio/develop_fer/Model-Informed-Path-Planning/path_planning_ws/install/user_action_interfaces/lib/libuser_action_interfaces__rosidl_typesupport_fastrtps_c.so" to ""
[4.206s] -- Up-to-date: /home/enio/develop_fer/Model-Informed-Path-Planning/path_planning_ws/install/user_action_interfaces/include/user_action_interfaces/user_action_interfaces
[4.206s] -- Up-to-date: /home/enio/develop_fer/Model-Informed-Path-Planning/path_planning_ws/install/user_action_interfaces/include/user_action_interfaces/user_action_interfaces/msg
[4.206s] -- Up-to-date: /home/enio/develop_fer/Model-Informed-Path-Planning/path_planning_ws/install/user_action_interfaces/include/user_action_interfaces/user_action_interfaces/msg/detail
[4.206s] -- Up-to-date: /home/enio/develop_fer/Model-Informed-Path-Planning/path_planning_ws/install/user_action_interfaces/include/user_action_interfaces/user_action_interfaces/msg/detail/coast_msg__type_support.c
[4.206s] -- Installing: /home/enio/develop_fer/Model-Informed-Path-Planning/path_planning_ws/install/user_action_interfaces/include/user_action_interfaces/user_action_interfaces/msg/detail/path_msg__rosidl_typesupport_introspection_c.h
[4.206s] -- Installing: /home/enio/develop_fer/Model-Informed-Path-Planning/path_planning_ws/install/user_action_interfaces/include/user_action_interfaces/user_action_interfaces/msg/detail/start_goal_msg__rosidl_typesupport_introspection_c.h
[4.206s] -- Up-to-date: /home/enio/develop_fer/Model-Informed-Path-Planning/path_planning_ws/install/user_action_interfaces/include/user_action_interfaces/user_action_interfaces/msg/detail/path_msg__type_support.c
[4.206s] -- Installing: /home/enio/develop_fer/Model-Informed-Path-Planning/path_planning_ws/install/user_action_interfaces/include/user_action_interfaces/user_action_interfaces/msg/detail/coast_msg__rosidl_typesupport_introspection_c.h
[4.206s] -- Up-to-date: /home/enio/develop_fer/Model-Informed-Path-Planning/path_planning_ws/install/user_action_interfaces/include/user_action_interfaces/user_action_interfaces/msg/detail/start_goal_msg__type_support.c
[4.206s] -- Installing: /home/enio/develop_fer/Model-Informed-Path-Planning/path_planning_ws/install/user_action_interfaces/include/user_action_interfaces/user_action_interfaces/msg/rosidl_typesupport_introspection_c__visibility_control.h
[4.206s] -- Up-to-date: /home/enio/develop_fer/Model-Informed-Path-Planning/path_planning_ws/install/user_action_interfaces/include/user_action_interfaces/user_action_interfaces/action
[4.206s] -- Up-to-date: /home/enio/develop_fer/Model-Informed-Path-Planning/path_planning_ws/install/user_action_interfaces/include/user_action_interfaces/user_action_interfaces/action/detail
[4.206s] -- Up-to-date: /home/enio/develop_fer/Model-Informed-Path-Planning/path_planning_ws/install/user_action_interfaces/include/user_action_interfaces/user_action_interfaces/action/detail/start_goal_action__type_support.c
[4.206s] -- Installing: /home/enio/develop_fer/Model-Informed-Path-Planning/path_planning_ws/install/user_action_interfaces/include/user_action_interfaces/user_action_interfaces/action/detail/start_goal_action__rosidl_typesupport_introspection_c.h
[4.206s] -- Installing: /home/enio/develop_fer/Model-Informed-Path-Planning/path_planning_ws/install/user_action_interfaces/lib/libuser_action_interfaces__rosidl_typesupport_introspection_c.so
[4.206s] -- Set runtime path of "/home/enio/develop_fer/Model-Informed-Path-Planning/path_planning_ws/install/user_action_interfaces/lib/libuser_action_interfaces__rosidl_typesupport_introspection_c.so" to ""
[4.207s] -- Installing: /home/enio/develop_fer/Model-Informed-Path-Planning/path_planning_ws/install/user_action_interfaces/lib/libuser_action_interfaces__rosidl_typesupport_c.so
[4.207s] -- Set runtime path of "/home/enio/develop_fer/Model-Informed-Path-Planning/path_planning_ws/install/user_action_interfaces/lib/libuser_action_interfaces__rosidl_typesupport_c.so" to ""
[4.207s] -- Up-to-date: /home/enio/develop_fer/Model-Informed-Path-Planning/path_planning_ws/install/user_action_interfaces/include/user_action_interfaces/user_action_interfaces
[4.207s] -- Up-to-date: /home/enio/develop_fer/Model-Informed-Path-Planning/path_planning_ws/install/user_action_interfaces/include/user_action_interfaces/user_action_interfaces/msg
[4.207s] -- Up-to-date: /home/enio/develop_fer/Model-Informed-Path-Planning/path_planning_ws/install/user_action_interfaces/include/user_action_interfaces/user_action_interfaces/msg/detail
[4.207s] -- Installing: /home/enio/develop_fer/Model-Informed-Path-Planning/path_planning_ws/install/user_action_interfaces/include/user_action_interfaces/user_action_interfaces/msg/detail/start_goal_msg__traits.hpp
[4.207s] -- Installing: /home/enio/develop_fer/Model-Informed-Path-Planning/path_planning_ws/install/user_action_interfaces/include/user_action_interfaces/user_action_interfaces/msg/detail/path_msg__traits.hpp
[4.207s] -- Installing: /home/enio/develop_fer/Model-Informed-Path-Planning/path_planning_ws/install/user_action_interfaces/include/user_action_interfaces/user_action_interfaces/msg/detail/path_msg__struct.hpp
[4.207s] -- Installing: /home/enio/develop_fer/Model-Informed-Path-Planning/path_planning_ws/install/user_action_interfaces/include/user_action_interfaces/user_action_interfaces/msg/detail/start_goal_msg__struct.hpp
[4.207s] -- Installing: /home/enio/develop_fer/Model-Informed-Path-Planning/path_planning_ws/install/user_action_interfaces/include/user_action_interfaces/user_action_interfaces/msg/detail/coast_msg__traits.hpp
[4.207s] -- Installing: /home/enio/develop_fer/Model-Informed-Path-Planning/path_planning_ws/install/user_action_interfaces/include/user_action_interfaces/user_action_interfaces/msg/detail/path_msg__builder.hpp
[4.207s] -- Installing: /home/enio/develop_fer/Model-Informed-Path-Planning/path_planning_ws/install/user_action_interfaces/include/user_action_interfaces/user_action_interfaces/msg/detail/start_goal_msg__builder.hpp
[4.207s] -- Installing: /home/enio/develop_fer/Model-Informed-Path-Planning/path_planning_ws/install/user_action_interfaces/include/user_action_interfaces/user_action_interfaces/msg/detail/coast_msg__struct.hpp
[4.207s] -- Installing: /home/enio/develop_fer/Model-Informed-Path-Planning/path_planning_ws/install/user_action_interfaces/include/user_action_interfaces/user_action_interfaces/msg/detail/coast_msg__builder.hpp
[4.208s] -- Installing: /home/enio/develop_fer/Model-Informed-Path-Planning/path_planning_ws/install/user_action_interfaces/include/user_action_interfaces/user_action_interfaces/msg/start_goal_msg.hpp
[4.208s] -- Installing: /home/enio/develop_fer/Model-Informed-Path-Planning/path_planning_ws/install/user_action_interfaces/include/user_action_interfaces/user_action_interfaces/msg/path_msg.hpp
[4.208s] -- Installing: /home/enio/develop_fer/Model-Informed-Path-Planning/path_planning_ws/install/user_action_interfaces/include/user_action_interfaces/user_action_interfaces/msg/coast_msg.hpp
[4.208s] -- Up-to-date: /home/enio/develop_fer/Model-Informed-Path-Planning/path_planning_ws/install/user_action_interfaces/include/user_action_interfaces/user_action_interfaces/action
[4.208s] -- Installing: /home/enio/develop_fer/Model-Informed-Path-Planning/path_planning_ws/install/user_action_interfaces/include/user_action_interfaces/user_action_interfaces/action/start_goal_action.hpp
[4.208s] -- Up-to-date: /home/enio/develop_fer/Model-Informed-Path-Planning/path_planning_ws/install/user_action_interfaces/include/user_action_interfaces/user_action_interfaces/action/detail
[4.208s] -- Installing: /home/enio/develop_fer/Model-Informed-Path-Planning/path_planning_ws/install/user_action_interfaces/include/user_action_interfaces/user_action_interfaces/action/detail/start_goal_action__struct.hpp
[4.208s] -- Installing: /home/enio/develop_fer/Model-Informed-Path-Planning/path_planning_ws/install/user_action_interfaces/include/user_action_interfaces/user_action_interfaces/action/detail/start_goal_action__traits.hpp
[4.208s] -- Installing: /home/enio/develop_fer/Model-Informed-Path-Planning/path_planning_ws/install/user_action_interfaces/include/user_action_interfaces/user_action_interfaces/action/detail/start_goal_action__builder.hpp
[4.208s] -- Up-to-date: /home/enio/develop_fer/Model-Informed-Path-Planning/path_planning_ws/install/user_action_interfaces/include/user_action_interfaces/user_action_interfaces
[4.208s] -- Up-to-date: /home/enio/develop_fer/Model-Informed-Path-Planning/path_planning_ws/install/user_action_interfaces/include/user_action_interfaces/user_action_interfaces/msg
[4.208s] -- Up-to-date: /home/enio/develop_fer/Model-Informed-Path-Planning/path_planning_ws/install/user_action_interfaces/include/user_action_interfaces/user_action_interfaces/msg/detail
[4.208s] -- Installing: /home/enio/develop_fer/Model-Informed-Path-Planning/path_planning_ws/install/user_action_interfaces/include/user_action_interfaces/user_action_interfaces/msg/detail/coast_msg__rosidl_typesupport_fastrtps_cpp.hpp
[4.208s] -- Installing: /home/enio/develop_fer/Model-Informed-Path-Planning/path_planning_ws/install/user_action_interfaces/include/user_action_interfaces/user_action_interfaces/msg/detail/start_goal_msg__rosidl_typesupport_fastrtps_cpp.hpp
[4.208s] -- Installing: /home/enio/develop_fer/Model-Informed-Path-Planning/path_planning_ws/install/user_action_interfaces/include/user_action_interfaces/user_action_interfaces/msg/detail/path_msg__rosidl_typesupport_fastrtps_cpp.hpp
[4.208s] -- Installing: /home/enio/develop_fer/Model-Informed-Path-Planning/path_planning_ws/install/user_action_interfaces/include/user_action_interfaces/user_action_interfaces/msg/detail/dds_fastrtps
[4.208s] -- Installing: /home/enio/develop_fer/Model-Informed-Path-Planning/path_planning_ws/install/user_action_interfaces/include/user_action_interfaces/user_action_interfaces/msg/rosidl_typesupport_fastrtps_cpp__visibility_control.h
[4.208s] -- Up-to-date: /home/enio/develop_fer/Model-Informed-Path-Planning/path_planning_ws/install/user_action_interfaces/include/user_action_interfaces/user_action_interfaces/action
[4.208s] -- Up-to-date: /home/enio/develop_fer/Model-Informed-Path-Planning/path_planning_ws/install/user_action_interfaces/include/user_action_interfaces/user_action_interfaces/action/detail
[4.209s] -- Installing: /home/enio/develop_fer/Model-Informed-Path-Planning/path_planning_ws/install/user_action_interfaces/include/user_action_interfaces/user_action_interfaces/action/detail/dds_fastrtps
[4.209s] -- Installing: /home/enio/develop_fer/Model-Informed-Path-Planning/path_planning_ws/install/user_action_interfaces/include/user_action_interfaces/user_action_interfaces/action/detail/start_goal_action__rosidl_typesupport_fastrtps_cpp.hpp
[4.209s] -- Installing: /home/enio/develop_fer/Model-Informed-Path-Planning/path_planning_ws/install/user_action_interfaces/lib/libuser_action_interfaces__rosidl_typesupport_fastrtps_cpp.so
[4.209s] -- Set runtime path of "/home/enio/develop_fer/Model-Informed-Path-Planning/path_planning_ws/install/user_action_interfaces/lib/libuser_action_interfaces__rosidl_typesupport_fastrtps_cpp.so" to ""
[4.209s] -- Up-to-date: /home/enio/develop_fer/Model-Informed-Path-Planning/path_planning_ws/install/user_action_interfaces/include/user_action_interfaces/user_action_interfaces
[4.209s] -- Up-to-date: /home/enio/develop_fer/Model-Informed-Path-Planning/path_planning_ws/install/user_action_interfaces/include/user_action_interfaces/user_action_interfaces/msg
[4.209s] -- Up-to-date: /home/enio/develop_fer/Model-Informed-Path-Planning/path_planning_ws/install/user_action_interfaces/include/user_action_interfaces/user_action_interfaces/msg/detail
[4.209s] -- Installing: /home/enio/develop_fer/Model-Informed-Path-Planning/path_planning_ws/install/user_action_interfaces/include/user_action_interfaces/user_action_interfaces/msg/detail/path_msg__type_support.cpp
[4.209s] -- Installing: /home/enio/develop_fer/Model-Informed-Path-Planning/path_planning_ws/install/user_action_interfaces/include/user_action_interfaces/user_action_interfaces/msg/detail/path_msg__rosidl_typesupport_introspection_cpp.hpp
[4.209s] -- Installing: /home/enio/develop_fer/Model-Informed-Path-Planning/path_planning_ws/install/user_action_interfaces/include/user_action_interfaces/user_action_interfaces/msg/detail/start_goal_msg__type_support.cpp
[4.209s] -- Installing: /home/enio/develop_fer/Model-Informed-Path-Planning/path_planning_ws/install/user_action_interfaces/include/user_action_interfaces/user_action_interfaces/msg/detail/start_goal_msg__rosidl_typesupport_introspection_cpp.hpp
[4.209s] -- Installing: /home/enio/develop_fer/Model-Informed-Path-Planning/path_planning_ws/install/user_action_interfaces/include/user_action_interfaces/user_action_interfaces/msg/detail/coast_msg__rosidl_typesupport_introspection_cpp.hpp
[4.209s] -- Installing: /home/enio/develop_fer/Model-Informed-Path-Planning/path_planning_ws/install/user_action_interfaces/include/user_action_interfaces/user_action_interfaces/msg/detail/coast_msg__type_support.cpp
[4.210s] -- Up-to-date: /home/enio/develop_fer/Model-Informed-Path-Planning/path_planning_ws/install/user_action_interfaces/include/user_action_interfaces/user_action_interfaces/action
[4.210s] -- Up-to-date: /home/enio/develop_fer/Model-Informed-Path-Planning/path_planning_ws/install/user_action_interfaces/include/user_action_interfaces/user_action_interfaces/action/detail
[4.210s] -- Installing: /home/enio/develop_fer/Model-Informed-Path-Planning/path_planning_ws/install/user_action_interfaces/include/user_action_interfaces/user_action_interfaces/action/detail/start_goal_action__type_support.cpp
[4.210s] -- Installing: /home/enio/develop_fer/Model-Informed-Path-Planning/path_planning_ws/install/user_action_interfaces/include/user_action_interfaces/user_action_interfaces/action/detail/start_goal_action__rosidl_typesupport_introspection_cpp.hpp
[4.210s] -- Installing: /home/enio/develop_fer/Model-Informed-Path-Planning/path_planning_ws/install/user_action_interfaces/lib/libuser_action_interfaces__rosidl_typesupport_introspection_cpp.so
[4.210s] -- Set runtime path of "/home/enio/develop_fer/Model-Informed-Path-Planning/path_planning_ws/install/user_action_interfaces/lib/libuser_action_interfaces__rosidl_typesupport_introspection_cpp.so" to ""
[4.210s] -- Installing: /home/enio/develop_fer/Model-Informed-Path-Planning/path_planning_ws/install/user_action_interfaces/lib/libuser_action_interfaces__rosidl_typesupport_cpp.so
[4.211s] -- Set runtime path of "/home/enio/develop_fer/Model-Informed-Path-Planning/path_planning_ws/install/user_action_interfaces/lib/libuser_action_interfaces__rosidl_typesupport_cpp.so" to ""
[4.211s] -- Installing: /home/enio/develop_fer/Model-Informed-Path-Planning/path_planning_ws/install/user_action_interfaces/share/user_action_interfaces/environment/pythonpath.sh
[4.211s] -- Installing: /home/enio/develop_fer/Model-Informed-Path-Planning/path_planning_ws/install/user_action_interfaces/share/user_action_interfaces/environment/pythonpath.dsv
[4.211s] -- Installing: /home/enio/develop_fer/Model-Informed-Path-Planning/path_planning_ws/install/user_action_interfaces/lib/python3.10/site-packages/user_action_interfaces-0.0.0-py3.10.egg-info
[4.211s] -- Installing: /home/enio/develop_fer/Model-Informed-Path-Planning/path_planning_ws/install/user_action_interfaces/lib/python3.10/site-packages/user_action_interfaces-0.0.0-py3.10.egg-info/PKG-INFO
[4.211s] -- Installing: /home/enio/develop_fer/Model-Informed-Path-Planning/path_planning_ws/install/user_action_interfaces/lib/python3.10/site-packages/user_action_interfaces-0.0.0-py3.10.egg-info/top_level.txt
[4.211s] -- Installing: /home/enio/develop_fer/Model-Informed-Path-Planning/path_planning_ws/install/user_action_interfaces/lib/python3.10/site-packages/user_action_interfaces-0.0.0-py3.10.egg-info/dependency_links.txt
[4.211s] -- Installing: /home/enio/develop_fer/Model-Informed-Path-Planning/path_planning_ws/install/user_action_interfaces/lib/python3.10/site-packages/user_action_interfaces-0.0.0-py3.10.egg-info/SOURCES.txt
[4.211s] -- Installing: /home/enio/develop_fer/Model-Informed-Path-Planning/path_planning_ws/install/user_action_interfaces/lib/python3.10/site-packages/user_action_interfaces
[4.211s] -- Installing: /home/enio/develop_fer/Model-Informed-Path-Planning/path_planning_ws/install/user_action_interfaces/lib/python3.10/site-packages/user_action_interfaces/_user_action_interfaces_s.ep.rosidl_typesupport_fastrtps_c.c
[4.211s] -- Installing: /home/enio/develop_fer/Model-Informed-Path-Planning/path_planning_ws/install/user_action_interfaces/lib/python3.10/site-packages/user_action_interfaces/_user_action_interfaces_s.ep.rosidl_typesupport_c.c
[4.211s] -- Installing: /home/enio/develop_fer/Model-Informed-Path-Planning/path_planning_ws/install/user_action_interfaces/lib/python3.10/site-packages/user_action_interfaces/__init__.py
[4.211s] -- Installing: /home/enio/develop_fer/Model-Informed-Path-Planning/path_planning_ws/install/user_action_interfaces/lib/python3.10/site-packages/user_action_interfaces/user_action_interfaces_s__rosidl_typesupport_fastrtps_c.cpython-310-x86_64-linux-gnu.so
[4.211s] -- Installing: /home/enio/develop_fer/Model-Informed-Path-Planning/path_planning_ws/install/user_action_interfaces/lib/python3.10/site-packages/user_action_interfaces/msg
[4.211s] -- Installing: /home/enio/develop_fer/Model-Informed-Path-Planning/path_planning_ws/install/user_action_interfaces/lib/python3.10/site-packages/user_action_interfaces/msg/__init__.py
[4.211s] -- Installing: /home/enio/develop_fer/Model-Informed-Path-Planning/path_planning_ws/install/user_action_interfaces/lib/python3.10/site-packages/user_action_interfaces/msg/_start_goal_msg.py
[4.211s] -- Installing: /home/enio/develop_fer/Model-Informed-Path-Planning/path_planning_ws/install/user_action_interfaces/lib/python3.10/site-packages/user_action_interfaces/msg/_path_msg_s.c
[4.211s] -- Installing: /home/enio/develop_fer/Model-Informed-Path-Planning/path_planning_ws/install/user_action_interfaces/lib/python3.10/site-packages/user_action_interfaces/msg/_coast_msg_s.c
[4.211s] -- Installing: /home/enio/develop_fer/Model-Informed-Path-Planning/path_planning_ws/install/user_action_interfaces/lib/python3.10/site-packages/user_action_interfaces/msg/_start_goal_msg_s.c
[4.212s] -- Installing: /home/enio/develop_fer/Model-Informed-Path-Planning/path_planning_ws/install/user_action_interfaces/lib/python3.10/site-packages/user_action_interfaces/msg/_coast_msg.py
[4.212s] -- Installing: /home/enio/develop_fer/Model-Informed-Path-Planning/path_planning_ws/install/user_action_interfaces/lib/python3.10/site-packages/user_action_interfaces/msg/_path_msg.py
[4.212s] -- Installing: /home/enio/develop_fer/Model-Informed-Path-Planning/path_planning_ws/install/user_action_interfaces/lib/python3.10/site-packages/user_action_interfaces/user_action_interfaces_s__rosidl_typesupport_c.cpython-310-x86_64-linux-gnu.so
[4.212s] -- Installing: /home/enio/develop_fer/Model-Informed-Path-Planning/path_planning_ws/install/user_action_interfaces/lib/python3.10/site-packages/user_action_interfaces/user_action_interfaces_s__rosidl_typesupport_introspection_c.cpython-310-x86_64-linux-gnu.so
[4.212s] -- Installing: /home/enio/develop_fer/Model-Informed-Path-Planning/path_planning_ws/install/user_action_interfaces/lib/python3.10/site-packages/user_action_interfaces/libuser_action_interfaces__rosidl_generator_py.so
[4.212s] -- Installing: /home/enio/develop_fer/Model-Informed-Path-Planning/path_planning_ws/install/user_action_interfaces/lib/python3.10/site-packages/user_action_interfaces/action
[4.212s] -- Installing: /home/enio/develop_fer/Model-Informed-Path-Planning/path_planning_ws/install/user_action_interfaces/lib/python3.10/site-packages/user_action_interfaces/action/__init__.py
[4.212s] -- Installing: /home/enio/develop_fer/Model-Informed-Path-Planning/path_planning_ws/install/user_action_interfaces/lib/python3.10/site-packages/user_action_interfaces/action/_start_goal_action_s.c
[4.212s] -- Installing: /home/enio/develop_fer/Model-Informed-Path-Planning/path_planning_ws/install/user_action_interfaces/lib/python3.10/site-packages/user_action_interfaces/action/_start_goal_action.py
[4.212s] -- Installing: /home/enio/develop_fer/Model-Informed-Path-Planning/path_planning_ws/install/user_action_interfaces/lib/python3.10/site-packages/user_action_interfaces/_user_action_interfaces_s.ep.rosidl_typesupport_introspection_c.c
[4.242s] Listing '/home/enio/develop_fer/Model-Informed-Path-Planning/path_planning_ws/install/user_action_interfaces/lib/python3.10/site-packages/user_action_interfaces'...
[4.242s] Compiling '/home/enio/develop_fer/Model-Informed-Path-Planning/path_planning_ws/install/user_action_interfaces/lib/python3.10/site-packages/user_action_interfaces/__init__.py'...
[4.242s] Listing '/home/enio/develop_fer/Model-Informed-Path-Planning/path_planning_ws/install/user_action_interfaces/lib/python3.10/site-packages/user_action_interfaces/action'...
[4.242s] Compiling '/home/enio/develop_fer/Model-Informed-Path-Planning/path_planning_ws/install/user_action_interfaces/lib/python3.10/site-packages/user_action_interfaces/action/__init__.py'...
[4.242s] Compiling '/home/enio/develop_fer/Model-Informed-Path-Planning/path_planning_ws/install/user_action_interfaces/lib/python3.10/site-packages/user_action_interfaces/action/_start_goal_action.py'...
[4.242s] Listing '/home/enio/develop_fer/Model-Informed-Path-Planning/path_planning_ws/install/user_action_interfaces/lib/python3.10/site-packages/user_action_interfaces/msg'...
[4.242s] Compiling '/home/enio/develop_fer/Model-Informed-Path-Planning/path_planning_ws/install/user_action_interfaces/lib/python3.10/site-packages/user_action_interfaces/msg/__init__.py'...
[4.242s] Compiling '/home/enio/develop_fer/Model-Informed-Path-Planning/path_planning_ws/install/user_action_interfaces/lib/python3.10/site-packages/user_action_interfaces/msg/_coast_msg.py'...
[4.242s] Compiling '/home/enio/develop_fer/Model-Informed-Path-Planning/path_planning_ws/install/user_action_interfaces/lib/python3.10/site-packages/user_action_interfaces/msg/_path_msg.py'...
[4.242s] Compiling '/home/enio/develop_fer/Model-Informed-Path-Planning/path_planning_ws/install/user_action_interfaces/lib/python3.10/site-packages/user_action_interfaces/msg/_start_goal_msg.py'...
[4.245s] -- Installing: /home/enio/develop_fer/Model-Informed-Path-Planning/path_planning_ws/install/user_action_interfaces/lib/python3.10/site-packages/user_action_interfaces/user_action_interfaces_s__rosidl_typesupport_fastrtps_c.cpython-310-x86_64-linux-gnu.so
[4.245s] -- Set runtime path of "/home/enio/develop_fer/Model-Informed-Path-Planning/path_planning_ws/install/user_action_interfaces/lib/python3.10/site-packages/user_action_interfaces/user_action_interfaces_s__rosidl_typesupport_fastrtps_c.cpython-310-x86_64-linux-gnu.so" to ""
[4.245s] -- Installing: /home/enio/develop_fer/Model-Informed-Path-Planning/path_planning_ws/install/user_action_interfaces/lib/python3.10/site-packages/user_action_interfaces/user_action_interfaces_s__rosidl_typesupport_introspection_c.cpython-310-x86_64-linux-gnu.so
[4.245s] -- Set runtime path of "/home/enio/develop_fer/Model-Informed-Path-Planning/path_planning_ws/install/user_action_interfaces/lib/python3.10/site-packages/user_action_interfaces/user_action_interfaces_s__rosidl_typesupport_introspection_c.cpython-310-x86_64-linux-gnu.so" to ""
[4.245s] -- Installing: /home/enio/develop_fer/Model-Informed-Path-Planning/path_planning_ws/install/user_action_interfaces/lib/python3.10/site-packages/user_action_interfaces/user_action_interfaces_s__rosidl_typesupport_c.cpython-310-x86_64-linux-gnu.so
[4.245s] -- Set runtime path of "/home/enio/develop_fer/Model-Informed-Path-Planning/path_planning_ws/install/user_action_interfaces/lib/python3.10/site-packages/user_action_interfaces/user_action_interfaces_s__rosidl_typesupport_c.cpython-310-x86_64-linux-gnu.so" to ""
[4.245s] -- Installing: /home/enio/develop_fer/Model-Informed-Path-Planning/path_planning_ws/install/user_action_interfaces/lib/libuser_action_interfaces__rosidl_generator_py.so
[4.245s] -- Set runtime path of "/home/enio/develop_fer/Model-Informed-Path-Planning/path_planning_ws/install/user_action_interfaces/lib/libuser_action_interfaces__rosidl_generator_py.so" to ""
[4.245s] -- Installing: /home/enio/develop_fer/Model-Informed-Path-Planning/path_planning_ws/install/user_action_interfaces/share/user_action_interfaces/action/StartGoalAction.idl
[4.245s] -- Installing: /home/enio/develop_fer/Model-Informed-Path-Planning/path_planning_ws/install/user_action_interfaces/share/user_action_interfaces/msg/StartGoalMsg.idl
[4.245s] -- Installing: /home/enio/develop_fer/Model-Informed-Path-Planning/path_planning_ws/install/user_action_interfaces/share/user_action_interfaces/msg/CoastMsg.idl
[4.245s] -- Installing: /home/enio/develop_fer/Model-Informed-Path-Planning/path_planning_ws/install/user_action_interfaces/share/user_action_interfaces/msg/PathMsg.idl
[4.245s] -- Installing: /home/enio/develop_fer/Model-Informed-Path-Planning/path_planning_ws/install/user_action_interfaces/share/user_action_interfaces/action/StartGoalAction.action
[4.246s] -- Installing: /home/enio/develop_fer/Model-Informed-Path-Planning/path_planning_ws/install/user_action_interfaces/share/user_action_interfaces/msg/StartGoalMsg.msg
[4.246s] -- Installing: /home/enio/develop_fer/Model-Informed-Path-Planning/path_planning_ws/install/user_action_interfaces/share/user_action_interfaces/msg/CoastMsg.msg
[4.246s] -- Installing: /home/enio/develop_fer/Model-Informed-Path-Planning/path_planning_ws/install/user_action_interfaces/share/user_action_interfaces/msg/PathMsg.msg
[4.246s] -- Installing: /home/enio/develop_fer/Model-Informed-Path-Planning/path_planning_ws/install/user_action_interfaces/share/ament_index/resource_index/package_run_dependencies/user_action_interfaces
[4.246s] -- Installing: /home/enio/develop_fer/Model-Informed-Path-Planning/path_planning_ws/install/user_action_interfaces/share/ament_index/resource_index/parent_prefix_path/user_action_interfaces
[4.246s] -- Installing: /home/enio/develop_fer/Model-Informed-Path-Planning/path_planning_ws/install/user_action_interfaces/share/user_action_interfaces/environment/ament_prefix_path.sh
[4.246s] -- Installing: /home/enio/develop_fer/Model-Informed-Path-Planning/path_planning_ws/install/user_action_interfaces/share/user_action_interfaces/environment/ament_prefix_path.dsv
[4.246s] -- Installing: /home/enio/develop_fer/Model-Informed-Path-Planning/path_planning_ws/install/user_action_interfaces/share/user_action_interfaces/environment/path.sh
[4.246s] -- Installing: /home/enio/develop_fer/Model-Informed-Path-Planning/path_planning_ws/install/user_action_interfaces/share/user_action_interfaces/environment/path.dsv
[4.246s] -- Installing: /home/enio/develop_fer/Model-Informed-Path-Planning/path_planning_ws/install/user_action_interfaces/share/user_action_interfaces/local_setup.bash
[4.246s] -- Installing: /home/enio/develop_fer/Model-Informed-Path-Planning/path_planning_ws/install/user_action_interfaces/share/user_action_interfaces/local_setup.sh
[4.246s] -- Installing: /home/enio/develop_fer/Model-Informed-Path-Planning/path_planning_ws/install/user_action_interfaces/share/user_action_interfaces/local_setup.zsh
[4.246s] -- Installing: /home/enio/develop_fer/Model-Informed-Path-Planning/path_planning_ws/install/user_action_interfaces/share/user_action_interfaces/local_setup.dsv
[4.246s] -- Installing: /home/enio/develop_fer/Model-Informed-Path-Planning/path_planning_ws/install/user_action_interfaces/share/user_action_interfaces/package.dsv
[4.246s] -- Installing: /home/enio/develop_fer/Model-Informed-Path-Planning/path_planning_ws/install/user_action_interfaces/share/ament_index/resource_index/packages/user_action_interfaces
[4.246s] -- Installing: /home/enio/develop_fer/Model-Informed-Path-Planning/path_planning_ws/install/user_action_interfaces/share/user_action_interfaces/cmake/export_user_action_interfaces__rosidl_generator_cExport.cmake
[4.246s] -- Installing: /home/enio/develop_fer/Model-Informed-Path-Planning/path_planning_ws/install/user_action_interfaces/share/user_action_interfaces/cmake/export_user_action_interfaces__rosidl_generator_cExport-noconfig.cmake
[4.246s] -- Installing: /home/enio/develop_fer/Model-Informed-Path-Planning/path_planning_ws/install/user_action_interfaces/share/user_action_interfaces/cmake/export_user_action_interfaces__rosidl_typesupport_fastrtps_cExport.cmake
[4.246s] -- Installing: /home/enio/develop_fer/Model-Informed-Path-Planning/path_planning_ws/install/user_action_interfaces/share/user_action_interfaces/cmake/export_user_action_interfaces__rosidl_typesupport_fastrtps_cExport-noconfig.cmake
[4.246s] -- Installing: /home/enio/develop_fer/Model-Informed-Path-Planning/path_planning_ws/install/user_action_interfaces/share/user_action_interfaces/cmake/user_action_interfaces__rosidl_typesupport_introspection_cExport.cmake
[4.246s] -- Installing: /home/enio/develop_fer/Model-Informed-Path-Planning/path_planning_ws/install/user_action_interfaces/share/user_action_interfaces/cmake/user_action_interfaces__rosidl_typesupport_introspection_cExport-noconfig.cmake
[4.246s] -- Installing: /home/enio/develop_fer/Model-Informed-Path-Planning/path_planning_ws/install/user_action_interfaces/share/user_action_interfaces/cmake/user_action_interfaces__rosidl_typesupport_cExport.cmake
[4.246s] -- Installing: /home/enio/develop_fer/Model-Informed-Path-Planning/path_planning_ws/install/user_action_interfaces/share/user_action_interfaces/cmake/user_action_interfaces__rosidl_typesupport_cExport-noconfig.cmake
[4.247s] -- Installing: /home/enio/develop_fer/Model-Informed-Path-Planning/path_planning_ws/install/user_action_interfaces/share/user_action_interfaces/cmake/export_user_action_interfaces__rosidl_generator_cppExport.cmake
[4.247s] -- Installing: /home/enio/develop_fer/Model-Informed-Path-Planning/path_planning_ws/install/user_action_interfaces/share/user_action_interfaces/cmake/export_user_action_interfaces__rosidl_typesupport_fastrtps_cppExport.cmake
[4.247s] -- Installing: /home/enio/develop_fer/Model-Informed-Path-Planning/path_planning_ws/install/user_action_interfaces/share/user_action_interfaces/cmake/export_user_action_interfaces__rosidl_typesupport_fastrtps_cppExport-noconfig.cmake
[4.247s] -- Installing: /home/enio/develop_fer/Model-Informed-Path-Planning/path_planning_ws/install/user_action_interfaces/share/user_action_interfaces/cmake/user_action_interfaces__rosidl_typesupport_introspection_cppExport.cmake
[4.247s] -- Installing: /home/enio/develop_fer/Model-Informed-Path-Planning/path_planning_ws/install/user_action_interfaces/share/user_action_interfaces/cmake/user_action_interfaces__rosidl_typesupport_introspection_cppExport-noconfig.cmake
[4.247s] -- Installing: /home/enio/develop_fer/Model-Informed-Path-Planning/path_planning_ws/install/user_action_interfaces/share/user_action_interfaces/cmake/user_action_interfaces__rosidl_typesupport_cppExport.cmake
[4.247s] -- Installing: /home/enio/develop_fer/Model-Informed-Path-Planning/path_planning_ws/install/user_action_interfaces/share/user_action_interfaces/cmake/user_action_interfaces__rosidl_typesupport_cppExport-noconfig.cmake
[4.247s] -- Installing: /home/enio/develop_fer/Model-Informed-Path-Planning/path_planning_ws/install/user_action_interfaces/share/user_action_interfaces/cmake/export_user_action_interfaces__rosidl_generator_pyExport.cmake
[4.247s] -- Installing: /home/enio/develop_fer/Model-Informed-Path-Planning/path_planning_ws/install/user_action_interfaces/share/user_action_interfaces/cmake/export_user_action_interfaces__rosidl_generator_pyExport-noconfig.cmake
[4.247s] -- Installing: /home/enio/develop_fer/Model-Informed-Path-Planning/path_planning_ws/install/user_action_interfaces/share/user_action_interfaces/cmake/rosidl_cmake-extras.cmake
[4.247s] -- Installing: /home/enio/develop_fer/Model-Informed-Path-Planning/path_planning_ws/install/user_action_interfaces/share/user_action_interfaces/cmake/ament_cmake_export_dependencies-extras.cmake
[4.247s] -- Installing: /home/enio/develop_fer/Model-Informed-Path-Planning/path_planning_ws/install/user_action_interfaces/share/user_action_interfaces/cmake/ament_cmake_export_include_directories-extras.cmake
[4.247s] -- Installing: /home/enio/develop_fer/Model-Informed-Path-Planning/path_planning_ws/install/user_action_interfaces/share/user_action_interfaces/cmake/ament_cmake_export_libraries-extras.cmake
[4.247s] -- Installing: /home/enio/develop_fer/Model-Informed-Path-Planning/path_planning_ws/install/user_action_interfaces/share/user_action_interfaces/cmake/ament_cmake_export_targets-extras.cmake
[4.247s] -- Installing: /home/enio/develop_fer/Model-Informed-Path-Planning/path_planning_ws/install/user_action_interfaces/share/user_action_interfaces/cmake/rosidl_cmake_export_typesupport_targets-extras.cmake
[4.247s] -- Installing: /home/enio/develop_fer/Model-Informed-Path-Planning/path_planning_ws/install/user_action_interfaces/share/user_action_interfaces/cmake/rosidl_cmake_export_typesupport_libraries-extras.cmake
[4.247s] -- Installing: /home/enio/develop_fer/Model-Informed-Path-Planning/path_planning_ws/install/user_action_interfaces/share/user_action_interfaces/cmake/user_action_interfacesConfig.cmake
[4.247s] -- Installing: /home/enio/develop_fer/Model-Informed-Path-Planning/path_planning_ws/install/user_action_interfaces/share/user_action_interfaces/cmake/user_action_interfacesConfig-version.cmake
[4.247s] -- Installing: /home/enio/develop_fer/Model-Informed-Path-Planning/path_planning_ws/install/user_action_interfaces/share/user_action_interfaces/package.xml
[4.249s] Invoked command in '/home/enio/develop_fer/Model-Informed-Path-Planning/path_planning_ws/build/user_action_interfaces' returned '0': CMAKE_PREFIX_PATH=${CMAKE_PREFIX_PATH}:/home/enio/develop_fer/Model-Informed-Path-Planning/path_planning_ws/install/path_planning_server:/home/enio/develop_fer/Model-Informed-Path-Planning/path_planning_ws/install/path_planning_action:/home/enio/develop_fer/Model-Informed-Path-Planning/path_planning_ws/install/map_maker:/opt/ros/iron /usr/bin/cmake --install /home/enio/develop_fer/Model-Informed-Path-Planning/path_planning_ws/build/user_action_interfaces
