[2.728s] DEBUG:colcon:Command line arguments: ['/usr/bin/colcon', 'build']
[2.728s] DEBUG:colcon:Parsed command line arguments: Namespace(log_base=None, log_level=None, verb_name='build', build_base='build', install_base='install', merge_install=False, symlink_install=False, test_result_base=None, continue_on_error=False, executor='parallel', parallel_workers=8, event_handlers=None, ignore_user_meta=False, metas=['./colcon.meta'], base_paths=['.'], packages_ignore=None, packages_ignore_regex=None, paths=None, packages_up_to=None, packages_up_to_regex=None, packages_above=None, packages_above_and_dependencies=None, packages_above_depth=None, packages_select_by_dep=None, packages_skip_by_dep=None, packages_skip_up_to=None, packages_select_build_failed=False, packages_skip_build_finished=False, packages_select_test_failures=False, packages_skip_test_passed=False, packages_select=None, packages_skip=None, packages_select_regex=None, packages_skip_regex=None, packages_start=None, packages_end=None, allow_overriding=[], cmake_args=None, cmake_target=None, cmake_target_skip_unavailable=False, cmake_clean_cache=False, cmake_clean_first=False, cmake_force_configure=False, ament_cmake_args=None, catkin_cmake_args=None, catkin_skip_building_tests=False, verb_parser=<colcon_defaults.argument_parser.defaults.DefaultArgumentsDecorator object at 0x7fb5345c6950>, verb_extension=<colcon_core.verb.build.BuildVerb object at 0x7fb5348d47c0>, main=<bound method BuildVerb.main of <colcon_core.verb.build.BuildVerb object at 0x7fb5348d47c0>>)
[2.847s] Level 1:colcon.colcon_core.package_discovery:discover_packages(colcon_meta) check parameters
[2.847s] Level 1:colcon.colcon_core.package_discovery:discover_packages(recursive) check parameters
[2.848s] Level 1:colcon.colcon_core.package_discovery:discover_packages(ignore) check parameters
[2.848s] Level 1:colcon.colcon_core.package_discovery:discover_packages(path) check parameters
[2.848s] Level 1:colcon.colcon_core.package_discovery:discover_packages(colcon_meta) discover
[2.848s] Level 1:colcon.colcon_core.package_discovery:discover_packages(recursive) discover
[2.848s] INFO:colcon.colcon_core.package_discovery:Crawling recursively for packages in '/home/enio/develop_fer/path_planning/Model-informed-path-planning-and-control-for-autonomous-vessels'
[2.848s] Level 1:colcon.colcon_core.package_identification:_identify(.) by extensions ['ignore', 'ignore_ament_install']
[2.848s] Level 1:colcon.colcon_core.package_identification:_identify(.) by extension 'ignore'
[2.848s] Level 1:colcon.colcon_core.package_identification:_identify(.) by extension 'ignore_ament_install'
[2.848s] Level 1:colcon.colcon_core.package_identification:_identify(.) by extensions ['colcon_pkg']
[2.849s] Level 1:colcon.colcon_core.package_identification:_identify(.) by extension 'colcon_pkg'
[2.849s] Level 1:colcon.colcon_core.package_identification:_identify(.) by extensions ['colcon_meta']
[2.849s] Level 1:colcon.colcon_core.package_identification:_identify(.) by extension 'colcon_meta'
[2.849s] Level 1:colcon.colcon_core.package_identification:_identify(.) by extensions ['ros']
[2.849s] Level 1:colcon.colcon_core.package_identification:_identify(.) by extension 'ros'
[2.871s] Level 1:colcon.colcon_core.package_identification:_identify(.) by extensions ['cmake', 'python']
[2.871s] Level 1:colcon.colcon_core.package_identification:_identify(.) by extension 'cmake'
[2.871s] Level 1:colcon.colcon_core.package_identification:_identify(.) by extension 'python'
[2.871s] Level 1:colcon.colcon_core.package_identification:_identify(.) by extensions ['python_setup_py']
[2.871s] Level 1:colcon.colcon_core.package_identification:_identify(.) by extension 'python_setup_py'
[2.872s] Level 1:colcon.colcon_core.package_identification:_identify(build) by extensions ['ignore', 'ignore_ament_install']
[2.872s] Level 1:colcon.colcon_core.package_identification:_identify(build) by extension 'ignore'
[2.872s] Level 1:colcon.colcon_core.package_identification:_identify(build) ignored
[2.872s] Level 1:colcon.colcon_core.package_identification:_identify(install) by extensions ['ignore', 'ignore_ament_install']
[2.872s] Level 1:colcon.colcon_core.package_identification:_identify(install) by extension 'ignore'
[2.872s] Level 1:colcon.colcon_core.package_identification:_identify(install) ignored
[2.873s] Level 1:colcon.colcon_core.package_identification:_identify(log) by extensions ['ignore', 'ignore_ament_install']
[2.873s] Level 1:colcon.colcon_core.package_identification:_identify(log) by extension 'ignore'
[2.873s] Level 1:colcon.colcon_core.package_identification:_identify(log) ignored
[2.873s] Level 1:colcon.colcon_core.package_identification:_identify(src) by extensions ['ignore', 'ignore_ament_install']
[2.873s] Level 1:colcon.colcon_core.package_identification:_identify(src) by extension 'ignore'
[2.873s] Level 1:colcon.colcon_core.package_identification:_identify(src) by extension 'ignore_ament_install'
[2.873s] Level 1:colcon.colcon_core.package_identification:_identify(src) by extensions ['colcon_pkg']
[2.873s] Level 1:colcon.colcon_core.package_identification:_identify(src) by extension 'colcon_pkg'
[2.873s] Level 1:colcon.colcon_core.package_identification:_identify(src) by extensions ['colcon_meta']
[2.874s] Level 1:colcon.colcon_core.package_identification:_identify(src) by extension 'colcon_meta'
[2.874s] Level 1:colcon.colcon_core.package_identification:_identify(src) by extensions ['ros']
[2.874s] Level 1:colcon.colcon_core.package_identification:_identify(src) by extension 'ros'
[2.874s] Level 1:colcon.colcon_core.package_identification:_identify(src) by extensions ['cmake', 'python']
[2.874s] Level 1:colcon.colcon_core.package_identification:_identify(src) by extension 'cmake'
[2.874s] Level 1:colcon.colcon_core.package_identification:_identify(src) by extension 'python'
[2.874s] Level 1:colcon.colcon_core.package_identification:_identify(src) by extensions ['python_setup_py']
[2.874s] Level 1:colcon.colcon_core.package_identification:_identify(src) by extension 'python_setup_py'
[2.874s] Level 1:colcon.colcon_core.package_identification:_identify(src/assets) by extensions ['ignore', 'ignore_ament_install']
[2.875s] Level 1:colcon.colcon_core.package_identification:_identify(src/assets) by extension 'ignore'
[2.875s] Level 1:colcon.colcon_core.package_identification:_identify(src/assets) by extension 'ignore_ament_install'
[2.875s] Level 1:colcon.colcon_core.package_identification:_identify(src/assets) by extensions ['colcon_pkg']
[2.875s] Level 1:colcon.colcon_core.package_identification:_identify(src/assets) by extension 'colcon_pkg'
[2.875s] Level 1:colcon.colcon_core.package_identification:_identify(src/assets) by extensions ['colcon_meta']
[2.875s] Level 1:colcon.colcon_core.package_identification:_identify(src/assets) by extension 'colcon_meta'
[2.875s] Level 1:colcon.colcon_core.package_identification:_identify(src/assets) by extensions ['ros']
[2.875s] Level 1:colcon.colcon_core.package_identification:_identify(src/assets) by extension 'ros'
[2.875s] Level 1:colcon.colcon_core.package_identification:_identify(src/assets) by extensions ['cmake', 'python']
[2.875s] Level 1:colcon.colcon_core.package_identification:_identify(src/assets) by extension 'cmake'
[2.875s] Level 1:colcon.colcon_core.package_identification:_identify(src/assets) by extension 'python'
[2.876s] Level 1:colcon.colcon_core.package_identification:_identify(src/assets) by extensions ['python_setup_py']
[2.876s] Level 1:colcon.colcon_core.package_identification:_identify(src/assets) by extension 'python_setup_py'
[2.876s] Level 1:colcon.colcon_core.package_identification:_identify(src/grid_search_algorithms) by extensions ['ignore', 'ignore_ament_install']
[2.876s] Level 1:colcon.colcon_core.package_identification:_identify(src/grid_search_algorithms) by extension 'ignore'
[2.876s] Level 1:colcon.colcon_core.package_identification:_identify(src/grid_search_algorithms) by extension 'ignore_ament_install'
[2.876s] Level 1:colcon.colcon_core.package_identification:_identify(src/grid_search_algorithms) by extensions ['colcon_pkg']
[2.876s] Level 1:colcon.colcon_core.package_identification:_identify(src/grid_search_algorithms) by extension 'colcon_pkg'
[2.876s] Level 1:colcon.colcon_core.package_identification:_identify(src/grid_search_algorithms) by extensions ['colcon_meta']
[2.876s] Level 1:colcon.colcon_core.package_identification:_identify(src/grid_search_algorithms) by extension 'colcon_meta'
[2.877s] Level 1:colcon.colcon_core.package_identification:_identify(src/grid_search_algorithms) by extensions ['ros']
[2.877s] Level 1:colcon.colcon_core.package_identification:_identify(src/grid_search_algorithms) by extension 'ros'
[2.877s] Level 1:colcon.colcon_core.package_identification:_identify(src/grid_search_algorithms) by extensions ['cmake', 'python']
[2.877s] Level 1:colcon.colcon_core.package_identification:_identify(src/grid_search_algorithms) by extension 'cmake'
[2.877s] Level 1:colcon.colcon_core.package_identification:_identify(src/grid_search_algorithms) by extension 'python'
[2.877s] Level 1:colcon.colcon_core.package_identification:_identify(src/grid_search_algorithms) by extensions ['python_setup_py']
[2.877s] Level 1:colcon.colcon_core.package_identification:_identify(src/grid_search_algorithms) by extension 'python_setup_py'
[2.877s] Level 1:colcon.colcon_core.package_identification:_identify(src/grid_search_algorithms/Astar) by extensions ['ignore', 'ignore_ament_install']
[2.877s] Level 1:colcon.colcon_core.package_identification:_identify(src/grid_search_algorithms/Astar) by extension 'ignore'
[2.878s] Level 1:colcon.colcon_core.package_identification:_identify(src/grid_search_algorithms/Astar) by extension 'ignore_ament_install'
[2.878s] Level 1:colcon.colcon_core.package_identification:_identify(src/grid_search_algorithms/Astar) by extensions ['colcon_pkg']
[2.878s] Level 1:colcon.colcon_core.package_identification:_identify(src/grid_search_algorithms/Astar) by extension 'colcon_pkg'
[2.878s] Level 1:colcon.colcon_core.package_identification:_identify(src/grid_search_algorithms/Astar) by extensions ['colcon_meta']
[2.878s] Level 1:colcon.colcon_core.package_identification:_identify(src/grid_search_algorithms/Astar) by extension 'colcon_meta'
[2.878s] Level 1:colcon.colcon_core.package_identification:_identify(src/grid_search_algorithms/Astar) by extensions ['ros']
[2.878s] Level 1:colcon.colcon_core.package_identification:_identify(src/grid_search_algorithms/Astar) by extension 'ros'
[2.878s] Level 1:colcon.colcon_core.package_identification:_identify(src/grid_search_algorithms/Astar) by extensions ['cmake', 'python']
[2.878s] Level 1:colcon.colcon_core.package_identification:_identify(src/grid_search_algorithms/Astar) by extension 'cmake'
[2.878s] Level 1:colcon.colcon_core.package_identification:_identify(src/grid_search_algorithms/Astar) by extension 'python'
[2.878s] Level 1:colcon.colcon_core.package_identification:_identify(src/grid_search_algorithms/Astar) by extensions ['python_setup_py']
[2.879s] Level 1:colcon.colcon_core.package_identification:_identify(src/grid_search_algorithms/Astar) by extension 'python_setup_py'
[2.879s] Level 1:colcon.colcon_core.package_identification:_identify(src/grid_search_algorithms/Astar/__pycache__) by extensions ['ignore', 'ignore_ament_install']
[2.879s] Level 1:colcon.colcon_core.package_identification:_identify(src/grid_search_algorithms/Astar/__pycache__) by extension 'ignore'
[2.879s] Level 1:colcon.colcon_core.package_identification:_identify(src/grid_search_algorithms/Astar/__pycache__) by extension 'ignore_ament_install'
[2.879s] Level 1:colcon.colcon_core.package_identification:_identify(src/grid_search_algorithms/Astar/__pycache__) by extensions ['colcon_pkg']
[2.879s] Level 1:colcon.colcon_core.package_identification:_identify(src/grid_search_algorithms/Astar/__pycache__) by extension 'colcon_pkg'
[2.879s] Level 1:colcon.colcon_core.package_identification:_identify(src/grid_search_algorithms/Astar/__pycache__) by extensions ['colcon_meta']
[2.879s] Level 1:colcon.colcon_core.package_identification:_identify(src/grid_search_algorithms/Astar/__pycache__) by extension 'colcon_meta'
[2.879s] Level 1:colcon.colcon_core.package_identification:_identify(src/grid_search_algorithms/Astar/__pycache__) by extensions ['ros']
[2.879s] Level 1:colcon.colcon_core.package_identification:_identify(src/grid_search_algorithms/Astar/__pycache__) by extension 'ros'
[2.880s] Level 1:colcon.colcon_core.package_identification:_identify(src/grid_search_algorithms/Astar/__pycache__) by extensions ['cmake', 'python']
[2.880s] Level 1:colcon.colcon_core.package_identification:_identify(src/grid_search_algorithms/Astar/__pycache__) by extension 'cmake'
[2.880s] Level 1:colcon.colcon_core.package_identification:_identify(src/grid_search_algorithms/Astar/__pycache__) by extension 'python'
[2.880s] Level 1:colcon.colcon_core.package_identification:_identify(src/grid_search_algorithms/Astar/__pycache__) by extensions ['python_setup_py']
[2.880s] Level 1:colcon.colcon_core.package_identification:_identify(src/grid_search_algorithms/Astar/__pycache__) by extension 'python_setup_py'
[2.880s] Level 1:colcon.colcon_core.package_identification:_identify(src/grid_search_algorithms/Astar/img) by extensions ['ignore', 'ignore_ament_install']
[2.880s] Level 1:colcon.colcon_core.package_identification:_identify(src/grid_search_algorithms/Astar/img) by extension 'ignore'
[2.880s] Level 1:colcon.colcon_core.package_identification:_identify(src/grid_search_algorithms/Astar/img) by extension 'ignore_ament_install'
[2.881s] Level 1:colcon.colcon_core.package_identification:_identify(src/grid_search_algorithms/Astar/img) by extensions ['colcon_pkg']
[2.881s] Level 1:colcon.colcon_core.package_identification:_identify(src/grid_search_algorithms/Astar/img) by extension 'colcon_pkg'
[2.881s] Level 1:colcon.colcon_core.package_identification:_identify(src/grid_search_algorithms/Astar/img) by extensions ['colcon_meta']
[2.881s] Level 1:colcon.colcon_core.package_identification:_identify(src/grid_search_algorithms/Astar/img) by extension 'colcon_meta'
[2.881s] Level 1:colcon.colcon_core.package_identification:_identify(src/grid_search_algorithms/Astar/img) by extensions ['ros']
[2.881s] Level 1:colcon.colcon_core.package_identification:_identify(src/grid_search_algorithms/Astar/img) by extension 'ros'
[2.881s] Level 1:colcon.colcon_core.package_identification:_identify(src/grid_search_algorithms/Astar/img) by extensions ['cmake', 'python']
[2.881s] Level 1:colcon.colcon_core.package_identification:_identify(src/grid_search_algorithms/Astar/img) by extension 'cmake'
[2.881s] Level 1:colcon.colcon_core.package_identification:_identify(src/grid_search_algorithms/Astar/img) by extension 'python'
[2.881s] Level 1:colcon.colcon_core.package_identification:_identify(src/grid_search_algorithms/Astar/img) by extensions ['python_setup_py']
[2.881s] Level 1:colcon.colcon_core.package_identification:_identify(src/grid_search_algorithms/Astar/img) by extension 'python_setup_py'
[2.882s] Level 1:colcon.colcon_core.package_identification:_identify(src/grid_search_algorithms/Astar/test_data) by extensions ['ignore', 'ignore_ament_install']
[2.882s] Level 1:colcon.colcon_core.package_identification:_identify(src/grid_search_algorithms/Astar/test_data) by extension 'ignore'
[2.882s] Level 1:colcon.colcon_core.package_identification:_identify(src/grid_search_algorithms/Astar/test_data) by extension 'ignore_ament_install'
[2.882s] Level 1:colcon.colcon_core.package_identification:_identify(src/grid_search_algorithms/Astar/test_data) by extensions ['colcon_pkg']
[2.882s] Level 1:colcon.colcon_core.package_identification:_identify(src/grid_search_algorithms/Astar/test_data) by extension 'colcon_pkg'
[2.882s] Level 1:colcon.colcon_core.package_identification:_identify(src/grid_search_algorithms/Astar/test_data) by extensions ['colcon_meta']
[2.882s] Level 1:colcon.colcon_core.package_identification:_identify(src/grid_search_algorithms/Astar/test_data) by extension 'colcon_meta'
[2.882s] Level 1:colcon.colcon_core.package_identification:_identify(src/grid_search_algorithms/Astar/test_data) by extensions ['ros']
[2.882s] Level 1:colcon.colcon_core.package_identification:_identify(src/grid_search_algorithms/Astar/test_data) by extension 'ros'
[2.883s] Level 1:colcon.colcon_core.package_identification:_identify(src/grid_search_algorithms/Astar/test_data) by extensions ['cmake', 'python']
[2.883s] Level 1:colcon.colcon_core.package_identification:_identify(src/grid_search_algorithms/Astar/test_data) by extension 'cmake'
[2.883s] Level 1:colcon.colcon_core.package_identification:_identify(src/grid_search_algorithms/Astar/test_data) by extension 'python'
[2.883s] Level 1:colcon.colcon_core.package_identification:_identify(src/grid_search_algorithms/Astar/test_data) by extensions ['python_setup_py']
[2.883s] Level 1:colcon.colcon_core.package_identification:_identify(src/grid_search_algorithms/Astar/test_data) by extension 'python_setup_py'
[2.883s] Level 1:colcon.colcon_core.package_identification:_identify(src/image_processing) by extensions ['ignore', 'ignore_ament_install']
[2.883s] Level 1:colcon.colcon_core.package_identification:_identify(src/image_processing) by extension 'ignore'
[2.883s] Level 1:colcon.colcon_core.package_identification:_identify(src/image_processing) by extension 'ignore_ament_install'
[2.883s] Level 1:colcon.colcon_core.package_identification:_identify(src/image_processing) by extensions ['colcon_pkg']
[2.883s] Level 1:colcon.colcon_core.package_identification:_identify(src/image_processing) by extension 'colcon_pkg'
[2.884s] Level 1:colcon.colcon_core.package_identification:_identify(src/image_processing) by extensions ['colcon_meta']
[2.884s] Level 1:colcon.colcon_core.package_identification:_identify(src/image_processing) by extension 'colcon_meta'
[2.884s] Level 1:colcon.colcon_core.package_identification:_identify(src/image_processing) by extensions ['ros']
[2.884s] Level 1:colcon.colcon_core.package_identification:_identify(src/image_processing) by extension 'ros'
[2.884s] Level 1:colcon.colcon_core.package_identification:_identify(src/image_processing) by extensions ['cmake', 'python']
[2.884s] Level 1:colcon.colcon_core.package_identification:_identify(src/image_processing) by extension 'cmake'
[2.884s] Level 1:colcon.colcon_core.package_identification:_identify(src/image_processing) by extension 'python'
[2.884s] Level 1:colcon.colcon_core.package_identification:_identify(src/image_processing) by extensions ['python_setup_py']
[2.884s] Level 1:colcon.colcon_core.package_identification:_identify(src/image_processing) by extension 'python_setup_py'
[2.884s] Level 1:colcon.colcon_core.package_identification:_identify(src/map_generator) by extensions ['ignore', 'ignore_ament_install']
[2.885s] Level 1:colcon.colcon_core.package_identification:_identify(src/map_generator) by extension 'ignore'
[2.885s] Level 1:colcon.colcon_core.package_identification:_identify(src/map_generator) by extension 'ignore_ament_install'
[2.885s] Level 1:colcon.colcon_core.package_identification:_identify(src/map_generator) by extensions ['colcon_pkg']
[2.885s] Level 1:colcon.colcon_core.package_identification:_identify(src/map_generator) by extension 'colcon_pkg'
[2.885s] Level 1:colcon.colcon_core.package_identification:_identify(src/map_generator) by extensions ['colcon_meta']
[2.885s] Level 1:colcon.colcon_core.package_identification:_identify(src/map_generator) by extension 'colcon_meta'
[2.885s] Level 1:colcon.colcon_core.package_identification:_identify(src/map_generator) by extensions ['ros']
[2.885s] Level 1:colcon.colcon_core.package_identification:_identify(src/map_generator) by extension 'ros'
[2.885s] Level 1:colcon.colcon_core.package_identification:_identify(src/map_generator) by extensions ['cmake', 'python']
[2.885s] Level 1:colcon.colcon_core.package_identification:_identify(src/map_generator) by extension 'cmake'
[2.886s] Level 1:colcon.colcon_core.package_identification:_identify(src/map_generator) by extension 'python'
[2.886s] Level 1:colcon.colcon_core.package_identification:_identify(src/map_generator) by extensions ['python_setup_py']
[2.886s] Level 1:colcon.colcon_core.package_identification:_identify(src/map_generator) by extension 'python_setup_py'
[2.886s] Level 1:colcon.colcon_core.package_identification:_identify(src/path_planning_marus) by extensions ['ignore', 'ignore_ament_install']
[2.886s] Level 1:colcon.colcon_core.package_identification:_identify(src/path_planning_marus) by extension 'ignore'
[2.886s] Level 1:colcon.colcon_core.package_identification:_identify(src/path_planning_marus) by extension 'ignore_ament_install'
[2.886s] Level 1:colcon.colcon_core.package_identification:_identify(src/path_planning_marus) by extensions ['colcon_pkg']
[2.886s] Level 1:colcon.colcon_core.package_identification:_identify(src/path_planning_marus) by extension 'colcon_pkg'
[2.886s] Level 1:colcon.colcon_core.package_identification:_identify(src/path_planning_marus) by extensions ['colcon_meta']
[2.886s] Level 1:colcon.colcon_core.package_identification:_identify(src/path_planning_marus) by extension 'colcon_meta'
[2.887s] Level 1:colcon.colcon_core.package_identification:_identify(src/path_planning_marus) by extensions ['ros']
[2.887s] Level 1:colcon.colcon_core.package_identification:_identify(src/path_planning_marus) by extension 'ros'
[2.900s] DEBUG:colcon.colcon_core.package_identification:Package 'src/path_planning_marus' with type 'ros.ament_python' and name 'path_planning_marus'
[2.900s] Level 1:colcon.colcon_core.package_discovery:discover_packages(recursive) using defaults
[2.900s] Level 1:colcon.colcon_core.package_discovery:discover_packages(ignore) discover
[2.900s] Level 1:colcon.colcon_core.package_discovery:discover_packages(ignore) using defaults
[2.901s] Level 1:colcon.colcon_core.package_discovery:discover_packages(path) discover
[2.901s] Level 1:colcon.colcon_core.package_discovery:discover_packages(path) using defaults
[3.145s] Level 1:colcon.colcon_core.package_discovery:discover_packages(prefix_path) check parameters
[3.145s] Level 1:colcon.colcon_core.package_discovery:discover_packages(prefix_path) discover
[3.245s] DEBUG:colcon.colcon_installed_package_information.package_discovery:Found 7 installed packages in /home/enio/develop_fer/ros2_ws/install
[3.288s] DEBUG:colcon.colcon_installed_package_information.package_discovery:Found 26 installed packages in /home/enio/develop_mcoe/ros2_ws/install
[3.331s] DEBUG:colcon.colcon_installed_package_information.package_discovery:Found 271 installed packages in /opt/ros/humble
[3.335s] Level 1:colcon.colcon_core.package_discovery:discover_packages(prefix_path) using defaults
[3.549s] Level 5:colcon.colcon_core.verb:set package 'path_planning_marus' build argument 'cmake_args' from command line to 'None'
[3.549s] Level 5:colcon.colcon_core.verb:set package 'path_planning_marus' build argument 'cmake_target' from command line to 'None'
[3.549s] Level 5:colcon.colcon_core.verb:set package 'path_planning_marus' build argument 'cmake_target_skip_unavailable' from command line to 'False'
[3.549s] Level 5:colcon.colcon_core.verb:set package 'path_planning_marus' build argument 'cmake_clean_cache' from command line to 'False'
[3.549s] Level 5:colcon.colcon_core.verb:set package 'path_planning_marus' build argument 'cmake_clean_first' from command line to 'False'
[3.549s] Level 5:colcon.colcon_core.verb:set package 'path_planning_marus' build argument 'cmake_force_configure' from command line to 'False'
[3.549s] Level 5:colcon.colcon_core.verb:set package 'path_planning_marus' build argument 'ament_cmake_args' from command line to 'None'
[3.549s] Level 5:colcon.colcon_core.verb:set package 'path_planning_marus' build argument 'catkin_cmake_args' from command line to 'None'
[3.549s] Level 5:colcon.colcon_core.verb:set package 'path_planning_marus' build argument 'catkin_skip_building_tests' from command line to 'False'
[3.549s] DEBUG:colcon.colcon_core.verb:Building package 'path_planning_marus' with the following arguments: {'ament_cmake_args': None, 'build_base': '/home/enio/develop_fer/path_planning/Model-informed-path-planning-and-control-for-autonomous-vessels/build/path_planning_marus', 'catkin_cmake_args': None, 'catkin_skip_building_tests': False, 'cmake_args': None, 'cmake_clean_cache': False, 'cmake_clean_first': False, 'cmake_force_configure': False, 'cmake_target': None, 'cmake_target_skip_unavailable': False, 'install_base': '/home/enio/develop_fer/path_planning/Model-informed-path-planning-and-control-for-autonomous-vessels/install/path_planning_marus', 'merge_install': False, 'path': '/home/enio/develop_fer/path_planning/Model-informed-path-planning-and-control-for-autonomous-vessels/src/path_planning_marus', 'symlink_install': False, 'test_result_base': None}
[3.590s] INFO:colcon.colcon_core.executor:Executing jobs using 'parallel' executor
[3.632s] DEBUG:colcon.colcon_parallel_executor.executor.parallel:run_until_complete
[3.632s] INFO:colcon.colcon_ros.task.ament_python.build:Building ROS package in '/home/enio/develop_fer/path_planning/Model-informed-path-planning-and-control-for-autonomous-vessels/src/path_planning_marus' with build type 'ament_python'
[3.632s] Level 1:colcon.colcon_core.shell:create_environment_hook('path_planning_marus', 'ament_prefix_path')
[3.681s] INFO:colcon.colcon_core.plugin_system:Skipping extension 'colcon_core.shell.bat': Not used on non-Windows systems
[3.681s] INFO:colcon.colcon_core.shell:Creating environment hook '/home/enio/develop_fer/path_planning/Model-informed-path-planning-and-control-for-autonomous-vessels/install/path_planning_marus/share/path_planning_marus/hook/ament_prefix_path.ps1'
[3.691s] INFO:colcon.colcon_core.shell:Creating environment descriptor '/home/enio/develop_fer/path_planning/Model-informed-path-planning-and-control-for-autonomous-vessels/install/path_planning_marus/share/path_planning_marus/hook/ament_prefix_path.dsv'
[3.692s] INFO:colcon.colcon_core.shell:Creating environment hook '/home/enio/develop_fer/path_planning/Model-informed-path-planning-and-control-for-autonomous-vessels/install/path_planning_marus/share/path_planning_marus/hook/ament_prefix_path.sh'
[3.734s] INFO:colcon.colcon_core.shell:Skip shell extension 'powershell' for command environment: Not usable outside of PowerShell
[3.734s] DEBUG:colcon.colcon_core.shell:Skip shell extension 'dsv' for command environment
[4.614s] INFO:colcon.colcon_core.task.python.build:Building Python package in '/home/enio/develop_fer/path_planning/Model-informed-path-planning-and-control-for-autonomous-vessels/src/path_planning_marus'
[4.656s] INFO:colcon.colcon_core.shell:Skip shell extension 'powershell' for command environment: Not usable outside of PowerShell
[4.656s] DEBUG:colcon.colcon_core.shell:Skip shell extension 'dsv' for command environment
[5.685s] DEBUG:colcon.colcon_core.event_handler.log_command:Invoking command in '/home/enio/develop_fer/path_planning/Model-informed-path-planning-and-control-for-autonomous-vessels/src/path_planning_marus': PYTHONPATH=/home/enio/develop_fer/path_planning/Model-informed-path-planning-and-control-for-autonomous-vessels/build/path_planning_marus/prefix_override:/home/enio/develop_fer/path_planning/Model-informed-path-planning-and-control-for-autonomous-vessels/install/path_planning_marus/lib/python3.10/site-packages:${PYTHONPATH} /usr/bin/python3 setup.py egg_info --egg-base ../../build/path_planning_marus build --build-base /home/enio/develop_fer/path_planning/Model-informed-path-planning-and-control-for-autonomous-vessels/build/path_planning_marus/build install --record /home/enio/develop_fer/path_planning/Model-informed-path-planning-and-control-for-autonomous-vessels/build/path_planning_marus/install.log --single-version-externally-managed
[6.371s] DEBUG:colcon.colcon_core.event_handler.log_command:Invoked command in '/home/enio/develop_fer/path_planning/Model-informed-path-planning-and-control-for-autonomous-vessels/src/path_planning_marus' returned '0': PYTHONPATH=/home/enio/develop_fer/path_planning/Model-informed-path-planning-and-control-for-autonomous-vessels/build/path_planning_marus/prefix_override:/home/enio/develop_fer/path_planning/Model-informed-path-planning-and-control-for-autonomous-vessels/install/path_planning_marus/lib/python3.10/site-packages:${PYTHONPATH} /usr/bin/python3 setup.py egg_info --egg-base ../../build/path_planning_marus build --build-base /home/enio/develop_fer/path_planning/Model-informed-path-planning-and-control-for-autonomous-vessels/build/path_planning_marus/build install --record /home/enio/develop_fer/path_planning/Model-informed-path-planning-and-control-for-autonomous-vessels/build/path_planning_marus/install.log --single-version-externally-managed
[6.418s] Level 1:colcon.colcon_core.environment:checking '/home/enio/develop_fer/path_planning/Model-informed-path-planning-and-control-for-autonomous-vessels/install/path_planning_marus' for CMake module files
[6.419s] Level 1:colcon.colcon_core.environment:checking '/home/enio/develop_fer/path_planning/Model-informed-path-planning-and-control-for-autonomous-vessels/install/path_planning_marus' for CMake config files
[6.420s] Level 1:colcon.colcon_core.environment:checking '/home/enio/develop_fer/path_planning/Model-informed-path-planning-and-control-for-autonomous-vessels/install/path_planning_marus/lib'
[6.421s] Level 1:colcon.colcon_core.environment:checking '/home/enio/develop_fer/path_planning/Model-informed-path-planning-and-control-for-autonomous-vessels/install/path_planning_marus/bin'
[6.421s] Level 1:colcon.colcon_core.environment:checking '/home/enio/develop_fer/path_planning/Model-informed-path-planning-and-control-for-autonomous-vessels/install/path_planning_marus/lib/pkgconfig/path_planning_marus.pc'
[6.421s] Level 1:colcon.colcon_core.environment:checking '/home/enio/develop_fer/path_planning/Model-informed-path-planning-and-control-for-autonomous-vessels/install/path_planning_marus/lib/python3.10/site-packages'
[6.421s] Level 1:colcon.colcon_core.shell:create_environment_hook('path_planning_marus', 'pythonpath')
[6.463s] INFO:colcon.colcon_core.shell:Creating environment hook '/home/enio/develop_fer/path_planning/Model-informed-path-planning-and-control-for-autonomous-vessels/install/path_planning_marus/share/path_planning_marus/hook/pythonpath.ps1'
[6.463s] INFO:colcon.colcon_core.shell:Creating environment descriptor '/home/enio/develop_fer/path_planning/Model-informed-path-planning-and-control-for-autonomous-vessels/install/path_planning_marus/share/path_planning_marus/hook/pythonpath.dsv'
[6.464s] INFO:colcon.colcon_core.shell:Creating environment hook '/home/enio/develop_fer/path_planning/Model-informed-path-planning-and-control-for-autonomous-vessels/install/path_planning_marus/share/path_planning_marus/hook/pythonpath.sh'
[6.465s] Level 1:colcon.colcon_core.environment:checking '/home/enio/develop_fer/path_planning/Model-informed-path-planning-and-control-for-autonomous-vessels/install/path_planning_marus/bin'
[6.465s] Level 1:colcon.colcon_core.environment:create_environment_scripts_only(path_planning_marus)
[6.507s] INFO:colcon.colcon_core.shell:Creating package script '/home/enio/develop_fer/path_planning/Model-informed-path-planning-and-control-for-autonomous-vessels/install/path_planning_marus/share/path_planning_marus/package.ps1'
[6.508s] INFO:colcon.colcon_core.shell:Creating package descriptor '/home/enio/develop_fer/path_planning/Model-informed-path-planning-and-control-for-autonomous-vessels/install/path_planning_marus/share/path_planning_marus/package.dsv'
[6.509s] INFO:colcon.colcon_core.shell:Creating package script '/home/enio/develop_fer/path_planning/Model-informed-path-planning-and-control-for-autonomous-vessels/install/path_planning_marus/share/path_planning_marus/package.sh'
[6.511s] INFO:colcon.colcon_core.shell:Creating package script '/home/enio/develop_fer/path_planning/Model-informed-path-planning-and-control-for-autonomous-vessels/install/path_planning_marus/share/path_planning_marus/package.bash'
[6.512s] INFO:colcon.colcon_core.shell:Creating package script '/home/enio/develop_fer/path_planning/Model-informed-path-planning-and-control-for-autonomous-vessels/install/path_planning_marus/share/path_planning_marus/package.zsh'
[6.513s] Level 1:colcon.colcon_core.environment:create_file_with_runtime_dependencies(/home/enio/develop_fer/path_planning/Model-informed-path-planning-and-control-for-autonomous-vessels/install/path_planning_marus/share/colcon-core/packages/path_planning_marus)
[6.514s] DEBUG:colcon.colcon_parallel_executor.executor.parallel:closing loop
[6.514s] DEBUG:colcon.colcon_parallel_executor.executor.parallel:loop closed
[6.515s] DEBUG:colcon.colcon_parallel_executor.executor.parallel:run_until_complete finished with '0'
[6.515s] DEBUG:colcon.colcon_core.event_reactor:joining thread
[6.566s] INFO:colcon.colcon_core.plugin_system:Skipping extension 'colcon_notification.desktop_notification.terminal_notifier': Not used on non-Darwin systems
[6.566s] INFO:colcon.colcon_core.plugin_system:Skipping extension 'colcon_notification.desktop_notification.win32': Not used on non-Windows systems
[6.566s] INFO:colcon.colcon_notification.desktop_notification:Sending desktop notification using 'notify2'
[6.587s] DEBUG:colcon.colcon_core.event_reactor:joined thread
[6.639s] INFO:colcon.colcon_core.shell:Creating prefix script '/home/enio/develop_fer/path_planning/Model-informed-path-planning-and-control-for-autonomous-vessels/install/local_setup.ps1'
[6.640s] INFO:colcon.colcon_core.shell:Creating prefix util module '/home/enio/develop_fer/path_planning/Model-informed-path-planning-and-control-for-autonomous-vessels/install/_local_setup_util_ps1.py'
[6.643s] INFO:colcon.colcon_core.shell:Creating prefix chain script '/home/enio/develop_fer/path_planning/Model-informed-path-planning-and-control-for-autonomous-vessels/install/setup.ps1'
[6.690s] INFO:colcon.colcon_core.shell:Creating prefix script '/home/enio/develop_fer/path_planning/Model-informed-path-planning-and-control-for-autonomous-vessels/install/local_setup.sh'
[6.691s] INFO:colcon.colcon_core.shell:Creating prefix util module '/home/enio/develop_fer/path_planning/Model-informed-path-planning-and-control-for-autonomous-vessels/install/_local_setup_util_sh.py'
[6.692s] INFO:colcon.colcon_core.shell:Creating prefix chain script '/home/enio/develop_fer/path_planning/Model-informed-path-planning-and-control-for-autonomous-vessels/install/setup.sh'
[6.738s] INFO:colcon.colcon_core.shell:Creating prefix script '/home/enio/develop_fer/path_planning/Model-informed-path-planning-and-control-for-autonomous-vessels/install/local_setup.bash'
[6.739s] INFO:colcon.colcon_core.shell:Creating prefix chain script '/home/enio/develop_fer/path_planning/Model-informed-path-planning-and-control-for-autonomous-vessels/install/setup.bash'
[6.785s] INFO:colcon.colcon_core.shell:Creating prefix script '/home/enio/develop_fer/path_planning/Model-informed-path-planning-and-control-for-autonomous-vessels/install/local_setup.zsh'
[6.786s] INFO:colcon.colcon_core.shell:Creating prefix chain script '/home/enio/develop_fer/path_planning/Model-informed-path-planning-and-control-for-autonomous-vessels/install/setup.zsh'
