[0.403s] Invoking command in '/home/enio/develop_fer/Model-Informed-Path-Planning/path_planning_ws/build/user_action_interfaces': CMAKE_PREFIX_PATH=${CMAKE_PREFIX_PATH}:/home/enio/develop_fer/Model-Informed-Path-Planning/path_planning_ws/install/path_planning_server:/home/enio/develop_fer/Model-Informed-Path-Planning/path_planning_ws/install/path_planning_action:/home/enio/develop_fer/Model-Informed-Path-Planning/path_planning_ws/install/map_maker:/opt/ros/iron /usr/bin/cmake /home/enio/develop_fer/Model-Informed-Path-Planning/path_planning_ws/src/user_action_interfaces -DCMAKE_INSTALL_PREFIX=/home/enio/develop_fer/Model-Informed-Path-Planning/path_planning_ws/install/user_action_interfaces
[0.432s] -- The C compiler identification is GNU 11.4.0
[0.462s] -- The CXX compiler identification is GNU 11.4.0
[0.466s] -- Detecting C compiler ABI info
[0.503s] -- Detecting C compiler ABI info - done
[0.507s] -- Check for working C compiler: /usr/bin/cc - skipped
[0.507s] -- Detecting C compile features
[0.508s] -- Detecting C compile features - done
[0.509s] -- Detecting CXX compiler ABI info
[0.554s] -- Detecting CXX compiler ABI info - done
[0.558s] -- Check for working CXX compiler: /usr/bin/c++ - skipped
[0.559s] -- Detecting CXX compile features
[0.559s] -- Detecting CXX compile features - done
[0.560s] -- Found ament_cmake: 2.0.5 (/opt/ros/iron/share/ament_cmake/cmake)
[0.647s] -- Found Python3: /usr/bin/python3.10 (found version "3.10.12") found components: Interpreter 
[0.697s] -- Found rosidl_default_generators: 1.5.0 (/opt/ros/iron/share/rosidl_default_generators/cmake)
[0.700s] -- Using all available rosidl_typesupport_c: rosidl_typesupport_fastrtps_c;rosidl_typesupport_introspection_c
[0.726s] -- Using all available rosidl_typesupport_cpp: rosidl_typesupport_fastrtps_cpp;rosidl_typesupport_introspection_cpp
[0.748s] -- Found rosidl_adapter: 4.0.1 (/opt/ros/iron/share/rosidl_adapter/cmake)
[0.751s] -- Found std_msgs: 5.0.1 (/opt/ros/iron/share/std_msgs/cmake)
[0.786s] -- Found sensor_msgs: 5.0.1 (/opt/ros/iron/share/sensor_msgs/cmake)
[1.108s] -- Found ament_cmake_ros: 0.11.2 (/opt/ros/iron/share/ament_cmake_ros/cmake)
[1.256s] -- Using all available rosidl_typesupport_c: rosidl_typesupport_fastrtps_c;rosidl_typesupport_introspection_c
[1.452s] -- Using all available rosidl_typesupport_cpp: rosidl_typesupport_fastrtps_cpp;rosidl_typesupport_introspection_cpp
[1.463s] -- Found PythonInterp: /usr/bin/python3 (found suitable version "3.10.12", minimum required is "3.6") 
[1.464s] -- Found python_cmake_module: 0.10.2 (/opt/ros/iron/share/python_cmake_module/cmake)
[1.478s] -- Found PythonLibs: /usr/lib/x86_64-linux-gnu/libpython3.10.so (found suitable version "3.10.12", minimum required is "3.5") 
[1.478s] -- Using PYTHON_EXECUTABLE: /usr/bin/python3
[1.478s] -- Using PYTHON_INCLUDE_DIRS: /usr/include/python3.10
[1.478s] -- Using PYTHON_LIBRARIES: /usr/lib/x86_64-linux-gnu/libpython3.10.so
[1.490s] -- Found PythonExtra: .so  
[1.540s] -- Found ament_lint_auto: 0.14.3 (/opt/ros/iron/share/ament_lint_auto/cmake)
[1.549s] -- Added test 'lint_cmake' to check CMake code style
[1.549s] -- Added test 'xmllint' to check XML markup files
[1.551s] -- Configuring done
[1.576s] -- Generating done
[1.577s] -- Build files have been written to: /home/enio/develop_fer/Model-Informed-Path-Planning/path_planning_ws/build/user_action_interfaces
[1.583s] Invoked command in '/home/enio/develop_fer/Model-Informed-Path-Planning/path_planning_ws/build/user_action_interfaces' returned '0': CMAKE_PREFIX_PATH=${CMAKE_PREFIX_PATH}:/home/enio/develop_fer/Model-Informed-Path-Planning/path_planning_ws/install/path_planning_server:/home/enio/develop_fer/Model-Informed-Path-Planning/path_planning_ws/install/path_planning_action:/home/enio/develop_fer/Model-Informed-Path-Planning/path_planning_ws/install/map_maker:/opt/ros/iron /usr/bin/cmake /home/enio/develop_fer/Model-Informed-Path-Planning/path_planning_ws/src/user_action_interfaces -DCMAKE_INSTALL_PREFIX=/home/enio/develop_fer/Model-Informed-Path-Planning/path_planning_ws/install/user_action_interfaces
[1.585s] Invoking command in '/home/enio/develop_fer/Model-Informed-Path-Planning/path_planning_ws/build/user_action_interfaces': CMAKE_PREFIX_PATH=${CMAKE_PREFIX_PATH}:/home/enio/develop_fer/Model-Informed-Path-Planning/path_planning_ws/install/path_planning_server:/home/enio/develop_fer/Model-Informed-Path-Planning/path_planning_ws/install/path_planning_action:/home/enio/develop_fer/Model-Informed-Path-Planning/path_planning_ws/install/map_maker:/opt/ros/iron /usr/bin/cmake --build /home/enio/develop_fer/Model-Informed-Path-Planning/path_planning_ws/build/user_action_interfaces -- -j20 -l20
[1.612s] [  1%] [34m[1mGenerating type hashes for ROS interfaces[0m
[1.616s] [  1%] Built target ament_cmake_python_copy_user_action_interfaces
[1.742s] running egg_info
[1.742s] creating user_action_interfaces.egg-info
[1.742s] writing user_action_interfaces.egg-info/PKG-INFO
[1.743s] writing dependency_links to user_action_interfaces.egg-info/dependency_links.txt
[1.743s] writing top-level names to user_action_interfaces.egg-info/top_level.txt
[1.743s] writing manifest file 'user_action_interfaces.egg-info/SOURCES.txt'
[1.745s] reading manifest file 'user_action_interfaces.egg-info/SOURCES.txt'
[1.745s] writing manifest file 'user_action_interfaces.egg-info/SOURCES.txt'
[1.747s] [  1%] Built target user_action_interfaces__rosidl_generator_type_description
[1.753s] [  3%] [34m[1mGenerating C code for ROS interfaces[0m
[1.759s] [  4%] [34m[1mGenerating C++ code for ROS interfaces[0m
[1.759s] [  4%] Built target ament_cmake_python_build_user_action_interfaces_egg
[2.061s] [  4%] Built target user_action_interfaces__cpp
[2.109s] [  9%] [32mBuilding C object CMakeFiles/user_action_interfaces__rosidl_generator_c.dir/rosidl_generator_c/user_action_interfaces/action/detail/start_goal_action__description.c.o[0m
[2.110s] [  9%] [32mBuilding C object CMakeFiles/user_action_interfaces__rosidl_generator_c.dir/rosidl_generator_c/user_action_interfaces/action/detail/start_goal_action__type_support.c.o[0m
[2.110s] [ 10%] [32mBuilding C object CMakeFiles/user_action_interfaces__rosidl_generator_c.dir/rosidl_generator_c/user_action_interfaces/msg/detail/start_goal_msg__description.c.o[0m
[2.110s] [ 10%] [32mBuilding C object CMakeFiles/user_action_interfaces__rosidl_generator_c.dir/rosidl_generator_c/user_action_interfaces/action/detail/start_goal_action__functions.c.o[0m
[2.110s] [ 12%] [32mBuilding C object CMakeFiles/user_action_interfaces__rosidl_generator_c.dir/rosidl_generator_c/user_action_interfaces/msg/detail/start_goal_msg__functions.c.o[0m
[2.113s] [ 14%] [32mBuilding C object CMakeFiles/user_action_interfaces__rosidl_generator_c.dir/rosidl_generator_c/user_action_interfaces/msg/detail/coast_msg__functions.c.o[0m
[2.114s] [ 15%] [32mBuilding C object CMakeFiles/user_action_interfaces__rosidl_generator_c.dir/rosidl_generator_c/user_action_interfaces/msg/detail/start_goal_msg__type_support.c.o[0m
[2.114s] [ 17%] [32mBuilding C object CMakeFiles/user_action_interfaces__rosidl_generator_c.dir/rosidl_generator_c/user_action_interfaces/msg/detail/coast_msg__description.c.o[0m
[2.115s] [ 18%] [32mBuilding C object CMakeFiles/user_action_interfaces__rosidl_generator_c.dir/rosidl_generator_c/user_action_interfaces/msg/detail/coast_msg__type_support.c.o[0m
[2.115s] [ 20%] [32mBuilding C object CMakeFiles/user_action_interfaces__rosidl_generator_c.dir/rosidl_generator_c/user_action_interfaces/msg/detail/path_msg__description.c.o[0m
[2.115s] [ 21%] [32mBuilding C object CMakeFiles/user_action_interfaces__rosidl_generator_c.dir/rosidl_generator_c/user_action_interfaces/msg/detail/path_msg__functions.c.o[0m
[2.116s] [ 23%] [32mBuilding C object CMakeFiles/user_action_interfaces__rosidl_generator_c.dir/rosidl_generator_c/user_action_interfaces/msg/detail/path_msg__type_support.c.o[0m
[2.201s] [ 25%] [32m[1mLinking C shared library libuser_action_interfaces__rosidl_generator_c.so[0m
[2.223s] [ 25%] Built target user_action_interfaces__rosidl_generator_c
[2.229s] [ 26%] [34m[1mGenerating C type support for eProsima Fast-RTPS[0m
[2.229s] [ 28%] [34m[1mGenerating C++ type support dispatch for ROS interfaces[0m
[2.229s] [ 29%] [34m[1mGenerating C introspection for ROS interfaces[0m
[2.230s] [ 31%] [34m[1mGenerating C type support dispatch for ROS interfaces[0m
[2.230s] [ 32%] [34m[1mGenerating C++ type support for eProsima Fast-RTPS[0m
[2.230s] [ 34%] [34m[1mGenerating C++ introspection for ROS interfaces[0m
[2.433s] [ 35%] [32mBuilding CXX object CMakeFiles/user_action_interfaces__rosidl_typesupport_c.dir/rosidl_typesupport_c/user_action_interfaces/msg/coast_msg__type_support.cpp.o[0m
[2.433s] [ 37%] [32mBuilding CXX object CMakeFiles/user_action_interfaces__rosidl_typesupport_c.dir/rosidl_typesupport_c/user_action_interfaces/msg/path_msg__type_support.cpp.o[0m
[2.435s] [ 39%] [32mBuilding CXX object CMakeFiles/user_action_interfaces__rosidl_typesupport_c.dir/rosidl_typesupport_c/user_action_interfaces/action/start_goal_action__type_support.cpp.o[0m
[2.435s] [ 40%] [32mBuilding CXX object CMakeFiles/user_action_interfaces__rosidl_typesupport_c.dir/rosidl_typesupport_c/user_action_interfaces/msg/start_goal_msg__type_support.cpp.o[0m
[2.438s] [ 46%] [32mBuilding CXX object CMakeFiles/user_action_interfaces__rosidl_typesupport_cpp.dir/rosidl_typesupport_cpp/user_action_interfaces/msg/start_goal_msg__type_support.cpp.o[0m
[2.438s] [ 46%] [32mBuilding CXX object CMakeFiles/user_action_interfaces__rosidl_typesupport_cpp.dir/rosidl_typesupport_cpp/user_action_interfaces/msg/coast_msg__type_support.cpp.o[0m
[2.438s] [ 46%] [32mBuilding CXX object CMakeFiles/user_action_interfaces__rosidl_typesupport_cpp.dir/rosidl_typesupport_cpp/user_action_interfaces/action/start_goal_action__type_support.cpp.o[0m
[2.438s] [ 46%] [32mBuilding CXX object CMakeFiles/user_action_interfaces__rosidl_typesupport_cpp.dir/rosidl_typesupport_cpp/user_action_interfaces/msg/path_msg__type_support.cpp.o[0m
[2.479s] [ 48%] [32mBuilding CXX object CMakeFiles/user_action_interfaces__rosidl_typesupport_introspection_cpp.dir/rosidl_typesupport_introspection_cpp/user_action_interfaces/msg/detail/start_goal_msg__type_support.cpp.o[0m
[2.480s] [ 51%] [32mBuilding CXX object CMakeFiles/user_action_interfaces__rosidl_typesupport_introspection_cpp.dir/rosidl_typesupport_introspection_cpp/user_action_interfaces/msg/detail/coast_msg__type_support.cpp.o[0m
[2.480s] [ 50%] [32mBuilding CXX object CMakeFiles/user_action_interfaces__rosidl_typesupport_introspection_cpp.dir/rosidl_typesupport_introspection_cpp/user_action_interfaces/action/detail/start_goal_action__type_support.cpp.o[0m
[2.480s] [ 53%] [32mBuilding CXX object CMakeFiles/user_action_interfaces__rosidl_typesupport_introspection_cpp.dir/rosidl_typesupport_introspection_cpp/user_action_interfaces/msg/detail/path_msg__type_support.cpp.o[0m
[2.482s] [ 54%] [32m[1mLinking CXX shared library libuser_action_interfaces__rosidl_typesupport_c.so[0m
[2.501s] [ 60%] [32mBuilding C object CMakeFiles/user_action_interfaces__rosidl_typesupport_introspection_c.dir/rosidl_typesupport_introspection_c/user_action_interfaces/msg/detail/start_goal_msg__type_support.c.o[0m
[2.502s] [ 60%] [32mBuilding C object CMakeFiles/user_action_interfaces__rosidl_typesupport_introspection_c.dir/rosidl_typesupport_introspection_c/user_action_interfaces/action/detail/start_goal_action__type_support.c.o[0m
[2.502s] [ 60%] [32mBuilding C object CMakeFiles/user_action_interfaces__rosidl_typesupport_introspection_c.dir/rosidl_typesupport_introspection_c/user_action_interfaces/msg/detail/path_msg__type_support.c.o[0m
[2.502s] [ 60%] [32mBuilding C object CMakeFiles/user_action_interfaces__rosidl_typesupport_introspection_c.dir/rosidl_typesupport_introspection_c/user_action_interfaces/msg/detail/coast_msg__type_support.c.o[0m
[2.520s] [ 60%] Built target user_action_interfaces__rosidl_typesupport_c
[2.538s] [ 62%] [32mBuilding CXX object CMakeFiles/user_action_interfaces__rosidl_typesupport_fastrtps_c.dir/rosidl_typesupport_fastrtps_c/user_action_interfaces/msg/detail/path_msg__type_support_c.cpp.o[0m
[2.539s] [ 67%] [32mBuilding CXX object CMakeFiles/user_action_interfaces__rosidl_typesupport_fastrtps_c.dir/rosidl_typesupport_fastrtps_c/user_action_interfaces/action/detail/start_goal_action__type_support_c.cpp.o[0m
[2.540s] [ 67%] [32mBuilding CXX object CMakeFiles/user_action_interfaces__rosidl_typesupport_fastrtps_c.dir/rosidl_typesupport_fastrtps_c/user_action_interfaces/msg/detail/start_goal_msg__type_support_c.cpp.o[0m
[2.540s] [ 67%] [32mBuilding CXX object CMakeFiles/user_action_interfaces__rosidl_typesupport_fastrtps_c.dir/rosidl_typesupport_fastrtps_c/user_action_interfaces/msg/detail/coast_msg__type_support_c.cpp.o[0m
[2.576s] [ 73%] [32mBuilding CXX object CMakeFiles/user_action_interfaces__rosidl_typesupport_fastrtps_cpp.dir/rosidl_typesupport_fastrtps_cpp/user_action_interfaces/msg/detail/dds_fastrtps/path_msg__type_support.cpp.o[0m
[2.576s] [ 73%] [32mBuilding CXX object CMakeFiles/user_action_interfaces__rosidl_typesupport_fastrtps_cpp.dir/rosidl_typesupport_fastrtps_cpp/user_action_interfaces/action/detail/dds_fastrtps/start_goal_action__type_support.cpp.o[0m
[2.576s] [ 73%] [32mBuilding CXX object CMakeFiles/user_action_interfaces__rosidl_typesupport_fastrtps_cpp.dir/rosidl_typesupport_fastrtps_cpp/user_action_interfaces/msg/detail/dds_fastrtps/start_goal_msg__type_support.cpp.o[0m
[2.576s] [ 73%] [32mBuilding CXX object CMakeFiles/user_action_interfaces__rosidl_typesupport_fastrtps_cpp.dir/rosidl_typesupport_fastrtps_cpp/user_action_interfaces/msg/detail/dds_fastrtps/coast_msg__type_support.cpp.o[0m
[2.576s] [ 75%] [32m[1mLinking C shared library libuser_action_interfaces__rosidl_typesupport_introspection_c.so[0m
[2.610s] [ 75%] Built target user_action_interfaces__rosidl_typesupport_introspection_c
[2.872s] [ 76%] [32m[1mLinking CXX shared library libuser_action_interfaces__rosidl_typesupport_fastrtps_c.so[0m
[2.918s] [ 76%] Built target user_action_interfaces__rosidl_typesupport_fastrtps_c
[2.984s] [ 78%] [32m[1mLinking CXX shared library libuser_action_interfaces__rosidl_typesupport_cpp.so[0m
[3.029s] [ 78%] Built target user_action_interfaces__rosidl_typesupport_cpp
[3.048s] [ 79%] [32m[1mLinking CXX shared library libuser_action_interfaces__rosidl_typesupport_introspection_cpp.so[0m
[3.098s] [ 79%] Built target user_action_interfaces__rosidl_typesupport_introspection_cpp
[3.191s] [ 81%] [32m[1mLinking CXX shared library libuser_action_interfaces__rosidl_typesupport_fastrtps_cpp.so[0m
[3.240s] [ 81%] Built target user_action_interfaces__rosidl_typesupport_fastrtps_cpp
[3.252s] [ 81%] Built target user_action_interfaces
[3.272s] [ 82%] [34m[1mGenerating Python code for ROS interfaces[0m
[3.817s] [ 82%] Built target user_action_interfaces__py
[3.827s] [ 84%] [32mBuilding C object CMakeFiles/user_action_interfaces__rosidl_generator_py.dir/rosidl_generator_py/user_action_interfaces/action/_start_goal_action_s.c.o[0m
[3.827s] [ 85%] [32mBuilding C object CMakeFiles/user_action_interfaces__rosidl_generator_py.dir/rosidl_generator_py/user_action_interfaces/msg/_start_goal_msg_s.c.o[0m
[3.827s] [ 87%] [32mBuilding C object CMakeFiles/user_action_interfaces__rosidl_generator_py.dir/rosidl_generator_py/user_action_interfaces/msg/_coast_msg_s.c.o[0m
[3.828s] [ 89%] [32mBuilding C object CMakeFiles/user_action_interfaces__rosidl_generator_py.dir/rosidl_generator_py/user_action_interfaces/msg/_path_msg_s.c.o[0m
[3.931s] [ 90%] [32m[1mLinking C shared library rosidl_generator_py/user_action_interfaces/libuser_action_interfaces__rosidl_generator_py.so[0m
[3.956s] [ 90%] Built target user_action_interfaces__rosidl_generator_py
[3.967s] [ 93%] [32mBuilding C object CMakeFiles/user_action_interfaces__rosidl_typesupport_introspection_c__pyext.dir/rosidl_generator_py/user_action_interfaces/_user_action_interfaces_s.ep.rosidl_typesupport_introspection_c.c.o[0m
[3.967s] [ 95%] [32mBuilding C object CMakeFiles/user_action_interfaces__rosidl_typesupport_c__pyext.dir/rosidl_generator_py/user_action_interfaces/_user_action_interfaces_s.ep.rosidl_typesupport_c.c.o[0m
[3.967s] [ 95%] [32mBuilding C object CMakeFiles/user_action_interfaces__rosidl_typesupport_fastrtps_c__pyext.dir/rosidl_generator_py/user_action_interfaces/_user_action_interfaces_s.ep.rosidl_typesupport_fastrtps_c.c.o[0m
[4.037s] [ 98%] [32m[1mLinking C shared library rosidl_generator_py/user_action_interfaces/user_action_interfaces_s__rosidl_typesupport_c.cpython-310-x86_64-linux-gnu.so[0m
[4.037s] [ 98%] [32m[1mLinking C shared library rosidl_generator_py/user_action_interfaces/user_action_interfaces_s__rosidl_typesupport_fastrtps_c.cpython-310-x86_64-linux-gnu.so[0m
[4.041s] [100%] [32m[1mLinking C shared library rosidl_generator_py/user_action_interfaces/user_action_interfaces_s__rosidl_typesupport_introspection_c.cpython-310-x86_64-linux-gnu.so[0m
[4.064s] [100%] Built target user_action_interfaces__rosidl_typesupport_c__pyext
[4.065s] [100%] Built target user_action_interfaces__rosidl_typesupport_fastrtps_c__pyext
[4.067s] [100%] Built target user_action_interfaces__rosidl_typesupport_introspection_c__pyext
[4.074s] Invoked command in '/home/enio/develop_fer/Model-Informed-Path-Planning/path_planning_ws/build/user_action_interfaces' returned '0': CMAKE_PREFIX_PATH=${CMAKE_PREFIX_PATH}:/home/enio/develop_fer/Model-Informed-Path-Planning/path_planning_ws/install/path_planning_server:/home/enio/develop_fer/Model-Informed-Path-Planning/path_planning_ws/install/path_planning_action:/home/enio/develop_fer/Model-Informed-Path-Planning/path_planning_ws/install/map_maker:/opt/ros/iron /usr/bin/cmake --build /home/enio/develop_fer/Model-Informed-Path-Planning/path_planning_ws/build/user_action_interfaces -- -j20 -l20
[4.170s] Invoking command in '/home/enio/develop_fer/Model-Informed-Path-Planning/path_planning_ws/build/user_action_interfaces': CMAKE_PREFIX_PATH=${CMAKE_PREFIX_PATH}:/home/enio/develop_fer/Model-Informed-Path-Planning/path_planning_ws/install/path_planning_server:/home/enio/develop_fer/Model-Informed-Path-Planning/path_planning_ws/install/path_planning_action:/home/enio/develop_fer/Model-Informed-Path-Planning/path_planning_ws/install/map_maker:/opt/ros/iron /usr/bin/cmake --install /home/enio/develop_fer/Model-Informed-Path-Planning/path_planning_ws/build/user_action_interfaces
[4.174s] -- Install configuration: ""
[4.174s] -- Installing: /home/enio/develop_fer/Model-Informed-Path-Planning/path_planning_ws/install/user_action_interfaces/share/ament_index/resource_index/rosidl_interfaces/user_action_interfaces
[4.174s] -- Installing: /home/enio/develop_fer/Model-Informed-Path-Planning/path_planning_ws/install/user_action_interfaces/share/user_action_interfaces/action/StartGoalAction.json
[4.174s] -- Installing: /home/enio/develop_fer/Model-Informed-Path-Planning/path_planning_ws/install/user_action_interfaces/share/user_action_interfaces/msg/StartGoalMsg.json
[4.174s] -- Installing: /home/enio/develop_fer/Model-Informed-Path-Planning/path_planning_ws/install/user_action_interfaces/share/user_action_interfaces/msg/CoastMsg.json
[4.174s] -- Installing: /home/enio/develop_fer/Model-Informed-Path-Planning/path_planning_ws/install/user_action_interfaces/share/user_action_interfaces/msg/PathMsg.json
[4.175s] -- Installing: /home/enio/develop_fer/Model-Informed-Path-Planning/path_planning_ws/install/user_action_interfaces/include/user_action_interfaces/user_action_interfaces
[4.175s] -- Installing: /home/enio/develop_fer/Model-Informed-Path-Planning/path_planning_ws/install/user_action_interfaces/include/user_action_interfaces/user_action_interfaces/msg
[4.175s] -- Installing: /home/enio/develop_fer/Model-Informed-Path-Planning/path_planning_ws/install/user_action_interfaces/include/user_action_interfaces/user_action_interfaces/msg/start_goal_msg.h
[4.175s] -- Installing: /home/enio/develop_fer/Model-Informed-Path-Planning/path_planning_ws/install/user_action_interfaces/include/user_action_interfaces/user_action_interfaces/msg/detail
[4.175s] -- Installing: /home/enio/develop_fer/Model-Informed-Path-Planning/path_planning_ws/install/user_action_interfaces/include/user_action_interfaces/user_action_interfaces/msg/detail/coast_msg__type_support.c
[4.175s] -- Installing: /home/enio/develop_fer/Model-Informed-Path-Planning/path_planning_ws/install/user_action_interfaces/include/user_action_interfaces/user_action_interfaces/msg/detail/coast_msg__functions.c
[4.175s] -- Installing: /home/enio/develop_fer/Model-Informed-Path-Planning/path_planning_ws/install/user_action_interfaces/include/user_action_interfaces/user_action_interfaces/msg/detail/path_msg__type_support.h
[4.175s] -- Installing: /home/enio/develop_fer/Model-Informed-Path-Planning/path_planning_ws/install/user_action_interfaces/include/user_action_interfaces/user_action_interfaces/msg/detail/coast_msg__type_support.h
[4.175s] -- Installing: /home/enio/develop_fer/Model-Informed-Path-Planning/path_planning_ws/install/user_action_interfaces/include/user_action_interfaces/user_action_interfaces/msg/detail/start_goal_msg__description.c
[4.175s] -- Installing: /home/enio/develop_fer/Model-Informed-Path-Planning/path_planning_ws/install/user_action_interfaces/include/user_action_interfaces/user_action_interfaces/msg/detail/path_msg__functions.h
[4.175s] -- Installing: /home/enio/develop_fer/Model-Informed-Path-Planning/path_planning_ws/install/user_action_interfaces/include/user_action_interfaces/user_action_interfaces/msg/detail/coast_msg__functions.h
[4.175s] -- Installing: /home/enio/develop_fer/Model-Informed-Path-Planning/path_planning_ws/install/user_action_interfaces/include/user_action_interfaces/user_action_interfaces/msg/detail/coast_msg__struct.h
[4.175s] -- Installing: /home/enio/develop_fer/Model-Informed-Path-Planning/path_planning_ws/install/user_action_interfaces/include/user_action_interfaces/user_action_interfaces/msg/detail/path_msg__struct.h
[4.175s] -- Installing: /home/enio/develop_fer/Model-Informed-Path-Planning/path_planning_ws/install/user_action_interfaces/include/user_action_interfaces/user_action_interfaces/msg/detail/path_msg__type_support.c
[4.175s] -- Installing: /home/enio/develop_fer/Model-Informed-Path-Planning/path_planning_ws/install/user_action_interfaces/include/user_action_interfaces/user_action_interfaces/msg/detail/path_msg__functions.c
[4.175s] -- Installing: /home/enio/develop_fer/Model-Informed-Path-Planning/path_planning_ws/install/user_action_interfaces/include/user_action_interfaces/user_action_interfaces/msg/detail/start_goal_msg__functions.h
[4.175s] -- Installing: /home/enio/develop_fer/Model-Informed-Path-Planning/path_planning_ws/install/user_action_interfaces/include/user_action_interfaces/user_action_interfaces/msg/detail/path_msg__description.c
[4.175s] -- Installing: /home/enio/develop_fer/Model-Informed-Path-Planning/path_planning_ws/install/user_action_interfaces/include/user_action_interfaces/user_action_interfaces/msg/detail/coast_msg__description.c
[4.175s] -- Installing: /home/enio/develop_fer/Model-Informed-Path-Planning/path_planning_ws/install/user_action_interfaces/include/user_action_interfaces/user_action_interfaces/msg/detail/start_goal_msg__functions.c
[4.175s] -- Installing: /home/enio/develop_fer/Model-Informed-Path-Planning/path_planning_ws/install/user_action_interfaces/include/user_action_interfaces/user_action_interfaces/msg/detail/start_goal_msg__type_support.h
[4.175s] -- Installing: /home/enio/develop_fer/Model-Informed-Path-Planning/path_planning_ws/install/user_action_interfaces/include/user_action_interfaces/user_action_interfaces/msg/detail/start_goal_msg__struct.h
[4.175s] -- Installing: /home/enio/develop_fer/Model-Informed-Path-Planning/path_planning_ws/install/user_action_interfaces/include/user_action_interfaces/user_action_interfaces/msg/detail/start_goal_msg__type_support.c
[4.175s] -- Installing: /home/enio/develop_fer/Model-Informed-Path-Planning/path_planning_ws/install/user_action_interfaces/include/user_action_interfaces/user_action_interfaces/msg/rosidl_generator_c__visibility_control.h
[4.175s] -- Installing: /home/enio/develop_fer/Model-Informed-Path-Planning/path_planning_ws/install/user_action_interfaces/include/user_action_interfaces/user_action_interfaces/msg/path_msg.h
[4.175s] -- Installing: /home/enio/develop_fer/Model-Informed-Path-Planning/path_planning_ws/install/user_action_interfaces/include/user_action_interfaces/user_action_interfaces/msg/coast_msg.h
[4.175s] -- Installing: /home/enio/develop_fer/Model-Informed-Path-Planning/path_planning_ws/install/user_action_interfaces/include/user_action_interfaces/user_action_interfaces/action
[4.175s] -- Installing: /home/enio/develop_fer/Model-Informed-Path-Planning/path_planning_ws/install/user_action_interfaces/include/user_action_interfaces/user_action_interfaces/action/detail
[4.176s] -- Installing: /home/enio/develop_fer/Model-Informed-Path-Planning/path_planning_ws/install/user_action_interfaces/include/user_action_interfaces/user_action_interfaces/action/detail/start_goal_action__description.c
[4.176s] -- Installing: /home/enio/develop_fer/Model-Informed-Path-Planning/path_planning_ws/install/user_action_interfaces/include/user_action_interfaces/user_action_interfaces/action/detail/start_goal_action__type_support.h
[4.176s] -- Installing: /home/enio/develop_fer/Model-Informed-Path-Planning/path_planning_ws/install/user_action_interfaces/include/user_action_interfaces/user_action_interfaces/action/detail/start_goal_action__type_support.c
[4.176s] -- Installing: /home/enio/develop_fer/Model-Informed-Path-Planning/path_planning_ws/install/user_action_interfaces/include/user_action_interfaces/user_action_interfaces/action/detail/start_goal_action__functions.h
[4.176s] -- Installing: /home/enio/develop_fer/Model-Informed-Path-Planning/path_planning_ws/install/user_action_interfaces/include/user_action_interfaces/user_action_interfaces/action/detail/start_goal_action__struct.h
[4.176s] -- Installing: /home/enio/develop_fer/Model-Informed-Path-Planning/path_planning_ws/install/user_action_interfaces/include/user_action_interfaces/user_action_interfaces/action/detail/start_goal_action__functions.c
[4.176s] -- Installing: /home/enio/develop_fer/Model-Informed-Path-Planning/path_planning_ws/install/user_action_interfaces/include/user_action_interfaces/user_action_interfaces/action/start_goal_action.h
[4.176s] -- Installing: /home/enio/develop_fer/Model-Informed-Path-Planning/path_planning_ws/install/user_action_interfaces/share/user_action_interfaces/environment/library_path.sh
[4.176s] -- Installing: /home/enio/develop_fer/Model-Informed-Path-Planning/path_planning_ws/install/user_action_interfaces/share/user_action_interfaces/environment/library_path.dsv
[4.176s] -- Installing: /home/enio/develop_fer/Model-Informed-Path-Planning/path_planning_ws/install/user_action_interfaces/lib/libuser_action_interfaces__rosidl_generator_c.so
[4.176s] -- Set runtime path of "/home/enio/develop_fer/Model-Informed-Path-Planning/path_planning_ws/install/user_action_interfaces/lib/libuser_action_interfaces__rosidl_generator_c.so" to ""
[4.176s] -- Up-to-date: /home/enio/develop_fer/Model-Informed-Path-Planning/path_planning_ws/install/user_action_interfaces/include/user_action_interfaces/user_action_interfaces
[4.176s] -- Up-to-date: /home/enio/develop_fer/Model-Informed-Path-Planning/path_planning_ws/install/user_action_interfaces/include/user_action_interfaces/user_action_interfaces/msg
[4.176s] -- Up-to-date: /home/enio/develop_fer/Model-Informed-Path-Planning/path_planning_ws/install/user_action_interfaces/include/user_action_interfaces/user_action_interfaces/msg/detail
[4.176s] -- Installing: /home/enio/develop_fer/Model-Informed-Path-Planning/path_planning_ws/install/user_action_interfaces/include/user_action_interfaces/user_action_interfaces/msg/detail/coast_msg__rosidl_typesupport_fastrtps_c.h
[4.176s] -- Installing: /home/enio/develop_fer/Model-Informed-Path-Planning/path_planning_ws/install/user_action_interfaces/include/user_action_interfaces/user_action_interfaces/msg/detail/path_msg__rosidl_typesupport_fastrtps_c.h
[4.177s] -- Installing: /home/enio/develop_fer/Model-Informed-Path-Planning/path_planning_ws/install/user_action_interfaces/include/user_action_interfaces/user_action_interfaces/msg/detail/start_goal_msg__rosidl_typesupport_fastrtps_c.h
[4.177s] -- Installing: /home/enio/develop_fer/Model-Informed-Path-Planning/path_planning_ws/install/user_action_interfaces/include/user_action_interfaces/user_action_interfaces/msg/rosidl_typesupport_fastrtps_c__visibility_control.h
[4.177s] -- Up-to-date: /home/enio/develop_fer/Model-Informed-Path-Planning/path_planning_ws/install/user_action_interfaces/include/user_action_interfaces/user_action_interfaces/action
[4.177s] -- Up-to-date: /home/enio/develop_fer/Model-Informed-Path-Planning/path_planning_ws/install/user_action_interfaces/include/user_action_interfaces/user_action_interfaces/action/detail
[4.177s] -- Installing: /home/enio/develop_fer/Model-Informed-Path-Planning/path_planning_ws/install/user_action_interfaces/include/user_action_interfaces/user_action_interfaces/action/detail/start_goal_action__rosidl_typesupport_fastrtps_c.h
[4.177s] -- Installing: /home/enio/develop_fer/Model-Informed-Path-Planning/path_planning_ws/install/user_action_interfaces/lib/libuser_action_interfaces__rosidl_typesupport_fastrtps_c.so
[4.177s] -- Set runtime path of "/home/enio/develop_fer/Model-Informed-Path-Planning/path_planning_ws/install/user_action_interfaces/lib/libuser_action_interfaces__rosidl_typesupport_fastrtps_c.so" to ""
[4.177s] -- Up-to-date: /home/enio/develop_fer/Model-Informed-Path-Planning/path_planning_ws/install/user_action_interfaces/include/user_action_interfaces/user_action_interfaces
[4.177s] -- Up-to-date: /home/enio/develop_fer/Model-Informed-Path-Planning/path_planning_ws/install/user_action_interfaces/include/user_action_interfaces/user_action_interfaces/msg
[4.177s] -- Up-to-date: /home/enio/develop_fer/Model-Informed-Path-Planning/path_planning_ws/install/user_action_interfaces/include/user_action_interfaces/user_action_interfaces/msg/detail
[4.177s] -- Up-to-date: /home/enio/develop_fer/Model-Informed-Path-Planning/path_planning_ws/install/user_action_interfaces/include/user_action_interfaces/user_action_interfaces/msg/detail/coast_msg__type_support.c
[4.177s] -- Installing: /home/enio/develop_fer/Model-Informed-Path-Planning/path_planning_ws/install/user_action_interfaces/include/user_action_interfaces/user_action_interfaces/msg/detail/path_msg__rosidl_typesupport_introspection_c.h
[4.177s] -- Installing: /home/enio/develop_fer/Model-Informed-Path-Planning/path_planning_ws/install/user_action_interfaces/include/user_action_interfaces/user_action_interfaces/msg/detail/start_goal_msg__rosidl_typesupport_introspection_c.h
[4.177s] -- Up-to-date: /home/enio/develop_fer/Model-Informed-Path-Planning/path_planning_ws/install/user_action_interfaces/include/user_action_interfaces/user_action_interfaces/msg/detail/path_msg__type_support.c
[4.177s] -- Installing: /home/enio/develop_fer/Model-Informed-Path-Planning/path_planning_ws/install/user_action_interfaces/include/user_action_interfaces/user_action_interfaces/msg/detail/coast_msg__rosidl_typesupport_introspection_c.h
[4.177s] -- Up-to-date: /home/enio/develop_fer/Model-Informed-Path-Planning/path_planning_ws/install/user_action_interfaces/include/user_action_interfaces/user_action_interfaces/msg/detail/start_goal_msg__type_support.c
[4.177s] -- Installing: /home/enio/develop_fer/Model-Informed-Path-Planning/path_planning_ws/install/user_action_interfaces/include/user_action_interfaces/user_action_interfaces/msg/rosidl_typesupport_introspection_c__visibility_control.h
[4.177s] -- Up-to-date: /home/enio/develop_fer/Model-Informed-Path-Planning/path_planning_ws/install/user_action_interfaces/include/user_action_interfaces/user_action_interfaces/action
[4.177s] -- Up-to-date: /home/enio/develop_fer/Model-Informed-Path-Planning/path_planning_ws/install/user_action_interfaces/include/user_action_interfaces/user_action_interfaces/action/detail
[4.177s] -- Up-to-date: /home/enio/develop_fer/Model-Informed-Path-Planning/path_planning_ws/install/user_action_interfaces/include/user_action_interfaces/user_action_interfaces/action/detail/start_goal_action__type_support.c
[4.177s] -- Installing: /home/enio/develop_fer/Model-Informed-Path-Planning/path_planning_ws/install/user_action_interfaces/include/user_action_interfaces/user_action_interfaces/action/detail/start_goal_action__rosidl_typesupport_introspection_c.h
[4.177s] -- Installing: /home/enio/develop_fer/Model-Informed-Path-Planning/path_planning_ws/install/user_action_interfaces/lib/libuser_action_interfaces__rosidl_typesupport_introspection_c.so
[4.177s] -- Set runtime path of "/home/enio/develop_fer/Model-Informed-Path-Planning/path_planning_ws/install/user_action_interfaces/lib/libuser_action_interfaces__rosidl_typesupport_introspection_c.so" to ""
[4.177s] -- Installing: /home/enio/develop_fer/Model-Informed-Path-Planning/path_planning_ws/install/user_action_interfaces/lib/libuser_action_interfaces__rosidl_typesupport_c.so
[4.178s] -- Set runtime path of "/home/enio/develop_fer/Model-Informed-Path-Planning/path_planning_ws/install/user_action_interfaces/lib/libuser_action_interfaces__rosidl_typesupport_c.so" to ""
[4.178s] -- Up-to-date: /home/enio/develop_fer/Model-Informed-Path-Planning/path_planning_ws/install/user_action_interfaces/include/user_action_interfaces/user_action_interfaces
[4.178s] -- Up-to-date: /home/enio/develop_fer/Model-Informed-Path-Planning/path_planning_ws/install/user_action_interfaces/include/user_action_interfaces/user_action_interfaces/msg
[4.178s] -- Up-to-date: /home/enio/develop_fer/Model-Informed-Path-Planning/path_planning_ws/install/user_action_interfaces/include/user_action_interfaces/user_action_interfaces/msg/detail
[4.178s] -- Installing: /home/enio/develop_fer/Model-Informed-Path-Planning/path_planning_ws/install/user_action_interfaces/include/user_action_interfaces/user_action_interfaces/msg/detail/start_goal_msg__traits.hpp
[4.178s] -- Installing: /home/enio/develop_fer/Model-Informed-Path-Planning/path_planning_ws/install/user_action_interfaces/include/user_action_interfaces/user_action_interfaces/msg/detail/path_msg__traits.hpp
[4.178s] -- Installing: /home/enio/develop_fer/Model-Informed-Path-Planning/path_planning_ws/install/user_action_interfaces/include/user_action_interfaces/user_action_interfaces/msg/detail/path_msg__struct.hpp
[4.178s] -- Installing: /home/enio/develop_fer/Model-Informed-Path-Planning/path_planning_ws/install/user_action_interfaces/include/user_action_interfaces/user_action_interfaces/msg/detail/start_goal_msg__struct.hpp
[4.178s] -- Installing: /home/enio/develop_fer/Model-Informed-Path-Planning/path_planning_ws/install/user_action_interfaces/include/user_action_interfaces/user_action_interfaces/msg/detail/coast_msg__traits.hpp
[4.178s] -- Installing: /home/enio/develop_fer/Model-Informed-Path-Planning/path_planning_ws/install/user_action_interfaces/include/user_action_interfaces/user_action_interfaces/msg/detail/path_msg__builder.hpp
[4.178s] -- Installing: /home/enio/develop_fer/Model-Informed-Path-Planning/path_planning_ws/install/user_action_interfaces/include/user_action_interfaces/user_action_interfaces/msg/detail/start_goal_msg__builder.hpp
[4.178s] -- Installing: /home/enio/develop_fer/Model-Informed-Path-Planning/path_planning_ws/install/user_action_interfaces/include/user_action_interfaces/user_action_interfaces/msg/detail/coast_msg__struct.hpp
[4.178s] -- Installing: /home/enio/develop_fer/Model-Informed-Path-Planning/path_planning_ws/install/user_action_interfaces/include/user_action_interfaces/user_action_interfaces/msg/detail/coast_msg__builder.hpp
[4.178s] -- Installing: /home/enio/develop_fer/Model-Informed-Path-Planning/path_planning_ws/install/user_action_interfaces/include/user_action_interfaces/user_action_interfaces/msg/start_goal_msg.hpp
[4.178s] -- Installing: /home/enio/develop_fer/Model-Informed-Path-Planning/path_planning_ws/install/user_action_interfaces/include/user_action_interfaces/user_action_interfaces/msg/path_msg.hpp
[4.178s] -- Installing: /home/enio/develop_fer/Model-Informed-Path-Planning/path_planning_ws/install/user_action_interfaces/include/user_action_interfaces/user_action_interfaces/msg/coast_msg.hpp
[4.178s] -- Up-to-date: /home/enio/develop_fer/Model-Informed-Path-Planning/path_planning_ws/install/user_action_interfaces/include/user_action_interfaces/user_action_interfaces/action
[4.178s] -- Installing: /home/enio/develop_fer/Model-Informed-Path-Planning/path_planning_ws/install/user_action_interfaces/include/user_action_interfaces/user_action_interfaces/action/start_goal_action.hpp
[4.178s] -- Up-to-date: /home/enio/develop_fer/Model-Informed-Path-Planning/path_planning_ws/install/user_action_interfaces/include/user_action_interfaces/user_action_interfaces/action/detail
[4.178s] -- Installing: /home/enio/develop_fer/Model-Informed-Path-Planning/path_planning_ws/install/user_action_interfaces/include/user_action_interfaces/user_action_interfaces/action/detail/start_goal_action__struct.hpp
[4.178s] -- Installing: /home/enio/develop_fer/Model-Informed-Path-Planning/path_planning_ws/install/user_action_interfaces/include/user_action_interfaces/user_action_interfaces/action/detail/start_goal_action__traits.hpp
[4.178s] -- Installing: /home/enio/develop_fer/Model-Informed-Path-Planning/path_planning_ws/install/user_action_interfaces/include/user_action_interfaces/user_action_interfaces/action/detail/start_goal_action__builder.hpp
[4.179s] -- Up-to-date: /home/enio/develop_fer/Model-Informed-Path-Planning/path_planning_ws/install/user_action_interfaces/include/user_action_interfaces/user_action_interfaces
[4.179s] -- Up-to-date: /home/enio/develop_fer/Model-Informed-Path-Planning/path_planning_ws/install/user_action_interfaces/include/user_action_interfaces/user_action_interfaces/msg
[4.179s] -- Up-to-date: /home/enio/develop_fer/Model-Informed-Path-Planning/path_planning_ws/install/user_action_interfaces/include/user_action_interfaces/user_action_interfaces/msg/detail
[4.179s] -- Installing: /home/enio/develop_fer/Model-Informed-Path-Planning/path_planning_ws/install/user_action_interfaces/include/user_action_interfaces/user_action_interfaces/msg/detail/coast_msg__rosidl_typesupport_fastrtps_cpp.hpp
[4.179s] -- Installing: /home/enio/develop_fer/Model-Informed-Path-Planning/path_planning_ws/install/user_action_interfaces/include/user_action_interfaces/user_action_interfaces/msg/detail/start_goal_msg__rosidl_typesupport_fastrtps_cpp.hpp
[4.179s] -- Installing: /home/enio/develop_fer/Model-Informed-Path-Planning/path_planning_ws/install/user_action_interfaces/include/user_action_interfaces/user_action_interfaces/msg/detail/path_msg__rosidl_typesupport_fastrtps_cpp.hpp
[4.179s] -- Installing: /home/enio/develop_fer/Model-Informed-Path-Planning/path_planning_ws/install/user_action_interfaces/include/user_action_interfaces/user_action_interfaces/msg/detail/dds_fastrtps
[4.179s] -- Installing: /home/enio/develop_fer/Model-Informed-Path-Planning/path_planning_ws/install/user_action_interfaces/include/user_action_interfaces/user_action_interfaces/msg/rosidl_typesupport_fastrtps_cpp__visibility_control.h
[4.179s] -- Up-to-date: /home/enio/develop_fer/Model-Informed-Path-Planning/path_planning_ws/install/user_action_interfaces/include/user_action_interfaces/user_action_interfaces/action
[4.179s] -- Up-to-date: /home/enio/develop_fer/Model-Informed-Path-Planning/path_planning_ws/install/user_action_interfaces/include/user_action_interfaces/user_action_interfaces/action/detail
[4.179s] -- Installing: /home/enio/develop_fer/Model-Informed-Path-Planning/path_planning_ws/install/user_action_interfaces/include/user_action_interfaces/user_action_interfaces/action/detail/dds_fastrtps
[4.179s] -- Installing: /home/enio/develop_fer/Model-Informed-Path-Planning/path_planning_ws/install/user_action_interfaces/include/user_action_interfaces/user_action_interfaces/action/detail/start_goal_action__rosidl_typesupport_fastrtps_cpp.hpp
[4.179s] -- Installing: /home/enio/develop_fer/Model-Informed-Path-Planning/path_planning_ws/install/user_action_interfaces/lib/libuser_action_interfaces__rosidl_typesupport_fastrtps_cpp.so
[4.179s] -- Set runtime path of "/home/enio/develop_fer/Model-Informed-Path-Planning/path_planning_ws/install/user_action_interfaces/lib/libuser_action_interfaces__rosidl_typesupport_fastrtps_cpp.so" to ""
[4.179s] -- Up-to-date: /home/enio/develop_fer/Model-Informed-Path-Planning/path_planning_ws/install/user_action_interfaces/include/user_action_interfaces/user_action_interfaces
[4.179s] -- Up-to-date: /home/enio/develop_fer/Model-Informed-Path-Planning/path_planning_ws/install/user_action_interfaces/include/user_action_interfaces/user_action_interfaces/msg
[4.179s] -- Up-to-date: /home/enio/develop_fer/Model-Informed-Path-Planning/path_planning_ws/install/user_action_interfaces/include/user_action_interfaces/user_action_interfaces/msg/detail
[4.179s] -- Installing: /home/enio/develop_fer/Model-Informed-Path-Planning/path_planning_ws/install/user_action_interfaces/include/user_action_interfaces/user_action_interfaces/msg/detail/path_msg__type_support.cpp
[4.179s] -- Installing: /home/enio/develop_fer/Model-Informed-Path-Planning/path_planning_ws/install/user_action_interfaces/include/user_action_interfaces/user_action_interfaces/msg/detail/path_msg__rosidl_typesupport_introspection_cpp.hpp
[4.180s] -- Installing: /home/enio/develop_fer/Model-Informed-Path-Planning/path_planning_ws/install/user_action_interfaces/include/user_action_interfaces/user_action_interfaces/msg/detail/start_goal_msg__type_support.cpp
[4.180s] -- Installing: /home/enio/develop_fer/Model-Informed-Path-Planning/path_planning_ws/install/user_action_interfaces/include/user_action_interfaces/user_action_interfaces/msg/detail/start_goal_msg__rosidl_typesupport_introspection_cpp.hpp
[4.180s] -- Installing: /home/enio/develop_fer/Model-Informed-Path-Planning/path_planning_ws/install/user_action_interfaces/include/user_action_interfaces/user_action_interfaces/msg/detail/coast_msg__rosidl_typesupport_introspection_cpp.hpp
[4.180s] -- Installing: /home/enio/develop_fer/Model-Informed-Path-Planning/path_planning_ws/install/user_action_interfaces/include/user_action_interfaces/user_action_interfaces/msg/detail/coast_msg__type_support.cpp
[4.180s] -- Up-to-date: /home/enio/develop_fer/Model-Informed-Path-Planning/path_planning_ws/install/user_action_interfaces/include/user_action_interfaces/user_action_interfaces/action
[4.180s] -- Up-to-date: /home/enio/develop_fer/Model-Informed-Path-Planning/path_planning_ws/install/user_action_interfaces/include/user_action_interfaces/user_action_interfaces/action/detail
[4.180s] -- Installing: /home/enio/develop_fer/Model-Informed-Path-Planning/path_planning_ws/install/user_action_interfaces/include/user_action_interfaces/user_action_interfaces/action/detail/start_goal_action__type_support.cpp
[4.180s] -- Installing: /home/enio/develop_fer/Model-Informed-Path-Planning/path_planning_ws/install/user_action_interfaces/include/user_action_interfaces/user_action_interfaces/action/detail/start_goal_action__rosidl_typesupport_introspection_cpp.hpp
[4.180s] -- Installing: /home/enio/develop_fer/Model-Informed-Path-Planning/path_planning_ws/install/user_action_interfaces/lib/libuser_action_interfaces__rosidl_typesupport_introspection_cpp.so
[4.180s] -- Set runtime path of "/home/enio/develop_fer/Model-Informed-Path-Planning/path_planning_ws/install/user_action_interfaces/lib/libuser_action_interfaces__rosidl_typesupport_introspection_cpp.so" to ""
[4.180s] -- Installing: /home/enio/develop_fer/Model-Informed-Path-Planning/path_planning_ws/install/user_action_interfaces/lib/libuser_action_interfaces__rosidl_typesupport_cpp.so
[4.180s] -- Set runtime path of "/home/enio/develop_fer/Model-Informed-Path-Planning/path_planning_ws/install/user_action_interfaces/lib/libuser_action_interfaces__rosidl_typesupport_cpp.so" to ""
[4.180s] -- Installing: /home/enio/develop_fer/Model-Informed-Path-Planning/path_planning_ws/install/user_action_interfaces/share/user_action_interfaces/environment/pythonpath.sh
[4.181s] -- Installing: /home/enio/develop_fer/Model-Informed-Path-Planning/path_planning_ws/install/user_action_interfaces/share/user_action_interfaces/environment/pythonpath.dsv
[4.181s] -- Installing: /home/enio/develop_fer/Model-Informed-Path-Planning/path_planning_ws/install/user_action_interfaces/lib/python3.10/site-packages/user_action_interfaces-0.0.0-py3.10.egg-info
[4.181s] -- Installing: /home/enio/develop_fer/Model-Informed-Path-Planning/path_planning_ws/install/user_action_interfaces/lib/python3.10/site-packages/user_action_interfaces-0.0.0-py3.10.egg-info/PKG-INFO
[4.181s] -- Installing: /home/enio/develop_fer/Model-Informed-Path-Planning/path_planning_ws/install/user_action_interfaces/lib/python3.10/site-packages/user_action_interfaces-0.0.0-py3.10.egg-info/top_level.txt
[4.181s] -- Installing: /home/enio/develop_fer/Model-Informed-Path-Planning/path_planning_ws/install/user_action_interfaces/lib/python3.10/site-packages/user_action_interfaces-0.0.0-py3.10.egg-info/dependency_links.txt
[4.181s] -- Installing: /home/enio/develop_fer/Model-Informed-Path-Planning/path_planning_ws/install/user_action_interfaces/lib/python3.10/site-packages/user_action_interfaces-0.0.0-py3.10.egg-info/SOURCES.txt
[4.181s] -- Installing: /home/enio/develop_fer/Model-Informed-Path-Planning/path_planning_ws/install/user_action_interfaces/lib/python3.10/site-packages/user_action_interfaces
[4.181s] -- Installing: /home/enio/develop_fer/Model-Informed-Path-Planning/path_planning_ws/install/user_action_interfaces/lib/python3.10/site-packages/user_action_interfaces/_user_action_interfaces_s.ep.rosidl_typesupport_fastrtps_c.c
[4.181s] -- Installing: /home/enio/develop_fer/Model-Informed-Path-Planning/path_planning_ws/install/user_action_interfaces/lib/python3.10/site-packages/user_action_interfaces/_user_action_interfaces_s.ep.rosidl_typesupport_c.c
[4.181s] -- Installing: /home/enio/develop_fer/Model-Informed-Path-Planning/path_planning_ws/install/user_action_interfaces/lib/python3.10/site-packages/user_action_interfaces/__init__.py
[4.181s] -- Installing: /home/enio/develop_fer/Model-Informed-Path-Planning/path_planning_ws/install/user_action_interfaces/lib/python3.10/site-packages/user_action_interfaces/user_action_interfaces_s__rosidl_typesupport_fastrtps_c.cpython-310-x86_64-linux-gnu.so
[4.181s] -- Installing: /home/enio/develop_fer/Model-Informed-Path-Planning/path_planning_ws/install/user_action_interfaces/lib/python3.10/site-packages/user_action_interfaces/msg
[4.181s] -- Installing: /home/enio/develop_fer/Model-Informed-Path-Planning/path_planning_ws/install/user_action_interfaces/lib/python3.10/site-packages/user_action_interfaces/msg/__init__.py
[4.181s] -- Installing: /home/enio/develop_fer/Model-Informed-Path-Planning/path_planning_ws/install/user_action_interfaces/lib/python3.10/site-packages/user_action_interfaces/msg/_start_goal_msg.py
[4.181s] -- Installing: /home/enio/develop_fer/Model-Informed-Path-Planning/path_planning_ws/install/user_action_interfaces/lib/python3.10/site-packages/user_action_interfaces/msg/_path_msg_s.c
[4.181s] -- Installing: /home/enio/develop_fer/Model-Informed-Path-Planning/path_planning_ws/install/user_action_interfaces/lib/python3.10/site-packages/user_action_interfaces/msg/_coast_msg_s.c
[4.181s] -- Installing: /home/enio/develop_fer/Model-Informed-Path-Planning/path_planning_ws/install/user_action_interfaces/lib/python3.10/site-packages/user_action_interfaces/msg/_start_goal_msg_s.c
[4.181s] -- Installing: /home/enio/develop_fer/Model-Informed-Path-Planning/path_planning_ws/install/user_action_interfaces/lib/python3.10/site-packages/user_action_interfaces/msg/_coast_msg.py
[4.181s] -- Installing: /home/enio/develop_fer/Model-Informed-Path-Planning/path_planning_ws/install/user_action_interfaces/lib/python3.10/site-packages/user_action_interfaces/msg/_path_msg.py
[4.181s] -- Installing: /home/enio/develop_fer/Model-Informed-Path-Planning/path_planning_ws/install/user_action_interfaces/lib/python3.10/site-packages/user_action_interfaces/user_action_interfaces_s__rosidl_typesupport_c.cpython-310-x86_64-linux-gnu.so
[4.181s] -- Installing: /home/enio/develop_fer/Model-Informed-Path-Planning/path_planning_ws/install/user_action_interfaces/lib/python3.10/site-packages/user_action_interfaces/user_action_interfaces_s__rosidl_typesupport_introspection_c.cpython-310-x86_64-linux-gnu.so
[4.181s] -- Installing: /home/enio/develop_fer/Model-Informed-Path-Planning/path_planning_ws/install/user_action_interfaces/lib/python3.10/site-packages/user_action_interfaces/libuser_action_interfaces__rosidl_generator_py.so
[4.182s] -- Installing: /home/enio/develop_fer/Model-Informed-Path-Planning/path_planning_ws/install/user_action_interfaces/lib/python3.10/site-packages/user_action_interfaces/action
[4.182s] -- Installing: /home/enio/develop_fer/Model-Informed-Path-Planning/path_planning_ws/install/user_action_interfaces/lib/python3.10/site-packages/user_action_interfaces/action/__init__.py
[4.182s] -- Installing: /home/enio/develop_fer/Model-Informed-Path-Planning/path_planning_ws/install/user_action_interfaces/lib/python3.10/site-packages/user_action_interfaces/action/_start_goal_action_s.c
[4.182s] -- Installing: /home/enio/develop_fer/Model-Informed-Path-Planning/path_planning_ws/install/user_action_interfaces/lib/python3.10/site-packages/user_action_interfaces/action/_start_goal_action.py
[4.182s] -- Installing: /home/enio/develop_fer/Model-Informed-Path-Planning/path_planning_ws/install/user_action_interfaces/lib/python3.10/site-packages/user_action_interfaces/_user_action_interfaces_s.ep.rosidl_typesupport_introspection_c.c
[4.208s] Listing '/home/enio/develop_fer/Model-Informed-Path-Planning/path_planning_ws/install/user_action_interfaces/lib/python3.10/site-packages/user_action_interfaces'...
[4.208s] Compiling '/home/enio/develop_fer/Model-Informed-Path-Planning/path_planning_ws/install/user_action_interfaces/lib/python3.10/site-packages/user_action_interfaces/__init__.py'...
[4.208s] Listing '/home/enio/develop_fer/Model-Informed-Path-Planning/path_planning_ws/install/user_action_interfaces/lib/python3.10/site-packages/user_action_interfaces/action'...
[4.208s] Compiling '/home/enio/develop_fer/Model-Informed-Path-Planning/path_planning_ws/install/user_action_interfaces/lib/python3.10/site-packages/user_action_interfaces/action/__init__.py'...
[4.208s] Compiling '/home/enio/develop_fer/Model-Informed-Path-Planning/path_planning_ws/install/user_action_interfaces/lib/python3.10/site-packages/user_action_interfaces/action/_start_goal_action.py'...
[4.208s] Listing '/home/enio/develop_fer/Model-Informed-Path-Planning/path_planning_ws/install/user_action_interfaces/lib/python3.10/site-packages/user_action_interfaces/msg'...
[4.208s] Compiling '/home/enio/develop_fer/Model-Informed-Path-Planning/path_planning_ws/install/user_action_interfaces/lib/python3.10/site-packages/user_action_interfaces/msg/__init__.py'...
[4.208s] Compiling '/home/enio/develop_fer/Model-Informed-Path-Planning/path_planning_ws/install/user_action_interfaces/lib/python3.10/site-packages/user_action_interfaces/msg/_coast_msg.py'...
[4.208s] Compiling '/home/enio/develop_fer/Model-Informed-Path-Planning/path_planning_ws/install/user_action_interfaces/lib/python3.10/site-packages/user_action_interfaces/msg/_path_msg.py'...
[4.208s] Compiling '/home/enio/develop_fer/Model-Informed-Path-Planning/path_planning_ws/install/user_action_interfaces/lib/python3.10/site-packages/user_action_interfaces/msg/_start_goal_msg.py'...
[4.211s] -- Installing: /home/enio/develop_fer/Model-Informed-Path-Planning/path_planning_ws/install/user_action_interfaces/lib/python3.10/site-packages/user_action_interfaces/user_action_interfaces_s__rosidl_typesupport_fastrtps_c.cpython-310-x86_64-linux-gnu.so
[4.211s] -- Set runtime path of "/home/enio/develop_fer/Model-Informed-Path-Planning/path_planning_ws/install/user_action_interfaces/lib/python3.10/site-packages/user_action_interfaces/user_action_interfaces_s__rosidl_typesupport_fastrtps_c.cpython-310-x86_64-linux-gnu.so" to ""
[4.211s] -- Installing: /home/enio/develop_fer/Model-Informed-Path-Planning/path_planning_ws/install/user_action_interfaces/lib/python3.10/site-packages/user_action_interfaces/user_action_interfaces_s__rosidl_typesupport_introspection_c.cpython-310-x86_64-linux-gnu.so
[4.212s] -- Set runtime path of "/home/enio/develop_fer/Model-Informed-Path-Planning/path_planning_ws/install/user_action_interfaces/lib/python3.10/site-packages/user_action_interfaces/user_action_interfaces_s__rosidl_typesupport_introspection_c.cpython-310-x86_64-linux-gnu.so" to ""
[4.212s] -- Installing: /home/enio/develop_fer/Model-Informed-Path-Planning/path_planning_ws/install/user_action_interfaces/lib/python3.10/site-packages/user_action_interfaces/user_action_interfaces_s__rosidl_typesupport_c.cpython-310-x86_64-linux-gnu.so
[4.212s] -- Set runtime path of "/home/enio/develop_fer/Model-Informed-Path-Planning/path_planning_ws/install/user_action_interfaces/lib/python3.10/site-packages/user_action_interfaces/user_action_interfaces_s__rosidl_typesupport_c.cpython-310-x86_64-linux-gnu.so" to ""
[4.212s] -- Installing: /home/enio/develop_fer/Model-Informed-Path-Planning/path_planning_ws/install/user_action_interfaces/lib/libuser_action_interfaces__rosidl_generator_py.so
[4.212s] -- Set runtime path of "/home/enio/develop_fer/Model-Informed-Path-Planning/path_planning_ws/install/user_action_interfaces/lib/libuser_action_interfaces__rosidl_generator_py.so" to ""
[4.212s] -- Installing: /home/enio/develop_fer/Model-Informed-Path-Planning/path_planning_ws/install/user_action_interfaces/share/user_action_interfaces/action/StartGoalAction.idl
[4.212s] -- Installing: /home/enio/develop_fer/Model-Informed-Path-Planning/path_planning_ws/install/user_action_interfaces/share/user_action_interfaces/msg/StartGoalMsg.idl
[4.212s] -- Installing: /home/enio/develop_fer/Model-Informed-Path-Planning/path_planning_ws/install/user_action_interfaces/share/user_action_interfaces/msg/CoastMsg.idl
[4.213s] -- Installing: /home/enio/develop_fer/Model-Informed-Path-Planning/path_planning_ws/install/user_action_interfaces/share/user_action_interfaces/msg/PathMsg.idl
[4.213s] -- Installing: /home/enio/develop_fer/Model-Informed-Path-Planning/path_planning_ws/install/user_action_interfaces/share/user_action_interfaces/action/StartGoalAction.action
[4.213s] -- Installing: /home/enio/develop_fer/Model-Informed-Path-Planning/path_planning_ws/install/user_action_interfaces/share/user_action_interfaces/msg/StartGoalMsg.msg
[4.213s] -- Installing: /home/enio/develop_fer/Model-Informed-Path-Planning/path_planning_ws/install/user_action_interfaces/share/user_action_interfaces/msg/CoastMsg.msg
[4.213s] -- Installing: /home/enio/develop_fer/Model-Informed-Path-Planning/path_planning_ws/install/user_action_interfaces/share/user_action_interfaces/msg/PathMsg.msg
[4.213s] -- Installing: /home/enio/develop_fer/Model-Informed-Path-Planning/path_planning_ws/install/user_action_interfaces/share/ament_index/resource_index/package_run_dependencies/user_action_interfaces
[4.213s] -- Installing: /home/enio/develop_fer/Model-Informed-Path-Planning/path_planning_ws/install/user_action_interfaces/share/ament_index/resource_index/parent_prefix_path/user_action_interfaces
[4.213s] -- Installing: /home/enio/develop_fer/Model-Informed-Path-Planning/path_planning_ws/install/user_action_interfaces/share/user_action_interfaces/environment/ament_prefix_path.sh
[4.213s] -- Installing: /home/enio/develop_fer/Model-Informed-Path-Planning/path_planning_ws/install/user_action_interfaces/share/user_action_interfaces/environment/ament_prefix_path.dsv
[4.213s] -- Installing: /home/enio/develop_fer/Model-Informed-Path-Planning/path_planning_ws/install/user_action_interfaces/share/user_action_interfaces/environment/path.sh
[4.213s] -- Installing: /home/enio/develop_fer/Model-Informed-Path-Planning/path_planning_ws/install/user_action_interfaces/share/user_action_interfaces/environment/path.dsv
[4.214s] -- Installing: /home/enio/develop_fer/Model-Informed-Path-Planning/path_planning_ws/install/user_action_interfaces/share/user_action_interfaces/local_setup.bash
[4.214s] -- Installing: /home/enio/develop_fer/Model-Informed-Path-Planning/path_planning_ws/install/user_action_interfaces/share/user_action_interfaces/local_setup.sh
[4.214s] -- Installing: /home/enio/develop_fer/Model-Informed-Path-Planning/path_planning_ws/install/user_action_interfaces/share/user_action_interfaces/local_setup.zsh
[4.214s] -- Installing: /home/enio/develop_fer/Model-Informed-Path-Planning/path_planning_ws/install/user_action_interfaces/share/user_action_interfaces/local_setup.dsv
[4.214s] -- Installing: /home/enio/develop_fer/Model-Informed-Path-Planning/path_planning_ws/install/user_action_interfaces/share/user_action_interfaces/package.dsv
[4.214s] -- Installing: /home/enio/develop_fer/Model-Informed-Path-Planning/path_planning_ws/install/user_action_interfaces/share/ament_index/resource_index/packages/user_action_interfaces
[4.214s] -- Installing: /home/enio/develop_fer/Model-Informed-Path-Planning/path_planning_ws/install/user_action_interfaces/share/user_action_interfaces/cmake/export_user_action_interfaces__rosidl_generator_cExport.cmake
[4.214s] -- Installing: /home/enio/develop_fer/Model-Informed-Path-Planning/path_planning_ws/install/user_action_interfaces/share/user_action_interfaces/cmake/export_user_action_interfaces__rosidl_generator_cExport-noconfig.cmake
[4.214s] -- Installing: /home/enio/develop_fer/Model-Informed-Path-Planning/path_planning_ws/install/user_action_interfaces/share/user_action_interfaces/cmake/export_user_action_interfaces__rosidl_typesupport_fastrtps_cExport.cmake
[4.214s] -- Installing: /home/enio/develop_fer/Model-Informed-Path-Planning/path_planning_ws/install/user_action_interfaces/share/user_action_interfaces/cmake/export_user_action_interfaces__rosidl_typesupport_fastrtps_cExport-noconfig.cmake
[4.214s] -- Installing: /home/enio/develop_fer/Model-Informed-Path-Planning/path_planning_ws/install/user_action_interfaces/share/user_action_interfaces/cmake/user_action_interfaces__rosidl_typesupport_introspection_cExport.cmake
[4.214s] -- Installing: /home/enio/develop_fer/Model-Informed-Path-Planning/path_planning_ws/install/user_action_interfaces/share/user_action_interfaces/cmake/user_action_interfaces__rosidl_typesupport_introspection_cExport-noconfig.cmake
[4.214s] -- Installing: /home/enio/develop_fer/Model-Informed-Path-Planning/path_planning_ws/install/user_action_interfaces/share/user_action_interfaces/cmake/user_action_interfaces__rosidl_typesupport_cExport.cmake
[4.214s] -- Installing: /home/enio/develop_fer/Model-Informed-Path-Planning/path_planning_ws/install/user_action_interfaces/share/user_action_interfaces/cmake/user_action_interfaces__rosidl_typesupport_cExport-noconfig.cmake
[4.215s] -- Installing: /home/enio/develop_fer/Model-Informed-Path-Planning/path_planning_ws/install/user_action_interfaces/share/user_action_interfaces/cmake/export_user_action_interfaces__rosidl_generator_cppExport.cmake
[4.215s] -- Installing: /home/enio/develop_fer/Model-Informed-Path-Planning/path_planning_ws/install/user_action_interfaces/share/user_action_interfaces/cmake/export_user_action_interfaces__rosidl_typesupport_fastrtps_cppExport.cmake
[4.215s] -- Installing: /home/enio/develop_fer/Model-Informed-Path-Planning/path_planning_ws/install/user_action_interfaces/share/user_action_interfaces/cmake/export_user_action_interfaces__rosidl_typesupport_fastrtps_cppExport-noconfig.cmake
[4.215s] -- Installing: /home/enio/develop_fer/Model-Informed-Path-Planning/path_planning_ws/install/user_action_interfaces/share/user_action_interfaces/cmake/user_action_interfaces__rosidl_typesupport_introspection_cppExport.cmake
[4.215s] -- Installing: /home/enio/develop_fer/Model-Informed-Path-Planning/path_planning_ws/install/user_action_interfaces/share/user_action_interfaces/cmake/user_action_interfaces__rosidl_typesupport_introspection_cppExport-noconfig.cmake
[4.215s] -- Installing: /home/enio/develop_fer/Model-Informed-Path-Planning/path_planning_ws/install/user_action_interfaces/share/user_action_interfaces/cmake/user_action_interfaces__rosidl_typesupport_cppExport.cmake
[4.215s] -- Installing: /home/enio/develop_fer/Model-Informed-Path-Planning/path_planning_ws/install/user_action_interfaces/share/user_action_interfaces/cmake/user_action_interfaces__rosidl_typesupport_cppExport-noconfig.cmake
[4.215s] -- Installing: /home/enio/develop_fer/Model-Informed-Path-Planning/path_planning_ws/install/user_action_interfaces/share/user_action_interfaces/cmake/export_user_action_interfaces__rosidl_generator_pyExport.cmake
[4.215s] -- Installing: /home/enio/develop_fer/Model-Informed-Path-Planning/path_planning_ws/install/user_action_interfaces/share/user_action_interfaces/cmake/export_user_action_interfaces__rosidl_generator_pyExport-noconfig.cmake
[4.215s] -- Installing: /home/enio/develop_fer/Model-Informed-Path-Planning/path_planning_ws/install/user_action_interfaces/share/user_action_interfaces/cmake/rosidl_cmake-extras.cmake
[4.215s] -- Installing: /home/enio/develop_fer/Model-Informed-Path-Planning/path_planning_ws/install/user_action_interfaces/share/user_action_interfaces/cmake/ament_cmake_export_dependencies-extras.cmake
[4.215s] -- Installing: /home/enio/develop_fer/Model-Informed-Path-Planning/path_planning_ws/install/user_action_interfaces/share/user_action_interfaces/cmake/ament_cmake_export_include_directories-extras.cmake
[4.215s] -- Installing: /home/enio/develop_fer/Model-Informed-Path-Planning/path_planning_ws/install/user_action_interfaces/share/user_action_interfaces/cmake/ament_cmake_export_libraries-extras.cmake
[4.215s] -- Installing: /home/enio/develop_fer/Model-Informed-Path-Planning/path_planning_ws/install/user_action_interfaces/share/user_action_interfaces/cmake/ament_cmake_export_targets-extras.cmake
[4.215s] -- Installing: /home/enio/develop_fer/Model-Informed-Path-Planning/path_planning_ws/install/user_action_interfaces/share/user_action_interfaces/cmake/rosidl_cmake_export_typesupport_targets-extras.cmake
[4.215s] -- Installing: /home/enio/develop_fer/Model-Informed-Path-Planning/path_planning_ws/install/user_action_interfaces/share/user_action_interfaces/cmake/rosidl_cmake_export_typesupport_libraries-extras.cmake
[4.215s] -- Installing: /home/enio/develop_fer/Model-Informed-Path-Planning/path_planning_ws/install/user_action_interfaces/share/user_action_interfaces/cmake/user_action_interfacesConfig.cmake
[4.215s] -- Installing: /home/enio/develop_fer/Model-Informed-Path-Planning/path_planning_ws/install/user_action_interfaces/share/user_action_interfaces/cmake/user_action_interfacesConfig-version.cmake
[4.215s] -- Installing: /home/enio/develop_fer/Model-Informed-Path-Planning/path_planning_ws/install/user_action_interfaces/share/user_action_interfaces/package.xml
[4.217s] Invoked command in '/home/enio/develop_fer/Model-Informed-Path-Planning/path_planning_ws/build/user_action_interfaces' returned '0': CMAKE_PREFIX_PATH=${CMAKE_PREFIX_PATH}:/home/enio/develop_fer/Model-Informed-Path-Planning/path_planning_ws/install/path_planning_server:/home/enio/develop_fer/Model-Informed-Path-Planning/path_planning_ws/install/path_planning_action:/home/enio/develop_fer/Model-Informed-Path-Planning/path_planning_ws/install/map_maker:/opt/ros/iron /usr/bin/cmake --install /home/enio/develop_fer/Model-Informed-Path-Planning/path_planning_ws/build/user_action_interfaces
