[0.611s] Invoking command in '/home/enio/develop_fer/Model-Informed-Path-Planning/path_planning_ws/src/map_maker': PYTHONPATH=/home/enio/develop_fer/Model-Informed-Path-Planning/path_planning_ws/build/map_maker/prefix_override:/home/enio/develop_fer/Model-Informed-Path-Planning/path_planning_ws/install/map_maker/lib/python3.10/site-packages:${PYTHONPATH} /usr/bin/python3 -W ignore:setup.py install is deprecated setup.py egg_info --egg-base ../../build/map_maker build --build-base /home/enio/develop_fer/Model-Informed-Path-Planning/path_planning_ws/build/map_maker/build install --record /home/enio/develop_fer/Model-Informed-Path-Planning/path_planning_ws/build/map_maker/install.log --single-version-externally-managed install_data
[0.741s] running egg_info
[0.742s] creating ../../build/map_maker/map_maker.egg-info
[0.742s] writing ../../build/map_maker/map_maker.egg-info/PKG-INFO
[0.742s] writing dependency_links to ../../build/map_maker/map_maker.egg-info/dependency_links.txt
[0.742s] writing entry points to ../../build/map_maker/map_maker.egg-info/entry_points.txt
[0.742s] writing requirements to ../../build/map_maker/map_maker.egg-info/requires.txt
[0.742s] writing top-level names to ../../build/map_maker/map_maker.egg-info/top_level.txt
[0.743s] writing manifest file '../../build/map_maker/map_maker.egg-info/SOURCES.txt'
[0.746s] reading manifest file '../../build/map_maker/map_maker.egg-info/SOURCES.txt'
[0.746s] adding license file 'LICENSE'
[0.747s] writing manifest file '../../build/map_maker/map_maker.egg-info/SOURCES.txt'
[0.747s] running build
[0.747s] running build_py
[0.747s] creating /home/enio/develop_fer/Model-Informed-Path-Planning/path_planning_ws/build/map_maker/build
[0.747s] creating /home/enio/develop_fer/Model-Informed-Path-Planning/path_planning_ws/build/map_maker/build/lib
[0.747s] creating /home/enio/develop_fer/Model-Informed-Path-Planning/path_planning_ws/build/map_maker/build/lib/map_maker
[0.747s] copying map_maker/detect_coast.py -> /home/enio/develop_fer/Model-Informed-Path-Planning/path_planning_ws/build/map_maker/build/lib/map_maker
[0.748s] copying map_maker/map_process.py -> /home/enio/develop_fer/Model-Informed-Path-Planning/path_planning_ws/build/map_maker/build/lib/map_maker
[0.748s] copying map_maker/process_osm_data.py -> /home/enio/develop_fer/Model-Informed-Path-Planning/path_planning_ws/build/map_maker/build/lib/map_maker
[0.748s] copying map_maker/post_processing.py -> /home/enio/develop_fer/Model-Informed-Path-Planning/path_planning_ws/build/map_maker/build/lib/map_maker
[0.748s] copying map_maker/__init__.py -> /home/enio/develop_fer/Model-Informed-Path-Planning/path_planning_ws/build/map_maker/build/lib/map_maker
[0.748s] copying map_maker/local_coordinates_converter.py -> /home/enio/develop_fer/Model-Informed-Path-Planning/path_planning_ws/build/map_maker/build/lib/map_maker
[0.748s] copying map_maker/map_publisher.py -> /home/enio/develop_fer/Model-Informed-Path-Planning/path_planning_ws/build/map_maker/build/lib/map_maker
[0.748s] copying map_maker/map_visualization.py -> /home/enio/develop_fer/Model-Informed-Path-Planning/path_planning_ws/build/map_maker/build/lib/map_maker
[0.748s] running install
[0.748s] running install_lib
[0.748s] creating /home/enio/develop_fer/Model-Informed-Path-Planning/path_planning_ws/install/map_maker/lib/python3.10/site-packages/map_maker
[0.748s] copying /home/enio/develop_fer/Model-Informed-Path-Planning/path_planning_ws/build/map_maker/build/lib/map_maker/detect_coast.py -> /home/enio/develop_fer/Model-Informed-Path-Planning/path_planning_ws/install/map_maker/lib/python3.10/site-packages/map_maker
[0.748s] copying /home/enio/develop_fer/Model-Informed-Path-Planning/path_planning_ws/build/map_maker/build/lib/map_maker/map_process.py -> /home/enio/develop_fer/Model-Informed-Path-Planning/path_planning_ws/install/map_maker/lib/python3.10/site-packages/map_maker
[0.748s] copying /home/enio/develop_fer/Model-Informed-Path-Planning/path_planning_ws/build/map_maker/build/lib/map_maker/process_osm_data.py -> /home/enio/develop_fer/Model-Informed-Path-Planning/path_planning_ws/install/map_maker/lib/python3.10/site-packages/map_maker
[0.748s] copying /home/enio/develop_fer/Model-Informed-Path-Planning/path_planning_ws/build/map_maker/build/lib/map_maker/post_processing.py -> /home/enio/develop_fer/Model-Informed-Path-Planning/path_planning_ws/install/map_maker/lib/python3.10/site-packages/map_maker
[0.748s] copying /home/enio/develop_fer/Model-Informed-Path-Planning/path_planning_ws/build/map_maker/build/lib/map_maker/__init__.py -> /home/enio/develop_fer/Model-Informed-Path-Planning/path_planning_ws/install/map_maker/lib/python3.10/site-packages/map_maker
[0.749s] copying /home/enio/develop_fer/Model-Informed-Path-Planning/path_planning_ws/build/map_maker/build/lib/map_maker/local_coordinates_converter.py -> /home/enio/develop_fer/Model-Informed-Path-Planning/path_planning_ws/install/map_maker/lib/python3.10/site-packages/map_maker
[0.749s] copying /home/enio/develop_fer/Model-Informed-Path-Planning/path_planning_ws/build/map_maker/build/lib/map_maker/map_publisher.py -> /home/enio/develop_fer/Model-Informed-Path-Planning/path_planning_ws/install/map_maker/lib/python3.10/site-packages/map_maker
[0.749s] copying /home/enio/develop_fer/Model-Informed-Path-Planning/path_planning_ws/build/map_maker/build/lib/map_maker/map_visualization.py -> /home/enio/develop_fer/Model-Informed-Path-Planning/path_planning_ws/install/map_maker/lib/python3.10/site-packages/map_maker
[0.749s] byte-compiling /home/enio/develop_fer/Model-Informed-Path-Planning/path_planning_ws/install/map_maker/lib/python3.10/site-packages/map_maker/detect_coast.py to detect_coast.cpython-310.pyc
[0.749s] byte-compiling /home/enio/develop_fer/Model-Informed-Path-Planning/path_planning_ws/install/map_maker/lib/python3.10/site-packages/map_maker/map_process.py to map_process.cpython-310.pyc
[0.749s] byte-compiling /home/enio/develop_fer/Model-Informed-Path-Planning/path_planning_ws/install/map_maker/lib/python3.10/site-packages/map_maker/process_osm_data.py to process_osm_data.cpython-310.pyc
[0.749s] byte-compiling /home/enio/develop_fer/Model-Informed-Path-Planning/path_planning_ws/install/map_maker/lib/python3.10/site-packages/map_maker/post_processing.py to post_processing.cpython-310.pyc
[0.749s] byte-compiling /home/enio/develop_fer/Model-Informed-Path-Planning/path_planning_ws/install/map_maker/lib/python3.10/site-packages/map_maker/__init__.py to __init__.cpython-310.pyc
[0.749s] byte-compiling /home/enio/develop_fer/Model-Informed-Path-Planning/path_planning_ws/install/map_maker/lib/python3.10/site-packages/map_maker/local_coordinates_converter.py to local_coordinates_converter.cpython-310.pyc
[0.749s] byte-compiling /home/enio/develop_fer/Model-Informed-Path-Planning/path_planning_ws/install/map_maker/lib/python3.10/site-packages/map_maker/map_publisher.py to map_publisher.cpython-310.pyc
[0.749s] byte-compiling /home/enio/develop_fer/Model-Informed-Path-Planning/path_planning_ws/install/map_maker/lib/python3.10/site-packages/map_maker/map_visualization.py to map_visualization.cpython-310.pyc
[0.750s] running install_data
[0.750s] creating /home/enio/develop_fer/Model-Informed-Path-Planning/path_planning_ws/install/map_maker/share/ament_index
[0.750s] creating /home/enio/develop_fer/Model-Informed-Path-Planning/path_planning_ws/install/map_maker/share/ament_index/resource_index
[0.750s] creating /home/enio/develop_fer/Model-Informed-Path-Planning/path_planning_ws/install/map_maker/share/ament_index/resource_index/packages
[0.750s] copying resource/map_maker -> /home/enio/develop_fer/Model-Informed-Path-Planning/path_planning_ws/install/map_maker/share/ament_index/resource_index/packages
[0.750s] copying package.xml -> /home/enio/develop_fer/Model-Informed-Path-Planning/path_planning_ws/install/map_maker/share/map_maker
[0.750s] creating /home/enio/develop_fer/Model-Informed-Path-Planning/path_planning_ws/install/map_maker/share/map_maker/input_data
[0.750s] creating /home/enio/develop_fer/Model-Informed-Path-Planning/path_planning_ws/install/map_maker/share/map_maker/input_data/jadranovo
[0.750s] copying input_data/jadranovo/osm_info.txt -> /home/enio/develop_fer/Model-Informed-Path-Planning/path_planning_ws/install/map_maker/share/map_maker/input_data/jadranovo
[0.750s] copying input_data/jadranovo/jadranovo.png -> /home/enio/develop_fer/Model-Informed-Path-Planning/path_planning_ws/install/map_maker/share/map_maker/input_data/jadranovo
[0.751s] creating /home/enio/develop_fer/Model-Informed-Path-Planning/path_planning_ws/install/map_maker/share/map_maker/input_data/petrina
[0.751s] copying input_data/petrina/osm_info.txt -> /home/enio/develop_fer/Model-Informed-Path-Planning/path_planning_ws/install/map_maker/share/map_maker/input_data/petrina
[0.751s] copying input_data/petrina/petrina_resized.png -> /home/enio/develop_fer/Model-Informed-Path-Planning/path_planning_ws/install/map_maker/share/map_maker/input_data/petrina
[0.752s] copying input_data/petrina/petrina.png -> /home/enio/develop_fer/Model-Informed-Path-Planning/path_planning_ws/install/map_maker/share/map_maker/input_data/petrina
[0.752s] creating /home/enio/develop_fer/Model-Informed-Path-Planning/path_planning_ws/install/map_maker/share/map_maker/input_data/vrbnik
[0.752s] copying input_data/vrbnik/osm_info.txt -> /home/enio/develop_fer/Model-Informed-Path-Planning/path_planning_ws/install/map_maker/share/map_maker/input_data/vrbnik
[0.752s] copying input_data/vrbnik/vrbnik.png -> /home/enio/develop_fer/Model-Informed-Path-Planning/path_planning_ws/install/map_maker/share/map_maker/input_data/vrbnik
[0.752s] copying input_data/vrbnik/vrbnik_resized.png -> /home/enio/develop_fer/Model-Informed-Path-Planning/path_planning_ws/install/map_maker/share/map_maker/input_data/vrbnik
[0.753s] creating /home/enio/develop_fer/Model-Informed-Path-Planning/path_planning_ws/install/map_maker/share/map_maker/input_data/novi
[0.753s] copying input_data/novi/osm_info.txt -> /home/enio/develop_fer/Model-Informed-Path-Planning/path_planning_ws/install/map_maker/share/map_maker/input_data/novi
[0.753s] copying input_data/novi/novi.png -> /home/enio/develop_fer/Model-Informed-Path-Planning/path_planning_ws/install/map_maker/share/map_maker/input_data/novi
[0.753s] copying input_data/novi/novi_resized.png -> /home/enio/develop_fer/Model-Informed-Path-Planning/path_planning_ws/install/map_maker/share/map_maker/input_data/novi
[0.755s] creating /home/enio/develop_fer/Model-Informed-Path-Planning/path_planning_ws/install/map_maker/share/map_maker/input_data/selehovica
[0.755s] copying input_data/selehovica/osm_info.txt -> /home/enio/develop_fer/Model-Informed-Path-Planning/path_planning_ws/install/map_maker/share/map_maker/input_data/selehovica
[0.755s] copying input_data/selehovica/selehovica_resized.png -> /home/enio/develop_fer/Model-Informed-Path-Planning/path_planning_ws/install/map_maker/share/map_maker/input_data/selehovica
[0.756s] copying input_data/selehovica/selehovica.png -> /home/enio/develop_fer/Model-Informed-Path-Planning/path_planning_ws/install/map_maker/share/map_maker/input_data/selehovica
[0.756s] creating /home/enio/develop_fer/Model-Informed-Path-Planning/path_planning_ws/install/map_maker/share/map_maker/input_data/voz
[0.756s] copying input_data/voz/osm_info.txt -> /home/enio/develop_fer/Model-Informed-Path-Planning/path_planning_ws/install/map_maker/share/map_maker/input_data/voz
[0.756s] copying input_data/voz/voz_resized.png -> /home/enio/develop_fer/Model-Informed-Path-Planning/path_planning_ws/install/map_maker/share/map_maker/input_data/voz
[0.759s] copying input_data/voz/voz.png -> /home/enio/develop_fer/Model-Informed-Path-Planning/path_planning_ws/install/map_maker/share/map_maker/input_data/voz
[0.760s] creating /home/enio/develop_fer/Model-Informed-Path-Planning/path_planning_ws/install/map_maker/share/map_maker/input_data/sv_marko
[0.760s] copying input_data/sv_marko/osm_info.txt -> /home/enio/develop_fer/Model-Informed-Path-Planning/path_planning_ws/install/map_maker/share/map_maker/input_data/sv_marko
[0.760s] copying input_data/sv_marko/sv_marko.png -> /home/enio/develop_fer/Model-Informed-Path-Planning/path_planning_ws/install/map_maker/share/map_maker/input_data/sv_marko
[0.760s] creating /home/enio/develop_fer/Model-Informed-Path-Planning/path_planning_ws/install/map_maker/share/map_maker/input_data/melska
[0.760s] copying input_data/melska/osm_info.txt -> /home/enio/develop_fer/Model-Informed-Path-Planning/path_planning_ws/install/map_maker/share/map_maker/input_data/melska
[0.760s] copying input_data/melska/melska.png -> /home/enio/develop_fer/Model-Informed-Path-Planning/path_planning_ws/install/map_maker/share/map_maker/input_data/melska
[0.760s] copying input_data/melska/melska_resized.png -> /home/enio/develop_fer/Model-Informed-Path-Planning/path_planning_ws/install/map_maker/share/map_maker/input_data/melska
[0.761s] creating /home/enio/develop_fer/Model-Informed-Path-Planning/path_planning_ws/install/map_maker/share/map_maker/input_data/selce
[0.761s] copying input_data/selce/osm_info.txt -> /home/enio/develop_fer/Model-Informed-Path-Planning/path_planning_ws/install/map_maker/share/map_maker/input_data/selce
[0.761s] copying input_data/selce/selce_resized.png -> /home/enio/develop_fer/Model-Informed-Path-Planning/path_planning_ws/install/map_maker/share/map_maker/input_data/selce
[0.763s] copying input_data/selce/selce.png -> /home/enio/develop_fer/Model-Informed-Path-Planning/path_planning_ws/install/map_maker/share/map_maker/input_data/selce
[0.763s] creating /home/enio/develop_fer/Model-Informed-Path-Planning/path_planning_ws/install/map_maker/share/map_maker/input_data/klimno
[0.763s] copying input_data/klimno/osm_info.txt -> /home/enio/develop_fer/Model-Informed-Path-Planning/path_planning_ws/install/map_maker/share/map_maker/input_data/klimno
[0.763s] copying input_data/klimno/klimno.png -> /home/enio/develop_fer/Model-Informed-Path-Planning/path_planning_ws/install/map_maker/share/map_maker/input_data/klimno
[0.764s] copying input_data/klimno/klimno_resized.png -> /home/enio/develop_fer/Model-Informed-Path-Planning/path_planning_ws/install/map_maker/share/map_maker/input_data/klimno
[0.766s] creating /home/enio/develop_fer/Model-Informed-Path-Planning/path_planning_ws/install/map_maker/share/map_maker/input_data/rudine
[0.766s] copying input_data/rudine/osm_info.txt -> /home/enio/develop_fer/Model-Informed-Path-Planning/path_planning_ws/install/map_maker/share/map_maker/input_data/rudine
[0.766s] copying input_data/rudine/rudine.png -> /home/enio/develop_fer/Model-Informed-Path-Planning/path_planning_ws/install/map_maker/share/map_maker/input_data/rudine
[0.766s] copying input_data/rudine/rudine_resized.png -> /home/enio/develop_fer/Model-Informed-Path-Planning/path_planning_ws/install/map_maker/share/map_maker/input_data/rudine
[0.767s] creating /home/enio/develop_fer/Model-Informed-Path-Planning/path_planning_ws/install/map_maker/share/map_maker/input_data/silo
[0.767s] copying input_data/silo/osm_info.txt -> /home/enio/develop_fer/Model-Informed-Path-Planning/path_planning_ws/install/map_maker/share/map_maker/input_data/silo
[0.768s] copying input_data/silo/silo.png -> /home/enio/develop_fer/Model-Informed-Path-Planning/path_planning_ws/install/map_maker/share/map_maker/input_data/silo
[0.768s] copying input_data/silo/silo_resized.png -> /home/enio/develop_fer/Model-Informed-Path-Planning/path_planning_ws/install/map_maker/share/map_maker/input_data/silo
[0.770s] creating /home/enio/develop_fer/Model-Informed-Path-Planning/path_planning_ws/install/map_maker/share/map_maker/input_data/lokvisce
[0.770s] copying input_data/lokvisce/osm_info.txt -> /home/enio/develop_fer/Model-Informed-Path-Planning/path_planning_ws/install/map_maker/share/map_maker/input_data/lokvisce
[0.770s] copying input_data/lokvisce/lokvisce.png -> /home/enio/develop_fer/Model-Informed-Path-Planning/path_planning_ws/install/map_maker/share/map_maker/input_data/lokvisce
[0.770s] copying input_data/lokvisce/lokvisce_resized.png -> /home/enio/develop_fer/Model-Informed-Path-Planning/path_planning_ws/install/map_maker/share/map_maker/input_data/lokvisce
[0.772s] creating /home/enio/develop_fer/Model-Informed-Path-Planning/path_planning_ws/install/map_maker/share/map_maker/input_data/omisalj
[0.772s] copying input_data/omisalj/osm_info.txt -> /home/enio/develop_fer/Model-Informed-Path-Planning/path_planning_ws/install/map_maker/share/map_maker/input_data/omisalj
[0.772s] copying input_data/omisalj/omisalj.png -> /home/enio/develop_fer/Model-Informed-Path-Planning/path_planning_ws/install/map_maker/share/map_maker/input_data/omisalj
[0.772s] copying input_data/omisalj/omisalj_resized.png -> /home/enio/develop_fer/Model-Informed-Path-Planning/path_planning_ws/install/map_maker/share/map_maker/input_data/omisalj
[0.774s] creating /home/enio/develop_fer/Model-Informed-Path-Planning/path_planning_ws/install/map_maker/share/map_maker/input_data/povile
[0.774s] copying input_data/povile/osm_info.txt -> /home/enio/develop_fer/Model-Informed-Path-Planning/path_planning_ws/install/map_maker/share/map_maker/input_data/povile
[0.774s] copying input_data/povile/povile.png -> /home/enio/develop_fer/Model-Informed-Path-Planning/path_planning_ws/install/map_maker/share/map_maker/input_data/povile
[0.774s] copying input_data/povile/povile_resized.png -> /home/enio/develop_fer/Model-Informed-Path-Planning/path_planning_ws/install/map_maker/share/map_maker/input_data/povile
[0.775s] creating /home/enio/develop_fer/Model-Informed-Path-Planning/path_planning_ws/install/map_maker/share/map_maker/input_data/dramalj
[0.775s] copying input_data/dramalj/osm_info.txt -> /home/enio/develop_fer/Model-Informed-Path-Planning/path_planning_ws/install/map_maker/share/map_maker/input_data/dramalj
[0.775s] copying input_data/dramalj/dramalj_resized.png -> /home/enio/develop_fer/Model-Informed-Path-Planning/path_planning_ws/install/map_maker/share/map_maker/input_data/dramalj
[0.776s] copying input_data/dramalj/dramalj.png -> /home/enio/develop_fer/Model-Informed-Path-Planning/path_planning_ws/install/map_maker/share/map_maker/input_data/dramalj
[0.777s] creating /home/enio/develop_fer/Model-Informed-Path-Planning/path_planning_ws/install/map_maker/share/map_maker/input_data/crikvenica
[0.777s] copying input_data/crikvenica/osm_info.txt -> /home/enio/develop_fer/Model-Informed-Path-Planning/path_planning_ws/install/map_maker/share/map_maker/input_data/crikvenica
[0.777s] copying input_data/crikvenica/crikvenica_resized.png -> /home/enio/develop_fer/Model-Informed-Path-Planning/path_planning_ws/install/map_maker/share/map_maker/input_data/crikvenica
[0.779s] copying input_data/crikvenica/crikvenica.png -> /home/enio/develop_fer/Model-Informed-Path-Planning/path_planning_ws/install/map_maker/share/map_maker/input_data/crikvenica
[0.779s] creating /home/enio/develop_fer/Model-Informed-Path-Planning/path_planning_ws/install/map_maker/share/map_maker/launch
[0.779s] copying launch/publish_map_launch.py -> /home/enio/develop_fer/Model-Informed-Path-Planning/path_planning_ws/install/map_maker/share/map_maker/launch/
[0.779s] copying launch/make_map_launch.py -> /home/enio/develop_fer/Model-Informed-Path-Planning/path_planning_ws/install/map_maker/share/map_maker/launch/
[0.779s] copying launch/map_visualization_launch.py -> /home/enio/develop_fer/Model-Informed-Path-Planning/path_planning_ws/install/map_maker/share/map_maker/launch/
[0.780s] creating /home/enio/develop_fer/Model-Informed-Path-Planning/path_planning_ws/install/map_maker/lib/map_maker
[0.780s] creating /home/enio/develop_fer/Model-Informed-Path-Planning/path_planning_ws/install/map_maker/lib/map_maker/input_data
[0.780s] creating /home/enio/develop_fer/Model-Informed-Path-Planning/path_planning_ws/install/map_maker/lib/map_maker/input_data/jadranovo
[0.780s] copying input_data/jadranovo/osm_info.txt -> /home/enio/develop_fer/Model-Informed-Path-Planning/path_planning_ws/install/map_maker/lib/map_maker/input_data/jadranovo
[0.780s] copying input_data/jadranovo/jadranovo.png -> /home/enio/develop_fer/Model-Informed-Path-Planning/path_planning_ws/install/map_maker/lib/map_maker/input_data/jadranovo
[0.780s] creating /home/enio/develop_fer/Model-Informed-Path-Planning/path_planning_ws/install/map_maker/lib/map_maker/input_data/petrina
[0.780s] copying input_data/petrina/osm_info.txt -> /home/enio/develop_fer/Model-Informed-Path-Planning/path_planning_ws/install/map_maker/lib/map_maker/input_data/petrina
[0.780s] copying input_data/petrina/petrina_resized.png -> /home/enio/develop_fer/Model-Informed-Path-Planning/path_planning_ws/install/map_maker/lib/map_maker/input_data/petrina
[0.781s] copying input_data/petrina/petrina.png -> /home/enio/develop_fer/Model-Informed-Path-Planning/path_planning_ws/install/map_maker/lib/map_maker/input_data/petrina
[0.781s] creating /home/enio/develop_fer/Model-Informed-Path-Planning/path_planning_ws/install/map_maker/lib/map_maker/input_data/vrbnik
[0.782s] copying input_data/vrbnik/osm_info.txt -> /home/enio/develop_fer/Model-Informed-Path-Planning/path_planning_ws/install/map_maker/lib/map_maker/input_data/vrbnik
[0.782s] copying input_data/vrbnik/vrbnik.png -> /home/enio/develop_fer/Model-Informed-Path-Planning/path_planning_ws/install/map_maker/lib/map_maker/input_data/vrbnik
[0.782s] copying input_data/vrbnik/vrbnik_resized.png -> /home/enio/develop_fer/Model-Informed-Path-Planning/path_planning_ws/install/map_maker/lib/map_maker/input_data/vrbnik
[0.783s] creating /home/enio/develop_fer/Model-Informed-Path-Planning/path_planning_ws/install/map_maker/lib/map_maker/input_data/novi
[0.783s] copying input_data/novi/osm_info.txt -> /home/enio/develop_fer/Model-Informed-Path-Planning/path_planning_ws/install/map_maker/lib/map_maker/input_data/novi
[0.783s] copying input_data/novi/novi.png -> /home/enio/develop_fer/Model-Informed-Path-Planning/path_planning_ws/install/map_maker/lib/map_maker/input_data/novi
[0.783s] copying input_data/novi/novi_resized.png -> /home/enio/develop_fer/Model-Informed-Path-Planning/path_planning_ws/install/map_maker/lib/map_maker/input_data/novi
[0.784s] creating /home/enio/develop_fer/Model-Informed-Path-Planning/path_planning_ws/install/map_maker/lib/map_maker/input_data/selehovica
[0.784s] copying input_data/selehovica/osm_info.txt -> /home/enio/develop_fer/Model-Informed-Path-Planning/path_planning_ws/install/map_maker/lib/map_maker/input_data/selehovica
[0.785s] copying input_data/selehovica/selehovica_resized.png -> /home/enio/develop_fer/Model-Informed-Path-Planning/path_planning_ws/install/map_maker/lib/map_maker/input_data/selehovica
[0.785s] copying input_data/selehovica/selehovica.png -> /home/enio/develop_fer/Model-Informed-Path-Planning/path_planning_ws/install/map_maker/lib/map_maker/input_data/selehovica
[0.785s] creating /home/enio/develop_fer/Model-Informed-Path-Planning/path_planning_ws/install/map_maker/lib/map_maker/input_data/voz
[0.785s] copying input_data/voz/osm_info.txt -> /home/enio/develop_fer/Model-Informed-Path-Planning/path_planning_ws/install/map_maker/lib/map_maker/input_data/voz
[0.785s] copying input_data/voz/voz_resized.png -> /home/enio/develop_fer/Model-Informed-Path-Planning/path_planning_ws/install/map_maker/lib/map_maker/input_data/voz
[0.788s] copying input_data/voz/voz.png -> /home/enio/develop_fer/Model-Informed-Path-Planning/path_planning_ws/install/map_maker/lib/map_maker/input_data/voz
[0.789s] creating /home/enio/develop_fer/Model-Informed-Path-Planning/path_planning_ws/install/map_maker/lib/map_maker/input_data/sv_marko
[0.789s] copying input_data/sv_marko/osm_info.txt -> /home/enio/develop_fer/Model-Informed-Path-Planning/path_planning_ws/install/map_maker/lib/map_maker/input_data/sv_marko
[0.789s] copying input_data/sv_marko/sv_marko.png -> /home/enio/develop_fer/Model-Informed-Path-Planning/path_planning_ws/install/map_maker/lib/map_maker/input_data/sv_marko
[0.789s] creating /home/enio/develop_fer/Model-Informed-Path-Planning/path_planning_ws/install/map_maker/lib/map_maker/input_data/melska
[0.789s] copying input_data/melska/osm_info.txt -> /home/enio/develop_fer/Model-Informed-Path-Planning/path_planning_ws/install/map_maker/lib/map_maker/input_data/melska
[0.789s] copying input_data/melska/melska.png -> /home/enio/develop_fer/Model-Informed-Path-Planning/path_planning_ws/install/map_maker/lib/map_maker/input_data/melska
[0.789s] copying input_data/melska/melska_resized.png -> /home/enio/develop_fer/Model-Informed-Path-Planning/path_planning_ws/install/map_maker/lib/map_maker/input_data/melska
[0.790s] creating /home/enio/develop_fer/Model-Informed-Path-Planning/path_planning_ws/install/map_maker/lib/map_maker/input_data/selce
[0.790s] copying input_data/selce/osm_info.txt -> /home/enio/develop_fer/Model-Informed-Path-Planning/path_planning_ws/install/map_maker/lib/map_maker/input_data/selce
[0.790s] copying input_data/selce/selce_resized.png -> /home/enio/develop_fer/Model-Informed-Path-Planning/path_planning_ws/install/map_maker/lib/map_maker/input_data/selce
[0.792s] copying input_data/selce/selce.png -> /home/enio/develop_fer/Model-Informed-Path-Planning/path_planning_ws/install/map_maker/lib/map_maker/input_data/selce
[0.792s] creating /home/enio/develop_fer/Model-Informed-Path-Planning/path_planning_ws/install/map_maker/lib/map_maker/input_data/klimno
[0.792s] copying input_data/klimno/osm_info.txt -> /home/enio/develop_fer/Model-Informed-Path-Planning/path_planning_ws/install/map_maker/lib/map_maker/input_data/klimno
[0.792s] copying input_data/klimno/klimno.png -> /home/enio/develop_fer/Model-Informed-Path-Planning/path_planning_ws/install/map_maker/lib/map_maker/input_data/klimno
[0.792s] copying input_data/klimno/klimno_resized.png -> /home/enio/develop_fer/Model-Informed-Path-Planning/path_planning_ws/install/map_maker/lib/map_maker/input_data/klimno
[0.794s] creating /home/enio/develop_fer/Model-Informed-Path-Planning/path_planning_ws/install/map_maker/lib/map_maker/input_data/rudine
[0.795s] copying input_data/rudine/osm_info.txt -> /home/enio/develop_fer/Model-Informed-Path-Planning/path_planning_ws/install/map_maker/lib/map_maker/input_data/rudine
[0.795s] copying input_data/rudine/rudine.png -> /home/enio/develop_fer/Model-Informed-Path-Planning/path_planning_ws/install/map_maker/lib/map_maker/input_data/rudine
[0.795s] copying input_data/rudine/rudine_resized.png -> /home/enio/develop_fer/Model-Informed-Path-Planning/path_planning_ws/install/map_maker/lib/map_maker/input_data/rudine
[0.796s] creating /home/enio/develop_fer/Model-Informed-Path-Planning/path_planning_ws/install/map_maker/lib/map_maker/input_data/silo
[0.796s] copying input_data/silo/osm_info.txt -> /home/enio/develop_fer/Model-Informed-Path-Planning/path_planning_ws/install/map_maker/lib/map_maker/input_data/silo
[0.796s] copying input_data/silo/silo.png -> /home/enio/develop_fer/Model-Informed-Path-Planning/path_planning_ws/install/map_maker/lib/map_maker/input_data/silo
[0.796s] copying input_data/silo/silo_resized.png -> /home/enio/develop_fer/Model-Informed-Path-Planning/path_planning_ws/install/map_maker/lib/map_maker/input_data/silo
[0.798s] creating /home/enio/develop_fer/Model-Informed-Path-Planning/path_planning_ws/install/map_maker/lib/map_maker/input_data/lokvisce
[0.798s] copying input_data/lokvisce/osm_info.txt -> /home/enio/develop_fer/Model-Informed-Path-Planning/path_planning_ws/install/map_maker/lib/map_maker/input_data/lokvisce
[0.798s] copying input_data/lokvisce/lokvisce.png -> /home/enio/develop_fer/Model-Informed-Path-Planning/path_planning_ws/install/map_maker/lib/map_maker/input_data/lokvisce
[0.798s] copying input_data/lokvisce/lokvisce_resized.png -> /home/enio/develop_fer/Model-Informed-Path-Planning/path_planning_ws/install/map_maker/lib/map_maker/input_data/lokvisce
[0.800s] creating /home/enio/develop_fer/Model-Informed-Path-Planning/path_planning_ws/install/map_maker/lib/map_maker/input_data/omisalj
[0.800s] copying input_data/omisalj/osm_info.txt -> /home/enio/develop_fer/Model-Informed-Path-Planning/path_planning_ws/install/map_maker/lib/map_maker/input_data/omisalj
[0.800s] copying input_data/omisalj/omisalj.png -> /home/enio/develop_fer/Model-Informed-Path-Planning/path_planning_ws/install/map_maker/lib/map_maker/input_data/omisalj
[0.800s] copying input_data/omisalj/omisalj_resized.png -> /home/enio/develop_fer/Model-Informed-Path-Planning/path_planning_ws/install/map_maker/lib/map_maker/input_data/omisalj
[0.802s] creating /home/enio/develop_fer/Model-Informed-Path-Planning/path_planning_ws/install/map_maker/lib/map_maker/input_data/povile
[0.802s] copying input_data/povile/osm_info.txt -> /home/enio/develop_fer/Model-Informed-Path-Planning/path_planning_ws/install/map_maker/lib/map_maker/input_data/povile
[0.802s] copying input_data/povile/povile.png -> /home/enio/develop_fer/Model-Informed-Path-Planning/path_planning_ws/install/map_maker/lib/map_maker/input_data/povile
[0.802s] copying input_data/povile/povile_resized.png -> /home/enio/develop_fer/Model-Informed-Path-Planning/path_planning_ws/install/map_maker/lib/map_maker/input_data/povile
[0.803s] creating /home/enio/develop_fer/Model-Informed-Path-Planning/path_planning_ws/install/map_maker/lib/map_maker/input_data/dramalj
[0.803s] copying input_data/dramalj/osm_info.txt -> /home/enio/develop_fer/Model-Informed-Path-Planning/path_planning_ws/install/map_maker/lib/map_maker/input_data/dramalj
[0.803s] copying input_data/dramalj/dramalj_resized.png -> /home/enio/develop_fer/Model-Informed-Path-Planning/path_planning_ws/install/map_maker/lib/map_maker/input_data/dramalj
[0.804s] copying input_data/dramalj/dramalj.png -> /home/enio/develop_fer/Model-Informed-Path-Planning/path_planning_ws/install/map_maker/lib/map_maker/input_data/dramalj
[0.804s] creating /home/enio/develop_fer/Model-Informed-Path-Planning/path_planning_ws/install/map_maker/lib/map_maker/input_data/crikvenica
[0.804s] copying input_data/crikvenica/osm_info.txt -> /home/enio/develop_fer/Model-Informed-Path-Planning/path_planning_ws/install/map_maker/lib/map_maker/input_data/crikvenica
[0.804s] copying input_data/crikvenica/crikvenica_resized.png -> /home/enio/develop_fer/Model-Informed-Path-Planning/path_planning_ws/install/map_maker/lib/map_maker/input_data/crikvenica
[0.807s] copying input_data/crikvenica/crikvenica.png -> /home/enio/develop_fer/Model-Informed-Path-Planning/path_planning_ws/install/map_maker/lib/map_maker/input_data/crikvenica
[0.807s] creating /home/enio/develop_fer/Model-Informed-Path-Planning/path_planning_ws/install/map_maker/lib/map_maker/launch
[0.807s] copying launch/publish_map_launch.py -> /home/enio/develop_fer/Model-Informed-Path-Planning/path_planning_ws/install/map_maker/lib/map_maker/launch/
[0.807s] copying launch/make_map_launch.py -> /home/enio/develop_fer/Model-Informed-Path-Planning/path_planning_ws/install/map_maker/lib/map_maker/launch/
[0.807s] copying launch/map_visualization_launch.py -> /home/enio/develop_fer/Model-Informed-Path-Planning/path_planning_ws/install/map_maker/lib/map_maker/launch/
[0.808s] creating /home/enio/develop_fer/Model-Informed-Path-Planning/path_planning_ws/install/map_maker/lib/python3.10/site-packages/map_maker/input_data
[0.808s] creating /home/enio/develop_fer/Model-Informed-Path-Planning/path_planning_ws/install/map_maker/lib/python3.10/site-packages/map_maker/input_data/jadranovo
[0.808s] copying input_data/jadranovo/osm_info.txt -> /home/enio/develop_fer/Model-Informed-Path-Planning/path_planning_ws/install/map_maker/lib/python3.10/site-packages/map_maker/input_data/jadranovo
[0.808s] copying input_data/jadranovo/jadranovo.png -> /home/enio/develop_fer/Model-Informed-Path-Planning/path_planning_ws/install/map_maker/lib/python3.10/site-packages/map_maker/input_data/jadranovo
[0.809s] creating /home/enio/develop_fer/Model-Informed-Path-Planning/path_planning_ws/install/map_maker/lib/python3.10/site-packages/map_maker/input_data/petrina
[0.809s] copying input_data/petrina/osm_info.txt -> /home/enio/develop_fer/Model-Informed-Path-Planning/path_planning_ws/install/map_maker/lib/python3.10/site-packages/map_maker/input_data/petrina
[0.809s] copying input_data/petrina/petrina_resized.png -> /home/enio/develop_fer/Model-Informed-Path-Planning/path_planning_ws/install/map_maker/lib/python3.10/site-packages/map_maker/input_data/petrina
[0.810s] copying input_data/petrina/petrina.png -> /home/enio/develop_fer/Model-Informed-Path-Planning/path_planning_ws/install/map_maker/lib/python3.10/site-packages/map_maker/input_data/petrina
[0.810s] creating /home/enio/develop_fer/Model-Informed-Path-Planning/path_planning_ws/install/map_maker/lib/python3.10/site-packages/map_maker/input_data/vrbnik
[0.810s] copying input_data/vrbnik/osm_info.txt -> /home/enio/develop_fer/Model-Informed-Path-Planning/path_planning_ws/install/map_maker/lib/python3.10/site-packages/map_maker/input_data/vrbnik
[0.810s] copying input_data/vrbnik/vrbnik.png -> /home/enio/develop_fer/Model-Informed-Path-Planning/path_planning_ws/install/map_maker/lib/python3.10/site-packages/map_maker/input_data/vrbnik
[0.810s] copying input_data/vrbnik/vrbnik_resized.png -> /home/enio/develop_fer/Model-Informed-Path-Planning/path_planning_ws/install/map_maker/lib/python3.10/site-packages/map_maker/input_data/vrbnik
[0.811s] creating /home/enio/develop_fer/Model-Informed-Path-Planning/path_planning_ws/install/map_maker/lib/python3.10/site-packages/map_maker/input_data/novi
[0.811s] copying input_data/novi/osm_info.txt -> /home/enio/develop_fer/Model-Informed-Path-Planning/path_planning_ws/install/map_maker/lib/python3.10/site-packages/map_maker/input_data/novi
[0.811s] copying input_data/novi/novi.png -> /home/enio/develop_fer/Model-Informed-Path-Planning/path_planning_ws/install/map_maker/lib/python3.10/site-packages/map_maker/input_data/novi
[0.811s] copying input_data/novi/novi_resized.png -> /home/enio/develop_fer/Model-Informed-Path-Planning/path_planning_ws/install/map_maker/lib/python3.10/site-packages/map_maker/input_data/novi
[0.813s] creating /home/enio/develop_fer/Model-Informed-Path-Planning/path_planning_ws/install/map_maker/lib/python3.10/site-packages/map_maker/input_data/selehovica
[0.813s] copying input_data/selehovica/osm_info.txt -> /home/enio/develop_fer/Model-Informed-Path-Planning/path_planning_ws/install/map_maker/lib/python3.10/site-packages/map_maker/input_data/selehovica
[0.813s] copying input_data/selehovica/selehovica_resized.png -> /home/enio/develop_fer/Model-Informed-Path-Planning/path_planning_ws/install/map_maker/lib/python3.10/site-packages/map_maker/input_data/selehovica
[0.814s] copying input_data/selehovica/selehovica.png -> /home/enio/develop_fer/Model-Informed-Path-Planning/path_planning_ws/install/map_maker/lib/python3.10/site-packages/map_maker/input_data/selehovica
[0.814s] creating /home/enio/develop_fer/Model-Informed-Path-Planning/path_planning_ws/install/map_maker/lib/python3.10/site-packages/map_maker/input_data/voz
[0.814s] copying input_data/voz/osm_info.txt -> /home/enio/develop_fer/Model-Informed-Path-Planning/path_planning_ws/install/map_maker/lib/python3.10/site-packages/map_maker/input_data/voz
[0.814s] copying input_data/voz/voz_resized.png -> /home/enio/develop_fer/Model-Informed-Path-Planning/path_planning_ws/install/map_maker/lib/python3.10/site-packages/map_maker/input_data/voz
[0.817s] copying input_data/voz/voz.png -> /home/enio/develop_fer/Model-Informed-Path-Planning/path_planning_ws/install/map_maker/lib/python3.10/site-packages/map_maker/input_data/voz
[0.817s] creating /home/enio/develop_fer/Model-Informed-Path-Planning/path_planning_ws/install/map_maker/lib/python3.10/site-packages/map_maker/input_data/sv_marko
[0.817s] copying input_data/sv_marko/osm_info.txt -> /home/enio/develop_fer/Model-Informed-Path-Planning/path_planning_ws/install/map_maker/lib/python3.10/site-packages/map_maker/input_data/sv_marko
[0.817s] copying input_data/sv_marko/sv_marko.png -> /home/enio/develop_fer/Model-Informed-Path-Planning/path_planning_ws/install/map_maker/lib/python3.10/site-packages/map_maker/input_data/sv_marko
[0.817s] creating /home/enio/develop_fer/Model-Informed-Path-Planning/path_planning_ws/install/map_maker/lib/python3.10/site-packages/map_maker/input_data/melska
[0.817s] copying input_data/melska/osm_info.txt -> /home/enio/develop_fer/Model-Informed-Path-Planning/path_planning_ws/install/map_maker/lib/python3.10/site-packages/map_maker/input_data/melska
[0.817s] copying input_data/melska/melska.png -> /home/enio/develop_fer/Model-Informed-Path-Planning/path_planning_ws/install/map_maker/lib/python3.10/site-packages/map_maker/input_data/melska
[0.817s] copying input_data/melska/melska_resized.png -> /home/enio/develop_fer/Model-Informed-Path-Planning/path_planning_ws/install/map_maker/lib/python3.10/site-packages/map_maker/input_data/melska
[0.819s] creating /home/enio/develop_fer/Model-Informed-Path-Planning/path_planning_ws/install/map_maker/lib/python3.10/site-packages/map_maker/input_data/selce
[0.819s] copying input_data/selce/osm_info.txt -> /home/enio/develop_fer/Model-Informed-Path-Planning/path_planning_ws/install/map_maker/lib/python3.10/site-packages/map_maker/input_data/selce
[0.819s] copying input_data/selce/selce_resized.png -> /home/enio/develop_fer/Model-Informed-Path-Planning/path_planning_ws/install/map_maker/lib/python3.10/site-packages/map_maker/input_data/selce
[0.820s] copying input_data/selce/selce.png -> /home/enio/develop_fer/Model-Informed-Path-Planning/path_planning_ws/install/map_maker/lib/python3.10/site-packages/map_maker/input_data/selce
[0.820s] creating /home/enio/develop_fer/Model-Informed-Path-Planning/path_planning_ws/install/map_maker/lib/python3.10/site-packages/map_maker/input_data/klimno
[0.820s] copying input_data/klimno/osm_info.txt -> /home/enio/develop_fer/Model-Informed-Path-Planning/path_planning_ws/install/map_maker/lib/python3.10/site-packages/map_maker/input_data/klimno
[0.820s] copying input_data/klimno/klimno.png -> /home/enio/develop_fer/Model-Informed-Path-Planning/path_planning_ws/install/map_maker/lib/python3.10/site-packages/map_maker/input_data/klimno
[0.821s] copying input_data/klimno/klimno_resized.png -> /home/enio/develop_fer/Model-Informed-Path-Planning/path_planning_ws/install/map_maker/lib/python3.10/site-packages/map_maker/input_data/klimno
[0.823s] creating /home/enio/develop_fer/Model-Informed-Path-Planning/path_planning_ws/install/map_maker/lib/python3.10/site-packages/map_maker/input_data/rudine
[0.823s] copying input_data/rudine/osm_info.txt -> /home/enio/develop_fer/Model-Informed-Path-Planning/path_planning_ws/install/map_maker/lib/python3.10/site-packages/map_maker/input_data/rudine
[0.823s] copying input_data/rudine/rudine.png -> /home/enio/develop_fer/Model-Informed-Path-Planning/path_planning_ws/install/map_maker/lib/python3.10/site-packages/map_maker/input_data/rudine
[0.823s] copying input_data/rudine/rudine_resized.png -> /home/enio/develop_fer/Model-Informed-Path-Planning/path_planning_ws/install/map_maker/lib/python3.10/site-packages/map_maker/input_data/rudine
[0.824s] creating /home/enio/develop_fer/Model-Informed-Path-Planning/path_planning_ws/install/map_maker/lib/python3.10/site-packages/map_maker/input_data/silo
[0.824s] copying input_data/silo/osm_info.txt -> /home/enio/develop_fer/Model-Informed-Path-Planning/path_planning_ws/install/map_maker/lib/python3.10/site-packages/map_maker/input_data/silo
[0.824s] copying input_data/silo/silo.png -> /home/enio/develop_fer/Model-Informed-Path-Planning/path_planning_ws/install/map_maker/lib/python3.10/site-packages/map_maker/input_data/silo
[0.825s] copying input_data/silo/silo_resized.png -> /home/enio/develop_fer/Model-Informed-Path-Planning/path_planning_ws/install/map_maker/lib/python3.10/site-packages/map_maker/input_data/silo
[0.827s] creating /home/enio/develop_fer/Model-Informed-Path-Planning/path_planning_ws/install/map_maker/lib/python3.10/site-packages/map_maker/input_data/lokvisce
[0.827s] copying input_data/lokvisce/osm_info.txt -> /home/enio/develop_fer/Model-Informed-Path-Planning/path_planning_ws/install/map_maker/lib/python3.10/site-packages/map_maker/input_data/lokvisce
[0.827s] copying input_data/lokvisce/lokvisce.png -> /home/enio/develop_fer/Model-Informed-Path-Planning/path_planning_ws/install/map_maker/lib/python3.10/site-packages/map_maker/input_data/lokvisce
[0.827s] copying input_data/lokvisce/lokvisce_resized.png -> /home/enio/develop_fer/Model-Informed-Path-Planning/path_planning_ws/install/map_maker/lib/python3.10/site-packages/map_maker/input_data/lokvisce
[0.828s] creating /home/enio/develop_fer/Model-Informed-Path-Planning/path_planning_ws/install/map_maker/lib/python3.10/site-packages/map_maker/input_data/omisalj
[0.828s] copying input_data/omisalj/osm_info.txt -> /home/enio/develop_fer/Model-Informed-Path-Planning/path_planning_ws/install/map_maker/lib/python3.10/site-packages/map_maker/input_data/omisalj
[0.828s] copying input_data/omisalj/omisalj.png -> /home/enio/develop_fer/Model-Informed-Path-Planning/path_planning_ws/install/map_maker/lib/python3.10/site-packages/map_maker/input_data/omisalj
[0.829s] copying input_data/omisalj/omisalj_resized.png -> /home/enio/develop_fer/Model-Informed-Path-Planning/path_planning_ws/install/map_maker/lib/python3.10/site-packages/map_maker/input_data/omisalj
[0.830s] creating /home/enio/develop_fer/Model-Informed-Path-Planning/path_planning_ws/install/map_maker/lib/python3.10/site-packages/map_maker/input_data/povile
[0.830s] copying input_data/povile/osm_info.txt -> /home/enio/develop_fer/Model-Informed-Path-Planning/path_planning_ws/install/map_maker/lib/python3.10/site-packages/map_maker/input_data/povile
[0.830s] copying input_data/povile/povile.png -> /home/enio/develop_fer/Model-Informed-Path-Planning/path_planning_ws/install/map_maker/lib/python3.10/site-packages/map_maker/input_data/povile
[0.830s] copying input_data/povile/povile_resized.png -> /home/enio/develop_fer/Model-Informed-Path-Planning/path_planning_ws/install/map_maker/lib/python3.10/site-packages/map_maker/input_data/povile
[0.832s] creating /home/enio/develop_fer/Model-Informed-Path-Planning/path_planning_ws/install/map_maker/lib/python3.10/site-packages/map_maker/input_data/dramalj
[0.832s] copying input_data/dramalj/osm_info.txt -> /home/enio/develop_fer/Model-Informed-Path-Planning/path_planning_ws/install/map_maker/lib/python3.10/site-packages/map_maker/input_data/dramalj
[0.832s] copying input_data/dramalj/dramalj_resized.png -> /home/enio/develop_fer/Model-Informed-Path-Planning/path_planning_ws/install/map_maker/lib/python3.10/site-packages/map_maker/input_data/dramalj
[0.832s] copying input_data/dramalj/dramalj.png -> /home/enio/develop_fer/Model-Informed-Path-Planning/path_planning_ws/install/map_maker/lib/python3.10/site-packages/map_maker/input_data/dramalj
[0.832s] creating /home/enio/develop_fer/Model-Informed-Path-Planning/path_planning_ws/install/map_maker/lib/python3.10/site-packages/map_maker/input_data/crikvenica
[0.832s] copying input_data/crikvenica/osm_info.txt -> /home/enio/develop_fer/Model-Informed-Path-Planning/path_planning_ws/install/map_maker/lib/python3.10/site-packages/map_maker/input_data/crikvenica
[0.833s] copying input_data/crikvenica/crikvenica_resized.png -> /home/enio/develop_fer/Model-Informed-Path-Planning/path_planning_ws/install/map_maker/lib/python3.10/site-packages/map_maker/input_data/crikvenica
[0.835s] copying input_data/crikvenica/crikvenica.png -> /home/enio/develop_fer/Model-Informed-Path-Planning/path_planning_ws/install/map_maker/lib/python3.10/site-packages/map_maker/input_data/crikvenica
[0.835s] creating /home/enio/develop_fer/Model-Informed-Path-Planning/path_planning_ws/install/map_maker/lib/python3.10/site-packages/map_maker/launch
[0.835s] copying launch/publish_map_launch.py -> /home/enio/develop_fer/Model-Informed-Path-Planning/path_planning_ws/install/map_maker/lib/python3.10/site-packages/map_maker/launch/
[0.835s] copying launch/make_map_launch.py -> /home/enio/develop_fer/Model-Informed-Path-Planning/path_planning_ws/install/map_maker/lib/python3.10/site-packages/map_maker/launch/
[0.835s] copying launch/map_visualization_launch.py -> /home/enio/develop_fer/Model-Informed-Path-Planning/path_planning_ws/install/map_maker/lib/python3.10/site-packages/map_maker/launch/
[0.835s] running install_egg_info
[0.837s] Copying ../../build/map_maker/map_maker.egg-info to /home/enio/develop_fer/Model-Informed-Path-Planning/path_planning_ws/install/map_maker/lib/python3.10/site-packages/map_maker-0.0.0-py3.10.egg-info
[0.837s] running install_scripts
[0.848s] Installing detect_coast script to /home/enio/develop_fer/Model-Informed-Path-Planning/path_planning_ws/install/map_maker/lib/map_maker
[0.848s] Installing map_process script to /home/enio/develop_fer/Model-Informed-Path-Planning/path_planning_ws/install/map_maker/lib/map_maker
[0.849s] Installing map_publisher script to /home/enio/develop_fer/Model-Informed-Path-Planning/path_planning_ws/install/map_maker/lib/map_maker
[0.849s] Installing map_visualization script to /home/enio/develop_fer/Model-Informed-Path-Planning/path_planning_ws/install/map_maker/lib/map_maker
[0.849s] Installing post_processing script to /home/enio/develop_fer/Model-Informed-Path-Planning/path_planning_ws/install/map_maker/lib/map_maker
[0.849s] Installing process_osm_data script to /home/enio/develop_fer/Model-Informed-Path-Planning/path_planning_ws/install/map_maker/lib/map_maker
[0.849s] writing list of installed files to '/home/enio/develop_fer/Model-Informed-Path-Planning/path_planning_ws/build/map_maker/install.log'
[0.861s] Invoked command in '/home/enio/develop_fer/Model-Informed-Path-Planning/path_planning_ws/src/map_maker' returned '0': PYTHONPATH=/home/enio/develop_fer/Model-Informed-Path-Planning/path_planning_ws/build/map_maker/prefix_override:/home/enio/develop_fer/Model-Informed-Path-Planning/path_planning_ws/install/map_maker/lib/python3.10/site-packages:${PYTHONPATH} /usr/bin/python3 -W ignore:setup.py install is deprecated setup.py egg_info --egg-base ../../build/map_maker build --build-base /home/enio/develop_fer/Model-Informed-Path-Planning/path_planning_ws/build/map_maker/build install --record /home/enio/develop_fer/Model-Informed-Path-Planning/path_planning_ws/build/map_maker/install.log --single-version-externally-managed install_data
