[0.391s] Invoking command in '/home/enio/develop_fer/Model-Informed-Path-Planning/path_planning_ws/build/user_action_interfaces': CMAKE_PREFIX_PATH=${CMAKE_PREFIX_PATH}:/home/enio/develop_fer/Model-Informed-Path-Planning/path_planning_ws/install/path_planning_server:/home/enio/develop_fer/Model-Informed-Path-Planning/path_planning_ws/install/path_planning_action:/home/enio/develop_fer/Model-Informed-Path-Planning/path_planning_ws/install/map_server:/opt/ros/iron /usr/bin/cmake /home/enio/develop_fer/Model-Informed-Path-Planning/path_planning_ws/src/user_action_interfaces -DCMAKE_INSTALL_PREFIX=/home/enio/develop_fer/Model-Informed-Path-Planning/path_planning_ws/install/user_action_interfaces
[0.420s] -- The C compiler identification is GNU 11.4.0
[0.450s] -- The CXX compiler identification is GNU 11.4.0
[0.454s] -- Detecting C compiler ABI info
[0.490s] -- Detecting C compiler ABI info - done
[0.494s] -- Check for working C compiler: /usr/bin/cc - skipped
[0.494s] -- Detecting C compile features
[0.495s] -- Detecting C compile features - done
[0.496s] -- Detecting CXX compiler ABI info
[0.539s] -- Detecting CXX compiler ABI info - done
[0.543s] -- Check for working CXX compiler: /usr/bin/c++ - skipped
[0.544s] -- Detecting CXX compile features
[0.544s] -- Detecting CXX compile features - done
[0.545s] -- Found ament_cmake: 2.0.5 (/opt/ros/iron/share/ament_cmake/cmake)
[0.629s] -- Found Python3: /usr/bin/python3.10 (found version "3.10.12") found components: Interpreter 
[0.677s] -- Found rosidl_default_generators: 1.5.0 (/opt/ros/iron/share/rosidl_default_generators/cmake)
[0.680s] -- Using all available rosidl_typesupport_c: rosidl_typesupport_fastrtps_c;rosidl_typesupport_introspection_c
[0.706s] -- Using all available rosidl_typesupport_cpp: rosidl_typesupport_fastrtps_cpp;rosidl_typesupport_introspection_cpp
[0.728s] -- Found rosidl_adapter: 4.0.1 (/opt/ros/iron/share/rosidl_adapter/cmake)
[0.731s] -- Found std_msgs: 5.0.1 (/opt/ros/iron/share/std_msgs/cmake)
[0.767s] -- Found sensor_msgs: 5.0.1 (/opt/ros/iron/share/sensor_msgs/cmake)
[1.080s] -- Found ament_cmake_ros: 0.11.2 (/opt/ros/iron/share/ament_cmake_ros/cmake)
[1.227s] -- Using all available rosidl_typesupport_c: rosidl_typesupport_fastrtps_c;rosidl_typesupport_introspection_c
[1.419s] -- Using all available rosidl_typesupport_cpp: rosidl_typesupport_fastrtps_cpp;rosidl_typesupport_introspection_cpp
[1.432s] -- Found PythonInterp: /usr/bin/python3 (found suitable version "3.10.12", minimum required is "3.6") 
[1.433s] -- Found python_cmake_module: 0.10.2 (/opt/ros/iron/share/python_cmake_module/cmake)
[1.444s] -- Found PythonLibs: /usr/lib/x86_64-linux-gnu/libpython3.10.so (found suitable version "3.10.12", minimum required is "3.5") 
[1.445s] -- Using PYTHON_EXECUTABLE: /usr/bin/python3
[1.445s] -- Using PYTHON_INCLUDE_DIRS: /usr/include/python3.10
[1.445s] -- Using PYTHON_LIBRARIES: /usr/lib/x86_64-linux-gnu/libpython3.10.so
[1.454s] -- Found PythonExtra: .so  
[1.496s] -- Found ament_lint_auto: 0.14.3 (/opt/ros/iron/share/ament_lint_auto/cmake)
[1.506s] -- Added test 'lint_cmake' to check CMake code style
[1.506s] -- Added test 'xmllint' to check XML markup files
[1.507s] -- Configuring done
[1.530s] -- Generating done
[1.531s] -- Build files have been written to: /home/enio/develop_fer/Model-Informed-Path-Planning/path_planning_ws/build/user_action_interfaces
[1.538s] Invoked command in '/home/enio/develop_fer/Model-Informed-Path-Planning/path_planning_ws/build/user_action_interfaces' returned '0': CMAKE_PREFIX_PATH=${CMAKE_PREFIX_PATH}:/home/enio/develop_fer/Model-Informed-Path-Planning/path_planning_ws/install/path_planning_server:/home/enio/develop_fer/Model-Informed-Path-Planning/path_planning_ws/install/path_planning_action:/home/enio/develop_fer/Model-Informed-Path-Planning/path_planning_ws/install/map_server:/opt/ros/iron /usr/bin/cmake /home/enio/develop_fer/Model-Informed-Path-Planning/path_planning_ws/src/user_action_interfaces -DCMAKE_INSTALL_PREFIX=/home/enio/develop_fer/Model-Informed-Path-Planning/path_planning_ws/install/user_action_interfaces
[1.538s] Invoking command in '/home/enio/develop_fer/Model-Informed-Path-Planning/path_planning_ws/build/user_action_interfaces': CMAKE_PREFIX_PATH=${CMAKE_PREFIX_PATH}:/home/enio/develop_fer/Model-Informed-Path-Planning/path_planning_ws/install/path_planning_server:/home/enio/develop_fer/Model-Informed-Path-Planning/path_planning_ws/install/path_planning_action:/home/enio/develop_fer/Model-Informed-Path-Planning/path_planning_ws/install/map_server:/opt/ros/iron /usr/bin/cmake --build /home/enio/develop_fer/Model-Informed-Path-Planning/path_planning_ws/build/user_action_interfaces -- -j20 -l20
[1.567s] [  1%] [34m[1mGenerating type hashes for ROS interfaces[0m
[1.571s] [  1%] Built target ament_cmake_python_copy_user_action_interfaces
[1.687s] [  1%] Built target user_action_interfaces__rosidl_generator_type_description
[1.692s] [  3%] [34m[1mGenerating C code for ROS interfaces[0m
[1.693s] running egg_info
[1.694s] creating user_action_interfaces.egg-info
[1.694s] writing user_action_interfaces.egg-info/PKG-INFO
[1.694s] writing dependency_links to user_action_interfaces.egg-info/dependency_links.txt
[1.694s] writing top-level names to user_action_interfaces.egg-info/top_level.txt
[1.695s] writing manifest file 'user_action_interfaces.egg-info/SOURCES.txt'
[1.696s] reading manifest file 'user_action_interfaces.egg-info/SOURCES.txt'
[1.696s] writing manifest file 'user_action_interfaces.egg-info/SOURCES.txt'
[1.699s] [  5%] [34m[1mGenerating C++ code for ROS interfaces[0m
[1.711s] [  5%] Built target ament_cmake_python_build_user_action_interfaces_egg
[1.968s] [  5%] Built target user_action_interfaces__cpp
[2.007s] [  7%] [32mBuilding C object CMakeFiles/user_action_interfaces__rosidl_generator_c.dir/rosidl_generator_c/user_action_interfaces/action/detail/start_goal_action__functions.c.o[0m
[2.008s] [  9%] [32mBuilding C object CMakeFiles/user_action_interfaces__rosidl_generator_c.dir/rosidl_generator_c/user_action_interfaces/action/detail/start_goal_action__type_support.c.o[0m
[2.008s] [ 11%] [32mBuilding C object CMakeFiles/user_action_interfaces__rosidl_generator_c.dir/rosidl_generator_c/user_action_interfaces/msg/detail/start_goal_msg__description.c.o[0m
[2.008s] [ 12%] [32mBuilding C object CMakeFiles/user_action_interfaces__rosidl_generator_c.dir/rosidl_generator_c/user_action_interfaces/action/detail/start_goal_action__description.c.o[0m
[2.008s] [ 14%] [32mBuilding C object CMakeFiles/user_action_interfaces__rosidl_generator_c.dir/rosidl_generator_c/user_action_interfaces/msg/detail/start_goal_msg__functions.c.o[0m
[2.008s] [ 16%] [32mBuilding C object CMakeFiles/user_action_interfaces__rosidl_generator_c.dir/rosidl_generator_c/user_action_interfaces/msg/detail/start_goal_msg__type_support.c.o[0m
[2.010s] [ 20%] [32mBuilding C object CMakeFiles/user_action_interfaces__rosidl_generator_c.dir/rosidl_generator_c/user_action_interfaces/msg/detail/coast_msg__description.c.o[0m
[2.011s] [ 20%] [32mBuilding C object CMakeFiles/user_action_interfaces__rosidl_generator_c.dir/rosidl_generator_c/user_action_interfaces/msg/detail/coast_msg__functions.c.o[0m
[2.011s] [ 22%] [32mBuilding C object CMakeFiles/user_action_interfaces__rosidl_generator_c.dir/rosidl_generator_c/user_action_interfaces/msg/detail/coast_msg__type_support.c.o[0m
[2.093s] [ 24%] [32m[1mLinking C shared library libuser_action_interfaces__rosidl_generator_c.so[0m
[2.121s] [ 24%] Built target user_action_interfaces__rosidl_generator_c
[2.128s] [ 25%] [34m[1mGenerating C++ type support dispatch for ROS interfaces[0m
[2.128s] [ 27%] [34m[1mGenerating C type support for eProsima Fast-RTPS[0m
[2.128s] [ 29%] [34m[1mGenerating C introspection for ROS interfaces[0m
[2.129s] [ 31%] [34m[1mGenerating C type support dispatch for ROS interfaces[0m
[2.129s] [ 33%] [34m[1mGenerating C++ introspection for ROS interfaces[0m
[2.129s] [ 35%] [34m[1mGenerating C++ type support for eProsima Fast-RTPS[0m
[2.313s] [ 37%] [32mBuilding CXX object CMakeFiles/user_action_interfaces__rosidl_typesupport_c.dir/rosidl_typesupport_c/user_action_interfaces/msg/coast_msg__type_support.cpp.o[0m
[2.314s] [ 38%] [32mBuilding CXX object CMakeFiles/user_action_interfaces__rosidl_typesupport_c.dir/rosidl_typesupport_c/user_action_interfaces/action/start_goal_action__type_support.cpp.o[0m
[2.314s] [ 40%] [32mBuilding CXX object CMakeFiles/user_action_interfaces__rosidl_typesupport_c.dir/rosidl_typesupport_c/user_action_interfaces/msg/start_goal_msg__type_support.cpp.o[0m
[2.316s] [ 42%] [32mBuilding CXX object CMakeFiles/user_action_interfaces__rosidl_typesupport_cpp.dir/rosidl_typesupport_cpp/user_action_interfaces/action/start_goal_action__type_support.cpp.o[0m
[2.318s] [ 46%] [32mBuilding CXX object CMakeFiles/user_action_interfaces__rosidl_typesupport_cpp.dir/rosidl_typesupport_cpp/user_action_interfaces/msg/start_goal_msg__type_support.cpp.o[0m
[2.318s] [ 46%] [32mBuilding CXX object CMakeFiles/user_action_interfaces__rosidl_typesupport_cpp.dir/rosidl_typesupport_cpp/user_action_interfaces/msg/coast_msg__type_support.cpp.o[0m
[2.356s] [ 48%] [32mBuilding CXX object CMakeFiles/user_action_interfaces__rosidl_typesupport_introspection_cpp.dir/rosidl_typesupport_introspection_cpp/user_action_interfaces/msg/detail/start_goal_msg__type_support.cpp.o[0m
[2.358s] [ 51%] [32mBuilding CXX object CMakeFiles/user_action_interfaces__rosidl_typesupport_introspection_cpp.dir/rosidl_typesupport_introspection_cpp/user_action_interfaces/action/detail/start_goal_action__type_support.cpp.o[0m
[2.358s] [ 51%] [32mBuilding CXX object CMakeFiles/user_action_interfaces__rosidl_typesupport_introspection_cpp.dir/rosidl_typesupport_introspection_cpp/user_action_interfaces/msg/detail/coast_msg__type_support.cpp.o[0m
[2.362s] [ 53%] [32m[1mLinking CXX shared library libuser_action_interfaces__rosidl_typesupport_c.so[0m
[2.381s] [ 55%] [32mBuilding C object CMakeFiles/user_action_interfaces__rosidl_typesupport_introspection_c.dir/rosidl_typesupport_introspection_c/user_action_interfaces/action/detail/start_goal_action__type_support.c.o[0m
[2.381s] [ 57%] [32mBuilding C object CMakeFiles/user_action_interfaces__rosidl_typesupport_introspection_c.dir/rosidl_typesupport_introspection_c/user_action_interfaces/msg/detail/coast_msg__type_support.c.o[0m
[2.381s] [ 59%] [32mBuilding C object CMakeFiles/user_action_interfaces__rosidl_typesupport_introspection_c.dir/rosidl_typesupport_introspection_c/user_action_interfaces/msg/detail/start_goal_msg__type_support.c.o[0m
[2.395s] [ 61%] [32mBuilding CXX object CMakeFiles/user_action_interfaces__rosidl_typesupport_fastrtps_c.dir/rosidl_typesupport_fastrtps_c/user_action_interfaces/msg/detail/start_goal_msg__type_support_c.cpp.o[0m
[2.395s] [ 62%] [32mBuilding CXX object CMakeFiles/user_action_interfaces__rosidl_typesupport_fastrtps_c.dir/rosidl_typesupport_fastrtps_c/user_action_interfaces/msg/detail/coast_msg__type_support_c.cpp.o[0m
[2.396s] [ 64%] [32mBuilding CXX object CMakeFiles/user_action_interfaces__rosidl_typesupport_fastrtps_c.dir/rosidl_typesupport_fastrtps_c/user_action_interfaces/action/detail/start_goal_action__type_support_c.cpp.o[0m
[2.401s] [ 64%] Built target user_action_interfaces__rosidl_typesupport_c
[2.404s] [ 66%] [32mBuilding CXX object CMakeFiles/user_action_interfaces__rosidl_typesupport_fastrtps_cpp.dir/rosidl_typesupport_fastrtps_cpp/user_action_interfaces/msg/detail/dds_fastrtps/coast_msg__type_support.cpp.o[0m
[2.404s] [ 68%] [32mBuilding CXX object CMakeFiles/user_action_interfaces__rosidl_typesupport_fastrtps_cpp.dir/rosidl_typesupport_fastrtps_cpp/user_action_interfaces/action/detail/dds_fastrtps/start_goal_action__type_support.cpp.o[0m
[2.405s] [ 70%] [32mBuilding CXX object CMakeFiles/user_action_interfaces__rosidl_typesupport_fastrtps_cpp.dir/rosidl_typesupport_fastrtps_cpp/user_action_interfaces/msg/detail/dds_fastrtps/start_goal_msg__type_support.cpp.o[0m
[2.451s] [ 72%] [32m[1mLinking C shared library libuser_action_interfaces__rosidl_typesupport_introspection_c.so[0m
[2.485s] [ 72%] Built target user_action_interfaces__rosidl_typesupport_introspection_c
[2.702s] [ 74%] [32m[1mLinking CXX shared library libuser_action_interfaces__rosidl_typesupport_fastrtps_c.so[0m
[2.746s] [ 74%] Built target user_action_interfaces__rosidl_typesupport_fastrtps_c
[2.753s] [ 75%] [32m[1mLinking CXX shared library libuser_action_interfaces__rosidl_typesupport_cpp.so[0m
[2.798s] [ 75%] Built target user_action_interfaces__rosidl_typesupport_cpp
[2.847s] [ 77%] [32m[1mLinking CXX shared library libuser_action_interfaces__rosidl_typesupport_introspection_cpp.so[0m
[2.893s] [ 77%] Built target user_action_interfaces__rosidl_typesupport_introspection_cpp
[2.928s] [ 79%] [32m[1mLinking CXX shared library libuser_action_interfaces__rosidl_typesupport_fastrtps_cpp.so[0m
[2.980s] [ 79%] Built target user_action_interfaces__rosidl_typesupport_fastrtps_cpp
[2.991s] [ 79%] Built target user_action_interfaces
[3.007s] [ 81%] [34m[1mGenerating Python code for ROS interfaces[0m
[3.474s] [ 81%] Built target user_action_interfaces__py
[3.484s] [ 83%] [32mBuilding C object CMakeFiles/user_action_interfaces__rosidl_generator_py.dir/rosidl_generator_py/user_action_interfaces/action/_start_goal_action_s.c.o[0m
[3.484s] [ 85%] [32mBuilding C object CMakeFiles/user_action_interfaces__rosidl_generator_py.dir/rosidl_generator_py/user_action_interfaces/msg/_start_goal_msg_s.c.o[0m
[3.485s] [ 87%] [32mBuilding C object CMakeFiles/user_action_interfaces__rosidl_generator_py.dir/rosidl_generator_py/user_action_interfaces/msg/_coast_msg_s.c.o[0m
[3.578s] [ 88%] [32m[1mLinking C shared library rosidl_generator_py/user_action_interfaces/libuser_action_interfaces__rosidl_generator_py.so[0m
[3.603s] [ 88%] Built target user_action_interfaces__rosidl_generator_py
[3.614s] [ 92%] [32mBuilding C object CMakeFiles/user_action_interfaces__rosidl_typesupport_fastrtps_c__pyext.dir/rosidl_generator_py/user_action_interfaces/_user_action_interfaces_s.ep.rosidl_typesupport_fastrtps_c.c.o[0m
[3.614s] [ 92%] [32mBuilding C object CMakeFiles/user_action_interfaces__rosidl_typesupport_introspection_c__pyext.dir/rosidl_generator_py/user_action_interfaces/_user_action_interfaces_s.ep.rosidl_typesupport_introspection_c.c.o[0m
[3.614s] [ 94%] [32mBuilding C object CMakeFiles/user_action_interfaces__rosidl_typesupport_c__pyext.dir/rosidl_generator_py/user_action_interfaces/_user_action_interfaces_s.ep.rosidl_typesupport_c.c.o[0m
[3.683s] [100%] [32m[1mLinking C shared library rosidl_generator_py/user_action_interfaces/user_action_interfaces_s__rosidl_typesupport_c.cpython-310-x86_64-linux-gnu.so[0m
[3.684s] [100%] [32m[1mLinking C shared library rosidl_generator_py/user_action_interfaces/user_action_interfaces_s__rosidl_typesupport_introspection_c.cpython-310-x86_64-linux-gnu.so[0m
[3.684s] [100%] [32m[1mLinking C shared library rosidl_generator_py/user_action_interfaces/user_action_interfaces_s__rosidl_typesupport_fastrtps_c.cpython-310-x86_64-linux-gnu.so[0m
[3.710s] [100%] Built target user_action_interfaces__rosidl_typesupport_fastrtps_c__pyext
[3.710s] [100%] Built target user_action_interfaces__rosidl_typesupport_c__pyext
[3.710s] [100%] Built target user_action_interfaces__rosidl_typesupport_introspection_c__pyext
[3.717s] Invoked command in '/home/enio/develop_fer/Model-Informed-Path-Planning/path_planning_ws/build/user_action_interfaces' returned '0': CMAKE_PREFIX_PATH=${CMAKE_PREFIX_PATH}:/home/enio/develop_fer/Model-Informed-Path-Planning/path_planning_ws/install/path_planning_server:/home/enio/develop_fer/Model-Informed-Path-Planning/path_planning_ws/install/path_planning_action:/home/enio/develop_fer/Model-Informed-Path-Planning/path_planning_ws/install/map_server:/opt/ros/iron /usr/bin/cmake --build /home/enio/develop_fer/Model-Informed-Path-Planning/path_planning_ws/build/user_action_interfaces -- -j20 -l20
[3.824s] Invoking command in '/home/enio/develop_fer/Model-Informed-Path-Planning/path_planning_ws/build/user_action_interfaces': CMAKE_PREFIX_PATH=${CMAKE_PREFIX_PATH}:/home/enio/develop_fer/Model-Informed-Path-Planning/path_planning_ws/install/path_planning_server:/home/enio/develop_fer/Model-Informed-Path-Planning/path_planning_ws/install/path_planning_action:/home/enio/develop_fer/Model-Informed-Path-Planning/path_planning_ws/install/map_server:/opt/ros/iron /usr/bin/cmake --install /home/enio/develop_fer/Model-Informed-Path-Planning/path_planning_ws/build/user_action_interfaces
[3.831s] -- Install configuration: ""
[3.831s] -- Installing: /home/enio/develop_fer/Model-Informed-Path-Planning/path_planning_ws/install/user_action_interfaces/share/ament_index/resource_index/rosidl_interfaces/user_action_interfaces
[3.831s] -- Installing: /home/enio/develop_fer/Model-Informed-Path-Planning/path_planning_ws/install/user_action_interfaces/share/user_action_interfaces/action/StartGoalAction.json
[3.831s] -- Installing: /home/enio/develop_fer/Model-Informed-Path-Planning/path_planning_ws/install/user_action_interfaces/share/user_action_interfaces/msg/StartGoalMsg.json
[3.831s] -- Installing: /home/enio/develop_fer/Model-Informed-Path-Planning/path_planning_ws/install/user_action_interfaces/share/user_action_interfaces/msg/CoastMsg.json
[3.831s] -- Installing: /home/enio/develop_fer/Model-Informed-Path-Planning/path_planning_ws/install/user_action_interfaces/include/user_action_interfaces/user_action_interfaces
[3.831s] -- Installing: /home/enio/develop_fer/Model-Informed-Path-Planning/path_planning_ws/install/user_action_interfaces/include/user_action_interfaces/user_action_interfaces/msg
[3.831s] -- Installing: /home/enio/develop_fer/Model-Informed-Path-Planning/path_planning_ws/install/user_action_interfaces/include/user_action_interfaces/user_action_interfaces/msg/start_goal_msg.h
[3.831s] -- Installing: /home/enio/develop_fer/Model-Informed-Path-Planning/path_planning_ws/install/user_action_interfaces/include/user_action_interfaces/user_action_interfaces/msg/detail
[3.831s] -- Installing: /home/enio/develop_fer/Model-Informed-Path-Planning/path_planning_ws/install/user_action_interfaces/include/user_action_interfaces/user_action_interfaces/msg/detail/coast_msg__type_support.c
[3.832s] -- Installing: /home/enio/develop_fer/Model-Informed-Path-Planning/path_planning_ws/install/user_action_interfaces/include/user_action_interfaces/user_action_interfaces/msg/detail/coast_msg__functions.c
[3.832s] -- Installing: /home/enio/develop_fer/Model-Informed-Path-Planning/path_planning_ws/install/user_action_interfaces/include/user_action_interfaces/user_action_interfaces/msg/detail/coast_msg__type_support.h
[3.832s] -- Installing: /home/enio/develop_fer/Model-Informed-Path-Planning/path_planning_ws/install/user_action_interfaces/include/user_action_interfaces/user_action_interfaces/msg/detail/start_goal_msg__description.c
[3.832s] -- Installing: /home/enio/develop_fer/Model-Informed-Path-Planning/path_planning_ws/install/user_action_interfaces/include/user_action_interfaces/user_action_interfaces/msg/detail/coast_msg__functions.h
[3.832s] -- Installing: /home/enio/develop_fer/Model-Informed-Path-Planning/path_planning_ws/install/user_action_interfaces/include/user_action_interfaces/user_action_interfaces/msg/detail/coast_msg__struct.h
[3.832s] -- Installing: /home/enio/develop_fer/Model-Informed-Path-Planning/path_planning_ws/install/user_action_interfaces/include/user_action_interfaces/user_action_interfaces/msg/detail/start_goal_msg__functions.h
[3.832s] -- Installing: /home/enio/develop_fer/Model-Informed-Path-Planning/path_planning_ws/install/user_action_interfaces/include/user_action_interfaces/user_action_interfaces/msg/detail/coast_msg__description.c
[3.832s] -- Installing: /home/enio/develop_fer/Model-Informed-Path-Planning/path_planning_ws/install/user_action_interfaces/include/user_action_interfaces/user_action_interfaces/msg/detail/start_goal_msg__functions.c
[3.832s] -- Installing: /home/enio/develop_fer/Model-Informed-Path-Planning/path_planning_ws/install/user_action_interfaces/include/user_action_interfaces/user_action_interfaces/msg/detail/start_goal_msg__type_support.h
[3.832s] -- Installing: /home/enio/develop_fer/Model-Informed-Path-Planning/path_planning_ws/install/user_action_interfaces/include/user_action_interfaces/user_action_interfaces/msg/detail/start_goal_msg__struct.h
[3.833s] -- Installing: /home/enio/develop_fer/Model-Informed-Path-Planning/path_planning_ws/install/user_action_interfaces/include/user_action_interfaces/user_action_interfaces/msg/detail/start_goal_msg__type_support.c
[3.833s] -- Installing: /home/enio/develop_fer/Model-Informed-Path-Planning/path_planning_ws/install/user_action_interfaces/include/user_action_interfaces/user_action_interfaces/msg/rosidl_generator_c__visibility_control.h
[3.833s] -- Installing: /home/enio/develop_fer/Model-Informed-Path-Planning/path_planning_ws/install/user_action_interfaces/include/user_action_interfaces/user_action_interfaces/msg/coast_msg.h
[3.833s] -- Installing: /home/enio/develop_fer/Model-Informed-Path-Planning/path_planning_ws/install/user_action_interfaces/include/user_action_interfaces/user_action_interfaces/action
[3.833s] -- Installing: /home/enio/develop_fer/Model-Informed-Path-Planning/path_planning_ws/install/user_action_interfaces/include/user_action_interfaces/user_action_interfaces/action/detail
[3.833s] -- Installing: /home/enio/develop_fer/Model-Informed-Path-Planning/path_planning_ws/install/user_action_interfaces/include/user_action_interfaces/user_action_interfaces/action/detail/start_goal_action__description.c
[3.833s] -- Installing: /home/enio/develop_fer/Model-Informed-Path-Planning/path_planning_ws/install/user_action_interfaces/include/user_action_interfaces/user_action_interfaces/action/detail/start_goal_action__type_support.h
[3.833s] -- Installing: /home/enio/develop_fer/Model-Informed-Path-Planning/path_planning_ws/install/user_action_interfaces/include/user_action_interfaces/user_action_interfaces/action/detail/start_goal_action__type_support.c
[3.833s] -- Installing: /home/enio/develop_fer/Model-Informed-Path-Planning/path_planning_ws/install/user_action_interfaces/include/user_action_interfaces/user_action_interfaces/action/detail/start_goal_action__functions.h
[3.833s] -- Installing: /home/enio/develop_fer/Model-Informed-Path-Planning/path_planning_ws/install/user_action_interfaces/include/user_action_interfaces/user_action_interfaces/action/detail/start_goal_action__struct.h
[3.833s] -- Installing: /home/enio/develop_fer/Model-Informed-Path-Planning/path_planning_ws/install/user_action_interfaces/include/user_action_interfaces/user_action_interfaces/action/detail/start_goal_action__functions.c
[3.833s] -- Installing: /home/enio/develop_fer/Model-Informed-Path-Planning/path_planning_ws/install/user_action_interfaces/include/user_action_interfaces/user_action_interfaces/action/start_goal_action.h
[3.833s] -- Installing: /home/enio/develop_fer/Model-Informed-Path-Planning/path_planning_ws/install/user_action_interfaces/share/user_action_interfaces/environment/library_path.sh
[3.833s] -- Installing: /home/enio/develop_fer/Model-Informed-Path-Planning/path_planning_ws/install/user_action_interfaces/share/user_action_interfaces/environment/library_path.dsv
[3.833s] -- Installing: /home/enio/develop_fer/Model-Informed-Path-Planning/path_planning_ws/install/user_action_interfaces/lib/libuser_action_interfaces__rosidl_generator_c.so
[3.834s] -- Set runtime path of "/home/enio/develop_fer/Model-Informed-Path-Planning/path_planning_ws/install/user_action_interfaces/lib/libuser_action_interfaces__rosidl_generator_c.so" to ""
[3.834s] -- Up-to-date: /home/enio/develop_fer/Model-Informed-Path-Planning/path_planning_ws/install/user_action_interfaces/include/user_action_interfaces/user_action_interfaces
[3.834s] -- Up-to-date: /home/enio/develop_fer/Model-Informed-Path-Planning/path_planning_ws/install/user_action_interfaces/include/user_action_interfaces/user_action_interfaces/msg
[3.834s] -- Up-to-date: /home/enio/develop_fer/Model-Informed-Path-Planning/path_planning_ws/install/user_action_interfaces/include/user_action_interfaces/user_action_interfaces/msg/detail
[3.834s] -- Installing: /home/enio/develop_fer/Model-Informed-Path-Planning/path_planning_ws/install/user_action_interfaces/include/user_action_interfaces/user_action_interfaces/msg/detail/coast_msg__rosidl_typesupport_fastrtps_c.h
[3.834s] -- Installing: /home/enio/develop_fer/Model-Informed-Path-Planning/path_planning_ws/install/user_action_interfaces/include/user_action_interfaces/user_action_interfaces/msg/detail/start_goal_msg__rosidl_typesupport_fastrtps_c.h
[3.834s] -- Installing: /home/enio/develop_fer/Model-Informed-Path-Planning/path_planning_ws/install/user_action_interfaces/include/user_action_interfaces/user_action_interfaces/msg/rosidl_typesupport_fastrtps_c__visibility_control.h
[3.834s] -- Up-to-date: /home/enio/develop_fer/Model-Informed-Path-Planning/path_planning_ws/install/user_action_interfaces/include/user_action_interfaces/user_action_interfaces/action
[3.834s] -- Up-to-date: /home/enio/develop_fer/Model-Informed-Path-Planning/path_planning_ws/install/user_action_interfaces/include/user_action_interfaces/user_action_interfaces/action/detail
[3.835s] -- Installing: /home/enio/develop_fer/Model-Informed-Path-Planning/path_planning_ws/install/user_action_interfaces/include/user_action_interfaces/user_action_interfaces/action/detail/start_goal_action__rosidl_typesupport_fastrtps_c.h
[3.835s] -- Installing: /home/enio/develop_fer/Model-Informed-Path-Planning/path_planning_ws/install/user_action_interfaces/lib/libuser_action_interfaces__rosidl_typesupport_fastrtps_c.so
[3.835s] -- Set runtime path of "/home/enio/develop_fer/Model-Informed-Path-Planning/path_planning_ws/install/user_action_interfaces/lib/libuser_action_interfaces__rosidl_typesupport_fastrtps_c.so" to ""
[3.835s] -- Up-to-date: /home/enio/develop_fer/Model-Informed-Path-Planning/path_planning_ws/install/user_action_interfaces/include/user_action_interfaces/user_action_interfaces
[3.835s] -- Up-to-date: /home/enio/develop_fer/Model-Informed-Path-Planning/path_planning_ws/install/user_action_interfaces/include/user_action_interfaces/user_action_interfaces/msg
[3.835s] -- Up-to-date: /home/enio/develop_fer/Model-Informed-Path-Planning/path_planning_ws/install/user_action_interfaces/include/user_action_interfaces/user_action_interfaces/msg/detail
[3.835s] -- Installing: /home/enio/develop_fer/Model-Informed-Path-Planning/path_planning_ws/install/user_action_interfaces/include/user_action_interfaces/user_action_interfaces/msg/detail/coast_msg__type_support.c
[3.835s] -- Installing: /home/enio/develop_fer/Model-Informed-Path-Planning/path_planning_ws/install/user_action_interfaces/include/user_action_interfaces/user_action_interfaces/msg/detail/start_goal_msg__rosidl_typesupport_introspection_c.h
[3.835s] -- Installing: /home/enio/develop_fer/Model-Informed-Path-Planning/path_planning_ws/install/user_action_interfaces/include/user_action_interfaces/user_action_interfaces/msg/detail/coast_msg__rosidl_typesupport_introspection_c.h
[3.835s] -- Installing: /home/enio/develop_fer/Model-Informed-Path-Planning/path_planning_ws/install/user_action_interfaces/include/user_action_interfaces/user_action_interfaces/msg/detail/start_goal_msg__type_support.c
[3.835s] -- Installing: /home/enio/develop_fer/Model-Informed-Path-Planning/path_planning_ws/install/user_action_interfaces/include/user_action_interfaces/user_action_interfaces/msg/rosidl_typesupport_introspection_c__visibility_control.h
[3.835s] -- Up-to-date: /home/enio/develop_fer/Model-Informed-Path-Planning/path_planning_ws/install/user_action_interfaces/include/user_action_interfaces/user_action_interfaces/action
[3.836s] -- Up-to-date: /home/enio/develop_fer/Model-Informed-Path-Planning/path_planning_ws/install/user_action_interfaces/include/user_action_interfaces/user_action_interfaces/action/detail
[3.836s] -- Installing: /home/enio/develop_fer/Model-Informed-Path-Planning/path_planning_ws/install/user_action_interfaces/include/user_action_interfaces/user_action_interfaces/action/detail/start_goal_action__type_support.c
[3.836s] -- Installing: /home/enio/develop_fer/Model-Informed-Path-Planning/path_planning_ws/install/user_action_interfaces/include/user_action_interfaces/user_action_interfaces/action/detail/start_goal_action__rosidl_typesupport_introspection_c.h
[3.836s] -- Installing: /home/enio/develop_fer/Model-Informed-Path-Planning/path_planning_ws/install/user_action_interfaces/lib/libuser_action_interfaces__rosidl_typesupport_introspection_c.so
[3.836s] -- Set runtime path of "/home/enio/develop_fer/Model-Informed-Path-Planning/path_planning_ws/install/user_action_interfaces/lib/libuser_action_interfaces__rosidl_typesupport_introspection_c.so" to ""
[3.836s] -- Installing: /home/enio/develop_fer/Model-Informed-Path-Planning/path_planning_ws/install/user_action_interfaces/lib/libuser_action_interfaces__rosidl_typesupport_c.so
[3.836s] -- Set runtime path of "/home/enio/develop_fer/Model-Informed-Path-Planning/path_planning_ws/install/user_action_interfaces/lib/libuser_action_interfaces__rosidl_typesupport_c.so" to ""
[3.836s] -- Up-to-date: /home/enio/develop_fer/Model-Informed-Path-Planning/path_planning_ws/install/user_action_interfaces/include/user_action_interfaces/user_action_interfaces
[3.836s] -- Up-to-date: /home/enio/develop_fer/Model-Informed-Path-Planning/path_planning_ws/install/user_action_interfaces/include/user_action_interfaces/user_action_interfaces/msg
[3.836s] -- Up-to-date: /home/enio/develop_fer/Model-Informed-Path-Planning/path_planning_ws/install/user_action_interfaces/include/user_action_interfaces/user_action_interfaces/msg/detail
[3.837s] -- Installing: /home/enio/develop_fer/Model-Informed-Path-Planning/path_planning_ws/install/user_action_interfaces/include/user_action_interfaces/user_action_interfaces/msg/detail/start_goal_msg__traits.hpp
[3.837s] -- Installing: /home/enio/develop_fer/Model-Informed-Path-Planning/path_planning_ws/install/user_action_interfaces/include/user_action_interfaces/user_action_interfaces/msg/detail/start_goal_msg__struct.hpp
[3.837s] -- Installing: /home/enio/develop_fer/Model-Informed-Path-Planning/path_planning_ws/install/user_action_interfaces/include/user_action_interfaces/user_action_interfaces/msg/detail/coast_msg__traits.hpp
[3.837s] -- Installing: /home/enio/develop_fer/Model-Informed-Path-Planning/path_planning_ws/install/user_action_interfaces/include/user_action_interfaces/user_action_interfaces/msg/detail/start_goal_msg__builder.hpp
[3.837s] -- Installing: /home/enio/develop_fer/Model-Informed-Path-Planning/path_planning_ws/install/user_action_interfaces/include/user_action_interfaces/user_action_interfaces/msg/detail/coast_msg__struct.hpp
[3.837s] -- Installing: /home/enio/develop_fer/Model-Informed-Path-Planning/path_planning_ws/install/user_action_interfaces/include/user_action_interfaces/user_action_interfaces/msg/detail/coast_msg__builder.hpp
[3.837s] -- Installing: /home/enio/develop_fer/Model-Informed-Path-Planning/path_planning_ws/install/user_action_interfaces/include/user_action_interfaces/user_action_interfaces/msg/start_goal_msg.hpp
[3.837s] -- Installing: /home/enio/develop_fer/Model-Informed-Path-Planning/path_planning_ws/install/user_action_interfaces/include/user_action_interfaces/user_action_interfaces/msg/coast_msg.hpp
[3.837s] -- Up-to-date: /home/enio/develop_fer/Model-Informed-Path-Planning/path_planning_ws/install/user_action_interfaces/include/user_action_interfaces/user_action_interfaces/action
[3.837s] -- Installing: /home/enio/develop_fer/Model-Informed-Path-Planning/path_planning_ws/install/user_action_interfaces/include/user_action_interfaces/user_action_interfaces/action/start_goal_action.hpp
[3.837s] -- Up-to-date: /home/enio/develop_fer/Model-Informed-Path-Planning/path_planning_ws/install/user_action_interfaces/include/user_action_interfaces/user_action_interfaces/action/detail
[3.837s] -- Installing: /home/enio/develop_fer/Model-Informed-Path-Planning/path_planning_ws/install/user_action_interfaces/include/user_action_interfaces/user_action_interfaces/action/detail/start_goal_action__struct.hpp
[3.837s] -- Installing: /home/enio/develop_fer/Model-Informed-Path-Planning/path_planning_ws/install/user_action_interfaces/include/user_action_interfaces/user_action_interfaces/action/detail/start_goal_action__traits.hpp
[3.837s] -- Installing: /home/enio/develop_fer/Model-Informed-Path-Planning/path_planning_ws/install/user_action_interfaces/include/user_action_interfaces/user_action_interfaces/action/detail/start_goal_action__builder.hpp
[3.837s] -- Up-to-date: /home/enio/develop_fer/Model-Informed-Path-Planning/path_planning_ws/install/user_action_interfaces/include/user_action_interfaces/user_action_interfaces
[3.837s] -- Up-to-date: /home/enio/develop_fer/Model-Informed-Path-Planning/path_planning_ws/install/user_action_interfaces/include/user_action_interfaces/user_action_interfaces/msg
[3.837s] -- Up-to-date: /home/enio/develop_fer/Model-Informed-Path-Planning/path_planning_ws/install/user_action_interfaces/include/user_action_interfaces/user_action_interfaces/msg/detail
[3.837s] -- Installing: /home/enio/develop_fer/Model-Informed-Path-Planning/path_planning_ws/install/user_action_interfaces/include/user_action_interfaces/user_action_interfaces/msg/detail/coast_msg__rosidl_typesupport_fastrtps_cpp.hpp
[3.838s] -- Installing: /home/enio/develop_fer/Model-Informed-Path-Planning/path_planning_ws/install/user_action_interfaces/include/user_action_interfaces/user_action_interfaces/msg/detail/start_goal_msg__rosidl_typesupport_fastrtps_cpp.hpp
[3.838s] -- Installing: /home/enio/develop_fer/Model-Informed-Path-Planning/path_planning_ws/install/user_action_interfaces/include/user_action_interfaces/user_action_interfaces/msg/detail/dds_fastrtps
[3.838s] -- Installing: /home/enio/develop_fer/Model-Informed-Path-Planning/path_planning_ws/install/user_action_interfaces/include/user_action_interfaces/user_action_interfaces/msg/rosidl_typesupport_fastrtps_cpp__visibility_control.h
[3.838s] -- Up-to-date: /home/enio/develop_fer/Model-Informed-Path-Planning/path_planning_ws/install/user_action_interfaces/include/user_action_interfaces/user_action_interfaces/action
[3.838s] -- Up-to-date: /home/enio/develop_fer/Model-Informed-Path-Planning/path_planning_ws/install/user_action_interfaces/include/user_action_interfaces/user_action_interfaces/action/detail
[3.838s] -- Installing: /home/enio/develop_fer/Model-Informed-Path-Planning/path_planning_ws/install/user_action_interfaces/include/user_action_interfaces/user_action_interfaces/action/detail/dds_fastrtps
[3.838s] -- Installing: /home/enio/develop_fer/Model-Informed-Path-Planning/path_planning_ws/install/user_action_interfaces/include/user_action_interfaces/user_action_interfaces/action/detail/start_goal_action__rosidl_typesupport_fastrtps_cpp.hpp
[3.838s] -- Installing: /home/enio/develop_fer/Model-Informed-Path-Planning/path_planning_ws/install/user_action_interfaces/lib/libuser_action_interfaces__rosidl_typesupport_fastrtps_cpp.so
[3.838s] -- Set runtime path of "/home/enio/develop_fer/Model-Informed-Path-Planning/path_planning_ws/install/user_action_interfaces/lib/libuser_action_interfaces__rosidl_typesupport_fastrtps_cpp.so" to ""
[3.838s] -- Up-to-date: /home/enio/develop_fer/Model-Informed-Path-Planning/path_planning_ws/install/user_action_interfaces/include/user_action_interfaces/user_action_interfaces
[3.838s] -- Up-to-date: /home/enio/develop_fer/Model-Informed-Path-Planning/path_planning_ws/install/user_action_interfaces/include/user_action_interfaces/user_action_interfaces/msg
[3.838s] -- Up-to-date: /home/enio/develop_fer/Model-Informed-Path-Planning/path_planning_ws/install/user_action_interfaces/include/user_action_interfaces/user_action_interfaces/msg/detail
[3.838s] -- Installing: /home/enio/develop_fer/Model-Informed-Path-Planning/path_planning_ws/install/user_action_interfaces/include/user_action_interfaces/user_action_interfaces/msg/detail/start_goal_msg__type_support.cpp
[3.838s] -- Installing: /home/enio/develop_fer/Model-Informed-Path-Planning/path_planning_ws/install/user_action_interfaces/include/user_action_interfaces/user_action_interfaces/msg/detail/start_goal_msg__rosidl_typesupport_introspection_cpp.hpp
[3.838s] -- Installing: /home/enio/develop_fer/Model-Informed-Path-Planning/path_planning_ws/install/user_action_interfaces/include/user_action_interfaces/user_action_interfaces/msg/detail/coast_msg__rosidl_typesupport_introspection_cpp.hpp
[3.838s] -- Installing: /home/enio/develop_fer/Model-Informed-Path-Planning/path_planning_ws/install/user_action_interfaces/include/user_action_interfaces/user_action_interfaces/msg/detail/coast_msg__type_support.cpp
[3.839s] -- Up-to-date: /home/enio/develop_fer/Model-Informed-Path-Planning/path_planning_ws/install/user_action_interfaces/include/user_action_interfaces/user_action_interfaces/action
[3.839s] -- Up-to-date: /home/enio/develop_fer/Model-Informed-Path-Planning/path_planning_ws/install/user_action_interfaces/include/user_action_interfaces/user_action_interfaces/action/detail
[3.839s] -- Installing: /home/enio/develop_fer/Model-Informed-Path-Planning/path_planning_ws/install/user_action_interfaces/include/user_action_interfaces/user_action_interfaces/action/detail/start_goal_action__type_support.cpp
[3.839s] -- Installing: /home/enio/develop_fer/Model-Informed-Path-Planning/path_planning_ws/install/user_action_interfaces/include/user_action_interfaces/user_action_interfaces/action/detail/start_goal_action__rosidl_typesupport_introspection_cpp.hpp
[3.839s] -- Installing: /home/enio/develop_fer/Model-Informed-Path-Planning/path_planning_ws/install/user_action_interfaces/lib/libuser_action_interfaces__rosidl_typesupport_introspection_cpp.so
[3.839s] -- Set runtime path of "/home/enio/develop_fer/Model-Informed-Path-Planning/path_planning_ws/install/user_action_interfaces/lib/libuser_action_interfaces__rosidl_typesupport_introspection_cpp.so" to ""
[3.839s] -- Installing: /home/enio/develop_fer/Model-Informed-Path-Planning/path_planning_ws/install/user_action_interfaces/lib/libuser_action_interfaces__rosidl_typesupport_cpp.so
[3.839s] -- Set runtime path of "/home/enio/develop_fer/Model-Informed-Path-Planning/path_planning_ws/install/user_action_interfaces/lib/libuser_action_interfaces__rosidl_typesupport_cpp.so" to ""
[3.840s] -- Installing: /home/enio/develop_fer/Model-Informed-Path-Planning/path_planning_ws/install/user_action_interfaces/share/user_action_interfaces/environment/pythonpath.sh
[3.840s] -- Installing: /home/enio/develop_fer/Model-Informed-Path-Planning/path_planning_ws/install/user_action_interfaces/share/user_action_interfaces/environment/pythonpath.dsv
[3.840s] -- Installing: /home/enio/develop_fer/Model-Informed-Path-Planning/path_planning_ws/install/user_action_interfaces/lib/python3.10/site-packages/user_action_interfaces-0.0.0-py3.10.egg-info
[3.840s] -- Installing: /home/enio/develop_fer/Model-Informed-Path-Planning/path_planning_ws/install/user_action_interfaces/lib/python3.10/site-packages/user_action_interfaces-0.0.0-py3.10.egg-info/PKG-INFO
[3.840s] -- Installing: /home/enio/develop_fer/Model-Informed-Path-Planning/path_planning_ws/install/user_action_interfaces/lib/python3.10/site-packages/user_action_interfaces-0.0.0-py3.10.egg-info/top_level.txt
[3.840s] -- Installing: /home/enio/develop_fer/Model-Informed-Path-Planning/path_planning_ws/install/user_action_interfaces/lib/python3.10/site-packages/user_action_interfaces-0.0.0-py3.10.egg-info/dependency_links.txt
[3.840s] -- Installing: /home/enio/develop_fer/Model-Informed-Path-Planning/path_planning_ws/install/user_action_interfaces/lib/python3.10/site-packages/user_action_interfaces-0.0.0-py3.10.egg-info/SOURCES.txt
[3.840s] -- Installing: /home/enio/develop_fer/Model-Informed-Path-Planning/path_planning_ws/install/user_action_interfaces/lib/python3.10/site-packages/user_action_interfaces
[3.840s] -- Installing: /home/enio/develop_fer/Model-Informed-Path-Planning/path_planning_ws/install/user_action_interfaces/lib/python3.10/site-packages/user_action_interfaces/_user_action_interfaces_s.ep.rosidl_typesupport_fastrtps_c.c
[3.840s] -- Installing: /home/enio/develop_fer/Model-Informed-Path-Planning/path_planning_ws/install/user_action_interfaces/lib/python3.10/site-packages/user_action_interfaces/_user_action_interfaces_s.ep.rosidl_typesupport_c.c
[3.840s] -- Installing: /home/enio/develop_fer/Model-Informed-Path-Planning/path_planning_ws/install/user_action_interfaces/lib/python3.10/site-packages/user_action_interfaces/__init__.py
[3.840s] -- Installing: /home/enio/develop_fer/Model-Informed-Path-Planning/path_planning_ws/install/user_action_interfaces/lib/python3.10/site-packages/user_action_interfaces/user_action_interfaces_s__rosidl_typesupport_fastrtps_c.cpython-310-x86_64-linux-gnu.so
[3.840s] -- Installing: /home/enio/develop_fer/Model-Informed-Path-Planning/path_planning_ws/install/user_action_interfaces/lib/python3.10/site-packages/user_action_interfaces/msg
[3.840s] -- Installing: /home/enio/develop_fer/Model-Informed-Path-Planning/path_planning_ws/install/user_action_interfaces/lib/python3.10/site-packages/user_action_interfaces/msg/__init__.py
[3.840s] -- Installing: /home/enio/develop_fer/Model-Informed-Path-Planning/path_planning_ws/install/user_action_interfaces/lib/python3.10/site-packages/user_action_interfaces/msg/_start_goal_msg.py
[3.840s] -- Installing: /home/enio/develop_fer/Model-Informed-Path-Planning/path_planning_ws/install/user_action_interfaces/lib/python3.10/site-packages/user_action_interfaces/msg/_coast_msg_s.c
[3.840s] -- Installing: /home/enio/develop_fer/Model-Informed-Path-Planning/path_planning_ws/install/user_action_interfaces/lib/python3.10/site-packages/user_action_interfaces/msg/_start_goal_msg_s.c
[3.840s] -- Installing: /home/enio/develop_fer/Model-Informed-Path-Planning/path_planning_ws/install/user_action_interfaces/lib/python3.10/site-packages/user_action_interfaces/msg/_coast_msg.py
[3.840s] -- Installing: /home/enio/develop_fer/Model-Informed-Path-Planning/path_planning_ws/install/user_action_interfaces/lib/python3.10/site-packages/user_action_interfaces/user_action_interfaces_s__rosidl_typesupport_c.cpython-310-x86_64-linux-gnu.so
[3.840s] -- Installing: /home/enio/develop_fer/Model-Informed-Path-Planning/path_planning_ws/install/user_action_interfaces/lib/python3.10/site-packages/user_action_interfaces/user_action_interfaces_s__rosidl_typesupport_introspection_c.cpython-310-x86_64-linux-gnu.so
[3.840s] -- Installing: /home/enio/develop_fer/Model-Informed-Path-Planning/path_planning_ws/install/user_action_interfaces/lib/python3.10/site-packages/user_action_interfaces/libuser_action_interfaces__rosidl_generator_py.so
[3.841s] -- Installing: /home/enio/develop_fer/Model-Informed-Path-Planning/path_planning_ws/install/user_action_interfaces/lib/python3.10/site-packages/user_action_interfaces/action
[3.841s] -- Installing: /home/enio/develop_fer/Model-Informed-Path-Planning/path_planning_ws/install/user_action_interfaces/lib/python3.10/site-packages/user_action_interfaces/action/__init__.py
[3.841s] -- Installing: /home/enio/develop_fer/Model-Informed-Path-Planning/path_planning_ws/install/user_action_interfaces/lib/python3.10/site-packages/user_action_interfaces/action/_start_goal_action_s.c
[3.841s] -- Installing: /home/enio/develop_fer/Model-Informed-Path-Planning/path_planning_ws/install/user_action_interfaces/lib/python3.10/site-packages/user_action_interfaces/action/_start_goal_action.py
[3.841s] -- Installing: /home/enio/develop_fer/Model-Informed-Path-Planning/path_planning_ws/install/user_action_interfaces/lib/python3.10/site-packages/user_action_interfaces/_user_action_interfaces_s.ep.rosidl_typesupport_introspection_c.c
[3.867s] Listing '/home/enio/develop_fer/Model-Informed-Path-Planning/path_planning_ws/install/user_action_interfaces/lib/python3.10/site-packages/user_action_interfaces'...
[3.867s] Compiling '/home/enio/develop_fer/Model-Informed-Path-Planning/path_planning_ws/install/user_action_interfaces/lib/python3.10/site-packages/user_action_interfaces/__init__.py'...
[3.867s] Listing '/home/enio/develop_fer/Model-Informed-Path-Planning/path_planning_ws/install/user_action_interfaces/lib/python3.10/site-packages/user_action_interfaces/action'...
[3.867s] Compiling '/home/enio/develop_fer/Model-Informed-Path-Planning/path_planning_ws/install/user_action_interfaces/lib/python3.10/site-packages/user_action_interfaces/action/__init__.py'...
[3.867s] Compiling '/home/enio/develop_fer/Model-Informed-Path-Planning/path_planning_ws/install/user_action_interfaces/lib/python3.10/site-packages/user_action_interfaces/action/_start_goal_action.py'...
[3.867s] Listing '/home/enio/develop_fer/Model-Informed-Path-Planning/path_planning_ws/install/user_action_interfaces/lib/python3.10/site-packages/user_action_interfaces/msg'...
[3.867s] Compiling '/home/enio/develop_fer/Model-Informed-Path-Planning/path_planning_ws/install/user_action_interfaces/lib/python3.10/site-packages/user_action_interfaces/msg/__init__.py'...
[3.867s] Compiling '/home/enio/develop_fer/Model-Informed-Path-Planning/path_planning_ws/install/user_action_interfaces/lib/python3.10/site-packages/user_action_interfaces/msg/_coast_msg.py'...
[3.867s] Compiling '/home/enio/develop_fer/Model-Informed-Path-Planning/path_planning_ws/install/user_action_interfaces/lib/python3.10/site-packages/user_action_interfaces/msg/_start_goal_msg.py'...
[3.870s] -- Installing: /home/enio/develop_fer/Model-Informed-Path-Planning/path_planning_ws/install/user_action_interfaces/lib/python3.10/site-packages/user_action_interfaces/user_action_interfaces_s__rosidl_typesupport_fastrtps_c.cpython-310-x86_64-linux-gnu.so
[3.870s] -- Set runtime path of "/home/enio/develop_fer/Model-Informed-Path-Planning/path_planning_ws/install/user_action_interfaces/lib/python3.10/site-packages/user_action_interfaces/user_action_interfaces_s__rosidl_typesupport_fastrtps_c.cpython-310-x86_64-linux-gnu.so" to ""
[3.870s] -- Installing: /home/enio/develop_fer/Model-Informed-Path-Planning/path_planning_ws/install/user_action_interfaces/lib/python3.10/site-packages/user_action_interfaces/user_action_interfaces_s__rosidl_typesupport_introspection_c.cpython-310-x86_64-linux-gnu.so
[3.870s] -- Set runtime path of "/home/enio/develop_fer/Model-Informed-Path-Planning/path_planning_ws/install/user_action_interfaces/lib/python3.10/site-packages/user_action_interfaces/user_action_interfaces_s__rosidl_typesupport_introspection_c.cpython-310-x86_64-linux-gnu.so" to ""
[3.870s] -- Installing: /home/enio/develop_fer/Model-Informed-Path-Planning/path_planning_ws/install/user_action_interfaces/lib/python3.10/site-packages/user_action_interfaces/user_action_interfaces_s__rosidl_typesupport_c.cpython-310-x86_64-linux-gnu.so
[3.870s] -- Set runtime path of "/home/enio/develop_fer/Model-Informed-Path-Planning/path_planning_ws/install/user_action_interfaces/lib/python3.10/site-packages/user_action_interfaces/user_action_interfaces_s__rosidl_typesupport_c.cpython-310-x86_64-linux-gnu.so" to ""
[3.870s] -- Installing: /home/enio/develop_fer/Model-Informed-Path-Planning/path_planning_ws/install/user_action_interfaces/lib/libuser_action_interfaces__rosidl_generator_py.so
[3.870s] -- Set runtime path of "/home/enio/develop_fer/Model-Informed-Path-Planning/path_planning_ws/install/user_action_interfaces/lib/libuser_action_interfaces__rosidl_generator_py.so" to ""
[3.870s] -- Installing: /home/enio/develop_fer/Model-Informed-Path-Planning/path_planning_ws/install/user_action_interfaces/share/user_action_interfaces/action/StartGoalAction.idl
[3.870s] -- Installing: /home/enio/develop_fer/Model-Informed-Path-Planning/path_planning_ws/install/user_action_interfaces/share/user_action_interfaces/msg/StartGoalMsg.idl
[3.870s] -- Installing: /home/enio/develop_fer/Model-Informed-Path-Planning/path_planning_ws/install/user_action_interfaces/share/user_action_interfaces/msg/CoastMsg.idl
[3.870s] -- Installing: /home/enio/develop_fer/Model-Informed-Path-Planning/path_planning_ws/install/user_action_interfaces/share/user_action_interfaces/action/StartGoalAction.action
[3.870s] -- Installing: /home/enio/develop_fer/Model-Informed-Path-Planning/path_planning_ws/install/user_action_interfaces/share/user_action_interfaces/msg/StartGoalMsg.msg
[3.870s] -- Installing: /home/enio/develop_fer/Model-Informed-Path-Planning/path_planning_ws/install/user_action_interfaces/share/user_action_interfaces/msg/CoastMsg.msg
[3.870s] -- Installing: /home/enio/develop_fer/Model-Informed-Path-Planning/path_planning_ws/install/user_action_interfaces/share/ament_index/resource_index/package_run_dependencies/user_action_interfaces
[3.870s] -- Installing: /home/enio/develop_fer/Model-Informed-Path-Planning/path_planning_ws/install/user_action_interfaces/share/ament_index/resource_index/parent_prefix_path/user_action_interfaces
[3.870s] -- Installing: /home/enio/develop_fer/Model-Informed-Path-Planning/path_planning_ws/install/user_action_interfaces/share/user_action_interfaces/environment/ament_prefix_path.sh
[3.870s] -- Installing: /home/enio/develop_fer/Model-Informed-Path-Planning/path_planning_ws/install/user_action_interfaces/share/user_action_interfaces/environment/ament_prefix_path.dsv
[3.870s] -- Installing: /home/enio/develop_fer/Model-Informed-Path-Planning/path_planning_ws/install/user_action_interfaces/share/user_action_interfaces/environment/path.sh
[3.871s] -- Installing: /home/enio/develop_fer/Model-Informed-Path-Planning/path_planning_ws/install/user_action_interfaces/share/user_action_interfaces/environment/path.dsv
[3.871s] -- Installing: /home/enio/develop_fer/Model-Informed-Path-Planning/path_planning_ws/install/user_action_interfaces/share/user_action_interfaces/local_setup.bash
[3.871s] -- Installing: /home/enio/develop_fer/Model-Informed-Path-Planning/path_planning_ws/install/user_action_interfaces/share/user_action_interfaces/local_setup.sh
[3.871s] -- Installing: /home/enio/develop_fer/Model-Informed-Path-Planning/path_planning_ws/install/user_action_interfaces/share/user_action_interfaces/local_setup.zsh
[3.871s] -- Installing: /home/enio/develop_fer/Model-Informed-Path-Planning/path_planning_ws/install/user_action_interfaces/share/user_action_interfaces/local_setup.dsv
[3.871s] -- Installing: /home/enio/develop_fer/Model-Informed-Path-Planning/path_planning_ws/install/user_action_interfaces/share/user_action_interfaces/package.dsv
[3.871s] -- Installing: /home/enio/develop_fer/Model-Informed-Path-Planning/path_planning_ws/install/user_action_interfaces/share/ament_index/resource_index/packages/user_action_interfaces
[3.871s] -- Installing: /home/enio/develop_fer/Model-Informed-Path-Planning/path_planning_ws/install/user_action_interfaces/share/user_action_interfaces/cmake/export_user_action_interfaces__rosidl_generator_cExport.cmake
[3.871s] -- Installing: /home/enio/develop_fer/Model-Informed-Path-Planning/path_planning_ws/install/user_action_interfaces/share/user_action_interfaces/cmake/export_user_action_interfaces__rosidl_generator_cExport-noconfig.cmake
[3.871s] -- Installing: /home/enio/develop_fer/Model-Informed-Path-Planning/path_planning_ws/install/user_action_interfaces/share/user_action_interfaces/cmake/export_user_action_interfaces__rosidl_typesupport_fastrtps_cExport.cmake
[3.871s] -- Installing: /home/enio/develop_fer/Model-Informed-Path-Planning/path_planning_ws/install/user_action_interfaces/share/user_action_interfaces/cmake/export_user_action_interfaces__rosidl_typesupport_fastrtps_cExport-noconfig.cmake
[3.871s] -- Installing: /home/enio/develop_fer/Model-Informed-Path-Planning/path_planning_ws/install/user_action_interfaces/share/user_action_interfaces/cmake/user_action_interfaces__rosidl_typesupport_introspection_cExport.cmake
[3.871s] -- Installing: /home/enio/develop_fer/Model-Informed-Path-Planning/path_planning_ws/install/user_action_interfaces/share/user_action_interfaces/cmake/user_action_interfaces__rosidl_typesupport_introspection_cExport-noconfig.cmake
[3.871s] -- Installing: /home/enio/develop_fer/Model-Informed-Path-Planning/path_planning_ws/install/user_action_interfaces/share/user_action_interfaces/cmake/user_action_interfaces__rosidl_typesupport_cExport.cmake
[3.871s] -- Installing: /home/enio/develop_fer/Model-Informed-Path-Planning/path_planning_ws/install/user_action_interfaces/share/user_action_interfaces/cmake/user_action_interfaces__rosidl_typesupport_cExport-noconfig.cmake
[3.871s] -- Installing: /home/enio/develop_fer/Model-Informed-Path-Planning/path_planning_ws/install/user_action_interfaces/share/user_action_interfaces/cmake/export_user_action_interfaces__rosidl_generator_cppExport.cmake
[3.871s] -- Installing: /home/enio/develop_fer/Model-Informed-Path-Planning/path_planning_ws/install/user_action_interfaces/share/user_action_interfaces/cmake/export_user_action_interfaces__rosidl_typesupport_fastrtps_cppExport.cmake
[3.871s] -- Installing: /home/enio/develop_fer/Model-Informed-Path-Planning/path_planning_ws/install/user_action_interfaces/share/user_action_interfaces/cmake/export_user_action_interfaces__rosidl_typesupport_fastrtps_cppExport-noconfig.cmake
[3.871s] -- Installing: /home/enio/develop_fer/Model-Informed-Path-Planning/path_planning_ws/install/user_action_interfaces/share/user_action_interfaces/cmake/user_action_interfaces__rosidl_typesupport_introspection_cppExport.cmake
[3.871s] -- Installing: /home/enio/develop_fer/Model-Informed-Path-Planning/path_planning_ws/install/user_action_interfaces/share/user_action_interfaces/cmake/user_action_interfaces__rosidl_typesupport_introspection_cppExport-noconfig.cmake
[3.871s] -- Installing: /home/enio/develop_fer/Model-Informed-Path-Planning/path_planning_ws/install/user_action_interfaces/share/user_action_interfaces/cmake/user_action_interfaces__rosidl_typesupport_cppExport.cmake
[3.872s] -- Installing: /home/enio/develop_fer/Model-Informed-Path-Planning/path_planning_ws/install/user_action_interfaces/share/user_action_interfaces/cmake/user_action_interfaces__rosidl_typesupport_cppExport-noconfig.cmake
[3.872s] -- Installing: /home/enio/develop_fer/Model-Informed-Path-Planning/path_planning_ws/install/user_action_interfaces/share/user_action_interfaces/cmake/export_user_action_interfaces__rosidl_generator_pyExport.cmake
[3.872s] -- Installing: /home/enio/develop_fer/Model-Informed-Path-Planning/path_planning_ws/install/user_action_interfaces/share/user_action_interfaces/cmake/export_user_action_interfaces__rosidl_generator_pyExport-noconfig.cmake
[3.872s] -- Installing: /home/enio/develop_fer/Model-Informed-Path-Planning/path_planning_ws/install/user_action_interfaces/share/user_action_interfaces/cmake/rosidl_cmake-extras.cmake
[3.872s] -- Installing: /home/enio/develop_fer/Model-Informed-Path-Planning/path_planning_ws/install/user_action_interfaces/share/user_action_interfaces/cmake/ament_cmake_export_dependencies-extras.cmake
[3.872s] -- Installing: /home/enio/develop_fer/Model-Informed-Path-Planning/path_planning_ws/install/user_action_interfaces/share/user_action_interfaces/cmake/ament_cmake_export_include_directories-extras.cmake
[3.872s] -- Installing: /home/enio/develop_fer/Model-Informed-Path-Planning/path_planning_ws/install/user_action_interfaces/share/user_action_interfaces/cmake/ament_cmake_export_libraries-extras.cmake
[3.872s] -- Installing: /home/enio/develop_fer/Model-Informed-Path-Planning/path_planning_ws/install/user_action_interfaces/share/user_action_interfaces/cmake/ament_cmake_export_targets-extras.cmake
[3.872s] -- Installing: /home/enio/develop_fer/Model-Informed-Path-Planning/path_planning_ws/install/user_action_interfaces/share/user_action_interfaces/cmake/rosidl_cmake_export_typesupport_targets-extras.cmake
[3.872s] -- Installing: /home/enio/develop_fer/Model-Informed-Path-Planning/path_planning_ws/install/user_action_interfaces/share/user_action_interfaces/cmake/rosidl_cmake_export_typesupport_libraries-extras.cmake
[3.872s] -- Installing: /home/enio/develop_fer/Model-Informed-Path-Planning/path_planning_ws/install/user_action_interfaces/share/user_action_interfaces/cmake/user_action_interfacesConfig.cmake
[3.872s] -- Installing: /home/enio/develop_fer/Model-Informed-Path-Planning/path_planning_ws/install/user_action_interfaces/share/user_action_interfaces/cmake/user_action_interfacesConfig-version.cmake
[3.872s] -- Installing: /home/enio/develop_fer/Model-Informed-Path-Planning/path_planning_ws/install/user_action_interfaces/share/user_action_interfaces/package.xml
[3.874s] Invoked command in '/home/enio/develop_fer/Model-Informed-Path-Planning/path_planning_ws/build/user_action_interfaces' returned '0': CMAKE_PREFIX_PATH=${CMAKE_PREFIX_PATH}:/home/enio/develop_fer/Model-Informed-Path-Planning/path_planning_ws/install/path_planning_server:/home/enio/develop_fer/Model-Informed-Path-Planning/path_planning_ws/install/path_planning_action:/home/enio/develop_fer/Model-Informed-Path-Planning/path_planning_ws/install/map_server:/opt/ros/iron /usr/bin/cmake --install /home/enio/develop_fer/Model-Informed-Path-Planning/path_planning_ws/build/user_action_interfaces
