/home/enio/develop_fer/Model-Informed-Path-Planning/path_planning_ws/install/map_server/lib/python3.10/site-packages/map_server/__init__.py
/home/enio/develop_fer/Model-Informed-Path-Planning/path_planning_ws/install/map_server/lib/python3.10/site-packages/map_server/start_goal_action.py
/home/enio/develop_fer/Model-Informed-Path-Planning/path_planning_ws/install/map_server/lib/python3.10/site-packages/map_server/rviz2_launch.py
/home/enio/develop_fer/Model-Informed-Path-Planning/path_planning_ws/install/map_server/lib/python3.10/site-packages/map_server/__pycache__/__init__.cpython-310.pyc
/home/enio/develop_fer/Model-Informed-Path-Planning/path_planning_ws/install/map_server/lib/python3.10/site-packages/map_server/__pycache__/start_goal_action.cpython-310.pyc
/home/enio/develop_fer/Model-Informed-Path-Planning/path_planning_ws/install/map_server/lib/python3.10/site-packages/map_server/__pycache__/rviz2_launch.cpython-310.pyc
/home/enio/develop_fer/Model-Informed-Path-Planning/path_planning_ws/install/map_server/share/ament_index/resource_index/packages/map_server
/home/enio/develop_fer/Model-Informed-Path-Planning/path_planning_ws/install/map_server/share/map_server/package.xml
/home/enio/develop_fer/Model-Informed-Path-Planning/path_planning_ws/install/map_server/share/map_server/input_data/jadranovo/osm_info.txt
/home/enio/develop_fer/Model-Informed-Path-Planning/path_planning_ws/install/map_server/share/map_server/input_data/jadranovo/jadranovo.png
/home/enio/develop_fer/Model-Informed-Path-Planning/path_planning_ws/install/map_server/share/map_server/input_data/petrina/osm_info.txt
/home/enio/develop_fer/Model-Informed-Path-Planning/path_planning_ws/install/map_server/share/map_server/input_data/petrina/petrina_resized.png
/home/enio/develop_fer/Model-Informed-Path-Planning/path_planning_ws/install/map_server/share/map_server/input_data/petrina/petrina.png
/home/enio/develop_fer/Model-Informed-Path-Planning/path_planning_ws/install/map_server/share/map_server/input_data/processed_maps/processed_map_jadranovo_map
/home/enio/develop_fer/Model-Informed-Path-Planning/path_planning_ws/install/map_server/share/map_server/input_data/vrbnik/osm_info.txt
/home/enio/develop_fer/Model-Informed-Path-Planning/path_planning_ws/install/map_server/share/map_server/input_data/vrbnik/vrbnik.png
/home/enio/develop_fer/Model-Informed-Path-Planning/path_planning_ws/install/map_server/share/map_server/input_data/vrbnik/vrbnik_resized.png
/home/enio/develop_fer/Model-Informed-Path-Planning/path_planning_ws/install/map_server/share/map_server/input_data/novi/osm_info.txt
/home/enio/develop_fer/Model-Informed-Path-Planning/path_planning_ws/install/map_server/share/map_server/input_data/novi/novi.png
/home/enio/develop_fer/Model-Informed-Path-Planning/path_planning_ws/install/map_server/share/map_server/input_data/novi/novi_resized.png
/home/enio/develop_fer/Model-Informed-Path-Planning/path_planning_ws/install/map_server/share/map_server/input_data/selehovica/osm_info.txt
/home/enio/develop_fer/Model-Informed-Path-Planning/path_planning_ws/install/map_server/share/map_server/input_data/selehovica/selehovica_resized.png
/home/enio/develop_fer/Model-Informed-Path-Planning/path_planning_ws/install/map_server/share/map_server/input_data/selehovica/selehovica.png
/home/enio/develop_fer/Model-Informed-Path-Planning/path_planning_ws/install/map_server/share/map_server/input_data/voz/osm_info.txt
/home/enio/develop_fer/Model-Informed-Path-Planning/path_planning_ws/install/map_server/share/map_server/input_data/voz/voz_resized.png
/home/enio/develop_fer/Model-Informed-Path-Planning/path_planning_ws/install/map_server/share/map_server/input_data/voz/voz.png
/home/enio/develop_fer/Model-Informed-Path-Planning/path_planning_ws/install/map_server/share/map_server/input_data/sv_marko/osm_info.txt
/home/enio/develop_fer/Model-Informed-Path-Planning/path_planning_ws/install/map_server/share/map_server/input_data/sv_marko/sv_marko.png
/home/enio/develop_fer/Model-Informed-Path-Planning/path_planning_ws/install/map_server/share/map_server/input_data/melska/osm_info.txt
/home/enio/develop_fer/Model-Informed-Path-Planning/path_planning_ws/install/map_server/share/map_server/input_data/melska/melska.png
/home/enio/develop_fer/Model-Informed-Path-Planning/path_planning_ws/install/map_server/share/map_server/input_data/melska/melska_resized.png
/home/enio/develop_fer/Model-Informed-Path-Planning/path_planning_ws/install/map_server/share/map_server/input_data/selce/osm_info.txt
/home/enio/develop_fer/Model-Informed-Path-Planning/path_planning_ws/install/map_server/share/map_server/input_data/selce/selce_resized.png
/home/enio/develop_fer/Model-Informed-Path-Planning/path_planning_ws/install/map_server/share/map_server/input_data/selce/selce.png
/home/enio/develop_fer/Model-Informed-Path-Planning/path_planning_ws/install/map_server/share/map_server/input_data/klimno/osm_info.txt
/home/enio/develop_fer/Model-Informed-Path-Planning/path_planning_ws/install/map_server/share/map_server/input_data/klimno/klimno.png
/home/enio/develop_fer/Model-Informed-Path-Planning/path_planning_ws/install/map_server/share/map_server/input_data/klimno/klimno_resized.png
/home/enio/develop_fer/Model-Informed-Path-Planning/path_planning_ws/install/map_server/share/map_server/input_data/rudine/osm_info.txt
/home/enio/develop_fer/Model-Informed-Path-Planning/path_planning_ws/install/map_server/share/map_server/input_data/rudine/rudine.png
/home/enio/develop_fer/Model-Informed-Path-Planning/path_planning_ws/install/map_server/share/map_server/input_data/rudine/rudine_resized.png
/home/enio/develop_fer/Model-Informed-Path-Planning/path_planning_ws/install/map_server/share/map_server/input_data/silo/osm_info.txt
/home/enio/develop_fer/Model-Informed-Path-Planning/path_planning_ws/install/map_server/share/map_server/input_data/silo/silo.png
/home/enio/develop_fer/Model-Informed-Path-Planning/path_planning_ws/install/map_server/share/map_server/input_data/silo/silo_resized.png
/home/enio/develop_fer/Model-Informed-Path-Planning/path_planning_ws/install/map_server/share/map_server/input_data/lokvisce/osm_info.txt
/home/enio/develop_fer/Model-Informed-Path-Planning/path_planning_ws/install/map_server/share/map_server/input_data/lokvisce/lokvisce.png
/home/enio/develop_fer/Model-Informed-Path-Planning/path_planning_ws/install/map_server/share/map_server/input_data/lokvisce/lokvisce_resized.png
/home/enio/develop_fer/Model-Informed-Path-Planning/path_planning_ws/install/map_server/share/map_server/input_data/omisalj/osm_info.txt
/home/enio/develop_fer/Model-Informed-Path-Planning/path_planning_ws/install/map_server/share/map_server/input_data/omisalj/omisalj.png
/home/enio/develop_fer/Model-Informed-Path-Planning/path_planning_ws/install/map_server/share/map_server/input_data/omisalj/omisalj_resized.png
/home/enio/develop_fer/Model-Informed-Path-Planning/path_planning_ws/install/map_server/share/map_server/input_data/povile/osm_info.txt
/home/enio/develop_fer/Model-Informed-Path-Planning/path_planning_ws/install/map_server/share/map_server/input_data/povile/povile.png
/home/enio/develop_fer/Model-Informed-Path-Planning/path_planning_ws/install/map_server/share/map_server/input_data/povile/povile_resized.png
/home/enio/develop_fer/Model-Informed-Path-Planning/path_planning_ws/install/map_server/share/map_server/input_data/dramalj/osm_info.txt
/home/enio/develop_fer/Model-Informed-Path-Planning/path_planning_ws/install/map_server/share/map_server/input_data/dramalj/dramalj_resized.png
/home/enio/develop_fer/Model-Informed-Path-Planning/path_planning_ws/install/map_server/share/map_server/input_data/dramalj/dramalj.png
/home/enio/develop_fer/Model-Informed-Path-Planning/path_planning_ws/install/map_server/share/map_server/input_data/crikvenica/osm_info.txt
/home/enio/develop_fer/Model-Informed-Path-Planning/path_planning_ws/install/map_server/share/map_server/input_data/crikvenica/crikvenica_resized.png
/home/enio/develop_fer/Model-Informed-Path-Planning/path_planning_ws/install/map_server/share/map_server/input_data/crikvenica/crikvenica.png
/home/enio/develop_fer/Model-Informed-Path-Planning/path_planning_ws/install/map_server/share/map_server/launch/pointcloud_launch.py
/home/enio/develop_fer/Model-Informed-Path-Planning/path_planning_ws/install/map_server/share/map_server/launch/rviz2_pointcloud_launch.py
/home/enio/develop_fer/Model-Informed-Path-Planning/path_planning_ws/install/map_server/share/map_server/launch/make_map_launch.py
/home/enio/develop_fer/Model-Informed-Path-Planning/path_planning_ws/install/map_server/share/map_server/launch/init_launch.py
/home/enio/develop_fer/Model-Informed-Path-Planning/path_planning_ws/install/map_server/share/map_server/rviz2/map_visualization.rviz
/home/enio/develop_fer/Model-Informed-Path-Planning/path_planning_ws/install/map_server/share/map_server/processed_maps/test.py
/home/enio/develop_fer/Model-Informed-Path-Planning/path_planning_ws/install/map_server/lib/map_server/input_data/jadranovo/osm_info.txt
/home/enio/develop_fer/Model-Informed-Path-Planning/path_planning_ws/install/map_server/lib/map_server/input_data/jadranovo/jadranovo.png
/home/enio/develop_fer/Model-Informed-Path-Planning/path_planning_ws/install/map_server/lib/map_server/input_data/petrina/osm_info.txt
/home/enio/develop_fer/Model-Informed-Path-Planning/path_planning_ws/install/map_server/lib/map_server/input_data/petrina/petrina_resized.png
/home/enio/develop_fer/Model-Informed-Path-Planning/path_planning_ws/install/map_server/lib/map_server/input_data/petrina/petrina.png
/home/enio/develop_fer/Model-Informed-Path-Planning/path_planning_ws/install/map_server/lib/map_server/input_data/processed_maps/processed_map_jadranovo_map
/home/enio/develop_fer/Model-Informed-Path-Planning/path_planning_ws/install/map_server/lib/map_server/input_data/vrbnik/osm_info.txt
/home/enio/develop_fer/Model-Informed-Path-Planning/path_planning_ws/install/map_server/lib/map_server/input_data/vrbnik/vrbnik.png
/home/enio/develop_fer/Model-Informed-Path-Planning/path_planning_ws/install/map_server/lib/map_server/input_data/vrbnik/vrbnik_resized.png
/home/enio/develop_fer/Model-Informed-Path-Planning/path_planning_ws/install/map_server/lib/map_server/input_data/novi/osm_info.txt
/home/enio/develop_fer/Model-Informed-Path-Planning/path_planning_ws/install/map_server/lib/map_server/input_data/novi/novi.png
/home/enio/develop_fer/Model-Informed-Path-Planning/path_planning_ws/install/map_server/lib/map_server/input_data/novi/novi_resized.png
/home/enio/develop_fer/Model-Informed-Path-Planning/path_planning_ws/install/map_server/lib/map_server/input_data/selehovica/osm_info.txt
/home/enio/develop_fer/Model-Informed-Path-Planning/path_planning_ws/install/map_server/lib/map_server/input_data/selehovica/selehovica_resized.png
/home/enio/develop_fer/Model-Informed-Path-Planning/path_planning_ws/install/map_server/lib/map_server/input_data/selehovica/selehovica.png
/home/enio/develop_fer/Model-Informed-Path-Planning/path_planning_ws/install/map_server/lib/map_server/input_data/voz/osm_info.txt
/home/enio/develop_fer/Model-Informed-Path-Planning/path_planning_ws/install/map_server/lib/map_server/input_data/voz/voz_resized.png
/home/enio/develop_fer/Model-Informed-Path-Planning/path_planning_ws/install/map_server/lib/map_server/input_data/voz/voz.png
/home/enio/develop_fer/Model-Informed-Path-Planning/path_planning_ws/install/map_server/lib/map_server/input_data/sv_marko/osm_info.txt
/home/enio/develop_fer/Model-Informed-Path-Planning/path_planning_ws/install/map_server/lib/map_server/input_data/sv_marko/sv_marko.png
/home/enio/develop_fer/Model-Informed-Path-Planning/path_planning_ws/install/map_server/lib/map_server/input_data/melska/osm_info.txt
/home/enio/develop_fer/Model-Informed-Path-Planning/path_planning_ws/install/map_server/lib/map_server/input_data/melska/melska.png
/home/enio/develop_fer/Model-Informed-Path-Planning/path_planning_ws/install/map_server/lib/map_server/input_data/melska/melska_resized.png
/home/enio/develop_fer/Model-Informed-Path-Planning/path_planning_ws/install/map_server/lib/map_server/input_data/selce/osm_info.txt
/home/enio/develop_fer/Model-Informed-Path-Planning/path_planning_ws/install/map_server/lib/map_server/input_data/selce/selce_resized.png
/home/enio/develop_fer/Model-Informed-Path-Planning/path_planning_ws/install/map_server/lib/map_server/input_data/selce/selce.png
/home/enio/develop_fer/Model-Informed-Path-Planning/path_planning_ws/install/map_server/lib/map_server/input_data/klimno/osm_info.txt
/home/enio/develop_fer/Model-Informed-Path-Planning/path_planning_ws/install/map_server/lib/map_server/input_data/klimno/klimno.png
/home/enio/develop_fer/Model-Informed-Path-Planning/path_planning_ws/install/map_server/lib/map_server/input_data/klimno/klimno_resized.png
/home/enio/develop_fer/Model-Informed-Path-Planning/path_planning_ws/install/map_server/lib/map_server/input_data/rudine/osm_info.txt
/home/enio/develop_fer/Model-Informed-Path-Planning/path_planning_ws/install/map_server/lib/map_server/input_data/rudine/rudine.png
/home/enio/develop_fer/Model-Informed-Path-Planning/path_planning_ws/install/map_server/lib/map_server/input_data/rudine/rudine_resized.png
/home/enio/develop_fer/Model-Informed-Path-Planning/path_planning_ws/install/map_server/lib/map_server/input_data/silo/osm_info.txt
/home/enio/develop_fer/Model-Informed-Path-Planning/path_planning_ws/install/map_server/lib/map_server/input_data/silo/silo.png
/home/enio/develop_fer/Model-Informed-Path-Planning/path_planning_ws/install/map_server/lib/map_server/input_data/silo/silo_resized.png
/home/enio/develop_fer/Model-Informed-Path-Planning/path_planning_ws/install/map_server/lib/map_server/input_data/lokvisce/osm_info.txt
/home/enio/develop_fer/Model-Informed-Path-Planning/path_planning_ws/install/map_server/lib/map_server/input_data/lokvisce/lokvisce.png
/home/enio/develop_fer/Model-Informed-Path-Planning/path_planning_ws/install/map_server/lib/map_server/input_data/lokvisce/lokvisce_resized.png
/home/enio/develop_fer/Model-Informed-Path-Planning/path_planning_ws/install/map_server/lib/map_server/input_data/omisalj/osm_info.txt
/home/enio/develop_fer/Model-Informed-Path-Planning/path_planning_ws/install/map_server/lib/map_server/input_data/omisalj/omisalj.png
/home/enio/develop_fer/Model-Informed-Path-Planning/path_planning_ws/install/map_server/lib/map_server/input_data/omisalj/omisalj_resized.png
/home/enio/develop_fer/Model-Informed-Path-Planning/path_planning_ws/install/map_server/lib/map_server/input_data/povile/osm_info.txt
/home/enio/develop_fer/Model-Informed-Path-Planning/path_planning_ws/install/map_server/lib/map_server/input_data/povile/povile.png
/home/enio/develop_fer/Model-Informed-Path-Planning/path_planning_ws/install/map_server/lib/map_server/input_data/povile/povile_resized.png
/home/enio/develop_fer/Model-Informed-Path-Planning/path_planning_ws/install/map_server/lib/map_server/input_data/dramalj/osm_info.txt
/home/enio/develop_fer/Model-Informed-Path-Planning/path_planning_ws/install/map_server/lib/map_server/input_data/dramalj/dramalj_resized.png
/home/enio/develop_fer/Model-Informed-Path-Planning/path_planning_ws/install/map_server/lib/map_server/input_data/dramalj/dramalj.png
/home/enio/develop_fer/Model-Informed-Path-Planning/path_planning_ws/install/map_server/lib/map_server/input_data/crikvenica/osm_info.txt
/home/enio/develop_fer/Model-Informed-Path-Planning/path_planning_ws/install/map_server/lib/map_server/input_data/crikvenica/crikvenica_resized.png
/home/enio/develop_fer/Model-Informed-Path-Planning/path_planning_ws/install/map_server/lib/map_server/input_data/crikvenica/crikvenica.png
/home/enio/develop_fer/Model-Informed-Path-Planning/path_planning_ws/install/map_server/lib/map_server/launch/pointcloud_launch.py
/home/enio/develop_fer/Model-Informed-Path-Planning/path_planning_ws/install/map_server/lib/map_server/launch/rviz2_pointcloud_launch.py
/home/enio/develop_fer/Model-Informed-Path-Planning/path_planning_ws/install/map_server/lib/map_server/launch/make_map_launch.py
/home/enio/develop_fer/Model-Informed-Path-Planning/path_planning_ws/install/map_server/lib/map_server/launch/init_launch.py
/home/enio/develop_fer/Model-Informed-Path-Planning/path_planning_ws/install/map_server/lib/map_server/rviz2/map_visualization.rviz
/home/enio/develop_fer/Model-Informed-Path-Planning/path_planning_ws/install/map_server/lib/map_server/processed_maps/test.py
/home/enio/develop_fer/Model-Informed-Path-Planning/path_planning_ws/install/map_server/lib/python3.10/site-packages/map_server/input_data/jadranovo/osm_info.txt
/home/enio/develop_fer/Model-Informed-Path-Planning/path_planning_ws/install/map_server/lib/python3.10/site-packages/map_server/input_data/jadranovo/jadranovo.png
/home/enio/develop_fer/Model-Informed-Path-Planning/path_planning_ws/install/map_server/lib/python3.10/site-packages/map_server/input_data/petrina/osm_info.txt
/home/enio/develop_fer/Model-Informed-Path-Planning/path_planning_ws/install/map_server/lib/python3.10/site-packages/map_server/input_data/petrina/petrina_resized.png
/home/enio/develop_fer/Model-Informed-Path-Planning/path_planning_ws/install/map_server/lib/python3.10/site-packages/map_server/input_data/petrina/petrina.png
/home/enio/develop_fer/Model-Informed-Path-Planning/path_planning_ws/install/map_server/lib/python3.10/site-packages/map_server/input_data/processed_maps/processed_map_jadranovo_map
/home/enio/develop_fer/Model-Informed-Path-Planning/path_planning_ws/install/map_server/lib/python3.10/site-packages/map_server/input_data/vrbnik/osm_info.txt
/home/enio/develop_fer/Model-Informed-Path-Planning/path_planning_ws/install/map_server/lib/python3.10/site-packages/map_server/input_data/vrbnik/vrbnik.png
/home/enio/develop_fer/Model-Informed-Path-Planning/path_planning_ws/install/map_server/lib/python3.10/site-packages/map_server/input_data/vrbnik/vrbnik_resized.png
/home/enio/develop_fer/Model-Informed-Path-Planning/path_planning_ws/install/map_server/lib/python3.10/site-packages/map_server/input_data/novi/osm_info.txt
/home/enio/develop_fer/Model-Informed-Path-Planning/path_planning_ws/install/map_server/lib/python3.10/site-packages/map_server/input_data/novi/novi.png
/home/enio/develop_fer/Model-Informed-Path-Planning/path_planning_ws/install/map_server/lib/python3.10/site-packages/map_server/input_data/novi/novi_resized.png
/home/enio/develop_fer/Model-Informed-Path-Planning/path_planning_ws/install/map_server/lib/python3.10/site-packages/map_server/input_data/selehovica/osm_info.txt
/home/enio/develop_fer/Model-Informed-Path-Planning/path_planning_ws/install/map_server/lib/python3.10/site-packages/map_server/input_data/selehovica/selehovica_resized.png
/home/enio/develop_fer/Model-Informed-Path-Planning/path_planning_ws/install/map_server/lib/python3.10/site-packages/map_server/input_data/selehovica/selehovica.png
/home/enio/develop_fer/Model-Informed-Path-Planning/path_planning_ws/install/map_server/lib/python3.10/site-packages/map_server/input_data/voz/osm_info.txt
/home/enio/develop_fer/Model-Informed-Path-Planning/path_planning_ws/install/map_server/lib/python3.10/site-packages/map_server/input_data/voz/voz_resized.png
/home/enio/develop_fer/Model-Informed-Path-Planning/path_planning_ws/install/map_server/lib/python3.10/site-packages/map_server/input_data/voz/voz.png
/home/enio/develop_fer/Model-Informed-Path-Planning/path_planning_ws/install/map_server/lib/python3.10/site-packages/map_server/input_data/sv_marko/osm_info.txt
/home/enio/develop_fer/Model-Informed-Path-Planning/path_planning_ws/install/map_server/lib/python3.10/site-packages/map_server/input_data/sv_marko/sv_marko.png
/home/enio/develop_fer/Model-Informed-Path-Planning/path_planning_ws/install/map_server/lib/python3.10/site-packages/map_server/input_data/melska/osm_info.txt
/home/enio/develop_fer/Model-Informed-Path-Planning/path_planning_ws/install/map_server/lib/python3.10/site-packages/map_server/input_data/melska/melska.png
/home/enio/develop_fer/Model-Informed-Path-Planning/path_planning_ws/install/map_server/lib/python3.10/site-packages/map_server/input_data/melska/melska_resized.png
/home/enio/develop_fer/Model-Informed-Path-Planning/path_planning_ws/install/map_server/lib/python3.10/site-packages/map_server/input_data/selce/osm_info.txt
/home/enio/develop_fer/Model-Informed-Path-Planning/path_planning_ws/install/map_server/lib/python3.10/site-packages/map_server/input_data/selce/selce_resized.png
/home/enio/develop_fer/Model-Informed-Path-Planning/path_planning_ws/install/map_server/lib/python3.10/site-packages/map_server/input_data/selce/selce.png
/home/enio/develop_fer/Model-Informed-Path-Planning/path_planning_ws/install/map_server/lib/python3.10/site-packages/map_server/input_data/klimno/osm_info.txt
/home/enio/develop_fer/Model-Informed-Path-Planning/path_planning_ws/install/map_server/lib/python3.10/site-packages/map_server/input_data/klimno/klimno.png
/home/enio/develop_fer/Model-Informed-Path-Planning/path_planning_ws/install/map_server/lib/python3.10/site-packages/map_server/input_data/klimno/klimno_resized.png
/home/enio/develop_fer/Model-Informed-Path-Planning/path_planning_ws/install/map_server/lib/python3.10/site-packages/map_server/input_data/rudine/osm_info.txt
/home/enio/develop_fer/Model-Informed-Path-Planning/path_planning_ws/install/map_server/lib/python3.10/site-packages/map_server/input_data/rudine/rudine.png
/home/enio/develop_fer/Model-Informed-Path-Planning/path_planning_ws/install/map_server/lib/python3.10/site-packages/map_server/input_data/rudine/rudine_resized.png
/home/enio/develop_fer/Model-Informed-Path-Planning/path_planning_ws/install/map_server/lib/python3.10/site-packages/map_server/input_data/silo/osm_info.txt
/home/enio/develop_fer/Model-Informed-Path-Planning/path_planning_ws/install/map_server/lib/python3.10/site-packages/map_server/input_data/silo/silo.png
/home/enio/develop_fer/Model-Informed-Path-Planning/path_planning_ws/install/map_server/lib/python3.10/site-packages/map_server/input_data/silo/silo_resized.png
/home/enio/develop_fer/Model-Informed-Path-Planning/path_planning_ws/install/map_server/lib/python3.10/site-packages/map_server/input_data/lokvisce/osm_info.txt
/home/enio/develop_fer/Model-Informed-Path-Planning/path_planning_ws/install/map_server/lib/python3.10/site-packages/map_server/input_data/lokvisce/lokvisce.png
/home/enio/develop_fer/Model-Informed-Path-Planning/path_planning_ws/install/map_server/lib/python3.10/site-packages/map_server/input_data/lokvisce/lokvisce_resized.png
/home/enio/develop_fer/Model-Informed-Path-Planning/path_planning_ws/install/map_server/lib/python3.10/site-packages/map_server/input_data/omisalj/osm_info.txt
/home/enio/develop_fer/Model-Informed-Path-Planning/path_planning_ws/install/map_server/lib/python3.10/site-packages/map_server/input_data/omisalj/omisalj.png
/home/enio/develop_fer/Model-Informed-Path-Planning/path_planning_ws/install/map_server/lib/python3.10/site-packages/map_server/input_data/omisalj/omisalj_resized.png
/home/enio/develop_fer/Model-Informed-Path-Planning/path_planning_ws/install/map_server/lib/python3.10/site-packages/map_server/input_data/povile/osm_info.txt
/home/enio/develop_fer/Model-Informed-Path-Planning/path_planning_ws/install/map_server/lib/python3.10/site-packages/map_server/input_data/povile/povile.png
/home/enio/develop_fer/Model-Informed-Path-Planning/path_planning_ws/install/map_server/lib/python3.10/site-packages/map_server/input_data/povile/povile_resized.png
/home/enio/develop_fer/Model-Informed-Path-Planning/path_planning_ws/install/map_server/lib/python3.10/site-packages/map_server/input_data/dramalj/osm_info.txt
/home/enio/develop_fer/Model-Informed-Path-Planning/path_planning_ws/install/map_server/lib/python3.10/site-packages/map_server/input_data/dramalj/dramalj_resized.png
/home/enio/develop_fer/Model-Informed-Path-Planning/path_planning_ws/install/map_server/lib/python3.10/site-packages/map_server/input_data/dramalj/dramalj.png
/home/enio/develop_fer/Model-Informed-Path-Planning/path_planning_ws/install/map_server/lib/python3.10/site-packages/map_server/input_data/crikvenica/osm_info.txt
/home/enio/develop_fer/Model-Informed-Path-Planning/path_planning_ws/install/map_server/lib/python3.10/site-packages/map_server/input_data/crikvenica/crikvenica_resized.png
/home/enio/develop_fer/Model-Informed-Path-Planning/path_planning_ws/install/map_server/lib/python3.10/site-packages/map_server/input_data/crikvenica/crikvenica.png
/home/enio/develop_fer/Model-Informed-Path-Planning/path_planning_ws/install/map_server/lib/python3.10/site-packages/map_server/launch/pointcloud_launch.py
/home/enio/develop_fer/Model-Informed-Path-Planning/path_planning_ws/install/map_server/lib/python3.10/site-packages/map_server/launch/rviz2_pointcloud_launch.py
/home/enio/develop_fer/Model-Informed-Path-Planning/path_planning_ws/install/map_server/lib/python3.10/site-packages/map_server/launch/make_map_launch.py
/home/enio/develop_fer/Model-Informed-Path-Planning/path_planning_ws/install/map_server/lib/python3.10/site-packages/map_server/launch/init_launch.py
/home/enio/develop_fer/Model-Informed-Path-Planning/path_planning_ws/install/map_server/lib/python3.10/site-packages/map_server/rviz2/map_visualization.rviz
/home/enio/develop_fer/Model-Informed-Path-Planning/path_planning_ws/install/map_server/lib/python3.10/site-packages/map_server/processed_maps/test.py
/home/enio/develop_fer/Model-Informed-Path-Planning/path_planning_ws/install/map_server/lib/python3.10/site-packages/map_server-0.0.0-py3.10.egg-info/requires.txt
/home/enio/develop_fer/Model-Informed-Path-Planning/path_planning_ws/install/map_server/lib/python3.10/site-packages/map_server-0.0.0-py3.10.egg-info/PKG-INFO
/home/enio/develop_fer/Model-Informed-Path-Planning/path_planning_ws/install/map_server/lib/python3.10/site-packages/map_server-0.0.0-py3.10.egg-info/top_level.txt
/home/enio/develop_fer/Model-Informed-Path-Planning/path_planning_ws/install/map_server/lib/python3.10/site-packages/map_server-0.0.0-py3.10.egg-info/dependency_links.txt
/home/enio/develop_fer/Model-Informed-Path-Planning/path_planning_ws/install/map_server/lib/python3.10/site-packages/map_server-0.0.0-py3.10.egg-info/entry_points.txt
/home/enio/develop_fer/Model-Informed-Path-Planning/path_planning_ws/install/map_server/lib/python3.10/site-packages/map_server-0.0.0-py3.10.egg-info/SOURCES.txt
/home/enio/develop_fer/Model-Informed-Path-Planning/path_planning_ws/install/map_server/lib/python3.10/site-packages/map_server-0.0.0-py3.10.egg-info/zip-safe
/home/enio/develop_fer/Model-Informed-Path-Planning/path_planning_ws/install/map_server/lib/map_server/detect_coast
/home/enio/develop_fer/Model-Informed-Path-Planning/path_planning_ws/install/map_server/lib/map_server/map_process
/home/enio/develop_fer/Model-Informed-Path-Planning/path_planning_ws/install/map_server/lib/map_server/pointcloud_publisher
/home/enio/develop_fer/Model-Informed-Path-Planning/path_planning_ws/install/map_server/lib/map_server/post_processing
/home/enio/develop_fer/Model-Informed-Path-Planning/path_planning_ws/install/map_server/lib/map_server/process_osm_data
/home/enio/develop_fer/Model-Informed-Path-Planning/path_planning_ws/install/map_server/lib/map_server/rviz2_launch
/home/enio/develop_fer/Model-Informed-Path-Planning/path_planning_ws/install/map_server/lib/map_server/start_goal_action
