/home/enio/develop_fer/Model-Informed-Path-Planning/path_planning_ws/install/path_planning_server/lib/python3.10/site-packages/path_planning_server/__init__.py
/home/enio/develop_fer/Model-Informed-Path-Planning/path_planning_ws/install/path_planning_server/lib/python3.10/site-packages/path_planning_server/algorithms_base.py
/home/enio/develop_fer/Model-Informed-Path-Planning/path_planning_ws/install/path_planning_server/lib/python3.10/site-packages/path_planning_server/algorithms_test.py
/home/enio/develop_fer/Model-Informed-Path-Planning/path_planning_ws/install/path_planning_server/lib/python3.10/site-packages/path_planning_server/path_results.py
/home/enio/develop_fer/Model-Informed-Path-Planning/path_planning_ws/install/path_planning_server/lib/python3.10/site-packages/path_planning_server/plot.py
/home/enio/develop_fer/Model-Informed-Path-Planning/path_planning_ws/install/path_planning_server/lib/python3.10/site-packages/path_planning_server/planning_server.py
/home/enio/develop_fer/Model-Informed-Path-Planning/path_planning_ws/install/path_planning_server/lib/python3.10/site-packages/path_planning_server/__pycache__/__init__.cpython-310.pyc
/home/enio/develop_fer/Model-Informed-Path-Planning/path_planning_ws/install/path_planning_server/lib/python3.10/site-packages/path_planning_server/__pycache__/algorithms_base.cpython-310.pyc
/home/enio/develop_fer/Model-Informed-Path-Planning/path_planning_ws/install/path_planning_server/lib/python3.10/site-packages/path_planning_server/__pycache__/algorithms_test.cpython-310.pyc
/home/enio/develop_fer/Model-Informed-Path-Planning/path_planning_ws/install/path_planning_server/lib/python3.10/site-packages/path_planning_server/__pycache__/path_results.cpython-310.pyc
/home/enio/develop_fer/Model-Informed-Path-Planning/path_planning_ws/install/path_planning_server/lib/python3.10/site-packages/path_planning_server/__pycache__/plot.cpython-310.pyc
/home/enio/develop_fer/Model-Informed-Path-Planning/path_planning_ws/install/path_planning_server/lib/python3.10/site-packages/path_planning_server/__pycache__/planning_server.cpython-310.pyc
/home/enio/develop_fer/Model-Informed-Path-Planning/path_planning_ws/install/path_planning_server/share/ament_index/resource_index/packages/path_planning_server
/home/enio/develop_fer/Model-Informed-Path-Planning/path_planning_ws/install/path_planning_server/share/path_planning_server/package.xml
/home/enio/develop_fer/Model-Informed-Path-Planning/path_planning_ws/install/path_planning_server/share/path_planning_server/algorithms/hybrid_d_star_lite.py
/home/enio/develop_fer/Model-Informed-Path-Planning/path_planning_ws/install/path_planning_server/share/path_planning_server/launch/init_launch.py
/home/enio/develop_fer/Model-Informed-Path-Planning/path_planning_ws/install/path_planning_server/share/path_planning_server/curve_generation/fem_pos_smooth.py
/home/enio/develop_fer/Model-Informed-Path-Planning/path_planning_ws/install/path_planning_server/share/path_planning_server/curve_generation/cubic_spline.py
/home/enio/develop_fer/Model-Informed-Path-Planning/path_planning_ws/install/path_planning_server/share/path_planning_server/curve_generation/curve_factory.py
/home/enio/develop_fer/Model-Informed-Path-Planning/path_planning_ws/install/path_planning_server/share/path_planning_server/curve_generation/curve.py
/home/enio/develop_fer/Model-Informed-Path-Planning/path_planning_ws/install/path_planning_server/share/path_planning_server/curve_generation/polynomial_curve.py
/home/enio/develop_fer/Model-Informed-Path-Planning/path_planning_ws/install/path_planning_server/share/path_planning_server/curve_generation/reeds_shepp.py
/home/enio/develop_fer/Model-Informed-Path-Planning/path_planning_ws/install/path_planning_server/share/path_planning_server/curve_generation/path_optimization.py
/home/enio/develop_fer/Model-Informed-Path-Planning/path_planning_ws/install/path_planning_server/share/path_planning_server/curve_generation/bezier_curve.py
/home/enio/develop_fer/Model-Informed-Path-Planning/path_planning_ws/install/path_planning_server/share/path_planning_server/curve_generation/dubins_curve.py
/home/enio/develop_fer/Model-Informed-Path-Planning/path_planning_ws/install/path_planning_server/share/path_planning_server/curve_generation/bspline_curve.py
/home/enio/develop_fer/Model-Informed-Path-Planning/path_planning_ws/install/path_planning_server/share/path_planning_server/curve_generation/utils/__init__.py
/home/enio/develop_fer/Model-Informed-Path-Planning/path_planning_ws/install/path_planning_server/share/path_planning_server/curve_generation/utils/local_planner/__init__.py
/home/enio/develop_fer/Model-Informed-Path-Planning/path_planning_ws/install/path_planning_server/share/path_planning_server/curve_generation/utils/local_planner/dwa.py
/home/enio/develop_fer/Model-Informed-Path-Planning/path_planning_ws/install/path_planning_server/share/path_planning_server/curve_generation/utils/local_planner/mpc.py
/home/enio/develop_fer/Model-Informed-Path-Planning/path_planning_ws/install/path_planning_server/share/path_planning_server/curve_generation/utils/local_planner/apf.py
/home/enio/develop_fer/Model-Informed-Path-Planning/path_planning_ws/install/path_planning_server/share/path_planning_server/curve_generation/utils/local_planner/pid.py
/home/enio/develop_fer/Model-Informed-Path-Planning/path_planning_ws/install/path_planning_server/share/path_planning_server/curve_generation/utils/local_planner/local_planner.py
/home/enio/develop_fer/Model-Informed-Path-Planning/path_planning_ws/install/path_planning_server/share/path_planning_server/curve_generation/utils/local_planner/rpp.py
/home/enio/develop_fer/Model-Informed-Path-Planning/path_planning_ws/install/path_planning_server/share/path_planning_server/curve_generation/utils/local_planner/lqr.py
/home/enio/develop_fer/Model-Informed-Path-Planning/path_planning_ws/install/path_planning_server/share/path_planning_server/curve_generation/utils/environment/__init__.py
/home/enio/develop_fer/Model-Informed-Path-Planning/path_planning_ws/install/path_planning_server/share/path_planning_server/curve_generation/utils/environment/node.py
/home/enio/develop_fer/Model-Informed-Path-Planning/path_planning_ws/install/path_planning_server/share/path_planning_server/curve_generation/utils/environment/env.py
/home/enio/develop_fer/Model-Informed-Path-Planning/path_planning_ws/install/path_planning_server/share/path_planning_server/curve_generation/utils/agent/agent.py
/home/enio/develop_fer/Model-Informed-Path-Planning/path_planning_ws/install/path_planning_server/share/path_planning_server/curve_generation/utils/agent/__init__.py
/home/enio/develop_fer/Model-Informed-Path-Planning/path_planning_ws/install/path_planning_server/share/path_planning_server/curve_generation/utils/helper/__init__.py
/home/enio/develop_fer/Model-Informed-Path-Planning/path_planning_ws/install/path_planning_server/share/path_planning_server/curve_generation/utils/helper/math_helper.py
/home/enio/develop_fer/Model-Informed-Path-Planning/path_planning_ws/install/path_planning_server/share/path_planning_server/curve_generation/utils/plot/__init__.py
/home/enio/develop_fer/Model-Informed-Path-Planning/path_planning_ws/install/path_planning_server/share/path_planning_server/curve_generation/utils/plot/plot.py
/home/enio/develop_fer/Model-Informed-Path-Planning/path_planning_ws/install/path_planning_server/share/path_planning_server/curve_generation/utils/planner/__init__.py
/home/enio/develop_fer/Model-Informed-Path-Planning/path_planning_ws/install/path_planning_server/share/path_planning_server/curve_generation/utils/planner/control_factory.py
/home/enio/develop_fer/Model-Informed-Path-Planning/path_planning_ws/install/path_planning_server/share/path_planning_server/curve_generation/utils/planner/search_factory.py
/home/enio/develop_fer/Model-Informed-Path-Planning/path_planning_ws/install/path_planning_server/share/path_planning_server/curve_generation/utils/planner/planner.py
/home/enio/develop_fer/Model-Informed-Path-Planning/path_planning_ws/install/path_planning_server/share/path_planning_server/curve_generation/utils/planner/global_planner/__init__.py
/home/enio/develop_fer/Model-Informed-Path-Planning/path_planning_ws/install/path_planning_server/share/path_planning_server/curve_generation/utils/planner/global_planner/graph_search/lpa_star.py
/home/enio/develop_fer/Model-Informed-Path-Planning/path_planning_ws/install/path_planning_server/share/path_planning_server/curve_generation/utils/planner/global_planner/graph_search/d_star.py
/home/enio/develop_fer/Model-Informed-Path-Planning/path_planning_ws/install/path_planning_server/share/path_planning_server/curve_generation/utils/planner/global_planner/graph_search/graph_search.py
/home/enio/develop_fer/Model-Informed-Path-Planning/path_planning_ws/install/path_planning_server/share/path_planning_server/curve_generation/utils/planner/global_planner/graph_search/voronoi.py
/home/enio/develop_fer/Model-Informed-Path-Planning/path_planning_ws/install/path_planning_server/share/path_planning_server/curve_generation/utils/planner/global_planner/graph_search/__init__.py
/home/enio/develop_fer/Model-Informed-Path-Planning/path_planning_ws/install/path_planning_server/share/path_planning_server/curve_generation/utils/planner/global_planner/graph_search/theta_star.py
/home/enio/develop_fer/Model-Informed-Path-Planning/path_planning_ws/install/path_planning_server/share/path_planning_server/curve_generation/utils/planner/global_planner/graph_search/s_theta_star.py
/home/enio/develop_fer/Model-Informed-Path-Planning/path_planning_ws/install/path_planning_server/share/path_planning_server/curve_generation/utils/planner/global_planner/graph_search/lazy_theta_star.py
/home/enio/develop_fer/Model-Informed-Path-Planning/path_planning_ws/install/path_planning_server/share/path_planning_server/curve_generation/utils/planner/global_planner/graph_search/dijkstra.py
/home/enio/develop_fer/Model-Informed-Path-Planning/path_planning_ws/install/path_planning_server/share/path_planning_server/curve_generation/utils/planner/global_planner/graph_search/d_star_lite.py
/home/enio/develop_fer/Model-Informed-Path-Planning/path_planning_ws/install/path_planning_server/share/path_planning_server/curve_generation/utils/planner/global_planner/graph_search/jps.py
/home/enio/develop_fer/Model-Informed-Path-Planning/path_planning_ws/install/path_planning_server/share/path_planning_server/curve_generation/utils/planner/global_planner/graph_search/gbfs.py
/home/enio/develop_fer/Model-Informed-Path-Planning/path_planning_ws/install/path_planning_server/share/path_planning_server/curve_generation/utils/planner/global_planner/graph_search/a_star.py
/home/enio/develop_fer/Model-Informed-Path-Planning/path_planning_ws/install/path_planning_server/share/path_planning_server/curve_generation/utils/planner/global_planner/evolutionary_search/pso.py
/home/enio/develop_fer/Model-Informed-Path-Planning/path_planning_ws/install/path_planning_server/share/path_planning_server/curve_generation/utils/planner/global_planner/evolutionary_search/__init__.py
/home/enio/develop_fer/Model-Informed-Path-Planning/path_planning_ws/install/path_planning_server/share/path_planning_server/curve_generation/utils/planner/global_planner/evolutionary_search/aco.py
/home/enio/develop_fer/Model-Informed-Path-Planning/path_planning_ws/install/path_planning_server/share/path_planning_server/curve_generation/utils/planner/global_planner/evolutionary_search/evolutionary_search.py
/home/enio/develop_fer/Model-Informed-Path-Planning/path_planning_ws/install/path_planning_server/share/path_planning_server/curve_generation/utils/planner/global_planner/sample_search/rrt_connect.py
/home/enio/develop_fer/Model-Informed-Path-Planning/path_planning_ws/install/path_planning_server/share/path_planning_server/curve_generation/utils/planner/global_planner/sample_search/__init__.py
/home/enio/develop_fer/Model-Informed-Path-Planning/path_planning_ws/install/path_planning_server/share/path_planning_server/curve_generation/utils/planner/global_planner/sample_search/sample_search.py
/home/enio/develop_fer/Model-Informed-Path-Planning/path_planning_ws/install/path_planning_server/share/path_planning_server/curve_generation/utils/planner/global_planner/sample_search/rrt.py
/home/enio/develop_fer/Model-Informed-Path-Planning/path_planning_ws/install/path_planning_server/share/path_planning_server/curve_generation/utils/planner/global_planner/sample_search/informed_rrt.py
/home/enio/develop_fer/Model-Informed-Path-Planning/path_planning_ws/install/path_planning_server/share/path_planning_server/curve_generation/utils/planner/global_planner/sample_search/rrt_star.py
/home/enio/develop_fer/Model-Informed-Path-Planning/path_planning_ws/install/path_planning_server/lib/path_planning_server/algorithms/hybrid_d_star_lite.py
/home/enio/develop_fer/Model-Informed-Path-Planning/path_planning_ws/install/path_planning_server/lib/path_planning_server/launch/init_launch.py
/home/enio/develop_fer/Model-Informed-Path-Planning/path_planning_ws/install/path_planning_server/lib/path_planning_server/curve_generation/fem_pos_smooth.py
/home/enio/develop_fer/Model-Informed-Path-Planning/path_planning_ws/install/path_planning_server/lib/path_planning_server/curve_generation/cubic_spline.py
/home/enio/develop_fer/Model-Informed-Path-Planning/path_planning_ws/install/path_planning_server/lib/path_planning_server/curve_generation/curve_factory.py
/home/enio/develop_fer/Model-Informed-Path-Planning/path_planning_ws/install/path_planning_server/lib/path_planning_server/curve_generation/curve.py
/home/enio/develop_fer/Model-Informed-Path-Planning/path_planning_ws/install/path_planning_server/lib/path_planning_server/curve_generation/polynomial_curve.py
/home/enio/develop_fer/Model-Informed-Path-Planning/path_planning_ws/install/path_planning_server/lib/path_planning_server/curve_generation/reeds_shepp.py
/home/enio/develop_fer/Model-Informed-Path-Planning/path_planning_ws/install/path_planning_server/lib/path_planning_server/curve_generation/path_optimization.py
/home/enio/develop_fer/Model-Informed-Path-Planning/path_planning_ws/install/path_planning_server/lib/path_planning_server/curve_generation/bezier_curve.py
/home/enio/develop_fer/Model-Informed-Path-Planning/path_planning_ws/install/path_planning_server/lib/path_planning_server/curve_generation/dubins_curve.py
/home/enio/develop_fer/Model-Informed-Path-Planning/path_planning_ws/install/path_planning_server/lib/path_planning_server/curve_generation/bspline_curve.py
/home/enio/develop_fer/Model-Informed-Path-Planning/path_planning_ws/install/path_planning_server/lib/path_planning_server/curve_generation/utils/__init__.py
/home/enio/develop_fer/Model-Informed-Path-Planning/path_planning_ws/install/path_planning_server/lib/path_planning_server/curve_generation/utils/local_planner/__init__.py
/home/enio/develop_fer/Model-Informed-Path-Planning/path_planning_ws/install/path_planning_server/lib/path_planning_server/curve_generation/utils/local_planner/dwa.py
/home/enio/develop_fer/Model-Informed-Path-Planning/path_planning_ws/install/path_planning_server/lib/path_planning_server/curve_generation/utils/local_planner/mpc.py
/home/enio/develop_fer/Model-Informed-Path-Planning/path_planning_ws/install/path_planning_server/lib/path_planning_server/curve_generation/utils/local_planner/apf.py
/home/enio/develop_fer/Model-Informed-Path-Planning/path_planning_ws/install/path_planning_server/lib/path_planning_server/curve_generation/utils/local_planner/pid.py
/home/enio/develop_fer/Model-Informed-Path-Planning/path_planning_ws/install/path_planning_server/lib/path_planning_server/curve_generation/utils/local_planner/local_planner.py
/home/enio/develop_fer/Model-Informed-Path-Planning/path_planning_ws/install/path_planning_server/lib/path_planning_server/curve_generation/utils/local_planner/rpp.py
/home/enio/develop_fer/Model-Informed-Path-Planning/path_planning_ws/install/path_planning_server/lib/path_planning_server/curve_generation/utils/local_planner/lqr.py
/home/enio/develop_fer/Model-Informed-Path-Planning/path_planning_ws/install/path_planning_server/lib/path_planning_server/curve_generation/utils/environment/__init__.py
/home/enio/develop_fer/Model-Informed-Path-Planning/path_planning_ws/install/path_planning_server/lib/path_planning_server/curve_generation/utils/environment/node.py
/home/enio/develop_fer/Model-Informed-Path-Planning/path_planning_ws/install/path_planning_server/lib/path_planning_server/curve_generation/utils/environment/env.py
/home/enio/develop_fer/Model-Informed-Path-Planning/path_planning_ws/install/path_planning_server/lib/path_planning_server/curve_generation/utils/agent/agent.py
/home/enio/develop_fer/Model-Informed-Path-Planning/path_planning_ws/install/path_planning_server/lib/path_planning_server/curve_generation/utils/agent/__init__.py
/home/enio/develop_fer/Model-Informed-Path-Planning/path_planning_ws/install/path_planning_server/lib/path_planning_server/curve_generation/utils/helper/__init__.py
/home/enio/develop_fer/Model-Informed-Path-Planning/path_planning_ws/install/path_planning_server/lib/path_planning_server/curve_generation/utils/helper/math_helper.py
/home/enio/develop_fer/Model-Informed-Path-Planning/path_planning_ws/install/path_planning_server/lib/path_planning_server/curve_generation/utils/plot/__init__.py
/home/enio/develop_fer/Model-Informed-Path-Planning/path_planning_ws/install/path_planning_server/lib/path_planning_server/curve_generation/utils/plot/plot.py
/home/enio/develop_fer/Model-Informed-Path-Planning/path_planning_ws/install/path_planning_server/lib/path_planning_server/curve_generation/utils/planner/__init__.py
/home/enio/develop_fer/Model-Informed-Path-Planning/path_planning_ws/install/path_planning_server/lib/path_planning_server/curve_generation/utils/planner/control_factory.py
/home/enio/develop_fer/Model-Informed-Path-Planning/path_planning_ws/install/path_planning_server/lib/path_planning_server/curve_generation/utils/planner/search_factory.py
/home/enio/develop_fer/Model-Informed-Path-Planning/path_planning_ws/install/path_planning_server/lib/path_planning_server/curve_generation/utils/planner/planner.py
/home/enio/develop_fer/Model-Informed-Path-Planning/path_planning_ws/install/path_planning_server/lib/path_planning_server/curve_generation/utils/planner/global_planner/__init__.py
/home/enio/develop_fer/Model-Informed-Path-Planning/path_planning_ws/install/path_planning_server/lib/path_planning_server/curve_generation/utils/planner/global_planner/graph_search/lpa_star.py
/home/enio/develop_fer/Model-Informed-Path-Planning/path_planning_ws/install/path_planning_server/lib/path_planning_server/curve_generation/utils/planner/global_planner/graph_search/d_star.py
/home/enio/develop_fer/Model-Informed-Path-Planning/path_planning_ws/install/path_planning_server/lib/path_planning_server/curve_generation/utils/planner/global_planner/graph_search/graph_search.py
/home/enio/develop_fer/Model-Informed-Path-Planning/path_planning_ws/install/path_planning_server/lib/path_planning_server/curve_generation/utils/planner/global_planner/graph_search/voronoi.py
/home/enio/develop_fer/Model-Informed-Path-Planning/path_planning_ws/install/path_planning_server/lib/path_planning_server/curve_generation/utils/planner/global_planner/graph_search/__init__.py
/home/enio/develop_fer/Model-Informed-Path-Planning/path_planning_ws/install/path_planning_server/lib/path_planning_server/curve_generation/utils/planner/global_planner/graph_search/theta_star.py
/home/enio/develop_fer/Model-Informed-Path-Planning/path_planning_ws/install/path_planning_server/lib/path_planning_server/curve_generation/utils/planner/global_planner/graph_search/s_theta_star.py
/home/enio/develop_fer/Model-Informed-Path-Planning/path_planning_ws/install/path_planning_server/lib/path_planning_server/curve_generation/utils/planner/global_planner/graph_search/lazy_theta_star.py
/home/enio/develop_fer/Model-Informed-Path-Planning/path_planning_ws/install/path_planning_server/lib/path_planning_server/curve_generation/utils/planner/global_planner/graph_search/dijkstra.py
/home/enio/develop_fer/Model-Informed-Path-Planning/path_planning_ws/install/path_planning_server/lib/path_planning_server/curve_generation/utils/planner/global_planner/graph_search/d_star_lite.py
/home/enio/develop_fer/Model-Informed-Path-Planning/path_planning_ws/install/path_planning_server/lib/path_planning_server/curve_generation/utils/planner/global_planner/graph_search/jps.py
/home/enio/develop_fer/Model-Informed-Path-Planning/path_planning_ws/install/path_planning_server/lib/path_planning_server/curve_generation/utils/planner/global_planner/graph_search/gbfs.py
/home/enio/develop_fer/Model-Informed-Path-Planning/path_planning_ws/install/path_planning_server/lib/path_planning_server/curve_generation/utils/planner/global_planner/graph_search/a_star.py
/home/enio/develop_fer/Model-Informed-Path-Planning/path_planning_ws/install/path_planning_server/lib/path_planning_server/curve_generation/utils/planner/global_planner/evolutionary_search/pso.py
/home/enio/develop_fer/Model-Informed-Path-Planning/path_planning_ws/install/path_planning_server/lib/path_planning_server/curve_generation/utils/planner/global_planner/evolutionary_search/__init__.py
/home/enio/develop_fer/Model-Informed-Path-Planning/path_planning_ws/install/path_planning_server/lib/path_planning_server/curve_generation/utils/planner/global_planner/evolutionary_search/aco.py
/home/enio/develop_fer/Model-Informed-Path-Planning/path_planning_ws/install/path_planning_server/lib/path_planning_server/curve_generation/utils/planner/global_planner/evolutionary_search/evolutionary_search.py
/home/enio/develop_fer/Model-Informed-Path-Planning/path_planning_ws/install/path_planning_server/lib/path_planning_server/curve_generation/utils/planner/global_planner/sample_search/rrt_connect.py
/home/enio/develop_fer/Model-Informed-Path-Planning/path_planning_ws/install/path_planning_server/lib/path_planning_server/curve_generation/utils/planner/global_planner/sample_search/__init__.py
/home/enio/develop_fer/Model-Informed-Path-Planning/path_planning_ws/install/path_planning_server/lib/path_planning_server/curve_generation/utils/planner/global_planner/sample_search/sample_search.py
/home/enio/develop_fer/Model-Informed-Path-Planning/path_planning_ws/install/path_planning_server/lib/path_planning_server/curve_generation/utils/planner/global_planner/sample_search/rrt.py
/home/enio/develop_fer/Model-Informed-Path-Planning/path_planning_ws/install/path_planning_server/lib/path_planning_server/curve_generation/utils/planner/global_planner/sample_search/informed_rrt.py
/home/enio/develop_fer/Model-Informed-Path-Planning/path_planning_ws/install/path_planning_server/lib/path_planning_server/curve_generation/utils/planner/global_planner/sample_search/rrt_star.py
/home/enio/develop_fer/Model-Informed-Path-Planning/path_planning_ws/install/path_planning_server/lib/python3.10/site-packages/path_planning_server/algorithms/hybrid_d_star_lite.py
/home/enio/develop_fer/Model-Informed-Path-Planning/path_planning_ws/install/path_planning_server/lib/python3.10/site-packages/path_planning_server/launch/init_launch.py
/home/enio/develop_fer/Model-Informed-Path-Planning/path_planning_ws/install/path_planning_server/lib/python3.10/site-packages/path_planning_server/curve_generation/fem_pos_smooth.py
/home/enio/develop_fer/Model-Informed-Path-Planning/path_planning_ws/install/path_planning_server/lib/python3.10/site-packages/path_planning_server/curve_generation/cubic_spline.py
/home/enio/develop_fer/Model-Informed-Path-Planning/path_planning_ws/install/path_planning_server/lib/python3.10/site-packages/path_planning_server/curve_generation/curve_factory.py
/home/enio/develop_fer/Model-Informed-Path-Planning/path_planning_ws/install/path_planning_server/lib/python3.10/site-packages/path_planning_server/curve_generation/curve.py
/home/enio/develop_fer/Model-Informed-Path-Planning/path_planning_ws/install/path_planning_server/lib/python3.10/site-packages/path_planning_server/curve_generation/polynomial_curve.py
/home/enio/develop_fer/Model-Informed-Path-Planning/path_planning_ws/install/path_planning_server/lib/python3.10/site-packages/path_planning_server/curve_generation/reeds_shepp.py
/home/enio/develop_fer/Model-Informed-Path-Planning/path_planning_ws/install/path_planning_server/lib/python3.10/site-packages/path_planning_server/curve_generation/path_optimization.py
/home/enio/develop_fer/Model-Informed-Path-Planning/path_planning_ws/install/path_planning_server/lib/python3.10/site-packages/path_planning_server/curve_generation/bezier_curve.py
/home/enio/develop_fer/Model-Informed-Path-Planning/path_planning_ws/install/path_planning_server/lib/python3.10/site-packages/path_planning_server/curve_generation/dubins_curve.py
/home/enio/develop_fer/Model-Informed-Path-Planning/path_planning_ws/install/path_planning_server/lib/python3.10/site-packages/path_planning_server/curve_generation/bspline_curve.py
/home/enio/develop_fer/Model-Informed-Path-Planning/path_planning_ws/install/path_planning_server/lib/python3.10/site-packages/path_planning_server/curve_generation/utils/__init__.py
/home/enio/develop_fer/Model-Informed-Path-Planning/path_planning_ws/install/path_planning_server/lib/python3.10/site-packages/path_planning_server/curve_generation/utils/local_planner/__init__.py
/home/enio/develop_fer/Model-Informed-Path-Planning/path_planning_ws/install/path_planning_server/lib/python3.10/site-packages/path_planning_server/curve_generation/utils/local_planner/dwa.py
/home/enio/develop_fer/Model-Informed-Path-Planning/path_planning_ws/install/path_planning_server/lib/python3.10/site-packages/path_planning_server/curve_generation/utils/local_planner/mpc.py
/home/enio/develop_fer/Model-Informed-Path-Planning/path_planning_ws/install/path_planning_server/lib/python3.10/site-packages/path_planning_server/curve_generation/utils/local_planner/apf.py
/home/enio/develop_fer/Model-Informed-Path-Planning/path_planning_ws/install/path_planning_server/lib/python3.10/site-packages/path_planning_server/curve_generation/utils/local_planner/pid.py
/home/enio/develop_fer/Model-Informed-Path-Planning/path_planning_ws/install/path_planning_server/lib/python3.10/site-packages/path_planning_server/curve_generation/utils/local_planner/local_planner.py
/home/enio/develop_fer/Model-Informed-Path-Planning/path_planning_ws/install/path_planning_server/lib/python3.10/site-packages/path_planning_server/curve_generation/utils/local_planner/rpp.py
/home/enio/develop_fer/Model-Informed-Path-Planning/path_planning_ws/install/path_planning_server/lib/python3.10/site-packages/path_planning_server/curve_generation/utils/local_planner/lqr.py
/home/enio/develop_fer/Model-Informed-Path-Planning/path_planning_ws/install/path_planning_server/lib/python3.10/site-packages/path_planning_server/curve_generation/utils/environment/__init__.py
/home/enio/develop_fer/Model-Informed-Path-Planning/path_planning_ws/install/path_planning_server/lib/python3.10/site-packages/path_planning_server/curve_generation/utils/environment/node.py
/home/enio/develop_fer/Model-Informed-Path-Planning/path_planning_ws/install/path_planning_server/lib/python3.10/site-packages/path_planning_server/curve_generation/utils/environment/env.py
/home/enio/develop_fer/Model-Informed-Path-Planning/path_planning_ws/install/path_planning_server/lib/python3.10/site-packages/path_planning_server/curve_generation/utils/agent/agent.py
/home/enio/develop_fer/Model-Informed-Path-Planning/path_planning_ws/install/path_planning_server/lib/python3.10/site-packages/path_planning_server/curve_generation/utils/agent/__init__.py
/home/enio/develop_fer/Model-Informed-Path-Planning/path_planning_ws/install/path_planning_server/lib/python3.10/site-packages/path_planning_server/curve_generation/utils/helper/__init__.py
/home/enio/develop_fer/Model-Informed-Path-Planning/path_planning_ws/install/path_planning_server/lib/python3.10/site-packages/path_planning_server/curve_generation/utils/helper/math_helper.py
/home/enio/develop_fer/Model-Informed-Path-Planning/path_planning_ws/install/path_planning_server/lib/python3.10/site-packages/path_planning_server/curve_generation/utils/plot/__init__.py
/home/enio/develop_fer/Model-Informed-Path-Planning/path_planning_ws/install/path_planning_server/lib/python3.10/site-packages/path_planning_server/curve_generation/utils/plot/plot.py
/home/enio/develop_fer/Model-Informed-Path-Planning/path_planning_ws/install/path_planning_server/lib/python3.10/site-packages/path_planning_server/curve_generation/utils/planner/__init__.py
/home/enio/develop_fer/Model-Informed-Path-Planning/path_planning_ws/install/path_planning_server/lib/python3.10/site-packages/path_planning_server/curve_generation/utils/planner/control_factory.py
/home/enio/develop_fer/Model-Informed-Path-Planning/path_planning_ws/install/path_planning_server/lib/python3.10/site-packages/path_planning_server/curve_generation/utils/planner/search_factory.py
/home/enio/develop_fer/Model-Informed-Path-Planning/path_planning_ws/install/path_planning_server/lib/python3.10/site-packages/path_planning_server/curve_generation/utils/planner/planner.py
/home/enio/develop_fer/Model-Informed-Path-Planning/path_planning_ws/install/path_planning_server/lib/python3.10/site-packages/path_planning_server/curve_generation/utils/planner/global_planner/__init__.py
/home/enio/develop_fer/Model-Informed-Path-Planning/path_planning_ws/install/path_planning_server/lib/python3.10/site-packages/path_planning_server/curve_generation/utils/planner/global_planner/graph_search/lpa_star.py
/home/enio/develop_fer/Model-Informed-Path-Planning/path_planning_ws/install/path_planning_server/lib/python3.10/site-packages/path_planning_server/curve_generation/utils/planner/global_planner/graph_search/d_star.py
/home/enio/develop_fer/Model-Informed-Path-Planning/path_planning_ws/install/path_planning_server/lib/python3.10/site-packages/path_planning_server/curve_generation/utils/planner/global_planner/graph_search/graph_search.py
/home/enio/develop_fer/Model-Informed-Path-Planning/path_planning_ws/install/path_planning_server/lib/python3.10/site-packages/path_planning_server/curve_generation/utils/planner/global_planner/graph_search/voronoi.py
/home/enio/develop_fer/Model-Informed-Path-Planning/path_planning_ws/install/path_planning_server/lib/python3.10/site-packages/path_planning_server/curve_generation/utils/planner/global_planner/graph_search/__init__.py
/home/enio/develop_fer/Model-Informed-Path-Planning/path_planning_ws/install/path_planning_server/lib/python3.10/site-packages/path_planning_server/curve_generation/utils/planner/global_planner/graph_search/theta_star.py
/home/enio/develop_fer/Model-Informed-Path-Planning/path_planning_ws/install/path_planning_server/lib/python3.10/site-packages/path_planning_server/curve_generation/utils/planner/global_planner/graph_search/s_theta_star.py
/home/enio/develop_fer/Model-Informed-Path-Planning/path_planning_ws/install/path_planning_server/lib/python3.10/site-packages/path_planning_server/curve_generation/utils/planner/global_planner/graph_search/lazy_theta_star.py
/home/enio/develop_fer/Model-Informed-Path-Planning/path_planning_ws/install/path_planning_server/lib/python3.10/site-packages/path_planning_server/curve_generation/utils/planner/global_planner/graph_search/dijkstra.py
/home/enio/develop_fer/Model-Informed-Path-Planning/path_planning_ws/install/path_planning_server/lib/python3.10/site-packages/path_planning_server/curve_generation/utils/planner/global_planner/graph_search/d_star_lite.py
/home/enio/develop_fer/Model-Informed-Path-Planning/path_planning_ws/install/path_planning_server/lib/python3.10/site-packages/path_planning_server/curve_generation/utils/planner/global_planner/graph_search/jps.py
/home/enio/develop_fer/Model-Informed-Path-Planning/path_planning_ws/install/path_planning_server/lib/python3.10/site-packages/path_planning_server/curve_generation/utils/planner/global_planner/graph_search/gbfs.py
/home/enio/develop_fer/Model-Informed-Path-Planning/path_planning_ws/install/path_planning_server/lib/python3.10/site-packages/path_planning_server/curve_generation/utils/planner/global_planner/graph_search/a_star.py
/home/enio/develop_fer/Model-Informed-Path-Planning/path_planning_ws/install/path_planning_server/lib/python3.10/site-packages/path_planning_server/curve_generation/utils/planner/global_planner/evolutionary_search/pso.py
/home/enio/develop_fer/Model-Informed-Path-Planning/path_planning_ws/install/path_planning_server/lib/python3.10/site-packages/path_planning_server/curve_generation/utils/planner/global_planner/evolutionary_search/__init__.py
/home/enio/develop_fer/Model-Informed-Path-Planning/path_planning_ws/install/path_planning_server/lib/python3.10/site-packages/path_planning_server/curve_generation/utils/planner/global_planner/evolutionary_search/aco.py
/home/enio/develop_fer/Model-Informed-Path-Planning/path_planning_ws/install/path_planning_server/lib/python3.10/site-packages/path_planning_server/curve_generation/utils/planner/global_planner/evolutionary_search/evolutionary_search.py
/home/enio/develop_fer/Model-Informed-Path-Planning/path_planning_ws/install/path_planning_server/lib/python3.10/site-packages/path_planning_server/curve_generation/utils/planner/global_planner/sample_search/rrt_connect.py
/home/enio/develop_fer/Model-Informed-Path-Planning/path_planning_ws/install/path_planning_server/lib/python3.10/site-packages/path_planning_server/curve_generation/utils/planner/global_planner/sample_search/__init__.py
/home/enio/develop_fer/Model-Informed-Path-Planning/path_planning_ws/install/path_planning_server/lib/python3.10/site-packages/path_planning_server/curve_generation/utils/planner/global_planner/sample_search/sample_search.py
/home/enio/develop_fer/Model-Informed-Path-Planning/path_planning_ws/install/path_planning_server/lib/python3.10/site-packages/path_planning_server/curve_generation/utils/planner/global_planner/sample_search/rrt.py
/home/enio/develop_fer/Model-Informed-Path-Planning/path_planning_ws/install/path_planning_server/lib/python3.10/site-packages/path_planning_server/curve_generation/utils/planner/global_planner/sample_search/informed_rrt.py
/home/enio/develop_fer/Model-Informed-Path-Planning/path_planning_ws/install/path_planning_server/lib/python3.10/site-packages/path_planning_server/curve_generation/utils/planner/global_planner/sample_search/rrt_star.py
/home/enio/develop_fer/Model-Informed-Path-Planning/path_planning_ws/install/path_planning_server/lib/python3.10/site-packages/path_planning_server-0.0.0-py3.10.egg-info/requires.txt
/home/enio/develop_fer/Model-Informed-Path-Planning/path_planning_ws/install/path_planning_server/lib/python3.10/site-packages/path_planning_server-0.0.0-py3.10.egg-info/PKG-INFO
/home/enio/develop_fer/Model-Informed-Path-Planning/path_planning_ws/install/path_planning_server/lib/python3.10/site-packages/path_planning_server-0.0.0-py3.10.egg-info/top_level.txt
/home/enio/develop_fer/Model-Informed-Path-Planning/path_planning_ws/install/path_planning_server/lib/python3.10/site-packages/path_planning_server-0.0.0-py3.10.egg-info/dependency_links.txt
/home/enio/develop_fer/Model-Informed-Path-Planning/path_planning_ws/install/path_planning_server/lib/python3.10/site-packages/path_planning_server-0.0.0-py3.10.egg-info/entry_points.txt
/home/enio/develop_fer/Model-Informed-Path-Planning/path_planning_ws/install/path_planning_server/lib/python3.10/site-packages/path_planning_server-0.0.0-py3.10.egg-info/SOURCES.txt
/home/enio/develop_fer/Model-Informed-Path-Planning/path_planning_ws/install/path_planning_server/lib/python3.10/site-packages/path_planning_server-0.0.0-py3.10.egg-info/zip-safe
/home/enio/develop_fer/Model-Informed-Path-Planning/path_planning_ws/install/path_planning_server/lib/path_planning_server/planning_server
