running egg_info
creating ../../build/path_planning_server/path_planning_server.egg-info
writing ../../build/path_planning_server/path_planning_server.egg-info/PKG-INFO
writing dependency_links to ../../build/path_planning_server/path_planning_server.egg-info/dependency_links.txt
writing entry points to ../../build/path_planning_server/path_planning_server.egg-info/entry_points.txt
writing requirements to ../../build/path_planning_server/path_planning_server.egg-info/requires.txt
writing top-level names to ../../build/path_planning_server/path_planning_server.egg-info/top_level.txt
writing manifest file '../../build/path_planning_server/path_planning_server.egg-info/SOURCES.txt'
reading manifest file '../../build/path_planning_server/path_planning_server.egg-info/SOURCES.txt'
adding license file 'LICENSE'
writing manifest file '../../build/path_planning_server/path_planning_server.egg-info/SOURCES.txt'
running build
running build_py
creating /home/enio/develop_fer/Model-Informed-Path-Planning/path_planning_ws/build/path_planning_server/build
creating /home/enio/develop_fer/Model-Informed-Path-Planning/path_planning_ws/build/path_planning_server/build/lib
creating /home/enio/develop_fer/Model-Informed-Path-Planning/path_planning_ws/build/path_planning_server/build/lib/path_planning_server
copying path_planning_server/__init__.py -> /home/enio/develop_fer/Model-Informed-Path-Planning/path_planning_ws/build/path_planning_server/build/lib/path_planning_server
copying path_planning_server/algorithms_base.py -> /home/enio/develop_fer/Model-Informed-Path-Planning/path_planning_ws/build/path_planning_server/build/lib/path_planning_server
copying path_planning_server/algorithms_test.py -> /home/enio/develop_fer/Model-Informed-Path-Planning/path_planning_ws/build/path_planning_server/build/lib/path_planning_server
copying path_planning_server/path_results.py -> /home/enio/develop_fer/Model-Informed-Path-Planning/path_planning_ws/build/path_planning_server/build/lib/path_planning_server
copying path_planning_server/plot.py -> /home/enio/develop_fer/Model-Informed-Path-Planning/path_planning_ws/build/path_planning_server/build/lib/path_planning_server
copying path_planning_server/planning_server.py -> /home/enio/develop_fer/Model-Informed-Path-Planning/path_planning_ws/build/path_planning_server/build/lib/path_planning_server
copying path_planning_server/main.py -> /home/enio/develop_fer/Model-Informed-Path-Planning/path_planning_ws/build/path_planning_server/build/lib/path_planning_server
running install
running install_lib
creating /home/enio/develop_fer/Model-Informed-Path-Planning/path_planning_ws/install/path_planning_server/lib/python3.10/site-packages/path_planning_server
copying /home/enio/develop_fer/Model-Informed-Path-Planning/path_planning_ws/build/path_planning_server/build/lib/path_planning_server/__init__.py -> /home/enio/develop_fer/Model-Informed-Path-Planning/path_planning_ws/install/path_planning_server/lib/python3.10/site-packages/path_planning_server
copying /home/enio/develop_fer/Model-Informed-Path-Planning/path_planning_ws/build/path_planning_server/build/lib/path_planning_server/algorithms_base.py -> /home/enio/develop_fer/Model-Informed-Path-Planning/path_planning_ws/install/path_planning_server/lib/python3.10/site-packages/path_planning_server
copying /home/enio/develop_fer/Model-Informed-Path-Planning/path_planning_ws/build/path_planning_server/build/lib/path_planning_server/algorithms_test.py -> /home/enio/develop_fer/Model-Informed-Path-Planning/path_planning_ws/install/path_planning_server/lib/python3.10/site-packages/path_planning_server
copying /home/enio/develop_fer/Model-Informed-Path-Planning/path_planning_ws/build/path_planning_server/build/lib/path_planning_server/path_results.py -> /home/enio/develop_fer/Model-Informed-Path-Planning/path_planning_ws/install/path_planning_server/lib/python3.10/site-packages/path_planning_server
copying /home/enio/develop_fer/Model-Informed-Path-Planning/path_planning_ws/build/path_planning_server/build/lib/path_planning_server/plot.py -> /home/enio/develop_fer/Model-Informed-Path-Planning/path_planning_ws/install/path_planning_server/lib/python3.10/site-packages/path_planning_server
copying /home/enio/develop_fer/Model-Informed-Path-Planning/path_planning_ws/build/path_planning_server/build/lib/path_planning_server/planning_server.py -> /home/enio/develop_fer/Model-Informed-Path-Planning/path_planning_ws/install/path_planning_server/lib/python3.10/site-packages/path_planning_server
copying /home/enio/develop_fer/Model-Informed-Path-Planning/path_planning_ws/build/path_planning_server/build/lib/path_planning_server/main.py -> /home/enio/develop_fer/Model-Informed-Path-Planning/path_planning_ws/install/path_planning_server/lib/python3.10/site-packages/path_planning_server
byte-compiling /home/enio/develop_fer/Model-Informed-Path-Planning/path_planning_ws/install/path_planning_server/lib/python3.10/site-packages/path_planning_server/__init__.py to __init__.cpython-310.pyc
byte-compiling /home/enio/develop_fer/Model-Informed-Path-Planning/path_planning_ws/install/path_planning_server/lib/python3.10/site-packages/path_planning_server/algorithms_base.py to algorithms_base.cpython-310.pyc
byte-compiling /home/enio/develop_fer/Model-Informed-Path-Planning/path_planning_ws/install/path_planning_server/lib/python3.10/site-packages/path_planning_server/algorithms_test.py to algorithms_test.cpython-310.pyc
byte-compiling /home/enio/develop_fer/Model-Informed-Path-Planning/path_planning_ws/install/path_planning_server/lib/python3.10/site-packages/path_planning_server/path_results.py to path_results.cpython-310.pyc
byte-compiling /home/enio/develop_fer/Model-Informed-Path-Planning/path_planning_ws/install/path_planning_server/lib/python3.10/site-packages/path_planning_server/plot.py to plot.cpython-310.pyc
byte-compiling /home/enio/develop_fer/Model-Informed-Path-Planning/path_planning_ws/install/path_planning_server/lib/python3.10/site-packages/path_planning_server/planning_server.py to planning_server.cpython-310.pyc
byte-compiling /home/enio/develop_fer/Model-Informed-Path-Planning/path_planning_ws/install/path_planning_server/lib/python3.10/site-packages/path_planning_server/main.py to main.cpython-310.pyc
running install_data
creating /home/enio/develop_fer/Model-Informed-Path-Planning/path_planning_ws/install/path_planning_server/share/ament_index
creating /home/enio/develop_fer/Model-Informed-Path-Planning/path_planning_ws/install/path_planning_server/share/ament_index/resource_index
creating /home/enio/develop_fer/Model-Informed-Path-Planning/path_planning_ws/install/path_planning_server/share/ament_index/resource_index/packages
copying resource/path_planning_server -> /home/enio/develop_fer/Model-Informed-Path-Planning/path_planning_ws/install/path_planning_server/share/ament_index/resource_index/packages
copying package.xml -> /home/enio/develop_fer/Model-Informed-Path-Planning/path_planning_ws/install/path_planning_server/share/path_planning_server
creating /home/enio/develop_fer/Model-Informed-Path-Planning/path_planning_ws/install/path_planning_server/share/path_planning_server/algorithms
copying algorithms/hybrid_d_star_lite.py -> /home/enio/develop_fer/Model-Informed-Path-Planning/path_planning_ws/install/path_planning_server/share/path_planning_server/algorithms/
copying algorithms/dynamic_programming_heuristic.py -> /home/enio/develop_fer/Model-Informed-Path-Planning/path_planning_ws/install/path_planning_server/share/path_planning_server/algorithms/
copying algorithms/hybrid_dstar.py -> /home/enio/develop_fer/Model-Informed-Path-Planning/path_planning_ws/install/path_planning_server/share/path_planning_server/algorithms/
copying algorithms/car.py -> /home/enio/develop_fer/Model-Informed-Path-Planning/path_planning_ws/install/path_planning_server/share/path_planning_server/algorithms/
copying algorithms/reeds_shepp_path_planning.py -> /home/enio/develop_fer/Model-Informed-Path-Planning/path_planning_ws/install/path_planning_server/share/path_planning_server/algorithms/
creating /home/enio/develop_fer/Model-Informed-Path-Planning/path_planning_ws/install/path_planning_server/share/path_planning_server/algorithms/utils
copying algorithms/utils/__init__.py -> /home/enio/develop_fer/Model-Informed-Path-Planning/path_planning_ws/install/path_planning_server/share/path_planning_server/algorithms/utils
copying algorithms/utils/plot.py -> /home/enio/develop_fer/Model-Informed-Path-Planning/path_planning_ws/install/path_planning_server/share/path_planning_server/algorithms/utils
copying algorithms/utils/angle.py -> /home/enio/develop_fer/Model-Informed-Path-Planning/path_planning_ws/install/path_planning_server/share/path_planning_server/algorithms/utils
creating /home/enio/develop_fer/Model-Informed-Path-Planning/path_planning_ws/install/path_planning_server/share/path_planning_server/launch
copying launch/init_launch.py -> /home/enio/develop_fer/Model-Informed-Path-Planning/path_planning_ws/install/path_planning_server/share/path_planning_server/launch/
creating /home/enio/develop_fer/Model-Informed-Path-Planning/path_planning_ws/install/path_planning_server/share/path_planning_server/curve_generation
copying curve_generation/fem_pos_smooth.py -> /home/enio/develop_fer/Model-Informed-Path-Planning/path_planning_ws/install/path_planning_server/share/path_planning_server/curve_generation/
copying curve_generation/cubic_spline.py -> /home/enio/develop_fer/Model-Informed-Path-Planning/path_planning_ws/install/path_planning_server/share/path_planning_server/curve_generation/
copying curve_generation/curve_factory.py -> /home/enio/develop_fer/Model-Informed-Path-Planning/path_planning_ws/install/path_planning_server/share/path_planning_server/curve_generation/
copying curve_generation/curve.py -> /home/enio/develop_fer/Model-Informed-Path-Planning/path_planning_ws/install/path_planning_server/share/path_planning_server/curve_generation/
copying curve_generation/polynomial_curve.py -> /home/enio/develop_fer/Model-Informed-Path-Planning/path_planning_ws/install/path_planning_server/share/path_planning_server/curve_generation/
copying curve_generation/reeds_shepp.py -> /home/enio/develop_fer/Model-Informed-Path-Planning/path_planning_ws/install/path_planning_server/share/path_planning_server/curve_generation/
copying curve_generation/path_optimization.py -> /home/enio/develop_fer/Model-Informed-Path-Planning/path_planning_ws/install/path_planning_server/share/path_planning_server/curve_generation/
copying curve_generation/bezier_curve.py -> /home/enio/develop_fer/Model-Informed-Path-Planning/path_planning_ws/install/path_planning_server/share/path_planning_server/curve_generation/
copying curve_generation/dubins_curve.py -> /home/enio/develop_fer/Model-Informed-Path-Planning/path_planning_ws/install/path_planning_server/share/path_planning_server/curve_generation/
copying curve_generation/bspline_curve.py -> /home/enio/develop_fer/Model-Informed-Path-Planning/path_planning_ws/install/path_planning_server/share/path_planning_server/curve_generation/
creating /home/enio/develop_fer/Model-Informed-Path-Planning/path_planning_ws/install/path_planning_server/share/path_planning_server/curve_generation/utils
copying curve_generation/utils/__init__.py -> /home/enio/develop_fer/Model-Informed-Path-Planning/path_planning_ws/install/path_planning_server/share/path_planning_server/curve_generation/utils
creating /home/enio/develop_fer/Model-Informed-Path-Planning/path_planning_ws/install/path_planning_server/share/path_planning_server/curve_generation/utils/local_planner
copying curve_generation/utils/local_planner/__init__.py -> /home/enio/develop_fer/Model-Informed-Path-Planning/path_planning_ws/install/path_planning_server/share/path_planning_server/curve_generation/utils/local_planner
copying curve_generation/utils/local_planner/dwa.py -> /home/enio/develop_fer/Model-Informed-Path-Planning/path_planning_ws/install/path_planning_server/share/path_planning_server/curve_generation/utils/local_planner
copying curve_generation/utils/local_planner/mpc.py -> /home/enio/develop_fer/Model-Informed-Path-Planning/path_planning_ws/install/path_planning_server/share/path_planning_server/curve_generation/utils/local_planner
copying curve_generation/utils/local_planner/apf.py -> /home/enio/develop_fer/Model-Informed-Path-Planning/path_planning_ws/install/path_planning_server/share/path_planning_server/curve_generation/utils/local_planner
copying curve_generation/utils/local_planner/pid.py -> /home/enio/develop_fer/Model-Informed-Path-Planning/path_planning_ws/install/path_planning_server/share/path_planning_server/curve_generation/utils/local_planner
copying curve_generation/utils/local_planner/local_planner.py -> /home/enio/develop_fer/Model-Informed-Path-Planning/path_planning_ws/install/path_planning_server/share/path_planning_server/curve_generation/utils/local_planner
copying curve_generation/utils/local_planner/rpp.py -> /home/enio/develop_fer/Model-Informed-Path-Planning/path_planning_ws/install/path_planning_server/share/path_planning_server/curve_generation/utils/local_planner
copying curve_generation/utils/local_planner/lqr.py -> /home/enio/develop_fer/Model-Informed-Path-Planning/path_planning_ws/install/path_planning_server/share/path_planning_server/curve_generation/utils/local_planner
creating /home/enio/develop_fer/Model-Informed-Path-Planning/path_planning_ws/install/path_planning_server/share/path_planning_server/curve_generation/utils/environment
copying curve_generation/utils/environment/__init__.py -> /home/enio/develop_fer/Model-Informed-Path-Planning/path_planning_ws/install/path_planning_server/share/path_planning_server/curve_generation/utils/environment
copying curve_generation/utils/environment/node.py -> /home/enio/develop_fer/Model-Informed-Path-Planning/path_planning_ws/install/path_planning_server/share/path_planning_server/curve_generation/utils/environment
copying curve_generation/utils/environment/env.py -> /home/enio/develop_fer/Model-Informed-Path-Planning/path_planning_ws/install/path_planning_server/share/path_planning_server/curve_generation/utils/environment
creating /home/enio/develop_fer/Model-Informed-Path-Planning/path_planning_ws/install/path_planning_server/share/path_planning_server/curve_generation/utils/agent
copying curve_generation/utils/agent/agent.py -> /home/enio/develop_fer/Model-Informed-Path-Planning/path_planning_ws/install/path_planning_server/share/path_planning_server/curve_generation/utils/agent
copying curve_generation/utils/agent/__init__.py -> /home/enio/develop_fer/Model-Informed-Path-Planning/path_planning_ws/install/path_planning_server/share/path_planning_server/curve_generation/utils/agent
creating /home/enio/develop_fer/Model-Informed-Path-Planning/path_planning_ws/install/path_planning_server/share/path_planning_server/curve_generation/utils/helper
copying curve_generation/utils/helper/__init__.py -> /home/enio/develop_fer/Model-Informed-Path-Planning/path_planning_ws/install/path_planning_server/share/path_planning_server/curve_generation/utils/helper
copying curve_generation/utils/helper/math_helper.py -> /home/enio/develop_fer/Model-Informed-Path-Planning/path_planning_ws/install/path_planning_server/share/path_planning_server/curve_generation/utils/helper
creating /home/enio/develop_fer/Model-Informed-Path-Planning/path_planning_ws/install/path_planning_server/share/path_planning_server/curve_generation/utils/plot
copying curve_generation/utils/plot/__init__.py -> /home/enio/develop_fer/Model-Informed-Path-Planning/path_planning_ws/install/path_planning_server/share/path_planning_server/curve_generation/utils/plot
copying curve_generation/utils/plot/plot.py -> /home/enio/develop_fer/Model-Informed-Path-Planning/path_planning_ws/install/path_planning_server/share/path_planning_server/curve_generation/utils/plot
creating /home/enio/develop_fer/Model-Informed-Path-Planning/path_planning_ws/install/path_planning_server/share/path_planning_server/curve_generation/utils/planner
copying curve_generation/utils/planner/__init__.py -> /home/enio/develop_fer/Model-Informed-Path-Planning/path_planning_ws/install/path_planning_server/share/path_planning_server/curve_generation/utils/planner
copying curve_generation/utils/planner/control_factory.py -> /home/enio/develop_fer/Model-Informed-Path-Planning/path_planning_ws/install/path_planning_server/share/path_planning_server/curve_generation/utils/planner
copying curve_generation/utils/planner/search_factory.py -> /home/enio/develop_fer/Model-Informed-Path-Planning/path_planning_ws/install/path_planning_server/share/path_planning_server/curve_generation/utils/planner
copying curve_generation/utils/planner/planner.py -> /home/enio/develop_fer/Model-Informed-Path-Planning/path_planning_ws/install/path_planning_server/share/path_planning_server/curve_generation/utils/planner
creating /home/enio/develop_fer/Model-Informed-Path-Planning/path_planning_ws/install/path_planning_server/share/path_planning_server/curve_generation/utils/planner/global_planner
copying curve_generation/utils/planner/global_planner/__init__.py -> /home/enio/develop_fer/Model-Informed-Path-Planning/path_planning_ws/install/path_planning_server/share/path_planning_server/curve_generation/utils/planner/global_planner
creating /home/enio/develop_fer/Model-Informed-Path-Planning/path_planning_ws/install/path_planning_server/share/path_planning_server/curve_generation/utils/planner/global_planner/graph_search
copying curve_generation/utils/planner/global_planner/graph_search/lpa_star.py -> /home/enio/develop_fer/Model-Informed-Path-Planning/path_planning_ws/install/path_planning_server/share/path_planning_server/curve_generation/utils/planner/global_planner/graph_search
copying curve_generation/utils/planner/global_planner/graph_search/d_star.py -> /home/enio/develop_fer/Model-Informed-Path-Planning/path_planning_ws/install/path_planning_server/share/path_planning_server/curve_generation/utils/planner/global_planner/graph_search
copying curve_generation/utils/planner/global_planner/graph_search/graph_search.py -> /home/enio/develop_fer/Model-Informed-Path-Planning/path_planning_ws/install/path_planning_server/share/path_planning_server/curve_generation/utils/planner/global_planner/graph_search
copying curve_generation/utils/planner/global_planner/graph_search/voronoi.py -> /home/enio/develop_fer/Model-Informed-Path-Planning/path_planning_ws/install/path_planning_server/share/path_planning_server/curve_generation/utils/planner/global_planner/graph_search
copying curve_generation/utils/planner/global_planner/graph_search/__init__.py -> /home/enio/develop_fer/Model-Informed-Path-Planning/path_planning_ws/install/path_planning_server/share/path_planning_server/curve_generation/utils/planner/global_planner/graph_search
copying curve_generation/utils/planner/global_planner/graph_search/theta_star.py -> /home/enio/develop_fer/Model-Informed-Path-Planning/path_planning_ws/install/path_planning_server/share/path_planning_server/curve_generation/utils/planner/global_planner/graph_search
copying curve_generation/utils/planner/global_planner/graph_search/s_theta_star.py -> /home/enio/develop_fer/Model-Informed-Path-Planning/path_planning_ws/install/path_planning_server/share/path_planning_server/curve_generation/utils/planner/global_planner/graph_search
copying curve_generation/utils/planner/global_planner/graph_search/lazy_theta_star.py -> /home/enio/develop_fer/Model-Informed-Path-Planning/path_planning_ws/install/path_planning_server/share/path_planning_server/curve_generation/utils/planner/global_planner/graph_search
copying curve_generation/utils/planner/global_planner/graph_search/dijkstra.py -> /home/enio/develop_fer/Model-Informed-Path-Planning/path_planning_ws/install/path_planning_server/share/path_planning_server/curve_generation/utils/planner/global_planner/graph_search
copying curve_generation/utils/planner/global_planner/graph_search/d_star_lite.py -> /home/enio/develop_fer/Model-Informed-Path-Planning/path_planning_ws/install/path_planning_server/share/path_planning_server/curve_generation/utils/planner/global_planner/graph_search
copying curve_generation/utils/planner/global_planner/graph_search/jps.py -> /home/enio/develop_fer/Model-Informed-Path-Planning/path_planning_ws/install/path_planning_server/share/path_planning_server/curve_generation/utils/planner/global_planner/graph_search
copying curve_generation/utils/planner/global_planner/graph_search/gbfs.py -> /home/enio/develop_fer/Model-Informed-Path-Planning/path_planning_ws/install/path_planning_server/share/path_planning_server/curve_generation/utils/planner/global_planner/graph_search
copying curve_generation/utils/planner/global_planner/graph_search/a_star.py -> /home/enio/develop_fer/Model-Informed-Path-Planning/path_planning_ws/install/path_planning_server/share/path_planning_server/curve_generation/utils/planner/global_planner/graph_search
creating /home/enio/develop_fer/Model-Informed-Path-Planning/path_planning_ws/install/path_planning_server/share/path_planning_server/curve_generation/utils/planner/global_planner/evolutionary_search
copying curve_generation/utils/planner/global_planner/evolutionary_search/pso.py -> /home/enio/develop_fer/Model-Informed-Path-Planning/path_planning_ws/install/path_planning_server/share/path_planning_server/curve_generation/utils/planner/global_planner/evolutionary_search
copying curve_generation/utils/planner/global_planner/evolutionary_search/__init__.py -> /home/enio/develop_fer/Model-Informed-Path-Planning/path_planning_ws/install/path_planning_server/share/path_planning_server/curve_generation/utils/planner/global_planner/evolutionary_search
copying curve_generation/utils/planner/global_planner/evolutionary_search/aco.py -> /home/enio/develop_fer/Model-Informed-Path-Planning/path_planning_ws/install/path_planning_server/share/path_planning_server/curve_generation/utils/planner/global_planner/evolutionary_search
copying curve_generation/utils/planner/global_planner/evolutionary_search/evolutionary_search.py -> /home/enio/develop_fer/Model-Informed-Path-Planning/path_planning_ws/install/path_planning_server/share/path_planning_server/curve_generation/utils/planner/global_planner/evolutionary_search
creating /home/enio/develop_fer/Model-Informed-Path-Planning/path_planning_ws/install/path_planning_server/share/path_planning_server/curve_generation/utils/planner/global_planner/sample_search
copying curve_generation/utils/planner/global_planner/sample_search/rrt_connect.py -> /home/enio/develop_fer/Model-Informed-Path-Planning/path_planning_ws/install/path_planning_server/share/path_planning_server/curve_generation/utils/planner/global_planner/sample_search
copying curve_generation/utils/planner/global_planner/sample_search/__init__.py -> /home/enio/develop_fer/Model-Informed-Path-Planning/path_planning_ws/install/path_planning_server/share/path_planning_server/curve_generation/utils/planner/global_planner/sample_search
copying curve_generation/utils/planner/global_planner/sample_search/sample_search.py -> /home/enio/develop_fer/Model-Informed-Path-Planning/path_planning_ws/install/path_planning_server/share/path_planning_server/curve_generation/utils/planner/global_planner/sample_search
copying curve_generation/utils/planner/global_planner/sample_search/rrt.py -> /home/enio/develop_fer/Model-Informed-Path-Planning/path_planning_ws/install/path_planning_server/share/path_planning_server/curve_generation/utils/planner/global_planner/sample_search
copying curve_generation/utils/planner/global_planner/sample_search/informed_rrt.py -> /home/enio/develop_fer/Model-Informed-Path-Planning/path_planning_ws/install/path_planning_server/share/path_planning_server/curve_generation/utils/planner/global_planner/sample_search
copying curve_generation/utils/planner/global_planner/sample_search/rrt_star.py -> /home/enio/develop_fer/Model-Informed-Path-Planning/path_planning_ws/install/path_planning_server/share/path_planning_server/curve_generation/utils/planner/global_planner/sample_search
creating /home/enio/develop_fer/Model-Informed-Path-Planning/path_planning_ws/install/path_planning_server/lib/path_planning_server
creating /home/enio/develop_fer/Model-Informed-Path-Planning/path_planning_ws/install/path_planning_server/lib/path_planning_server/algorithms
copying algorithms/hybrid_d_star_lite.py -> /home/enio/develop_fer/Model-Informed-Path-Planning/path_planning_ws/install/path_planning_server/lib/path_planning_server/algorithms/
copying algorithms/dynamic_programming_heuristic.py -> /home/enio/develop_fer/Model-Informed-Path-Planning/path_planning_ws/install/path_planning_server/lib/path_planning_server/algorithms/
copying algorithms/hybrid_dstar.py -> /home/enio/develop_fer/Model-Informed-Path-Planning/path_planning_ws/install/path_planning_server/lib/path_planning_server/algorithms/
copying algorithms/car.py -> /home/enio/develop_fer/Model-Informed-Path-Planning/path_planning_ws/install/path_planning_server/lib/path_planning_server/algorithms/
copying algorithms/reeds_shepp_path_planning.py -> /home/enio/develop_fer/Model-Informed-Path-Planning/path_planning_ws/install/path_planning_server/lib/path_planning_server/algorithms/
creating /home/enio/develop_fer/Model-Informed-Path-Planning/path_planning_ws/install/path_planning_server/lib/path_planning_server/algorithms/utils
copying algorithms/utils/__init__.py -> /home/enio/develop_fer/Model-Informed-Path-Planning/path_planning_ws/install/path_planning_server/lib/path_planning_server/algorithms/utils
copying algorithms/utils/plot.py -> /home/enio/develop_fer/Model-Informed-Path-Planning/path_planning_ws/install/path_planning_server/lib/path_planning_server/algorithms/utils
copying algorithms/utils/angle.py -> /home/enio/develop_fer/Model-Informed-Path-Planning/path_planning_ws/install/path_planning_server/lib/path_planning_server/algorithms/utils
creating /home/enio/develop_fer/Model-Informed-Path-Planning/path_planning_ws/install/path_planning_server/lib/path_planning_server/launch
copying launch/init_launch.py -> /home/enio/develop_fer/Model-Informed-Path-Planning/path_planning_ws/install/path_planning_server/lib/path_planning_server/launch/
creating /home/enio/develop_fer/Model-Informed-Path-Planning/path_planning_ws/install/path_planning_server/lib/path_planning_server/curve_generation
copying curve_generation/fem_pos_smooth.py -> /home/enio/develop_fer/Model-Informed-Path-Planning/path_planning_ws/install/path_planning_server/lib/path_planning_server/curve_generation/
copying curve_generation/cubic_spline.py -> /home/enio/develop_fer/Model-Informed-Path-Planning/path_planning_ws/install/path_planning_server/lib/path_planning_server/curve_generation/
copying curve_generation/curve_factory.py -> /home/enio/develop_fer/Model-Informed-Path-Planning/path_planning_ws/install/path_planning_server/lib/path_planning_server/curve_generation/
copying curve_generation/curve.py -> /home/enio/develop_fer/Model-Informed-Path-Planning/path_planning_ws/install/path_planning_server/lib/path_planning_server/curve_generation/
copying curve_generation/polynomial_curve.py -> /home/enio/develop_fer/Model-Informed-Path-Planning/path_planning_ws/install/path_planning_server/lib/path_planning_server/curve_generation/
copying curve_generation/reeds_shepp.py -> /home/enio/develop_fer/Model-Informed-Path-Planning/path_planning_ws/install/path_planning_server/lib/path_planning_server/curve_generation/
copying curve_generation/path_optimization.py -> /home/enio/develop_fer/Model-Informed-Path-Planning/path_planning_ws/install/path_planning_server/lib/path_planning_server/curve_generation/
copying curve_generation/bezier_curve.py -> /home/enio/develop_fer/Model-Informed-Path-Planning/path_planning_ws/install/path_planning_server/lib/path_planning_server/curve_generation/
copying curve_generation/dubins_curve.py -> /home/enio/develop_fer/Model-Informed-Path-Planning/path_planning_ws/install/path_planning_server/lib/path_planning_server/curve_generation/
copying curve_generation/bspline_curve.py -> /home/enio/develop_fer/Model-Informed-Path-Planning/path_planning_ws/install/path_planning_server/lib/path_planning_server/curve_generation/
creating /home/enio/develop_fer/Model-Informed-Path-Planning/path_planning_ws/install/path_planning_server/lib/path_planning_server/curve_generation/utils
copying curve_generation/utils/__init__.py -> /home/enio/develop_fer/Model-Informed-Path-Planning/path_planning_ws/install/path_planning_server/lib/path_planning_server/curve_generation/utils
creating /home/enio/develop_fer/Model-Informed-Path-Planning/path_planning_ws/install/path_planning_server/lib/path_planning_server/curve_generation/utils/local_planner
copying curve_generation/utils/local_planner/__init__.py -> /home/enio/develop_fer/Model-Informed-Path-Planning/path_planning_ws/install/path_planning_server/lib/path_planning_server/curve_generation/utils/local_planner
copying curve_generation/utils/local_planner/dwa.py -> /home/enio/develop_fer/Model-Informed-Path-Planning/path_planning_ws/install/path_planning_server/lib/path_planning_server/curve_generation/utils/local_planner
copying curve_generation/utils/local_planner/mpc.py -> /home/enio/develop_fer/Model-Informed-Path-Planning/path_planning_ws/install/path_planning_server/lib/path_planning_server/curve_generation/utils/local_planner
copying curve_generation/utils/local_planner/apf.py -> /home/enio/develop_fer/Model-Informed-Path-Planning/path_planning_ws/install/path_planning_server/lib/path_planning_server/curve_generation/utils/local_planner
copying curve_generation/utils/local_planner/pid.py -> /home/enio/develop_fer/Model-Informed-Path-Planning/path_planning_ws/install/path_planning_server/lib/path_planning_server/curve_generation/utils/local_planner
copying curve_generation/utils/local_planner/local_planner.py -> /home/enio/develop_fer/Model-Informed-Path-Planning/path_planning_ws/install/path_planning_server/lib/path_planning_server/curve_generation/utils/local_planner
copying curve_generation/utils/local_planner/rpp.py -> /home/enio/develop_fer/Model-Informed-Path-Planning/path_planning_ws/install/path_planning_server/lib/path_planning_server/curve_generation/utils/local_planner
copying curve_generation/utils/local_planner/lqr.py -> /home/enio/develop_fer/Model-Informed-Path-Planning/path_planning_ws/install/path_planning_server/lib/path_planning_server/curve_generation/utils/local_planner
creating /home/enio/develop_fer/Model-Informed-Path-Planning/path_planning_ws/install/path_planning_server/lib/path_planning_server/curve_generation/utils/environment
copying curve_generation/utils/environment/__init__.py -> /home/enio/develop_fer/Model-Informed-Path-Planning/path_planning_ws/install/path_planning_server/lib/path_planning_server/curve_generation/utils/environment
copying curve_generation/utils/environment/node.py -> /home/enio/develop_fer/Model-Informed-Path-Planning/path_planning_ws/install/path_planning_server/lib/path_planning_server/curve_generation/utils/environment
copying curve_generation/utils/environment/env.py -> /home/enio/develop_fer/Model-Informed-Path-Planning/path_planning_ws/install/path_planning_server/lib/path_planning_server/curve_generation/utils/environment
creating /home/enio/develop_fer/Model-Informed-Path-Planning/path_planning_ws/install/path_planning_server/lib/path_planning_server/curve_generation/utils/agent
copying curve_generation/utils/agent/agent.py -> /home/enio/develop_fer/Model-Informed-Path-Planning/path_planning_ws/install/path_planning_server/lib/path_planning_server/curve_generation/utils/agent
copying curve_generation/utils/agent/__init__.py -> /home/enio/develop_fer/Model-Informed-Path-Planning/path_planning_ws/install/path_planning_server/lib/path_planning_server/curve_generation/utils/agent
creating /home/enio/develop_fer/Model-Informed-Path-Planning/path_planning_ws/install/path_planning_server/lib/path_planning_server/curve_generation/utils/helper
copying curve_generation/utils/helper/__init__.py -> /home/enio/develop_fer/Model-Informed-Path-Planning/path_planning_ws/install/path_planning_server/lib/path_planning_server/curve_generation/utils/helper
copying curve_generation/utils/helper/math_helper.py -> /home/enio/develop_fer/Model-Informed-Path-Planning/path_planning_ws/install/path_planning_server/lib/path_planning_server/curve_generation/utils/helper
creating /home/enio/develop_fer/Model-Informed-Path-Planning/path_planning_ws/install/path_planning_server/lib/path_planning_server/curve_generation/utils/plot
copying curve_generation/utils/plot/__init__.py -> /home/enio/develop_fer/Model-Informed-Path-Planning/path_planning_ws/install/path_planning_server/lib/path_planning_server/curve_generation/utils/plot
copying curve_generation/utils/plot/plot.py -> /home/enio/develop_fer/Model-Informed-Path-Planning/path_planning_ws/install/path_planning_server/lib/path_planning_server/curve_generation/utils/plot
creating /home/enio/develop_fer/Model-Informed-Path-Planning/path_planning_ws/install/path_planning_server/lib/path_planning_server/curve_generation/utils/planner
copying curve_generation/utils/planner/__init__.py -> /home/enio/develop_fer/Model-Informed-Path-Planning/path_planning_ws/install/path_planning_server/lib/path_planning_server/curve_generation/utils/planner
copying curve_generation/utils/planner/control_factory.py -> /home/enio/develop_fer/Model-Informed-Path-Planning/path_planning_ws/install/path_planning_server/lib/path_planning_server/curve_generation/utils/planner
copying curve_generation/utils/planner/search_factory.py -> /home/enio/develop_fer/Model-Informed-Path-Planning/path_planning_ws/install/path_planning_server/lib/path_planning_server/curve_generation/utils/planner
copying curve_generation/utils/planner/planner.py -> /home/enio/develop_fer/Model-Informed-Path-Planning/path_planning_ws/install/path_planning_server/lib/path_planning_server/curve_generation/utils/planner
creating /home/enio/develop_fer/Model-Informed-Path-Planning/path_planning_ws/install/path_planning_server/lib/path_planning_server/curve_generation/utils/planner/global_planner
copying curve_generation/utils/planner/global_planner/__init__.py -> /home/enio/develop_fer/Model-Informed-Path-Planning/path_planning_ws/install/path_planning_server/lib/path_planning_server/curve_generation/utils/planner/global_planner
creating /home/enio/develop_fer/Model-Informed-Path-Planning/path_planning_ws/install/path_planning_server/lib/path_planning_server/curve_generation/utils/planner/global_planner/graph_search
copying curve_generation/utils/planner/global_planner/graph_search/lpa_star.py -> /home/enio/develop_fer/Model-Informed-Path-Planning/path_planning_ws/install/path_planning_server/lib/path_planning_server/curve_generation/utils/planner/global_planner/graph_search
copying curve_generation/utils/planner/global_planner/graph_search/d_star.py -> /home/enio/develop_fer/Model-Informed-Path-Planning/path_planning_ws/install/path_planning_server/lib/path_planning_server/curve_generation/utils/planner/global_planner/graph_search
copying curve_generation/utils/planner/global_planner/graph_search/graph_search.py -> /home/enio/develop_fer/Model-Informed-Path-Planning/path_planning_ws/install/path_planning_server/lib/path_planning_server/curve_generation/utils/planner/global_planner/graph_search
copying curve_generation/utils/planner/global_planner/graph_search/voronoi.py -> /home/enio/develop_fer/Model-Informed-Path-Planning/path_planning_ws/install/path_planning_server/lib/path_planning_server/curve_generation/utils/planner/global_planner/graph_search
copying curve_generation/utils/planner/global_planner/graph_search/__init__.py -> /home/enio/develop_fer/Model-Informed-Path-Planning/path_planning_ws/install/path_planning_server/lib/path_planning_server/curve_generation/utils/planner/global_planner/graph_search
copying curve_generation/utils/planner/global_planner/graph_search/theta_star.py -> /home/enio/develop_fer/Model-Informed-Path-Planning/path_planning_ws/install/path_planning_server/lib/path_planning_server/curve_generation/utils/planner/global_planner/graph_search
copying curve_generation/utils/planner/global_planner/graph_search/s_theta_star.py -> /home/enio/develop_fer/Model-Informed-Path-Planning/path_planning_ws/install/path_planning_server/lib/path_planning_server/curve_generation/utils/planner/global_planner/graph_search
copying curve_generation/utils/planner/global_planner/graph_search/lazy_theta_star.py -> /home/enio/develop_fer/Model-Informed-Path-Planning/path_planning_ws/install/path_planning_server/lib/path_planning_server/curve_generation/utils/planner/global_planner/graph_search
copying curve_generation/utils/planner/global_planner/graph_search/dijkstra.py -> /home/enio/develop_fer/Model-Informed-Path-Planning/path_planning_ws/install/path_planning_server/lib/path_planning_server/curve_generation/utils/planner/global_planner/graph_search
copying curve_generation/utils/planner/global_planner/graph_search/d_star_lite.py -> /home/enio/develop_fer/Model-Informed-Path-Planning/path_planning_ws/install/path_planning_server/lib/path_planning_server/curve_generation/utils/planner/global_planner/graph_search
copying curve_generation/utils/planner/global_planner/graph_search/jps.py -> /home/enio/develop_fer/Model-Informed-Path-Planning/path_planning_ws/install/path_planning_server/lib/path_planning_server/curve_generation/utils/planner/global_planner/graph_search
copying curve_generation/utils/planner/global_planner/graph_search/gbfs.py -> /home/enio/develop_fer/Model-Informed-Path-Planning/path_planning_ws/install/path_planning_server/lib/path_planning_server/curve_generation/utils/planner/global_planner/graph_search
copying curve_generation/utils/planner/global_planner/graph_search/a_star.py -> /home/enio/develop_fer/Model-Informed-Path-Planning/path_planning_ws/install/path_planning_server/lib/path_planning_server/curve_generation/utils/planner/global_planner/graph_search
creating /home/enio/develop_fer/Model-Informed-Path-Planning/path_planning_ws/install/path_planning_server/lib/path_planning_server/curve_generation/utils/planner/global_planner/evolutionary_search
copying curve_generation/utils/planner/global_planner/evolutionary_search/pso.py -> /home/enio/develop_fer/Model-Informed-Path-Planning/path_planning_ws/install/path_planning_server/lib/path_planning_server/curve_generation/utils/planner/global_planner/evolutionary_search
copying curve_generation/utils/planner/global_planner/evolutionary_search/__init__.py -> /home/enio/develop_fer/Model-Informed-Path-Planning/path_planning_ws/install/path_planning_server/lib/path_planning_server/curve_generation/utils/planner/global_planner/evolutionary_search
copying curve_generation/utils/planner/global_planner/evolutionary_search/aco.py -> /home/enio/develop_fer/Model-Informed-Path-Planning/path_planning_ws/install/path_planning_server/lib/path_planning_server/curve_generation/utils/planner/global_planner/evolutionary_search
copying curve_generation/utils/planner/global_planner/evolutionary_search/evolutionary_search.py -> /home/enio/develop_fer/Model-Informed-Path-Planning/path_planning_ws/install/path_planning_server/lib/path_planning_server/curve_generation/utils/planner/global_planner/evolutionary_search
creating /home/enio/develop_fer/Model-Informed-Path-Planning/path_planning_ws/install/path_planning_server/lib/path_planning_server/curve_generation/utils/planner/global_planner/sample_search
copying curve_generation/utils/planner/global_planner/sample_search/rrt_connect.py -> /home/enio/develop_fer/Model-Informed-Path-Planning/path_planning_ws/install/path_planning_server/lib/path_planning_server/curve_generation/utils/planner/global_planner/sample_search
copying curve_generation/utils/planner/global_planner/sample_search/__init__.py -> /home/enio/develop_fer/Model-Informed-Path-Planning/path_planning_ws/install/path_planning_server/lib/path_planning_server/curve_generation/utils/planner/global_planner/sample_search
copying curve_generation/utils/planner/global_planner/sample_search/sample_search.py -> /home/enio/develop_fer/Model-Informed-Path-Planning/path_planning_ws/install/path_planning_server/lib/path_planning_server/curve_generation/utils/planner/global_planner/sample_search
copying curve_generation/utils/planner/global_planner/sample_search/rrt.py -> /home/enio/develop_fer/Model-Informed-Path-Planning/path_planning_ws/install/path_planning_server/lib/path_planning_server/curve_generation/utils/planner/global_planner/sample_search
copying curve_generation/utils/planner/global_planner/sample_search/informed_rrt.py -> /home/enio/develop_fer/Model-Informed-Path-Planning/path_planning_ws/install/path_planning_server/lib/path_planning_server/curve_generation/utils/planner/global_planner/sample_search
copying curve_generation/utils/planner/global_planner/sample_search/rrt_star.py -> /home/enio/develop_fer/Model-Informed-Path-Planning/path_planning_ws/install/path_planning_server/lib/path_planning_server/curve_generation/utils/planner/global_planner/sample_search
creating /home/enio/develop_fer/Model-Informed-Path-Planning/path_planning_ws/install/path_planning_server/lib/python3.10/site-packages/path_planning_server/algorithms
copying algorithms/hybrid_d_star_lite.py -> /home/enio/develop_fer/Model-Informed-Path-Planning/path_planning_ws/install/path_planning_server/lib/python3.10/site-packages/path_planning_server/algorithms/
copying algorithms/dynamic_programming_heuristic.py -> /home/enio/develop_fer/Model-Informed-Path-Planning/path_planning_ws/install/path_planning_server/lib/python3.10/site-packages/path_planning_server/algorithms/
copying algorithms/hybrid_dstar.py -> /home/enio/develop_fer/Model-Informed-Path-Planning/path_planning_ws/install/path_planning_server/lib/python3.10/site-packages/path_planning_server/algorithms/
copying algorithms/car.py -> /home/enio/develop_fer/Model-Informed-Path-Planning/path_planning_ws/install/path_planning_server/lib/python3.10/site-packages/path_planning_server/algorithms/
copying algorithms/reeds_shepp_path_planning.py -> /home/enio/develop_fer/Model-Informed-Path-Planning/path_planning_ws/install/path_planning_server/lib/python3.10/site-packages/path_planning_server/algorithms/
creating /home/enio/develop_fer/Model-Informed-Path-Planning/path_planning_ws/install/path_planning_server/lib/python3.10/site-packages/path_planning_server/algorithms/utils
copying algorithms/utils/__init__.py -> /home/enio/develop_fer/Model-Informed-Path-Planning/path_planning_ws/install/path_planning_server/lib/python3.10/site-packages/path_planning_server/algorithms/utils
copying algorithms/utils/plot.py -> /home/enio/develop_fer/Model-Informed-Path-Planning/path_planning_ws/install/path_planning_server/lib/python3.10/site-packages/path_planning_server/algorithms/utils
copying algorithms/utils/angle.py -> /home/enio/develop_fer/Model-Informed-Path-Planning/path_planning_ws/install/path_planning_server/lib/python3.10/site-packages/path_planning_server/algorithms/utils
creating /home/enio/develop_fer/Model-Informed-Path-Planning/path_planning_ws/install/path_planning_server/lib/python3.10/site-packages/path_planning_server/launch
copying launch/init_launch.py -> /home/enio/develop_fer/Model-Informed-Path-Planning/path_planning_ws/install/path_planning_server/lib/python3.10/site-packages/path_planning_server/launch/
creating /home/enio/develop_fer/Model-Informed-Path-Planning/path_planning_ws/install/path_planning_server/lib/python3.10/site-packages/path_planning_server/curve_generation
copying curve_generation/fem_pos_smooth.py -> /home/enio/develop_fer/Model-Informed-Path-Planning/path_planning_ws/install/path_planning_server/lib/python3.10/site-packages/path_planning_server/curve_generation/
copying curve_generation/cubic_spline.py -> /home/enio/develop_fer/Model-Informed-Path-Planning/path_planning_ws/install/path_planning_server/lib/python3.10/site-packages/path_planning_server/curve_generation/
copying curve_generation/curve_factory.py -> /home/enio/develop_fer/Model-Informed-Path-Planning/path_planning_ws/install/path_planning_server/lib/python3.10/site-packages/path_planning_server/curve_generation/
copying curve_generation/curve.py -> /home/enio/develop_fer/Model-Informed-Path-Planning/path_planning_ws/install/path_planning_server/lib/python3.10/site-packages/path_planning_server/curve_generation/
copying curve_generation/polynomial_curve.py -> /home/enio/develop_fer/Model-Informed-Path-Planning/path_planning_ws/install/path_planning_server/lib/python3.10/site-packages/path_planning_server/curve_generation/
copying curve_generation/reeds_shepp.py -> /home/enio/develop_fer/Model-Informed-Path-Planning/path_planning_ws/install/path_planning_server/lib/python3.10/site-packages/path_planning_server/curve_generation/
copying curve_generation/path_optimization.py -> /home/enio/develop_fer/Model-Informed-Path-Planning/path_planning_ws/install/path_planning_server/lib/python3.10/site-packages/path_planning_server/curve_generation/
copying curve_generation/bezier_curve.py -> /home/enio/develop_fer/Model-Informed-Path-Planning/path_planning_ws/install/path_planning_server/lib/python3.10/site-packages/path_planning_server/curve_generation/
copying curve_generation/dubins_curve.py -> /home/enio/develop_fer/Model-Informed-Path-Planning/path_planning_ws/install/path_planning_server/lib/python3.10/site-packages/path_planning_server/curve_generation/
copying curve_generation/bspline_curve.py -> /home/enio/develop_fer/Model-Informed-Path-Planning/path_planning_ws/install/path_planning_server/lib/python3.10/site-packages/path_planning_server/curve_generation/
creating /home/enio/develop_fer/Model-Informed-Path-Planning/path_planning_ws/install/path_planning_server/lib/python3.10/site-packages/path_planning_server/curve_generation/utils
copying curve_generation/utils/__init__.py -> /home/enio/develop_fer/Model-Informed-Path-Planning/path_planning_ws/install/path_planning_server/lib/python3.10/site-packages/path_planning_server/curve_generation/utils
creating /home/enio/develop_fer/Model-Informed-Path-Planning/path_planning_ws/install/path_planning_server/lib/python3.10/site-packages/path_planning_server/curve_generation/utils/local_planner
copying curve_generation/utils/local_planner/__init__.py -> /home/enio/develop_fer/Model-Informed-Path-Planning/path_planning_ws/install/path_planning_server/lib/python3.10/site-packages/path_planning_server/curve_generation/utils/local_planner
copying curve_generation/utils/local_planner/dwa.py -> /home/enio/develop_fer/Model-Informed-Path-Planning/path_planning_ws/install/path_planning_server/lib/python3.10/site-packages/path_planning_server/curve_generation/utils/local_planner
copying curve_generation/utils/local_planner/mpc.py -> /home/enio/develop_fer/Model-Informed-Path-Planning/path_planning_ws/install/path_planning_server/lib/python3.10/site-packages/path_planning_server/curve_generation/utils/local_planner
copying curve_generation/utils/local_planner/apf.py -> /home/enio/develop_fer/Model-Informed-Path-Planning/path_planning_ws/install/path_planning_server/lib/python3.10/site-packages/path_planning_server/curve_generation/utils/local_planner
copying curve_generation/utils/local_planner/pid.py -> /home/enio/develop_fer/Model-Informed-Path-Planning/path_planning_ws/install/path_planning_server/lib/python3.10/site-packages/path_planning_server/curve_generation/utils/local_planner
copying curve_generation/utils/local_planner/local_planner.py -> /home/enio/develop_fer/Model-Informed-Path-Planning/path_planning_ws/install/path_planning_server/lib/python3.10/site-packages/path_planning_server/curve_generation/utils/local_planner
copying curve_generation/utils/local_planner/rpp.py -> /home/enio/develop_fer/Model-Informed-Path-Planning/path_planning_ws/install/path_planning_server/lib/python3.10/site-packages/path_planning_server/curve_generation/utils/local_planner
copying curve_generation/utils/local_planner/lqr.py -> /home/enio/develop_fer/Model-Informed-Path-Planning/path_planning_ws/install/path_planning_server/lib/python3.10/site-packages/path_planning_server/curve_generation/utils/local_planner
creating /home/enio/develop_fer/Model-Informed-Path-Planning/path_planning_ws/install/path_planning_server/lib/python3.10/site-packages/path_planning_server/curve_generation/utils/environment
copying curve_generation/utils/environment/__init__.py -> /home/enio/develop_fer/Model-Informed-Path-Planning/path_planning_ws/install/path_planning_server/lib/python3.10/site-packages/path_planning_server/curve_generation/utils/environment
copying curve_generation/utils/environment/node.py -> /home/enio/develop_fer/Model-Informed-Path-Planning/path_planning_ws/install/path_planning_server/lib/python3.10/site-packages/path_planning_server/curve_generation/utils/environment
copying curve_generation/utils/environment/env.py -> /home/enio/develop_fer/Model-Informed-Path-Planning/path_planning_ws/install/path_planning_server/lib/python3.10/site-packages/path_planning_server/curve_generation/utils/environment
creating /home/enio/develop_fer/Model-Informed-Path-Planning/path_planning_ws/install/path_planning_server/lib/python3.10/site-packages/path_planning_server/curve_generation/utils/agent
copying curve_generation/utils/agent/agent.py -> /home/enio/develop_fer/Model-Informed-Path-Planning/path_planning_ws/install/path_planning_server/lib/python3.10/site-packages/path_planning_server/curve_generation/utils/agent
copying curve_generation/utils/agent/__init__.py -> /home/enio/develop_fer/Model-Informed-Path-Planning/path_planning_ws/install/path_planning_server/lib/python3.10/site-packages/path_planning_server/curve_generation/utils/agent
creating /home/enio/develop_fer/Model-Informed-Path-Planning/path_planning_ws/install/path_planning_server/lib/python3.10/site-packages/path_planning_server/curve_generation/utils/helper
copying curve_generation/utils/helper/__init__.py -> /home/enio/develop_fer/Model-Informed-Path-Planning/path_planning_ws/install/path_planning_server/lib/python3.10/site-packages/path_planning_server/curve_generation/utils/helper
copying curve_generation/utils/helper/math_helper.py -> /home/enio/develop_fer/Model-Informed-Path-Planning/path_planning_ws/install/path_planning_server/lib/python3.10/site-packages/path_planning_server/curve_generation/utils/helper
creating /home/enio/develop_fer/Model-Informed-Path-Planning/path_planning_ws/install/path_planning_server/lib/python3.10/site-packages/path_planning_server/curve_generation/utils/plot
copying curve_generation/utils/plot/__init__.py -> /home/enio/develop_fer/Model-Informed-Path-Planning/path_planning_ws/install/path_planning_server/lib/python3.10/site-packages/path_planning_server/curve_generation/utils/plot
copying curve_generation/utils/plot/plot.py -> /home/enio/develop_fer/Model-Informed-Path-Planning/path_planning_ws/install/path_planning_server/lib/python3.10/site-packages/path_planning_server/curve_generation/utils/plot
creating /home/enio/develop_fer/Model-Informed-Path-Planning/path_planning_ws/install/path_planning_server/lib/python3.10/site-packages/path_planning_server/curve_generation/utils/planner
copying curve_generation/utils/planner/__init__.py -> /home/enio/develop_fer/Model-Informed-Path-Planning/path_planning_ws/install/path_planning_server/lib/python3.10/site-packages/path_planning_server/curve_generation/utils/planner
copying curve_generation/utils/planner/control_factory.py -> /home/enio/develop_fer/Model-Informed-Path-Planning/path_planning_ws/install/path_planning_server/lib/python3.10/site-packages/path_planning_server/curve_generation/utils/planner
copying curve_generation/utils/planner/search_factory.py -> /home/enio/develop_fer/Model-Informed-Path-Planning/path_planning_ws/install/path_planning_server/lib/python3.10/site-packages/path_planning_server/curve_generation/utils/planner
copying curve_generation/utils/planner/planner.py -> /home/enio/develop_fer/Model-Informed-Path-Planning/path_planning_ws/install/path_planning_server/lib/python3.10/site-packages/path_planning_server/curve_generation/utils/planner
creating /home/enio/develop_fer/Model-Informed-Path-Planning/path_planning_ws/install/path_planning_server/lib/python3.10/site-packages/path_planning_server/curve_generation/utils/planner/global_planner
copying curve_generation/utils/planner/global_planner/__init__.py -> /home/enio/develop_fer/Model-Informed-Path-Planning/path_planning_ws/install/path_planning_server/lib/python3.10/site-packages/path_planning_server/curve_generation/utils/planner/global_planner
creating /home/enio/develop_fer/Model-Informed-Path-Planning/path_planning_ws/install/path_planning_server/lib/python3.10/site-packages/path_planning_server/curve_generation/utils/planner/global_planner/graph_search
copying curve_generation/utils/planner/global_planner/graph_search/lpa_star.py -> /home/enio/develop_fer/Model-Informed-Path-Planning/path_planning_ws/install/path_planning_server/lib/python3.10/site-packages/path_planning_server/curve_generation/utils/planner/global_planner/graph_search
copying curve_generation/utils/planner/global_planner/graph_search/d_star.py -> /home/enio/develop_fer/Model-Informed-Path-Planning/path_planning_ws/install/path_planning_server/lib/python3.10/site-packages/path_planning_server/curve_generation/utils/planner/global_planner/graph_search
copying curve_generation/utils/planner/global_planner/graph_search/graph_search.py -> /home/enio/develop_fer/Model-Informed-Path-Planning/path_planning_ws/install/path_planning_server/lib/python3.10/site-packages/path_planning_server/curve_generation/utils/planner/global_planner/graph_search
copying curve_generation/utils/planner/global_planner/graph_search/voronoi.py -> /home/enio/develop_fer/Model-Informed-Path-Planning/path_planning_ws/install/path_planning_server/lib/python3.10/site-packages/path_planning_server/curve_generation/utils/planner/global_planner/graph_search
copying curve_generation/utils/planner/global_planner/graph_search/__init__.py -> /home/enio/develop_fer/Model-Informed-Path-Planning/path_planning_ws/install/path_planning_server/lib/python3.10/site-packages/path_planning_server/curve_generation/utils/planner/global_planner/graph_search
copying curve_generation/utils/planner/global_planner/graph_search/theta_star.py -> /home/enio/develop_fer/Model-Informed-Path-Planning/path_planning_ws/install/path_planning_server/lib/python3.10/site-packages/path_planning_server/curve_generation/utils/planner/global_planner/graph_search
copying curve_generation/utils/planner/global_planner/graph_search/s_theta_star.py -> /home/enio/develop_fer/Model-Informed-Path-Planning/path_planning_ws/install/path_planning_server/lib/python3.10/site-packages/path_planning_server/curve_generation/utils/planner/global_planner/graph_search
copying curve_generation/utils/planner/global_planner/graph_search/lazy_theta_star.py -> /home/enio/develop_fer/Model-Informed-Path-Planning/path_planning_ws/install/path_planning_server/lib/python3.10/site-packages/path_planning_server/curve_generation/utils/planner/global_planner/graph_search
copying curve_generation/utils/planner/global_planner/graph_search/dijkstra.py -> /home/enio/develop_fer/Model-Informed-Path-Planning/path_planning_ws/install/path_planning_server/lib/python3.10/site-packages/path_planning_server/curve_generation/utils/planner/global_planner/graph_search
copying curve_generation/utils/planner/global_planner/graph_search/d_star_lite.py -> /home/enio/develop_fer/Model-Informed-Path-Planning/path_planning_ws/install/path_planning_server/lib/python3.10/site-packages/path_planning_server/curve_generation/utils/planner/global_planner/graph_search
copying curve_generation/utils/planner/global_planner/graph_search/jps.py -> /home/enio/develop_fer/Model-Informed-Path-Planning/path_planning_ws/install/path_planning_server/lib/python3.10/site-packages/path_planning_server/curve_generation/utils/planner/global_planner/graph_search
copying curve_generation/utils/planner/global_planner/graph_search/gbfs.py -> /home/enio/develop_fer/Model-Informed-Path-Planning/path_planning_ws/install/path_planning_server/lib/python3.10/site-packages/path_planning_server/curve_generation/utils/planner/global_planner/graph_search
copying curve_generation/utils/planner/global_planner/graph_search/a_star.py -> /home/enio/develop_fer/Model-Informed-Path-Planning/path_planning_ws/install/path_planning_server/lib/python3.10/site-packages/path_planning_server/curve_generation/utils/planner/global_planner/graph_search
creating /home/enio/develop_fer/Model-Informed-Path-Planning/path_planning_ws/install/path_planning_server/lib/python3.10/site-packages/path_planning_server/curve_generation/utils/planner/global_planner/evolutionary_search
copying curve_generation/utils/planner/global_planner/evolutionary_search/pso.py -> /home/enio/develop_fer/Model-Informed-Path-Planning/path_planning_ws/install/path_planning_server/lib/python3.10/site-packages/path_planning_server/curve_generation/utils/planner/global_planner/evolutionary_search
copying curve_generation/utils/planner/global_planner/evolutionary_search/__init__.py -> /home/enio/develop_fer/Model-Informed-Path-Planning/path_planning_ws/install/path_planning_server/lib/python3.10/site-packages/path_planning_server/curve_generation/utils/planner/global_planner/evolutionary_search
copying curve_generation/utils/planner/global_planner/evolutionary_search/aco.py -> /home/enio/develop_fer/Model-Informed-Path-Planning/path_planning_ws/install/path_planning_server/lib/python3.10/site-packages/path_planning_server/curve_generation/utils/planner/global_planner/evolutionary_search
copying curve_generation/utils/planner/global_planner/evolutionary_search/evolutionary_search.py -> /home/enio/develop_fer/Model-Informed-Path-Planning/path_planning_ws/install/path_planning_server/lib/python3.10/site-packages/path_planning_server/curve_generation/utils/planner/global_planner/evolutionary_search
creating /home/enio/develop_fer/Model-Informed-Path-Planning/path_planning_ws/install/path_planning_server/lib/python3.10/site-packages/path_planning_server/curve_generation/utils/planner/global_planner/sample_search
copying curve_generation/utils/planner/global_planner/sample_search/rrt_connect.py -> /home/enio/develop_fer/Model-Informed-Path-Planning/path_planning_ws/install/path_planning_server/lib/python3.10/site-packages/path_planning_server/curve_generation/utils/planner/global_planner/sample_search
copying curve_generation/utils/planner/global_planner/sample_search/__init__.py -> /home/enio/develop_fer/Model-Informed-Path-Planning/path_planning_ws/install/path_planning_server/lib/python3.10/site-packages/path_planning_server/curve_generation/utils/planner/global_planner/sample_search
copying curve_generation/utils/planner/global_planner/sample_search/sample_search.py -> /home/enio/develop_fer/Model-Informed-Path-Planning/path_planning_ws/install/path_planning_server/lib/python3.10/site-packages/path_planning_server/curve_generation/utils/planner/global_planner/sample_search
copying curve_generation/utils/planner/global_planner/sample_search/rrt.py -> /home/enio/develop_fer/Model-Informed-Path-Planning/path_planning_ws/install/path_planning_server/lib/python3.10/site-packages/path_planning_server/curve_generation/utils/planner/global_planner/sample_search
copying curve_generation/utils/planner/global_planner/sample_search/informed_rrt.py -> /home/enio/develop_fer/Model-Informed-Path-Planning/path_planning_ws/install/path_planning_server/lib/python3.10/site-packages/path_planning_server/curve_generation/utils/planner/global_planner/sample_search
copying curve_generation/utils/planner/global_planner/sample_search/rrt_star.py -> /home/enio/develop_fer/Model-Informed-Path-Planning/path_planning_ws/install/path_planning_server/lib/python3.10/site-packages/path_planning_server/curve_generation/utils/planner/global_planner/sample_search
running install_egg_info
Copying ../../build/path_planning_server/path_planning_server.egg-info to /home/enio/develop_fer/Model-Informed-Path-Planning/path_planning_ws/install/path_planning_server/lib/python3.10/site-packages/path_planning_server-0.0.0-py3.10.egg-info
running install_scripts
Installing planning_server script to /home/enio/develop_fer/Model-Informed-Path-Planning/path_planning_ws/install/path_planning_server/lib/path_planning_server
writing list of installed files to '/home/enio/develop_fer/Model-Informed-Path-Planning/path_planning_ws/build/path_planning_server/install.log'
