[0.406s] Invoking command in '/home/enio/develop_fer/Model-Informed-Path-Planning/path_planning_ws/build/user_action_interfaces': CMAKE_PREFIX_PATH=${CMAKE_PREFIX_PATH}:/home/enio/develop_fer/Model-Informed-Path-Planning/path_planning_ws/install/path_planning_server:/home/enio/develop_fer/Model-Informed-Path-Planning/path_planning_ws/install/path_planning_action:/home/enio/develop_fer/Model-Informed-Path-Planning/path_planning_ws/install/map_server:/opt/ros/iron /usr/bin/cmake /home/enio/develop_fer/Model-Informed-Path-Planning/path_planning_ws/src/user_action_interfaces -DCMAKE_INSTALL_PREFIX=/home/enio/develop_fer/Model-Informed-Path-Planning/path_planning_ws/install/user_action_interfaces
[0.436s] -- The C compiler identification is GNU 11.4.0
[0.467s] -- The CXX compiler identification is GNU 11.4.0
[0.471s] -- Detecting C compiler ABI info
[0.508s] -- Detecting C compiler ABI info - done
[0.514s] -- Check for working C compiler: /usr/bin/cc - skipped
[0.515s] -- Detecting C compile features
[0.515s] -- Detecting C compile features - done
[0.517s] -- Detecting CXX compiler ABI info
[0.564s] -- Detecting CXX compiler ABI info - done
[0.571s] -- Check for working CXX compiler: /usr/bin/c++ - skipped
[0.571s] -- Detecting CXX compile features
[0.571s] -- Detecting CXX compile features - done
[0.573s] -- Found ament_cmake: 2.0.5 (/opt/ros/iron/share/ament_cmake/cmake)
[0.661s] -- Found Python3: /usr/bin/python3.10 (found version "3.10.12") found components: Interpreter 
[0.711s] -- Found rosidl_default_generators: 1.5.0 (/opt/ros/iron/share/rosidl_default_generators/cmake)
[0.713s] -- Using all available rosidl_typesupport_c: rosidl_typesupport_fastrtps_c;rosidl_typesupport_introspection_c
[0.740s] -- Using all available rosidl_typesupport_cpp: rosidl_typesupport_fastrtps_cpp;rosidl_typesupport_introspection_cpp
[0.765s] -- Found rosidl_adapter: 4.0.1 (/opt/ros/iron/share/rosidl_adapter/cmake)
[0.768s] -- Found std_msgs: 5.0.1 (/opt/ros/iron/share/std_msgs/cmake)
[0.804s] -- Found sensor_msgs: 5.0.1 (/opt/ros/iron/share/sensor_msgs/cmake)
[1.143s] -- Found ament_cmake_ros: 0.11.2 (/opt/ros/iron/share/ament_cmake_ros/cmake)
[1.286s] -- Using all available rosidl_typesupport_c: rosidl_typesupport_fastrtps_c;rosidl_typesupport_introspection_c
[1.473s] -- Using all available rosidl_typesupport_cpp: rosidl_typesupport_fastrtps_cpp;rosidl_typesupport_introspection_cpp
[1.484s] -- Found PythonInterp: /usr/bin/python3 (found suitable version "3.10.12", minimum required is "3.6") 
[1.484s] -- Found python_cmake_module: 0.10.2 (/opt/ros/iron/share/python_cmake_module/cmake)
[1.496s] -- Found PythonLibs: /usr/lib/x86_64-linux-gnu/libpython3.10.so (found suitable version "3.10.12", minimum required is "3.5") 
[1.496s] -- Using PYTHON_EXECUTABLE: /usr/bin/python3
[1.496s] -- Using PYTHON_INCLUDE_DIRS: /usr/include/python3.10
[1.496s] -- Using PYTHON_LIBRARIES: /usr/lib/x86_64-linux-gnu/libpython3.10.so
[1.511s] -- Found PythonExtra: .so  
[1.556s] -- Found ament_lint_auto: 0.14.3 (/opt/ros/iron/share/ament_lint_auto/cmake)
[1.566s] -- Added test 'lint_cmake' to check CMake code style
[1.566s] -- Added test 'xmllint' to check XML markup files
[1.568s] -- Configuring done
[1.592s] -- Generating done
[1.593s] -- Build files have been written to: /home/enio/develop_fer/Model-Informed-Path-Planning/path_planning_ws/build/user_action_interfaces
[1.600s] Invoked command in '/home/enio/develop_fer/Model-Informed-Path-Planning/path_planning_ws/build/user_action_interfaces' returned '0': CMAKE_PREFIX_PATH=${CMAKE_PREFIX_PATH}:/home/enio/develop_fer/Model-Informed-Path-Planning/path_planning_ws/install/path_planning_server:/home/enio/develop_fer/Model-Informed-Path-Planning/path_planning_ws/install/path_planning_action:/home/enio/develop_fer/Model-Informed-Path-Planning/path_planning_ws/install/map_server:/opt/ros/iron /usr/bin/cmake /home/enio/develop_fer/Model-Informed-Path-Planning/path_planning_ws/src/user_action_interfaces -DCMAKE_INSTALL_PREFIX=/home/enio/develop_fer/Model-Informed-Path-Planning/path_planning_ws/install/user_action_interfaces
[1.600s] Invoking command in '/home/enio/develop_fer/Model-Informed-Path-Planning/path_planning_ws/build/user_action_interfaces': CMAKE_PREFIX_PATH=${CMAKE_PREFIX_PATH}:/home/enio/develop_fer/Model-Informed-Path-Planning/path_planning_ws/install/path_planning_server:/home/enio/develop_fer/Model-Informed-Path-Planning/path_planning_ws/install/path_planning_action:/home/enio/develop_fer/Model-Informed-Path-Planning/path_planning_ws/install/map_server:/opt/ros/iron /usr/bin/cmake --build /home/enio/develop_fer/Model-Informed-Path-Planning/path_planning_ws/build/user_action_interfaces -- -j20 -l20
[1.627s] [  1%] [34m[1mGenerating type hashes for ROS interfaces[0m
[1.631s] [  1%] Built target ament_cmake_python_copy_user_action_interfaces
[1.753s] [  1%] Built target user_action_interfaces__rosidl_generator_type_description
[1.757s] running egg_info
[1.757s] creating user_action_interfaces.egg-info
[1.757s] writing user_action_interfaces.egg-info/PKG-INFO
[1.758s] writing dependency_links to user_action_interfaces.egg-info/dependency_links.txt
[1.758s] writing top-level names to user_action_interfaces.egg-info/top_level.txt
[1.758s] writing manifest file 'user_action_interfaces.egg-info/SOURCES.txt'
[1.759s] reading manifest file 'user_action_interfaces.egg-info/SOURCES.txt'
[1.760s] writing manifest file 'user_action_interfaces.egg-info/SOURCES.txt'
[1.760s] [  3%] [34m[1mGenerating C code for ROS interfaces[0m
[1.767s] [  5%] [34m[1mGenerating C++ code for ROS interfaces[0m
[1.775s] [  5%] Built target ament_cmake_python_build_user_action_interfaces_egg
[2.047s] [  5%] Built target user_action_interfaces__cpp
[2.088s] [  9%] [32mBuilding C object CMakeFiles/user_action_interfaces__rosidl_generator_c.dir/rosidl_generator_c/user_action_interfaces/action/detail/start_goal_action__functions.c.o[0m
[2.088s] [ 11%] [32mBuilding C object CMakeFiles/user_action_interfaces__rosidl_generator_c.dir/rosidl_generator_c/user_action_interfaces/msg/detail/start_goal_msg__functions.c.o[0m
[2.088s] [ 11%] [32mBuilding C object CMakeFiles/user_action_interfaces__rosidl_generator_c.dir/rosidl_generator_c/user_action_interfaces/action/detail/start_goal_action__type_support.c.o[0m
[2.088s] [ 12%] [32mBuilding C object CMakeFiles/user_action_interfaces__rosidl_generator_c.dir/rosidl_generator_c/user_action_interfaces/msg/detail/coast_msg__functions.c.o[0m
[2.088s] [ 14%] [32mBuilding C object CMakeFiles/user_action_interfaces__rosidl_generator_c.dir/rosidl_generator_c/user_action_interfaces/action/detail/start_goal_action__description.c.o[0m
[2.089s] [ 16%] [32mBuilding C object CMakeFiles/user_action_interfaces__rosidl_generator_c.dir/rosidl_generator_c/user_action_interfaces/msg/detail/coast_msg__type_support.c.o[0m
[2.089s] [ 18%] [32mBuilding C object CMakeFiles/user_action_interfaces__rosidl_generator_c.dir/rosidl_generator_c/user_action_interfaces/msg/detail/start_goal_msg__description.c.o[0m
[2.090s] [ 20%] [32mBuilding C object CMakeFiles/user_action_interfaces__rosidl_generator_c.dir/rosidl_generator_c/user_action_interfaces/msg/detail/start_goal_msg__type_support.c.o[0m
[2.090s] [ 22%] [32mBuilding C object CMakeFiles/user_action_interfaces__rosidl_generator_c.dir/rosidl_generator_c/user_action_interfaces/msg/detail/coast_msg__description.c.o[0m
[2.171s] [ 24%] [32m[1mLinking C shared library libuser_action_interfaces__rosidl_generator_c.so[0m
[2.196s] [ 24%] Built target user_action_interfaces__rosidl_generator_c
[2.207s] [ 25%] [34m[1mGenerating C++ type support dispatch for ROS interfaces[0m
[2.207s] [ 27%] [34m[1mGenerating C type support for eProsima Fast-RTPS[0m
[2.207s] [ 29%] [34m[1mGenerating C introspection for ROS interfaces[0m
[2.207s] [ 31%] [34m[1mGenerating C type support dispatch for ROS interfaces[0m
[2.207s] [ 35%] [34m[1mGenerating C++ type support for eProsima Fast-RTPS[0m
[2.207s] [ 33%] [34m[1mGenerating C++ introspection for ROS interfaces[0m
[2.409s] [ 37%] [32mBuilding CXX object CMakeFiles/user_action_interfaces__rosidl_typesupport_cpp.dir/rosidl_typesupport_cpp/user_action_interfaces/msg/coast_msg__type_support.cpp.o[0m
[2.409s] [ 38%] [32mBuilding CXX object CMakeFiles/user_action_interfaces__rosidl_typesupport_c.dir/rosidl_typesupport_c/user_action_interfaces/action/start_goal_action__type_support.cpp.o[0m
[2.410s] [ 40%] [32mBuilding CXX object CMakeFiles/user_action_interfaces__rosidl_typesupport_cpp.dir/rosidl_typesupport_cpp/user_action_interfaces/action/start_goal_action__type_support.cpp.o[0m
[2.410s] [ 42%] [32mBuilding CXX object CMakeFiles/user_action_interfaces__rosidl_typesupport_cpp.dir/rosidl_typesupport_cpp/user_action_interfaces/msg/start_goal_msg__type_support.cpp.o[0m
[2.411s] [ 44%] [32mBuilding CXX object CMakeFiles/user_action_interfaces__rosidl_typesupport_c.dir/rosidl_typesupport_c/user_action_interfaces/msg/start_goal_msg__type_support.cpp.o[0m
[2.411s] [ 46%] [32mBuilding CXX object CMakeFiles/user_action_interfaces__rosidl_typesupport_c.dir/rosidl_typesupport_c/user_action_interfaces/msg/coast_msg__type_support.cpp.o[0m
[2.441s] [ 48%] [32mBuilding CXX object CMakeFiles/user_action_interfaces__rosidl_typesupport_introspection_cpp.dir/rosidl_typesupport_introspection_cpp/user_action_interfaces/action/detail/start_goal_action__type_support.cpp.o[0m
[2.442s] [ 50%] [32mBuilding CXX object CMakeFiles/user_action_interfaces__rosidl_typesupport_introspection_cpp.dir/rosidl_typesupport_introspection_cpp/user_action_interfaces/msg/detail/start_goal_msg__type_support.cpp.o[0m
[2.443s] [ 51%] [32mBuilding CXX object CMakeFiles/user_action_interfaces__rosidl_typesupport_introspection_cpp.dir/rosidl_typesupport_introspection_cpp/user_action_interfaces/msg/detail/coast_msg__type_support.cpp.o[0m
[2.443s] [ 53%] [32m[1mLinking CXX shared library libuser_action_interfaces__rosidl_typesupport_c.so[0m
[2.459s] [ 55%] [32mBuilding C object CMakeFiles/user_action_interfaces__rosidl_typesupport_introspection_c.dir/rosidl_typesupport_introspection_c/user_action_interfaces/action/detail/start_goal_action__type_support.c.o[0m
[2.461s] [ 59%] [32mBuilding C object CMakeFiles/user_action_interfaces__rosidl_typesupport_introspection_c.dir/rosidl_typesupport_introspection_c/user_action_interfaces/msg/detail/start_goal_msg__type_support.c.o[0m
[2.461s] [ 59%] [32mBuilding C object CMakeFiles/user_action_interfaces__rosidl_typesupport_introspection_c.dir/rosidl_typesupport_introspection_c/user_action_interfaces/msg/detail/coast_msg__type_support.c.o[0m
[2.471s] [ 59%] Built target user_action_interfaces__rosidl_typesupport_c
[2.483s] [ 61%] [32mBuilding CXX object CMakeFiles/user_action_interfaces__rosidl_typesupport_fastrtps_c.dir/rosidl_typesupport_fastrtps_c/user_action_interfaces/msg/detail/coast_msg__type_support_c.cpp.o[0m
[2.484s] [ 64%] [32mBuilding CXX object CMakeFiles/user_action_interfaces__rosidl_typesupport_fastrtps_c.dir/rosidl_typesupport_fastrtps_c/user_action_interfaces/msg/detail/start_goal_msg__type_support_c.cpp.o[0m
[2.484s] [ 64%] [32mBuilding CXX object CMakeFiles/user_action_interfaces__rosidl_typesupport_fastrtps_c.dir/rosidl_typesupport_fastrtps_c/user_action_interfaces/action/detail/start_goal_action__type_support_c.cpp.o[0m
[2.497s] [ 66%] [32mBuilding CXX object CMakeFiles/user_action_interfaces__rosidl_typesupport_fastrtps_cpp.dir/rosidl_typesupport_fastrtps_cpp/user_action_interfaces/action/detail/dds_fastrtps/start_goal_action__type_support.cpp.o[0m
[2.499s] [ 68%] [32mBuilding CXX object CMakeFiles/user_action_interfaces__rosidl_typesupport_fastrtps_cpp.dir/rosidl_typesupport_fastrtps_cpp/user_action_interfaces/msg/detail/dds_fastrtps/coast_msg__type_support.cpp.o[0m
[2.499s] [ 70%] [32mBuilding CXX object CMakeFiles/user_action_interfaces__rosidl_typesupport_fastrtps_cpp.dir/rosidl_typesupport_fastrtps_cpp/user_action_interfaces/msg/detail/dds_fastrtps/start_goal_msg__type_support.cpp.o[0m
[2.508s] [ 72%] [32m[1mLinking C shared library libuser_action_interfaces__rosidl_typesupport_introspection_c.so[0m
[2.540s] [ 72%] Built target user_action_interfaces__rosidl_typesupport_introspection_c
[2.732s] [ 74%] [32m[1mLinking CXX shared library libuser_action_interfaces__rosidl_typesupport_fastrtps_c.so[0m
[2.780s] [ 74%] Built target user_action_interfaces__rosidl_typesupport_fastrtps_c
[2.863s] [ 75%] [32m[1mLinking CXX shared library libuser_action_interfaces__rosidl_typesupport_cpp.so[0m
[2.910s] [ 75%] Built target user_action_interfaces__rosidl_typesupport_cpp
[3.057s] [ 77%] [32m[1mLinking CXX shared library libuser_action_interfaces__rosidl_typesupport_introspection_cpp.so[0m
[3.059s] [ 79%] [32m[1mLinking CXX shared library libuser_action_interfaces__rosidl_typesupport_fastrtps_cpp.so[0m
[3.104s] [ 79%] Built target user_action_interfaces__rosidl_typesupport_introspection_cpp
[3.105s] [ 79%] Built target user_action_interfaces__rosidl_typesupport_fastrtps_cpp
[3.116s] [ 79%] Built target user_action_interfaces
[3.128s] [ 81%] [34m[1mGenerating Python code for ROS interfaces[0m
[3.604s] [ 81%] Built target user_action_interfaces__py
[3.614s] [ 83%] [32mBuilding C object CMakeFiles/user_action_interfaces__rosidl_generator_py.dir/rosidl_generator_py/user_action_interfaces/action/_start_goal_action_s.c.o[0m
[3.614s] [ 85%] [32mBuilding C object CMakeFiles/user_action_interfaces__rosidl_generator_py.dir/rosidl_generator_py/user_action_interfaces/msg/_start_goal_msg_s.c.o[0m
[3.614s] [ 87%] [32mBuilding C object CMakeFiles/user_action_interfaces__rosidl_generator_py.dir/rosidl_generator_py/user_action_interfaces/msg/_coast_msg_s.c.o[0m
[3.710s] [ 88%] [32m[1mLinking C shared library rosidl_generator_py/user_action_interfaces/libuser_action_interfaces__rosidl_generator_py.so[0m
[3.736s] [ 88%] Built target user_action_interfaces__rosidl_generator_py
[3.749s] [ 90%] [32mBuilding C object CMakeFiles/user_action_interfaces__rosidl_typesupport_fastrtps_c__pyext.dir/rosidl_generator_py/user_action_interfaces/_user_action_interfaces_s.ep.rosidl_typesupport_fastrtps_c.c.o[0m
[3.749s] [ 94%] [32mBuilding C object CMakeFiles/user_action_interfaces__rosidl_typesupport_introspection_c__pyext.dir/rosidl_generator_py/user_action_interfaces/_user_action_interfaces_s.ep.rosidl_typesupport_introspection_c.c.o[0m
[3.749s] [ 94%] [32mBuilding C object CMakeFiles/user_action_interfaces__rosidl_typesupport_c__pyext.dir/rosidl_generator_py/user_action_interfaces/_user_action_interfaces_s.ep.rosidl_typesupport_c.c.o[0m
[3.819s] [100%] [32m[1mLinking C shared library rosidl_generator_py/user_action_interfaces/user_action_interfaces_s__rosidl_typesupport_introspection_c.cpython-310-x86_64-linux-gnu.so[0m
[3.819s] [100%] [32m[1mLinking C shared library rosidl_generator_py/user_action_interfaces/user_action_interfaces_s__rosidl_typesupport_c.cpython-310-x86_64-linux-gnu.so[0m
[3.820s] [100%] [32m[1mLinking C shared library rosidl_generator_py/user_action_interfaces/user_action_interfaces_s__rosidl_typesupport_fastrtps_c.cpython-310-x86_64-linux-gnu.so[0m
[3.846s] [100%] Built target user_action_interfaces__rosidl_typesupport_c__pyext
[3.846s] [100%] Built target user_action_interfaces__rosidl_typesupport_fastrtps_c__pyext
[3.847s] [100%] Built target user_action_interfaces__rosidl_typesupport_introspection_c__pyext
[3.853s] Invoked command in '/home/enio/develop_fer/Model-Informed-Path-Planning/path_planning_ws/build/user_action_interfaces' returned '0': CMAKE_PREFIX_PATH=${CMAKE_PREFIX_PATH}:/home/enio/develop_fer/Model-Informed-Path-Planning/path_planning_ws/install/path_planning_server:/home/enio/develop_fer/Model-Informed-Path-Planning/path_planning_ws/install/path_planning_action:/home/enio/develop_fer/Model-Informed-Path-Planning/path_planning_ws/install/map_server:/opt/ros/iron /usr/bin/cmake --build /home/enio/develop_fer/Model-Informed-Path-Planning/path_planning_ws/build/user_action_interfaces -- -j20 -l20
[3.944s] Invoking command in '/home/enio/develop_fer/Model-Informed-Path-Planning/path_planning_ws/build/user_action_interfaces': CMAKE_PREFIX_PATH=${CMAKE_PREFIX_PATH}:/home/enio/develop_fer/Model-Informed-Path-Planning/path_planning_ws/install/path_planning_server:/home/enio/develop_fer/Model-Informed-Path-Planning/path_planning_ws/install/path_planning_action:/home/enio/develop_fer/Model-Informed-Path-Planning/path_planning_ws/install/map_server:/opt/ros/iron /usr/bin/cmake --install /home/enio/develop_fer/Model-Informed-Path-Planning/path_planning_ws/build/user_action_interfaces
[3.954s] -- Install configuration: ""
[3.955s] -- Installing: /home/enio/develop_fer/Model-Informed-Path-Planning/path_planning_ws/install/user_action_interfaces/share/ament_index/resource_index/rosidl_interfaces/user_action_interfaces
[3.955s] -- Installing: /home/enio/develop_fer/Model-Informed-Path-Planning/path_planning_ws/install/user_action_interfaces/share/user_action_interfaces/action/StartGoalAction.json
[3.955s] -- Installing: /home/enio/develop_fer/Model-Informed-Path-Planning/path_planning_ws/install/user_action_interfaces/share/user_action_interfaces/msg/StartGoalMsg.json
[3.955s] -- Installing: /home/enio/develop_fer/Model-Informed-Path-Planning/path_planning_ws/install/user_action_interfaces/share/user_action_interfaces/msg/CoastMsg.json
[3.956s] -- Installing: /home/enio/develop_fer/Model-Informed-Path-Planning/path_planning_ws/install/user_action_interfaces/include/user_action_interfaces/user_action_interfaces
[3.956s] -- Installing: /home/enio/develop_fer/Model-Informed-Path-Planning/path_planning_ws/install/user_action_interfaces/include/user_action_interfaces/user_action_interfaces/msg
[3.956s] -- Installing: /home/enio/develop_fer/Model-Informed-Path-Planning/path_planning_ws/install/user_action_interfaces/include/user_action_interfaces/user_action_interfaces/msg/start_goal_msg.h
[3.956s] -- Installing: /home/enio/develop_fer/Model-Informed-Path-Planning/path_planning_ws/install/user_action_interfaces/include/user_action_interfaces/user_action_interfaces/msg/detail
[3.956s] -- Installing: /home/enio/develop_fer/Model-Informed-Path-Planning/path_planning_ws/install/user_action_interfaces/include/user_action_interfaces/user_action_interfaces/msg/detail/coast_msg__type_support.c
[3.956s] -- Installing: /home/enio/develop_fer/Model-Informed-Path-Planning/path_planning_ws/install/user_action_interfaces/include/user_action_interfaces/user_action_interfaces/msg/detail/coast_msg__functions.c
[3.956s] -- Installing: /home/enio/develop_fer/Model-Informed-Path-Planning/path_planning_ws/install/user_action_interfaces/include/user_action_interfaces/user_action_interfaces/msg/detail/coast_msg__type_support.h
[3.957s] -- Installing: /home/enio/develop_fer/Model-Informed-Path-Planning/path_planning_ws/install/user_action_interfaces/include/user_action_interfaces/user_action_interfaces/msg/detail/start_goal_msg__description.c
[3.957s] -- Installing: /home/enio/develop_fer/Model-Informed-Path-Planning/path_planning_ws/install/user_action_interfaces/include/user_action_interfaces/user_action_interfaces/msg/detail/coast_msg__functions.h
[3.957s] -- Installing: /home/enio/develop_fer/Model-Informed-Path-Planning/path_planning_ws/install/user_action_interfaces/include/user_action_interfaces/user_action_interfaces/msg/detail/coast_msg__struct.h
[3.957s] -- Installing: /home/enio/develop_fer/Model-Informed-Path-Planning/path_planning_ws/install/user_action_interfaces/include/user_action_interfaces/user_action_interfaces/msg/detail/start_goal_msg__functions.h
[3.957s] -- Installing: /home/enio/develop_fer/Model-Informed-Path-Planning/path_planning_ws/install/user_action_interfaces/include/user_action_interfaces/user_action_interfaces/msg/detail/coast_msg__description.c
[3.957s] -- Installing: /home/enio/develop_fer/Model-Informed-Path-Planning/path_planning_ws/install/user_action_interfaces/include/user_action_interfaces/user_action_interfaces/msg/detail/start_goal_msg__functions.c
[3.957s] -- Installing: /home/enio/develop_fer/Model-Informed-Path-Planning/path_planning_ws/install/user_action_interfaces/include/user_action_interfaces/user_action_interfaces/msg/detail/start_goal_msg__type_support.h
[3.957s] -- Installing: /home/enio/develop_fer/Model-Informed-Path-Planning/path_planning_ws/install/user_action_interfaces/include/user_action_interfaces/user_action_interfaces/msg/detail/start_goal_msg__struct.h
[3.957s] -- Installing: /home/enio/develop_fer/Model-Informed-Path-Planning/path_planning_ws/install/user_action_interfaces/include/user_action_interfaces/user_action_interfaces/msg/detail/start_goal_msg__type_support.c
[3.958s] -- Installing: /home/enio/develop_fer/Model-Informed-Path-Planning/path_planning_ws/install/user_action_interfaces/include/user_action_interfaces/user_action_interfaces/msg/rosidl_generator_c__visibility_control.h
[3.958s] -- Installing: /home/enio/develop_fer/Model-Informed-Path-Planning/path_planning_ws/install/user_action_interfaces/include/user_action_interfaces/user_action_interfaces/msg/coast_msg.h
[3.958s] -- Installing: /home/enio/develop_fer/Model-Informed-Path-Planning/path_planning_ws/install/user_action_interfaces/include/user_action_interfaces/user_action_interfaces/action
[3.958s] -- Installing: /home/enio/develop_fer/Model-Informed-Path-Planning/path_planning_ws/install/user_action_interfaces/include/user_action_interfaces/user_action_interfaces/action/detail
[3.958s] -- Installing: /home/enio/develop_fer/Model-Informed-Path-Planning/path_planning_ws/install/user_action_interfaces/include/user_action_interfaces/user_action_interfaces/action/detail/start_goal_action__description.c
[3.958s] -- Installing: /home/enio/develop_fer/Model-Informed-Path-Planning/path_planning_ws/install/user_action_interfaces/include/user_action_interfaces/user_action_interfaces/action/detail/start_goal_action__type_support.h
[3.958s] -- Installing: /home/enio/develop_fer/Model-Informed-Path-Planning/path_planning_ws/install/user_action_interfaces/include/user_action_interfaces/user_action_interfaces/action/detail/start_goal_action__type_support.c
[3.958s] -- Installing: /home/enio/develop_fer/Model-Informed-Path-Planning/path_planning_ws/install/user_action_interfaces/include/user_action_interfaces/user_action_interfaces/action/detail/start_goal_action__functions.h
[3.958s] -- Installing: /home/enio/develop_fer/Model-Informed-Path-Planning/path_planning_ws/install/user_action_interfaces/include/user_action_interfaces/user_action_interfaces/action/detail/start_goal_action__struct.h
[3.958s] -- Installing: /home/enio/develop_fer/Model-Informed-Path-Planning/path_planning_ws/install/user_action_interfaces/include/user_action_interfaces/user_action_interfaces/action/detail/start_goal_action__functions.c
[3.958s] -- Installing: /home/enio/develop_fer/Model-Informed-Path-Planning/path_planning_ws/install/user_action_interfaces/include/user_action_interfaces/user_action_interfaces/action/start_goal_action.h
[3.958s] -- Installing: /home/enio/develop_fer/Model-Informed-Path-Planning/path_planning_ws/install/user_action_interfaces/share/user_action_interfaces/environment/library_path.sh
[3.958s] -- Installing: /home/enio/develop_fer/Model-Informed-Path-Planning/path_planning_ws/install/user_action_interfaces/share/user_action_interfaces/environment/library_path.dsv
[3.958s] -- Installing: /home/enio/develop_fer/Model-Informed-Path-Planning/path_planning_ws/install/user_action_interfaces/lib/libuser_action_interfaces__rosidl_generator_c.so
[3.958s] -- Set runtime path of "/home/enio/develop_fer/Model-Informed-Path-Planning/path_planning_ws/install/user_action_interfaces/lib/libuser_action_interfaces__rosidl_generator_c.so" to ""
[3.958s] -- Up-to-date: /home/enio/develop_fer/Model-Informed-Path-Planning/path_planning_ws/install/user_action_interfaces/include/user_action_interfaces/user_action_interfaces
[3.958s] -- Up-to-date: /home/enio/develop_fer/Model-Informed-Path-Planning/path_planning_ws/install/user_action_interfaces/include/user_action_interfaces/user_action_interfaces/msg
[3.958s] -- Up-to-date: /home/enio/develop_fer/Model-Informed-Path-Planning/path_planning_ws/install/user_action_interfaces/include/user_action_interfaces/user_action_interfaces/msg/detail
[3.959s] -- Installing: /home/enio/develop_fer/Model-Informed-Path-Planning/path_planning_ws/install/user_action_interfaces/include/user_action_interfaces/user_action_interfaces/msg/detail/coast_msg__rosidl_typesupport_fastrtps_c.h
[3.959s] -- Installing: /home/enio/develop_fer/Model-Informed-Path-Planning/path_planning_ws/install/user_action_interfaces/include/user_action_interfaces/user_action_interfaces/msg/detail/start_goal_msg__rosidl_typesupport_fastrtps_c.h
[3.959s] -- Installing: /home/enio/develop_fer/Model-Informed-Path-Planning/path_planning_ws/install/user_action_interfaces/include/user_action_interfaces/user_action_interfaces/msg/rosidl_typesupport_fastrtps_c__visibility_control.h
[3.959s] -- Up-to-date: /home/enio/develop_fer/Model-Informed-Path-Planning/path_planning_ws/install/user_action_interfaces/include/user_action_interfaces/user_action_interfaces/action
[3.959s] -- Up-to-date: /home/enio/develop_fer/Model-Informed-Path-Planning/path_planning_ws/install/user_action_interfaces/include/user_action_interfaces/user_action_interfaces/action/detail
[3.959s] -- Installing: /home/enio/develop_fer/Model-Informed-Path-Planning/path_planning_ws/install/user_action_interfaces/include/user_action_interfaces/user_action_interfaces/action/detail/start_goal_action__rosidl_typesupport_fastrtps_c.h
[3.959s] -- Installing: /home/enio/develop_fer/Model-Informed-Path-Planning/path_planning_ws/install/user_action_interfaces/lib/libuser_action_interfaces__rosidl_typesupport_fastrtps_c.so
[3.959s] -- Set runtime path of "/home/enio/develop_fer/Model-Informed-Path-Planning/path_planning_ws/install/user_action_interfaces/lib/libuser_action_interfaces__rosidl_typesupport_fastrtps_c.so" to ""
[3.959s] -- Up-to-date: /home/enio/develop_fer/Model-Informed-Path-Planning/path_planning_ws/install/user_action_interfaces/include/user_action_interfaces/user_action_interfaces
[3.959s] -- Up-to-date: /home/enio/develop_fer/Model-Informed-Path-Planning/path_planning_ws/install/user_action_interfaces/include/user_action_interfaces/user_action_interfaces/msg
[3.959s] -- Up-to-date: /home/enio/develop_fer/Model-Informed-Path-Planning/path_planning_ws/install/user_action_interfaces/include/user_action_interfaces/user_action_interfaces/msg/detail
[3.959s] -- Up-to-date: /home/enio/develop_fer/Model-Informed-Path-Planning/path_planning_ws/install/user_action_interfaces/include/user_action_interfaces/user_action_interfaces/msg/detail/coast_msg__type_support.c
[3.959s] -- Installing: /home/enio/develop_fer/Model-Informed-Path-Planning/path_planning_ws/install/user_action_interfaces/include/user_action_interfaces/user_action_interfaces/msg/detail/start_goal_msg__rosidl_typesupport_introspection_c.h
[3.959s] -- Installing: /home/enio/develop_fer/Model-Informed-Path-Planning/path_planning_ws/install/user_action_interfaces/include/user_action_interfaces/user_action_interfaces/msg/detail/coast_msg__rosidl_typesupport_introspection_c.h
[3.959s] -- Up-to-date: /home/enio/develop_fer/Model-Informed-Path-Planning/path_planning_ws/install/user_action_interfaces/include/user_action_interfaces/user_action_interfaces/msg/detail/start_goal_msg__type_support.c
[3.960s] -- Installing: /home/enio/develop_fer/Model-Informed-Path-Planning/path_planning_ws/install/user_action_interfaces/include/user_action_interfaces/user_action_interfaces/msg/rosidl_typesupport_introspection_c__visibility_control.h
[3.960s] -- Up-to-date: /home/enio/develop_fer/Model-Informed-Path-Planning/path_planning_ws/install/user_action_interfaces/include/user_action_interfaces/user_action_interfaces/action
[3.960s] -- Up-to-date: /home/enio/develop_fer/Model-Informed-Path-Planning/path_planning_ws/install/user_action_interfaces/include/user_action_interfaces/user_action_interfaces/action/detail
[3.960s] -- Up-to-date: /home/enio/develop_fer/Model-Informed-Path-Planning/path_planning_ws/install/user_action_interfaces/include/user_action_interfaces/user_action_interfaces/action/detail/start_goal_action__type_support.c
[3.960s] -- Installing: /home/enio/develop_fer/Model-Informed-Path-Planning/path_planning_ws/install/user_action_interfaces/include/user_action_interfaces/user_action_interfaces/action/detail/start_goal_action__rosidl_typesupport_introspection_c.h
[3.960s] -- Installing: /home/enio/develop_fer/Model-Informed-Path-Planning/path_planning_ws/install/user_action_interfaces/lib/libuser_action_interfaces__rosidl_typesupport_introspection_c.so
[3.960s] -- Set runtime path of "/home/enio/develop_fer/Model-Informed-Path-Planning/path_planning_ws/install/user_action_interfaces/lib/libuser_action_interfaces__rosidl_typesupport_introspection_c.so" to ""
[3.960s] -- Installing: /home/enio/develop_fer/Model-Informed-Path-Planning/path_planning_ws/install/user_action_interfaces/lib/libuser_action_interfaces__rosidl_typesupport_c.so
[3.960s] -- Set runtime path of "/home/enio/develop_fer/Model-Informed-Path-Planning/path_planning_ws/install/user_action_interfaces/lib/libuser_action_interfaces__rosidl_typesupport_c.so" to ""
[3.961s] -- Up-to-date: /home/enio/develop_fer/Model-Informed-Path-Planning/path_planning_ws/install/user_action_interfaces/include/user_action_interfaces/user_action_interfaces
[3.961s] -- Up-to-date: /home/enio/develop_fer/Model-Informed-Path-Planning/path_planning_ws/install/user_action_interfaces/include/user_action_interfaces/user_action_interfaces/msg
[3.961s] -- Up-to-date: /home/enio/develop_fer/Model-Informed-Path-Planning/path_planning_ws/install/user_action_interfaces/include/user_action_interfaces/user_action_interfaces/msg/detail
[3.961s] -- Installing: /home/enio/develop_fer/Model-Informed-Path-Planning/path_planning_ws/install/user_action_interfaces/include/user_action_interfaces/user_action_interfaces/msg/detail/start_goal_msg__traits.hpp
[3.961s] -- Installing: /home/enio/develop_fer/Model-Informed-Path-Planning/path_planning_ws/install/user_action_interfaces/include/user_action_interfaces/user_action_interfaces/msg/detail/start_goal_msg__struct.hpp
[3.961s] -- Installing: /home/enio/develop_fer/Model-Informed-Path-Planning/path_planning_ws/install/user_action_interfaces/include/user_action_interfaces/user_action_interfaces/msg/detail/coast_msg__traits.hpp
[3.961s] -- Installing: /home/enio/develop_fer/Model-Informed-Path-Planning/path_planning_ws/install/user_action_interfaces/include/user_action_interfaces/user_action_interfaces/msg/detail/start_goal_msg__builder.hpp
[3.962s] -- Installing: /home/enio/develop_fer/Model-Informed-Path-Planning/path_planning_ws/install/user_action_interfaces/include/user_action_interfaces/user_action_interfaces/msg/detail/coast_msg__struct.hpp
[3.962s] -- Installing: /home/enio/develop_fer/Model-Informed-Path-Planning/path_planning_ws/install/user_action_interfaces/include/user_action_interfaces/user_action_interfaces/msg/detail/coast_msg__builder.hpp
[3.962s] -- Installing: /home/enio/develop_fer/Model-Informed-Path-Planning/path_planning_ws/install/user_action_interfaces/include/user_action_interfaces/user_action_interfaces/msg/start_goal_msg.hpp
[3.962s] -- Installing: /home/enio/develop_fer/Model-Informed-Path-Planning/path_planning_ws/install/user_action_interfaces/include/user_action_interfaces/user_action_interfaces/msg/coast_msg.hpp
[3.962s] -- Up-to-date: /home/enio/develop_fer/Model-Informed-Path-Planning/path_planning_ws/install/user_action_interfaces/include/user_action_interfaces/user_action_interfaces/action
[3.962s] -- Installing: /home/enio/develop_fer/Model-Informed-Path-Planning/path_planning_ws/install/user_action_interfaces/include/user_action_interfaces/user_action_interfaces/action/start_goal_action.hpp
[3.962s] -- Up-to-date: /home/enio/develop_fer/Model-Informed-Path-Planning/path_planning_ws/install/user_action_interfaces/include/user_action_interfaces/user_action_interfaces/action/detail
[3.962s] -- Installing: /home/enio/develop_fer/Model-Informed-Path-Planning/path_planning_ws/install/user_action_interfaces/include/user_action_interfaces/user_action_interfaces/action/detail/start_goal_action__struct.hpp
[3.962s] -- Installing: /home/enio/develop_fer/Model-Informed-Path-Planning/path_planning_ws/install/user_action_interfaces/include/user_action_interfaces/user_action_interfaces/action/detail/start_goal_action__traits.hpp
[3.963s] -- Installing: /home/enio/develop_fer/Model-Informed-Path-Planning/path_planning_ws/install/user_action_interfaces/include/user_action_interfaces/user_action_interfaces/action/detail/start_goal_action__builder.hpp
[3.963s] -- Up-to-date: /home/enio/develop_fer/Model-Informed-Path-Planning/path_planning_ws/install/user_action_interfaces/include/user_action_interfaces/user_action_interfaces
[3.963s] -- Up-to-date: /home/enio/develop_fer/Model-Informed-Path-Planning/path_planning_ws/install/user_action_interfaces/include/user_action_interfaces/user_action_interfaces/msg
[3.963s] -- Up-to-date: /home/enio/develop_fer/Model-Informed-Path-Planning/path_planning_ws/install/user_action_interfaces/include/user_action_interfaces/user_action_interfaces/msg/detail
[3.963s] -- Installing: /home/enio/develop_fer/Model-Informed-Path-Planning/path_planning_ws/install/user_action_interfaces/include/user_action_interfaces/user_action_interfaces/msg/detail/coast_msg__rosidl_typesupport_fastrtps_cpp.hpp
[3.963s] -- Installing: /home/enio/develop_fer/Model-Informed-Path-Planning/path_planning_ws/install/user_action_interfaces/include/user_action_interfaces/user_action_interfaces/msg/detail/start_goal_msg__rosidl_typesupport_fastrtps_cpp.hpp
[3.963s] -- Installing: /home/enio/develop_fer/Model-Informed-Path-Planning/path_planning_ws/install/user_action_interfaces/include/user_action_interfaces/user_action_interfaces/msg/detail/dds_fastrtps
[3.963s] -- Installing: /home/enio/develop_fer/Model-Informed-Path-Planning/path_planning_ws/install/user_action_interfaces/include/user_action_interfaces/user_action_interfaces/msg/rosidl_typesupport_fastrtps_cpp__visibility_control.h
[3.963s] -- Up-to-date: /home/enio/develop_fer/Model-Informed-Path-Planning/path_planning_ws/install/user_action_interfaces/include/user_action_interfaces/user_action_interfaces/action
[3.963s] -- Up-to-date: /home/enio/develop_fer/Model-Informed-Path-Planning/path_planning_ws/install/user_action_interfaces/include/user_action_interfaces/user_action_interfaces/action/detail
[3.964s] -- Installing: /home/enio/develop_fer/Model-Informed-Path-Planning/path_planning_ws/install/user_action_interfaces/include/user_action_interfaces/user_action_interfaces/action/detail/dds_fastrtps
[3.964s] -- Installing: /home/enio/develop_fer/Model-Informed-Path-Planning/path_planning_ws/install/user_action_interfaces/include/user_action_interfaces/user_action_interfaces/action/detail/start_goal_action__rosidl_typesupport_fastrtps_cpp.hpp
[3.964s] -- Installing: /home/enio/develop_fer/Model-Informed-Path-Planning/path_planning_ws/install/user_action_interfaces/lib/libuser_action_interfaces__rosidl_typesupport_fastrtps_cpp.so
[3.964s] -- Set runtime path of "/home/enio/develop_fer/Model-Informed-Path-Planning/path_planning_ws/install/user_action_interfaces/lib/libuser_action_interfaces__rosidl_typesupport_fastrtps_cpp.so" to ""
[3.964s] -- Up-to-date: /home/enio/develop_fer/Model-Informed-Path-Planning/path_planning_ws/install/user_action_interfaces/include/user_action_interfaces/user_action_interfaces
[3.964s] -- Up-to-date: /home/enio/develop_fer/Model-Informed-Path-Planning/path_planning_ws/install/user_action_interfaces/include/user_action_interfaces/user_action_interfaces/msg
[3.964s] -- Up-to-date: /home/enio/develop_fer/Model-Informed-Path-Planning/path_planning_ws/install/user_action_interfaces/include/user_action_interfaces/user_action_interfaces/msg/detail
[3.964s] -- Installing: /home/enio/develop_fer/Model-Informed-Path-Planning/path_planning_ws/install/user_action_interfaces/include/user_action_interfaces/user_action_interfaces/msg/detail/start_goal_msg__type_support.cpp
[3.964s] -- Installing: /home/enio/develop_fer/Model-Informed-Path-Planning/path_planning_ws/install/user_action_interfaces/include/user_action_interfaces/user_action_interfaces/msg/detail/start_goal_msg__rosidl_typesupport_introspection_cpp.hpp
[3.964s] -- Installing: /home/enio/develop_fer/Model-Informed-Path-Planning/path_planning_ws/install/user_action_interfaces/include/user_action_interfaces/user_action_interfaces/msg/detail/coast_msg__rosidl_typesupport_introspection_cpp.hpp
[3.965s] -- Installing: /home/enio/develop_fer/Model-Informed-Path-Planning/path_planning_ws/install/user_action_interfaces/include/user_action_interfaces/user_action_interfaces/msg/detail/coast_msg__type_support.cpp
[3.965s] -- Up-to-date: /home/enio/develop_fer/Model-Informed-Path-Planning/path_planning_ws/install/user_action_interfaces/include/user_action_interfaces/user_action_interfaces/action
[3.965s] -- Up-to-date: /home/enio/develop_fer/Model-Informed-Path-Planning/path_planning_ws/install/user_action_interfaces/include/user_action_interfaces/user_action_interfaces/action/detail
[3.965s] -- Installing: /home/enio/develop_fer/Model-Informed-Path-Planning/path_planning_ws/install/user_action_interfaces/include/user_action_interfaces/user_action_interfaces/action/detail/start_goal_action__type_support.cpp
[3.965s] -- Installing: /home/enio/develop_fer/Model-Informed-Path-Planning/path_planning_ws/install/user_action_interfaces/include/user_action_interfaces/user_action_interfaces/action/detail/start_goal_action__rosidl_typesupport_introspection_cpp.hpp
[3.965s] -- Installing: /home/enio/develop_fer/Model-Informed-Path-Planning/path_planning_ws/install/user_action_interfaces/lib/libuser_action_interfaces__rosidl_typesupport_introspection_cpp.so
[3.965s] -- Set runtime path of "/home/enio/develop_fer/Model-Informed-Path-Planning/path_planning_ws/install/user_action_interfaces/lib/libuser_action_interfaces__rosidl_typesupport_introspection_cpp.so" to ""
[3.965s] -- Installing: /home/enio/develop_fer/Model-Informed-Path-Planning/path_planning_ws/install/user_action_interfaces/lib/libuser_action_interfaces__rosidl_typesupport_cpp.so
[3.965s] -- Set runtime path of "/home/enio/develop_fer/Model-Informed-Path-Planning/path_planning_ws/install/user_action_interfaces/lib/libuser_action_interfaces__rosidl_typesupport_cpp.so" to ""
[3.965s] -- Installing: /home/enio/develop_fer/Model-Informed-Path-Planning/path_planning_ws/install/user_action_interfaces/share/user_action_interfaces/environment/pythonpath.sh
[3.965s] -- Installing: /home/enio/develop_fer/Model-Informed-Path-Planning/path_planning_ws/install/user_action_interfaces/share/user_action_interfaces/environment/pythonpath.dsv
[3.965s] -- Installing: /home/enio/develop_fer/Model-Informed-Path-Planning/path_planning_ws/install/user_action_interfaces/lib/python3.10/site-packages/user_action_interfaces-0.0.0-py3.10.egg-info
[3.965s] -- Installing: /home/enio/develop_fer/Model-Informed-Path-Planning/path_planning_ws/install/user_action_interfaces/lib/python3.10/site-packages/user_action_interfaces-0.0.0-py3.10.egg-info/PKG-INFO
[3.965s] -- Installing: /home/enio/develop_fer/Model-Informed-Path-Planning/path_planning_ws/install/user_action_interfaces/lib/python3.10/site-packages/user_action_interfaces-0.0.0-py3.10.egg-info/top_level.txt
[3.965s] -- Installing: /home/enio/develop_fer/Model-Informed-Path-Planning/path_planning_ws/install/user_action_interfaces/lib/python3.10/site-packages/user_action_interfaces-0.0.0-py3.10.egg-info/dependency_links.txt
[3.965s] -- Installing: /home/enio/develop_fer/Model-Informed-Path-Planning/path_planning_ws/install/user_action_interfaces/lib/python3.10/site-packages/user_action_interfaces-0.0.0-py3.10.egg-info/SOURCES.txt
[3.965s] -- Installing: /home/enio/develop_fer/Model-Informed-Path-Planning/path_planning_ws/install/user_action_interfaces/lib/python3.10/site-packages/user_action_interfaces
[3.965s] -- Installing: /home/enio/develop_fer/Model-Informed-Path-Planning/path_planning_ws/install/user_action_interfaces/lib/python3.10/site-packages/user_action_interfaces/_user_action_interfaces_s.ep.rosidl_typesupport_fastrtps_c.c
[3.965s] -- Installing: /home/enio/develop_fer/Model-Informed-Path-Planning/path_planning_ws/install/user_action_interfaces/lib/python3.10/site-packages/user_action_interfaces/_user_action_interfaces_s.ep.rosidl_typesupport_c.c
[3.965s] -- Installing: /home/enio/develop_fer/Model-Informed-Path-Planning/path_planning_ws/install/user_action_interfaces/lib/python3.10/site-packages/user_action_interfaces/__init__.py
[3.965s] -- Installing: /home/enio/develop_fer/Model-Informed-Path-Planning/path_planning_ws/install/user_action_interfaces/lib/python3.10/site-packages/user_action_interfaces/user_action_interfaces_s__rosidl_typesupport_fastrtps_c.cpython-310-x86_64-linux-gnu.so
[3.965s] -- Installing: /home/enio/develop_fer/Model-Informed-Path-Planning/path_planning_ws/install/user_action_interfaces/lib/python3.10/site-packages/user_action_interfaces/msg
[3.966s] -- Installing: /home/enio/develop_fer/Model-Informed-Path-Planning/path_planning_ws/install/user_action_interfaces/lib/python3.10/site-packages/user_action_interfaces/msg/__init__.py
[3.966s] -- Installing: /home/enio/develop_fer/Model-Informed-Path-Planning/path_planning_ws/install/user_action_interfaces/lib/python3.10/site-packages/user_action_interfaces/msg/_start_goal_msg.py
[3.966s] -- Installing: /home/enio/develop_fer/Model-Informed-Path-Planning/path_planning_ws/install/user_action_interfaces/lib/python3.10/site-packages/user_action_interfaces/msg/_coast_msg_s.c
[3.966s] -- Installing: /home/enio/develop_fer/Model-Informed-Path-Planning/path_planning_ws/install/user_action_interfaces/lib/python3.10/site-packages/user_action_interfaces/msg/_start_goal_msg_s.c
[3.966s] -- Installing: /home/enio/develop_fer/Model-Informed-Path-Planning/path_planning_ws/install/user_action_interfaces/lib/python3.10/site-packages/user_action_interfaces/msg/_coast_msg.py
[3.966s] -- Installing: /home/enio/develop_fer/Model-Informed-Path-Planning/path_planning_ws/install/user_action_interfaces/lib/python3.10/site-packages/user_action_interfaces/user_action_interfaces_s__rosidl_typesupport_c.cpython-310-x86_64-linux-gnu.so
[3.966s] -- Installing: /home/enio/develop_fer/Model-Informed-Path-Planning/path_planning_ws/install/user_action_interfaces/lib/python3.10/site-packages/user_action_interfaces/user_action_interfaces_s__rosidl_typesupport_introspection_c.cpython-310-x86_64-linux-gnu.so
[3.966s] -- Installing: /home/enio/develop_fer/Model-Informed-Path-Planning/path_planning_ws/install/user_action_interfaces/lib/python3.10/site-packages/user_action_interfaces/libuser_action_interfaces__rosidl_generator_py.so
[3.966s] -- Installing: /home/enio/develop_fer/Model-Informed-Path-Planning/path_planning_ws/install/user_action_interfaces/lib/python3.10/site-packages/user_action_interfaces/action
[3.966s] -- Installing: /home/enio/develop_fer/Model-Informed-Path-Planning/path_planning_ws/install/user_action_interfaces/lib/python3.10/site-packages/user_action_interfaces/action/__init__.py
[3.966s] -- Installing: /home/enio/develop_fer/Model-Informed-Path-Planning/path_planning_ws/install/user_action_interfaces/lib/python3.10/site-packages/user_action_interfaces/action/_start_goal_action_s.c
[3.966s] -- Installing: /home/enio/develop_fer/Model-Informed-Path-Planning/path_planning_ws/install/user_action_interfaces/lib/python3.10/site-packages/user_action_interfaces/action/_start_goal_action.py
[3.966s] -- Installing: /home/enio/develop_fer/Model-Informed-Path-Planning/path_planning_ws/install/user_action_interfaces/lib/python3.10/site-packages/user_action_interfaces/_user_action_interfaces_s.ep.rosidl_typesupport_introspection_c.c
[3.992s] Listing '/home/enio/develop_fer/Model-Informed-Path-Planning/path_planning_ws/install/user_action_interfaces/lib/python3.10/site-packages/user_action_interfaces'...
[3.992s] Compiling '/home/enio/develop_fer/Model-Informed-Path-Planning/path_planning_ws/install/user_action_interfaces/lib/python3.10/site-packages/user_action_interfaces/__init__.py'...
[3.992s] Listing '/home/enio/develop_fer/Model-Informed-Path-Planning/path_planning_ws/install/user_action_interfaces/lib/python3.10/site-packages/user_action_interfaces/action'...
[3.992s] Compiling '/home/enio/develop_fer/Model-Informed-Path-Planning/path_planning_ws/install/user_action_interfaces/lib/python3.10/site-packages/user_action_interfaces/action/__init__.py'...
[3.992s] Compiling '/home/enio/develop_fer/Model-Informed-Path-Planning/path_planning_ws/install/user_action_interfaces/lib/python3.10/site-packages/user_action_interfaces/action/_start_goal_action.py'...
[3.992s] Listing '/home/enio/develop_fer/Model-Informed-Path-Planning/path_planning_ws/install/user_action_interfaces/lib/python3.10/site-packages/user_action_interfaces/msg'...
[3.992s] Compiling '/home/enio/develop_fer/Model-Informed-Path-Planning/path_planning_ws/install/user_action_interfaces/lib/python3.10/site-packages/user_action_interfaces/msg/__init__.py'...
[3.992s] Compiling '/home/enio/develop_fer/Model-Informed-Path-Planning/path_planning_ws/install/user_action_interfaces/lib/python3.10/site-packages/user_action_interfaces/msg/_coast_msg.py'...
[3.992s] Compiling '/home/enio/develop_fer/Model-Informed-Path-Planning/path_planning_ws/install/user_action_interfaces/lib/python3.10/site-packages/user_action_interfaces/msg/_start_goal_msg.py'...
[3.994s] -- Installing: /home/enio/develop_fer/Model-Informed-Path-Planning/path_planning_ws/install/user_action_interfaces/lib/python3.10/site-packages/user_action_interfaces/user_action_interfaces_s__rosidl_typesupport_fastrtps_c.cpython-310-x86_64-linux-gnu.so
[3.995s] -- Set runtime path of "/home/enio/develop_fer/Model-Informed-Path-Planning/path_planning_ws/install/user_action_interfaces/lib/python3.10/site-packages/user_action_interfaces/user_action_interfaces_s__rosidl_typesupport_fastrtps_c.cpython-310-x86_64-linux-gnu.so" to ""
[3.995s] -- Installing: /home/enio/develop_fer/Model-Informed-Path-Planning/path_planning_ws/install/user_action_interfaces/lib/python3.10/site-packages/user_action_interfaces/user_action_interfaces_s__rosidl_typesupport_introspection_c.cpython-310-x86_64-linux-gnu.so
[3.995s] -- Set runtime path of "/home/enio/develop_fer/Model-Informed-Path-Planning/path_planning_ws/install/user_action_interfaces/lib/python3.10/site-packages/user_action_interfaces/user_action_interfaces_s__rosidl_typesupport_introspection_c.cpython-310-x86_64-linux-gnu.so" to ""
[3.995s] -- Installing: /home/enio/develop_fer/Model-Informed-Path-Planning/path_planning_ws/install/user_action_interfaces/lib/python3.10/site-packages/user_action_interfaces/user_action_interfaces_s__rosidl_typesupport_c.cpython-310-x86_64-linux-gnu.so
[3.995s] -- Set runtime path of "/home/enio/develop_fer/Model-Informed-Path-Planning/path_planning_ws/install/user_action_interfaces/lib/python3.10/site-packages/user_action_interfaces/user_action_interfaces_s__rosidl_typesupport_c.cpython-310-x86_64-linux-gnu.so" to ""
[3.995s] -- Installing: /home/enio/develop_fer/Model-Informed-Path-Planning/path_planning_ws/install/user_action_interfaces/lib/libuser_action_interfaces__rosidl_generator_py.so
[3.995s] -- Set runtime path of "/home/enio/develop_fer/Model-Informed-Path-Planning/path_planning_ws/install/user_action_interfaces/lib/libuser_action_interfaces__rosidl_generator_py.so" to ""
[3.995s] -- Installing: /home/enio/develop_fer/Model-Informed-Path-Planning/path_planning_ws/install/user_action_interfaces/share/user_action_interfaces/action/StartGoalAction.idl
[3.995s] -- Installing: /home/enio/develop_fer/Model-Informed-Path-Planning/path_planning_ws/install/user_action_interfaces/share/user_action_interfaces/msg/StartGoalMsg.idl
[3.995s] -- Installing: /home/enio/develop_fer/Model-Informed-Path-Planning/path_planning_ws/install/user_action_interfaces/share/user_action_interfaces/msg/CoastMsg.idl
[3.995s] -- Installing: /home/enio/develop_fer/Model-Informed-Path-Planning/path_planning_ws/install/user_action_interfaces/share/user_action_interfaces/action/StartGoalAction.action
[3.995s] -- Installing: /home/enio/develop_fer/Model-Informed-Path-Planning/path_planning_ws/install/user_action_interfaces/share/user_action_interfaces/msg/StartGoalMsg.msg
[3.995s] -- Installing: /home/enio/develop_fer/Model-Informed-Path-Planning/path_planning_ws/install/user_action_interfaces/share/user_action_interfaces/msg/CoastMsg.msg
[3.995s] -- Installing: /home/enio/develop_fer/Model-Informed-Path-Planning/path_planning_ws/install/user_action_interfaces/share/ament_index/resource_index/package_run_dependencies/user_action_interfaces
[3.996s] -- Installing: /home/enio/develop_fer/Model-Informed-Path-Planning/path_planning_ws/install/user_action_interfaces/share/ament_index/resource_index/parent_prefix_path/user_action_interfaces
[3.996s] -- Installing: /home/enio/develop_fer/Model-Informed-Path-Planning/path_planning_ws/install/user_action_interfaces/share/user_action_interfaces/environment/ament_prefix_path.sh
[3.996s] -- Installing: /home/enio/develop_fer/Model-Informed-Path-Planning/path_planning_ws/install/user_action_interfaces/share/user_action_interfaces/environment/ament_prefix_path.dsv
[3.996s] -- Installing: /home/enio/develop_fer/Model-Informed-Path-Planning/path_planning_ws/install/user_action_interfaces/share/user_action_interfaces/environment/path.sh
[3.996s] -- Installing: /home/enio/develop_fer/Model-Informed-Path-Planning/path_planning_ws/install/user_action_interfaces/share/user_action_interfaces/environment/path.dsv
[3.996s] -- Installing: /home/enio/develop_fer/Model-Informed-Path-Planning/path_planning_ws/install/user_action_interfaces/share/user_action_interfaces/local_setup.bash
[3.996s] -- Installing: /home/enio/develop_fer/Model-Informed-Path-Planning/path_planning_ws/install/user_action_interfaces/share/user_action_interfaces/local_setup.sh
[3.996s] -- Installing: /home/enio/develop_fer/Model-Informed-Path-Planning/path_planning_ws/install/user_action_interfaces/share/user_action_interfaces/local_setup.zsh
[3.996s] -- Installing: /home/enio/develop_fer/Model-Informed-Path-Planning/path_planning_ws/install/user_action_interfaces/share/user_action_interfaces/local_setup.dsv
[3.996s] -- Installing: /home/enio/develop_fer/Model-Informed-Path-Planning/path_planning_ws/install/user_action_interfaces/share/user_action_interfaces/package.dsv
[3.996s] -- Installing: /home/enio/develop_fer/Model-Informed-Path-Planning/path_planning_ws/install/user_action_interfaces/share/ament_index/resource_index/packages/user_action_interfaces
[3.996s] -- Installing: /home/enio/develop_fer/Model-Informed-Path-Planning/path_planning_ws/install/user_action_interfaces/share/user_action_interfaces/cmake/export_user_action_interfaces__rosidl_generator_cExport.cmake
[3.996s] -- Installing: /home/enio/develop_fer/Model-Informed-Path-Planning/path_planning_ws/install/user_action_interfaces/share/user_action_interfaces/cmake/export_user_action_interfaces__rosidl_generator_cExport-noconfig.cmake
[3.996s] -- Installing: /home/enio/develop_fer/Model-Informed-Path-Planning/path_planning_ws/install/user_action_interfaces/share/user_action_interfaces/cmake/export_user_action_interfaces__rosidl_typesupport_fastrtps_cExport.cmake
[3.996s] -- Installing: /home/enio/develop_fer/Model-Informed-Path-Planning/path_planning_ws/install/user_action_interfaces/share/user_action_interfaces/cmake/export_user_action_interfaces__rosidl_typesupport_fastrtps_cExport-noconfig.cmake
[3.996s] -- Installing: /home/enio/develop_fer/Model-Informed-Path-Planning/path_planning_ws/install/user_action_interfaces/share/user_action_interfaces/cmake/user_action_interfaces__rosidl_typesupport_introspection_cExport.cmake
[3.996s] -- Installing: /home/enio/develop_fer/Model-Informed-Path-Planning/path_planning_ws/install/user_action_interfaces/share/user_action_interfaces/cmake/user_action_interfaces__rosidl_typesupport_introspection_cExport-noconfig.cmake
[3.996s] -- Installing: /home/enio/develop_fer/Model-Informed-Path-Planning/path_planning_ws/install/user_action_interfaces/share/user_action_interfaces/cmake/user_action_interfaces__rosidl_typesupport_cExport.cmake
[3.996s] -- Installing: /home/enio/develop_fer/Model-Informed-Path-Planning/path_planning_ws/install/user_action_interfaces/share/user_action_interfaces/cmake/user_action_interfaces__rosidl_typesupport_cExport-noconfig.cmake
[3.996s] -- Installing: /home/enio/develop_fer/Model-Informed-Path-Planning/path_planning_ws/install/user_action_interfaces/share/user_action_interfaces/cmake/export_user_action_interfaces__rosidl_generator_cppExport.cmake
[3.996s] -- Installing: /home/enio/develop_fer/Model-Informed-Path-Planning/path_planning_ws/install/user_action_interfaces/share/user_action_interfaces/cmake/export_user_action_interfaces__rosidl_typesupport_fastrtps_cppExport.cmake
[3.996s] -- Installing: /home/enio/develop_fer/Model-Informed-Path-Planning/path_planning_ws/install/user_action_interfaces/share/user_action_interfaces/cmake/export_user_action_interfaces__rosidl_typesupport_fastrtps_cppExport-noconfig.cmake
[3.997s] -- Installing: /home/enio/develop_fer/Model-Informed-Path-Planning/path_planning_ws/install/user_action_interfaces/share/user_action_interfaces/cmake/user_action_interfaces__rosidl_typesupport_introspection_cppExport.cmake
[3.997s] -- Installing: /home/enio/develop_fer/Model-Informed-Path-Planning/path_planning_ws/install/user_action_interfaces/share/user_action_interfaces/cmake/user_action_interfaces__rosidl_typesupport_introspection_cppExport-noconfig.cmake
[3.997s] -- Installing: /home/enio/develop_fer/Model-Informed-Path-Planning/path_planning_ws/install/user_action_interfaces/share/user_action_interfaces/cmake/user_action_interfaces__rosidl_typesupport_cppExport.cmake
[3.997s] -- Installing: /home/enio/develop_fer/Model-Informed-Path-Planning/path_planning_ws/install/user_action_interfaces/share/user_action_interfaces/cmake/user_action_interfaces__rosidl_typesupport_cppExport-noconfig.cmake
[3.997s] -- Installing: /home/enio/develop_fer/Model-Informed-Path-Planning/path_planning_ws/install/user_action_interfaces/share/user_action_interfaces/cmake/export_user_action_interfaces__rosidl_generator_pyExport.cmake
[3.997s] -- Installing: /home/enio/develop_fer/Model-Informed-Path-Planning/path_planning_ws/install/user_action_interfaces/share/user_action_interfaces/cmake/export_user_action_interfaces__rosidl_generator_pyExport-noconfig.cmake
[3.997s] -- Installing: /home/enio/develop_fer/Model-Informed-Path-Planning/path_planning_ws/install/user_action_interfaces/share/user_action_interfaces/cmake/rosidl_cmake-extras.cmake
[3.997s] -- Installing: /home/enio/develop_fer/Model-Informed-Path-Planning/path_planning_ws/install/user_action_interfaces/share/user_action_interfaces/cmake/ament_cmake_export_dependencies-extras.cmake
[3.997s] -- Installing: /home/enio/develop_fer/Model-Informed-Path-Planning/path_planning_ws/install/user_action_interfaces/share/user_action_interfaces/cmake/ament_cmake_export_include_directories-extras.cmake
[3.997s] -- Installing: /home/enio/develop_fer/Model-Informed-Path-Planning/path_planning_ws/install/user_action_interfaces/share/user_action_interfaces/cmake/ament_cmake_export_libraries-extras.cmake
[3.997s] -- Installing: /home/enio/develop_fer/Model-Informed-Path-Planning/path_planning_ws/install/user_action_interfaces/share/user_action_interfaces/cmake/ament_cmake_export_targets-extras.cmake
[3.997s] -- Installing: /home/enio/develop_fer/Model-Informed-Path-Planning/path_planning_ws/install/user_action_interfaces/share/user_action_interfaces/cmake/rosidl_cmake_export_typesupport_targets-extras.cmake
[3.997s] -- Installing: /home/enio/develop_fer/Model-Informed-Path-Planning/path_planning_ws/install/user_action_interfaces/share/user_action_interfaces/cmake/rosidl_cmake_export_typesupport_libraries-extras.cmake
[3.997s] -- Installing: /home/enio/develop_fer/Model-Informed-Path-Planning/path_planning_ws/install/user_action_interfaces/share/user_action_interfaces/cmake/user_action_interfacesConfig.cmake
[3.997s] -- Installing: /home/enio/develop_fer/Model-Informed-Path-Planning/path_planning_ws/install/user_action_interfaces/share/user_action_interfaces/cmake/user_action_interfacesConfig-version.cmake
[3.997s] -- Installing: /home/enio/develop_fer/Model-Informed-Path-Planning/path_planning_ws/install/user_action_interfaces/share/user_action_interfaces/package.xml
[3.999s] Invoked command in '/home/enio/develop_fer/Model-Informed-Path-Planning/path_planning_ws/build/user_action_interfaces' returned '0': CMAKE_PREFIX_PATH=${CMAKE_PREFIX_PATH}:/home/enio/develop_fer/Model-Informed-Path-Planning/path_planning_ws/install/path_planning_server:/home/enio/develop_fer/Model-Informed-Path-Planning/path_planning_ws/install/path_planning_action:/home/enio/develop_fer/Model-Informed-Path-Planning/path_planning_ws/install/map_server:/opt/ros/iron /usr/bin/cmake --install /home/enio/develop_fer/Model-Informed-Path-Planning/path_planning_ws/build/user_action_interfaces
