[0.425s] Invoking command in '/home/enio/develop_fer/Model-Informed-Path-Planning/path_planning_ws/src/path_planning_action': PYTHONPATH=/home/enio/develop_fer/Model-Informed-Path-Planning/path_planning_ws/build/path_planning_action/prefix_override:/home/enio/develop_fer/Model-Informed-Path-Planning/path_planning_ws/install/path_planning_action/lib/python3.10/site-packages:${PYTHONPATH} /usr/bin/python3 -W ignore:setup.py install is deprecated setup.py egg_info --egg-base ../../build/path_planning_action build --build-base /home/enio/develop_fer/Model-Informed-Path-Planning/path_planning_ws/build/path_planning_action/build install --record /home/enio/develop_fer/Model-Informed-Path-Planning/path_planning_ws/build/path_planning_action/install.log --single-version-externally-managed install_data
[0.543s] running egg_info
[0.543s] creating ../../build/path_planning_action/path_planning_action.egg-info
[0.543s] writing ../../build/path_planning_action/path_planning_action.egg-info/PKG-INFO
[0.544s] writing dependency_links to ../../build/path_planning_action/path_planning_action.egg-info/dependency_links.txt
[0.544s] writing entry points to ../../build/path_planning_action/path_planning_action.egg-info/entry_points.txt
[0.544s] writing requirements to ../../build/path_planning_action/path_planning_action.egg-info/requires.txt
[0.544s] writing top-level names to ../../build/path_planning_action/path_planning_action.egg-info/top_level.txt
[0.544s] writing manifest file '../../build/path_planning_action/path_planning_action.egg-info/SOURCES.txt'
[0.546s] reading manifest file '../../build/path_planning_action/path_planning_action.egg-info/SOURCES.txt'
[0.546s] adding license file 'LICENSE'
[0.547s] writing manifest file '../../build/path_planning_action/path_planning_action.egg-info/SOURCES.txt'
[0.547s] running build
[0.547s] running build_py
[0.547s] creating /home/enio/develop_fer/Model-Informed-Path-Planning/path_planning_ws/build/path_planning_action/build
[0.547s] creating /home/enio/develop_fer/Model-Informed-Path-Planning/path_planning_ws/build/path_planning_action/build/lib
[0.547s] creating /home/enio/develop_fer/Model-Informed-Path-Planning/path_planning_ws/build/path_planning_action/build/lib/path_planning_action
[0.547s] copying path_planning_action/detect_coast.py -> /home/enio/develop_fer/Model-Informed-Path-Planning/path_planning_ws/build/path_planning_action/build/lib/path_planning_action
[0.548s] copying path_planning_action/map_process.py -> /home/enio/develop_fer/Model-Informed-Path-Planning/path_planning_ws/build/path_planning_action/build/lib/path_planning_action
[0.548s] copying path_planning_action/process_osm_data.py -> /home/enio/develop_fer/Model-Informed-Path-Planning/path_planning_ws/build/path_planning_action/build/lib/path_planning_action
[0.548s] copying path_planning_action/post_processing.py -> /home/enio/develop_fer/Model-Informed-Path-Planning/path_planning_ws/build/path_planning_action/build/lib/path_planning_action
[0.548s] copying path_planning_action/__init__.py -> /home/enio/develop_fer/Model-Informed-Path-Planning/path_planning_ws/build/path_planning_action/build/lib/path_planning_action
[0.548s] copying path_planning_action/set_waypoints.py -> /home/enio/develop_fer/Model-Informed-Path-Planning/path_planning_ws/build/path_planning_action/build/lib/path_planning_action
[0.548s] copying path_planning_action/pointcloud_publisher.py -> /home/enio/develop_fer/Model-Informed-Path-Planning/path_planning_ws/build/path_planning_action/build/lib/path_planning_action
[0.548s] copying path_planning_action/local_coordinates_converter.py -> /home/enio/develop_fer/Model-Informed-Path-Planning/path_planning_ws/build/path_planning_action/build/lib/path_planning_action
[0.548s] copying path_planning_action/start_goal_action.py -> /home/enio/develop_fer/Model-Informed-Path-Planning/path_planning_ws/build/path_planning_action/build/lib/path_planning_action
[0.548s] copying path_planning_action/set_start_goal.py -> /home/enio/develop_fer/Model-Informed-Path-Planning/path_planning_ws/build/path_planning_action/build/lib/path_planning_action
[0.548s] copying path_planning_action/calculation.py -> /home/enio/develop_fer/Model-Informed-Path-Planning/path_planning_ws/build/path_planning_action/build/lib/path_planning_action
[0.548s] copying path_planning_action/rviz2_launch.py -> /home/enio/develop_fer/Model-Informed-Path-Planning/path_planning_ws/build/path_planning_action/build/lib/path_planning_action
[0.548s] running install
[0.548s] running install_lib
[0.549s] creating /home/enio/develop_fer/Model-Informed-Path-Planning/path_planning_ws/install/path_planning_action/lib/python3.10/site-packages/path_planning_action
[0.549s] copying /home/enio/develop_fer/Model-Informed-Path-Planning/path_planning_ws/build/path_planning_action/build/lib/path_planning_action/detect_coast.py -> /home/enio/develop_fer/Model-Informed-Path-Planning/path_planning_ws/install/path_planning_action/lib/python3.10/site-packages/path_planning_action
[0.549s] copying /home/enio/develop_fer/Model-Informed-Path-Planning/path_planning_ws/build/path_planning_action/build/lib/path_planning_action/map_process.py -> /home/enio/develop_fer/Model-Informed-Path-Planning/path_planning_ws/install/path_planning_action/lib/python3.10/site-packages/path_planning_action
[0.549s] copying /home/enio/develop_fer/Model-Informed-Path-Planning/path_planning_ws/build/path_planning_action/build/lib/path_planning_action/process_osm_data.py -> /home/enio/develop_fer/Model-Informed-Path-Planning/path_planning_ws/install/path_planning_action/lib/python3.10/site-packages/path_planning_action
[0.549s] copying /home/enio/develop_fer/Model-Informed-Path-Planning/path_planning_ws/build/path_planning_action/build/lib/path_planning_action/post_processing.py -> /home/enio/develop_fer/Model-Informed-Path-Planning/path_planning_ws/install/path_planning_action/lib/python3.10/site-packages/path_planning_action
[0.549s] copying /home/enio/develop_fer/Model-Informed-Path-Planning/path_planning_ws/build/path_planning_action/build/lib/path_planning_action/__init__.py -> /home/enio/develop_fer/Model-Informed-Path-Planning/path_planning_ws/install/path_planning_action/lib/python3.10/site-packages/path_planning_action
[0.549s] copying /home/enio/develop_fer/Model-Informed-Path-Planning/path_planning_ws/build/path_planning_action/build/lib/path_planning_action/set_waypoints.py -> /home/enio/develop_fer/Model-Informed-Path-Planning/path_planning_ws/install/path_planning_action/lib/python3.10/site-packages/path_planning_action
[0.549s] copying /home/enio/develop_fer/Model-Informed-Path-Planning/path_planning_ws/build/path_planning_action/build/lib/path_planning_action/pointcloud_publisher.py -> /home/enio/develop_fer/Model-Informed-Path-Planning/path_planning_ws/install/path_planning_action/lib/python3.10/site-packages/path_planning_action
[0.549s] copying /home/enio/develop_fer/Model-Informed-Path-Planning/path_planning_ws/build/path_planning_action/build/lib/path_planning_action/local_coordinates_converter.py -> /home/enio/develop_fer/Model-Informed-Path-Planning/path_planning_ws/install/path_planning_action/lib/python3.10/site-packages/path_planning_action
[0.549s] copying /home/enio/develop_fer/Model-Informed-Path-Planning/path_planning_ws/build/path_planning_action/build/lib/path_planning_action/start_goal_action.py -> /home/enio/develop_fer/Model-Informed-Path-Planning/path_planning_ws/install/path_planning_action/lib/python3.10/site-packages/path_planning_action
[0.549s] copying /home/enio/develop_fer/Model-Informed-Path-Planning/path_planning_ws/build/path_planning_action/build/lib/path_planning_action/set_start_goal.py -> /home/enio/develop_fer/Model-Informed-Path-Planning/path_planning_ws/install/path_planning_action/lib/python3.10/site-packages/path_planning_action
[0.549s] copying /home/enio/develop_fer/Model-Informed-Path-Planning/path_planning_ws/build/path_planning_action/build/lib/path_planning_action/calculation.py -> /home/enio/develop_fer/Model-Informed-Path-Planning/path_planning_ws/install/path_planning_action/lib/python3.10/site-packages/path_planning_action
[0.549s] copying /home/enio/develop_fer/Model-Informed-Path-Planning/path_planning_ws/build/path_planning_action/build/lib/path_planning_action/rviz2_launch.py -> /home/enio/develop_fer/Model-Informed-Path-Planning/path_planning_ws/install/path_planning_action/lib/python3.10/site-packages/path_planning_action
[0.549s] byte-compiling /home/enio/develop_fer/Model-Informed-Path-Planning/path_planning_ws/install/path_planning_action/lib/python3.10/site-packages/path_planning_action/detect_coast.py to detect_coast.cpython-310.pyc
[0.550s] byte-compiling /home/enio/develop_fer/Model-Informed-Path-Planning/path_planning_ws/install/path_planning_action/lib/python3.10/site-packages/path_planning_action/map_process.py to map_process.cpython-310.pyc
[0.551s] byte-compiling /home/enio/develop_fer/Model-Informed-Path-Planning/path_planning_ws/install/path_planning_action/lib/python3.10/site-packages/path_planning_action/process_osm_data.py to process_osm_data.cpython-310.pyc
[0.552s] byte-compiling /home/enio/develop_fer/Model-Informed-Path-Planning/path_planning_ws/install/path_planning_action/lib/python3.10/site-packages/path_planning_action/post_processing.py to post_processing.cpython-310.pyc
[0.552s] byte-compiling /home/enio/develop_fer/Model-Informed-Path-Planning/path_planning_ws/install/path_planning_action/lib/python3.10/site-packages/path_planning_action/__init__.py to __init__.cpython-310.pyc
[0.552s] byte-compiling /home/enio/develop_fer/Model-Informed-Path-Planning/path_planning_ws/install/path_planning_action/lib/python3.10/site-packages/path_planning_action/set_waypoints.py to set_waypoints.cpython-310.pyc
[0.553s] byte-compiling /home/enio/develop_fer/Model-Informed-Path-Planning/path_planning_ws/install/path_planning_action/lib/python3.10/site-packages/path_planning_action/pointcloud_publisher.py to pointcloud_publisher.cpython-310.pyc
[0.553s] byte-compiling /home/enio/develop_fer/Model-Informed-Path-Planning/path_planning_ws/install/path_planning_action/lib/python3.10/site-packages/path_planning_action/local_coordinates_converter.py to local_coordinates_converter.cpython-310.pyc
[0.554s] byte-compiling /home/enio/develop_fer/Model-Informed-Path-Planning/path_planning_ws/install/path_planning_action/lib/python3.10/site-packages/path_planning_action/start_goal_action.py to start_goal_action.cpython-310.pyc
[0.554s] byte-compiling /home/enio/develop_fer/Model-Informed-Path-Planning/path_planning_ws/install/path_planning_action/lib/python3.10/site-packages/path_planning_action/set_start_goal.py to set_start_goal.cpython-310.pyc
[0.555s] byte-compiling /home/enio/develop_fer/Model-Informed-Path-Planning/path_planning_ws/install/path_planning_action/lib/python3.10/site-packages/path_planning_action/calculation.py to calculation.cpython-310.pyc
[0.555s] byte-compiling /home/enio/develop_fer/Model-Informed-Path-Planning/path_planning_ws/install/path_planning_action/lib/python3.10/site-packages/path_planning_action/rviz2_launch.py to rviz2_launch.cpython-310.pyc
[0.555s] running install_data
[0.555s] creating /home/enio/develop_fer/Model-Informed-Path-Planning/path_planning_ws/install/path_planning_action/share/ament_index
[0.555s] creating /home/enio/develop_fer/Model-Informed-Path-Planning/path_planning_ws/install/path_planning_action/share/ament_index/resource_index
[0.555s] creating /home/enio/develop_fer/Model-Informed-Path-Planning/path_planning_ws/install/path_planning_action/share/ament_index/resource_index/packages
[0.555s] copying resource/path_planning_action -> /home/enio/develop_fer/Model-Informed-Path-Planning/path_planning_ws/install/path_planning_action/share/ament_index/resource_index/packages
[0.556s] copying package.xml -> /home/enio/develop_fer/Model-Informed-Path-Planning/path_planning_ws/install/path_planning_action/share/path_planning_action
[0.556s] creating /home/enio/develop_fer/Model-Informed-Path-Planning/path_planning_ws/install/path_planning_action/share/path_planning_action/input_data
[0.556s] creating /home/enio/develop_fer/Model-Informed-Path-Planning/path_planning_ws/install/path_planning_action/share/path_planning_action/input_data/jadranovo
[0.556s] copying input_data/jadranovo/osm_info.txt -> /home/enio/develop_fer/Model-Informed-Path-Planning/path_planning_ws/install/path_planning_action/share/path_planning_action/input_data/jadranovo
[0.556s] copying input_data/jadranovo/jadranovo.png -> /home/enio/develop_fer/Model-Informed-Path-Planning/path_planning_ws/install/path_planning_action/share/path_planning_action/input_data/jadranovo
[0.556s] creating /home/enio/develop_fer/Model-Informed-Path-Planning/path_planning_ws/install/path_planning_action/share/path_planning_action/input_data/petrina
[0.556s] copying input_data/petrina/osm_info.txt -> /home/enio/develop_fer/Model-Informed-Path-Planning/path_planning_ws/install/path_planning_action/share/path_planning_action/input_data/petrina
[0.556s] copying input_data/petrina/petrina_resized.png -> /home/enio/develop_fer/Model-Informed-Path-Planning/path_planning_ws/install/path_planning_action/share/path_planning_action/input_data/petrina
[0.557s] copying input_data/petrina/petrina.png -> /home/enio/develop_fer/Model-Informed-Path-Planning/path_planning_ws/install/path_planning_action/share/path_planning_action/input_data/petrina
[0.557s] creating /home/enio/develop_fer/Model-Informed-Path-Planning/path_planning_ws/install/path_planning_action/share/path_planning_action/input_data/processed_maps
[0.557s] copying input_data/processed_maps/processed_map_jadranovo_map -> /home/enio/develop_fer/Model-Informed-Path-Planning/path_planning_ws/install/path_planning_action/share/path_planning_action/input_data/processed_maps
[0.558s] creating /home/enio/develop_fer/Model-Informed-Path-Planning/path_planning_ws/install/path_planning_action/share/path_planning_action/input_data/vrbnik
[0.558s] copying input_data/vrbnik/osm_info.txt -> /home/enio/develop_fer/Model-Informed-Path-Planning/path_planning_ws/install/path_planning_action/share/path_planning_action/input_data/vrbnik
[0.558s] copying input_data/vrbnik/vrbnik.png -> /home/enio/develop_fer/Model-Informed-Path-Planning/path_planning_ws/install/path_planning_action/share/path_planning_action/input_data/vrbnik
[0.558s] copying input_data/vrbnik/vrbnik_resized.png -> /home/enio/develop_fer/Model-Informed-Path-Planning/path_planning_ws/install/path_planning_action/share/path_planning_action/input_data/vrbnik
[0.559s] creating /home/enio/develop_fer/Model-Informed-Path-Planning/path_planning_ws/install/path_planning_action/share/path_planning_action/input_data/novi
[0.559s] copying input_data/novi/osm_info.txt -> /home/enio/develop_fer/Model-Informed-Path-Planning/path_planning_ws/install/path_planning_action/share/path_planning_action/input_data/novi
[0.560s] copying input_data/novi/novi.png -> /home/enio/develop_fer/Model-Informed-Path-Planning/path_planning_ws/install/path_planning_action/share/path_planning_action/input_data/novi
[0.560s] copying input_data/novi/novi_resized.png -> /home/enio/develop_fer/Model-Informed-Path-Planning/path_planning_ws/install/path_planning_action/share/path_planning_action/input_data/novi
[0.561s] creating /home/enio/develop_fer/Model-Informed-Path-Planning/path_planning_ws/install/path_planning_action/share/path_planning_action/input_data/selehovica
[0.561s] copying input_data/selehovica/osm_info.txt -> /home/enio/develop_fer/Model-Informed-Path-Planning/path_planning_ws/install/path_planning_action/share/path_planning_action/input_data/selehovica
[0.561s] copying input_data/selehovica/selehovica_resized.png -> /home/enio/develop_fer/Model-Informed-Path-Planning/path_planning_ws/install/path_planning_action/share/path_planning_action/input_data/selehovica
[0.562s] copying input_data/selehovica/selehovica.png -> /home/enio/develop_fer/Model-Informed-Path-Planning/path_planning_ws/install/path_planning_action/share/path_planning_action/input_data/selehovica
[0.562s] creating /home/enio/develop_fer/Model-Informed-Path-Planning/path_planning_ws/install/path_planning_action/share/path_planning_action/input_data/voz
[0.562s] copying input_data/voz/osm_info.txt -> /home/enio/develop_fer/Model-Informed-Path-Planning/path_planning_ws/install/path_planning_action/share/path_planning_action/input_data/voz
[0.562s] copying input_data/voz/voz_resized.png -> /home/enio/develop_fer/Model-Informed-Path-Planning/path_planning_ws/install/path_planning_action/share/path_planning_action/input_data/voz
[0.565s] copying input_data/voz/voz.png -> /home/enio/develop_fer/Model-Informed-Path-Planning/path_planning_ws/install/path_planning_action/share/path_planning_action/input_data/voz
[0.566s] creating /home/enio/develop_fer/Model-Informed-Path-Planning/path_planning_ws/install/path_planning_action/share/path_planning_action/input_data/sv_marko
[0.566s] copying input_data/sv_marko/osm_info.txt -> /home/enio/develop_fer/Model-Informed-Path-Planning/path_planning_ws/install/path_planning_action/share/path_planning_action/input_data/sv_marko
[0.566s] copying input_data/sv_marko/sv_marko.png -> /home/enio/develop_fer/Model-Informed-Path-Planning/path_planning_ws/install/path_planning_action/share/path_planning_action/input_data/sv_marko
[0.566s] creating /home/enio/develop_fer/Model-Informed-Path-Planning/path_planning_ws/install/path_planning_action/share/path_planning_action/input_data/melska
[0.566s] copying input_data/melska/osm_info.txt -> /home/enio/develop_fer/Model-Informed-Path-Planning/path_planning_ws/install/path_planning_action/share/path_planning_action/input_data/melska
[0.566s] copying input_data/melska/melska.png -> /home/enio/develop_fer/Model-Informed-Path-Planning/path_planning_ws/install/path_planning_action/share/path_planning_action/input_data/melska
[0.566s] copying input_data/melska/melska_resized.png -> /home/enio/develop_fer/Model-Informed-Path-Planning/path_planning_ws/install/path_planning_action/share/path_planning_action/input_data/melska
[0.567s] creating /home/enio/develop_fer/Model-Informed-Path-Planning/path_planning_ws/install/path_planning_action/share/path_planning_action/input_data/selce
[0.567s] copying input_data/selce/osm_info.txt -> /home/enio/develop_fer/Model-Informed-Path-Planning/path_planning_ws/install/path_planning_action/share/path_planning_action/input_data/selce
[0.567s] copying input_data/selce/selce_resized.png -> /home/enio/develop_fer/Model-Informed-Path-Planning/path_planning_ws/install/path_planning_action/share/path_planning_action/input_data/selce
[0.569s] copying input_data/selce/selce.png -> /home/enio/develop_fer/Model-Informed-Path-Planning/path_planning_ws/install/path_planning_action/share/path_planning_action/input_data/selce
[0.569s] creating /home/enio/develop_fer/Model-Informed-Path-Planning/path_planning_ws/install/path_planning_action/share/path_planning_action/input_data/klimno
[0.569s] copying input_data/klimno/osm_info.txt -> /home/enio/develop_fer/Model-Informed-Path-Planning/path_planning_ws/install/path_planning_action/share/path_planning_action/input_data/klimno
[0.569s] copying input_data/klimno/klimno.png -> /home/enio/develop_fer/Model-Informed-Path-Planning/path_planning_ws/install/path_planning_action/share/path_planning_action/input_data/klimno
[0.569s] copying input_data/klimno/klimno_resized.png -> /home/enio/develop_fer/Model-Informed-Path-Planning/path_planning_ws/install/path_planning_action/share/path_planning_action/input_data/klimno
[0.571s] creating /home/enio/develop_fer/Model-Informed-Path-Planning/path_planning_ws/install/path_planning_action/share/path_planning_action/input_data/rudine
[0.572s] copying input_data/rudine/osm_info.txt -> /home/enio/develop_fer/Model-Informed-Path-Planning/path_planning_ws/install/path_planning_action/share/path_planning_action/input_data/rudine
[0.572s] copying input_data/rudine/rudine.png -> /home/enio/develop_fer/Model-Informed-Path-Planning/path_planning_ws/install/path_planning_action/share/path_planning_action/input_data/rudine
[0.572s] copying input_data/rudine/rudine_resized.png -> /home/enio/develop_fer/Model-Informed-Path-Planning/path_planning_ws/install/path_planning_action/share/path_planning_action/input_data/rudine
[0.573s] creating /home/enio/develop_fer/Model-Informed-Path-Planning/path_planning_ws/install/path_planning_action/share/path_planning_action/input_data/silo
[0.573s] copying input_data/silo/osm_info.txt -> /home/enio/develop_fer/Model-Informed-Path-Planning/path_planning_ws/install/path_planning_action/share/path_planning_action/input_data/silo
[0.573s] copying input_data/silo/silo.png -> /home/enio/develop_fer/Model-Informed-Path-Planning/path_planning_ws/install/path_planning_action/share/path_planning_action/input_data/silo
[0.573s] copying input_data/silo/silo_resized.png -> /home/enio/develop_fer/Model-Informed-Path-Planning/path_planning_ws/install/path_planning_action/share/path_planning_action/input_data/silo
[0.575s] creating /home/enio/develop_fer/Model-Informed-Path-Planning/path_planning_ws/install/path_planning_action/share/path_planning_action/input_data/lokvisce
[0.575s] copying input_data/lokvisce/osm_info.txt -> /home/enio/develop_fer/Model-Informed-Path-Planning/path_planning_ws/install/path_planning_action/share/path_planning_action/input_data/lokvisce
[0.575s] copying input_data/lokvisce/lokvisce.png -> /home/enio/develop_fer/Model-Informed-Path-Planning/path_planning_ws/install/path_planning_action/share/path_planning_action/input_data/lokvisce
[0.576s] copying input_data/lokvisce/lokvisce_resized.png -> /home/enio/develop_fer/Model-Informed-Path-Planning/path_planning_ws/install/path_planning_action/share/path_planning_action/input_data/lokvisce
[0.577s] creating /home/enio/develop_fer/Model-Informed-Path-Planning/path_planning_ws/install/path_planning_action/share/path_planning_action/input_data/omisalj
[0.577s] copying input_data/omisalj/osm_info.txt -> /home/enio/develop_fer/Model-Informed-Path-Planning/path_planning_ws/install/path_planning_action/share/path_planning_action/input_data/omisalj
[0.577s] copying input_data/omisalj/omisalj.png -> /home/enio/develop_fer/Model-Informed-Path-Planning/path_planning_ws/install/path_planning_action/share/path_planning_action/input_data/omisalj
[0.577s] copying input_data/omisalj/omisalj_resized.png -> /home/enio/develop_fer/Model-Informed-Path-Planning/path_planning_ws/install/path_planning_action/share/path_planning_action/input_data/omisalj
[0.579s] creating /home/enio/develop_fer/Model-Informed-Path-Planning/path_planning_ws/install/path_planning_action/share/path_planning_action/input_data/povile
[0.579s] copying input_data/povile/osm_info.txt -> /home/enio/develop_fer/Model-Informed-Path-Planning/path_planning_ws/install/path_planning_action/share/path_planning_action/input_data/povile
[0.579s] copying input_data/povile/povile.png -> /home/enio/develop_fer/Model-Informed-Path-Planning/path_planning_ws/install/path_planning_action/share/path_planning_action/input_data/povile
[0.579s] copying input_data/povile/povile_resized.png -> /home/enio/develop_fer/Model-Informed-Path-Planning/path_planning_ws/install/path_planning_action/share/path_planning_action/input_data/povile
[0.581s] creating /home/enio/develop_fer/Model-Informed-Path-Planning/path_planning_ws/install/path_planning_action/share/path_planning_action/input_data/dramalj
[0.581s] copying input_data/dramalj/osm_info.txt -> /home/enio/develop_fer/Model-Informed-Path-Planning/path_planning_ws/install/path_planning_action/share/path_planning_action/input_data/dramalj
[0.581s] copying input_data/dramalj/dramalj_resized.png -> /home/enio/develop_fer/Model-Informed-Path-Planning/path_planning_ws/install/path_planning_action/share/path_planning_action/input_data/dramalj
[0.582s] copying input_data/dramalj/dramalj.png -> /home/enio/develop_fer/Model-Informed-Path-Planning/path_planning_ws/install/path_planning_action/share/path_planning_action/input_data/dramalj
[0.582s] creating /home/enio/develop_fer/Model-Informed-Path-Planning/path_planning_ws/install/path_planning_action/share/path_planning_action/input_data/crikvenica
[0.582s] copying input_data/crikvenica/osm_info.txt -> /home/enio/develop_fer/Model-Informed-Path-Planning/path_planning_ws/install/path_planning_action/share/path_planning_action/input_data/crikvenica
[0.582s] copying input_data/crikvenica/crikvenica_resized.png -> /home/enio/develop_fer/Model-Informed-Path-Planning/path_planning_ws/install/path_planning_action/share/path_planning_action/input_data/crikvenica
[0.584s] copying input_data/crikvenica/crikvenica.png -> /home/enio/develop_fer/Model-Informed-Path-Planning/path_planning_ws/install/path_planning_action/share/path_planning_action/input_data/crikvenica
[0.585s] creating /home/enio/develop_fer/Model-Informed-Path-Planning/path_planning_ws/install/path_planning_action/share/path_planning_action/launch
[0.585s] copying launch/make_map_omisalj_launch.py -> /home/enio/develop_fer/Model-Informed-Path-Planning/path_planning_ws/install/path_planning_action/share/path_planning_action/launch/
[0.585s] copying launch/pointcloud_launch.py -> /home/enio/develop_fer/Model-Informed-Path-Planning/path_planning_ws/install/path_planning_action/share/path_planning_action/launch/
[0.585s] copying launch/rviz2_pointcloud_launch.py -> /home/enio/develop_fer/Model-Informed-Path-Planning/path_planning_ws/install/path_planning_action/share/path_planning_action/launch/
[0.585s] copying launch/init_launch.py -> /home/enio/develop_fer/Model-Informed-Path-Planning/path_planning_ws/install/path_planning_action/share/path_planning_action/launch/
[0.585s] copying launch/make_map_jadranovo_launch.py -> /home/enio/develop_fer/Model-Informed-Path-Planning/path_planning_ws/install/path_planning_action/share/path_planning_action/launch/
[0.585s] creating /home/enio/develop_fer/Model-Informed-Path-Planning/path_planning_ws/install/path_planning_action/share/path_planning_action/rviz2
[0.585s] copying rviz2/map_visualization.rviz -> /home/enio/develop_fer/Model-Informed-Path-Planning/path_planning_ws/install/path_planning_action/share/path_planning_action/rviz2/
[0.585s] creating /home/enio/develop_fer/Model-Informed-Path-Planning/path_planning_ws/install/path_planning_action/lib/path_planning_action
[0.585s] creating /home/enio/develop_fer/Model-Informed-Path-Planning/path_planning_ws/install/path_planning_action/lib/path_planning_action/input_data
[0.586s] creating /home/enio/develop_fer/Model-Informed-Path-Planning/path_planning_ws/install/path_planning_action/lib/path_planning_action/input_data/jadranovo
[0.586s] copying input_data/jadranovo/osm_info.txt -> /home/enio/develop_fer/Model-Informed-Path-Planning/path_planning_ws/install/path_planning_action/lib/path_planning_action/input_data/jadranovo
[0.586s] copying input_data/jadranovo/jadranovo.png -> /home/enio/develop_fer/Model-Informed-Path-Planning/path_planning_ws/install/path_planning_action/lib/path_planning_action/input_data/jadranovo
[0.586s] creating /home/enio/develop_fer/Model-Informed-Path-Planning/path_planning_ws/install/path_planning_action/lib/path_planning_action/input_data/petrina
[0.586s] copying input_data/petrina/osm_info.txt -> /home/enio/develop_fer/Model-Informed-Path-Planning/path_planning_ws/install/path_planning_action/lib/path_planning_action/input_data/petrina
[0.586s] copying input_data/petrina/petrina_resized.png -> /home/enio/develop_fer/Model-Informed-Path-Planning/path_planning_ws/install/path_planning_action/lib/path_planning_action/input_data/petrina
[0.587s] copying input_data/petrina/petrina.png -> /home/enio/develop_fer/Model-Informed-Path-Planning/path_planning_ws/install/path_planning_action/lib/path_planning_action/input_data/petrina
[0.587s] creating /home/enio/develop_fer/Model-Informed-Path-Planning/path_planning_ws/install/path_planning_action/lib/path_planning_action/input_data/processed_maps
[0.587s] copying input_data/processed_maps/processed_map_jadranovo_map -> /home/enio/develop_fer/Model-Informed-Path-Planning/path_planning_ws/install/path_planning_action/lib/path_planning_action/input_data/processed_maps
[0.588s] creating /home/enio/develop_fer/Model-Informed-Path-Planning/path_planning_ws/install/path_planning_action/lib/path_planning_action/input_data/vrbnik
[0.588s] copying input_data/vrbnik/osm_info.txt -> /home/enio/develop_fer/Model-Informed-Path-Planning/path_planning_ws/install/path_planning_action/lib/path_planning_action/input_data/vrbnik
[0.588s] copying input_data/vrbnik/vrbnik.png -> /home/enio/develop_fer/Model-Informed-Path-Planning/path_planning_ws/install/path_planning_action/lib/path_planning_action/input_data/vrbnik
[0.588s] copying input_data/vrbnik/vrbnik_resized.png -> /home/enio/develop_fer/Model-Informed-Path-Planning/path_planning_ws/install/path_planning_action/lib/path_planning_action/input_data/vrbnik
[0.589s] creating /home/enio/develop_fer/Model-Informed-Path-Planning/path_planning_ws/install/path_planning_action/lib/path_planning_action/input_data/novi
[0.589s] copying input_data/novi/osm_info.txt -> /home/enio/develop_fer/Model-Informed-Path-Planning/path_planning_ws/install/path_planning_action/lib/path_planning_action/input_data/novi
[0.589s] copying input_data/novi/novi.png -> /home/enio/develop_fer/Model-Informed-Path-Planning/path_planning_ws/install/path_planning_action/lib/path_planning_action/input_data/novi
[0.590s] copying input_data/novi/novi_resized.png -> /home/enio/develop_fer/Model-Informed-Path-Planning/path_planning_ws/install/path_planning_action/lib/path_planning_action/input_data/novi
[0.591s] creating /home/enio/develop_fer/Model-Informed-Path-Planning/path_planning_ws/install/path_planning_action/lib/path_planning_action/input_data/selehovica
[0.591s] copying input_data/selehovica/osm_info.txt -> /home/enio/develop_fer/Model-Informed-Path-Planning/path_planning_ws/install/path_planning_action/lib/path_planning_action/input_data/selehovica
[0.591s] copying input_data/selehovica/selehovica_resized.png -> /home/enio/develop_fer/Model-Informed-Path-Planning/path_planning_ws/install/path_planning_action/lib/path_planning_action/input_data/selehovica
[0.592s] copying input_data/selehovica/selehovica.png -> /home/enio/develop_fer/Model-Informed-Path-Planning/path_planning_ws/install/path_planning_action/lib/path_planning_action/input_data/selehovica
[0.592s] creating /home/enio/develop_fer/Model-Informed-Path-Planning/path_planning_ws/install/path_planning_action/lib/path_planning_action/input_data/voz
[0.592s] copying input_data/voz/osm_info.txt -> /home/enio/develop_fer/Model-Informed-Path-Planning/path_planning_ws/install/path_planning_action/lib/path_planning_action/input_data/voz
[0.592s] copying input_data/voz/voz_resized.png -> /home/enio/develop_fer/Model-Informed-Path-Planning/path_planning_ws/install/path_planning_action/lib/path_planning_action/input_data/voz
[0.595s] copying input_data/voz/voz.png -> /home/enio/develop_fer/Model-Informed-Path-Planning/path_planning_ws/install/path_planning_action/lib/path_planning_action/input_data/voz
[0.595s] creating /home/enio/develop_fer/Model-Informed-Path-Planning/path_planning_ws/install/path_planning_action/lib/path_planning_action/input_data/sv_marko
[0.595s] copying input_data/sv_marko/osm_info.txt -> /home/enio/develop_fer/Model-Informed-Path-Planning/path_planning_ws/install/path_planning_action/lib/path_planning_action/input_data/sv_marko
[0.595s] copying input_data/sv_marko/sv_marko.png -> /home/enio/develop_fer/Model-Informed-Path-Planning/path_planning_ws/install/path_planning_action/lib/path_planning_action/input_data/sv_marko
[0.595s] creating /home/enio/develop_fer/Model-Informed-Path-Planning/path_planning_ws/install/path_planning_action/lib/path_planning_action/input_data/melska
[0.595s] copying input_data/melska/osm_info.txt -> /home/enio/develop_fer/Model-Informed-Path-Planning/path_planning_ws/install/path_planning_action/lib/path_planning_action/input_data/melska
[0.595s] copying input_data/melska/melska.png -> /home/enio/develop_fer/Model-Informed-Path-Planning/path_planning_ws/install/path_planning_action/lib/path_planning_action/input_data/melska
[0.596s] copying input_data/melska/melska_resized.png -> /home/enio/develop_fer/Model-Informed-Path-Planning/path_planning_ws/install/path_planning_action/lib/path_planning_action/input_data/melska
[0.597s] creating /home/enio/develop_fer/Model-Informed-Path-Planning/path_planning_ws/install/path_planning_action/lib/path_planning_action/input_data/selce
[0.597s] copying input_data/selce/osm_info.txt -> /home/enio/develop_fer/Model-Informed-Path-Planning/path_planning_ws/install/path_planning_action/lib/path_planning_action/input_data/selce
[0.597s] copying input_data/selce/selce_resized.png -> /home/enio/develop_fer/Model-Informed-Path-Planning/path_planning_ws/install/path_planning_action/lib/path_planning_action/input_data/selce
[0.598s] copying input_data/selce/selce.png -> /home/enio/develop_fer/Model-Informed-Path-Planning/path_planning_ws/install/path_planning_action/lib/path_planning_action/input_data/selce
[0.598s] creating /home/enio/develop_fer/Model-Informed-Path-Planning/path_planning_ws/install/path_planning_action/lib/path_planning_action/input_data/klimno
[0.598s] copying input_data/klimno/osm_info.txt -> /home/enio/develop_fer/Model-Informed-Path-Planning/path_planning_ws/install/path_planning_action/lib/path_planning_action/input_data/klimno
[0.598s] copying input_data/klimno/klimno.png -> /home/enio/develop_fer/Model-Informed-Path-Planning/path_planning_ws/install/path_planning_action/lib/path_planning_action/input_data/klimno
[0.599s] copying input_data/klimno/klimno_resized.png -> /home/enio/develop_fer/Model-Informed-Path-Planning/path_planning_ws/install/path_planning_action/lib/path_planning_action/input_data/klimno
[0.601s] creating /home/enio/develop_fer/Model-Informed-Path-Planning/path_planning_ws/install/path_planning_action/lib/path_planning_action/input_data/rudine
[0.601s] copying input_data/rudine/osm_info.txt -> /home/enio/develop_fer/Model-Informed-Path-Planning/path_planning_ws/install/path_planning_action/lib/path_planning_action/input_data/rudine
[0.601s] copying input_data/rudine/rudine.png -> /home/enio/develop_fer/Model-Informed-Path-Planning/path_planning_ws/install/path_planning_action/lib/path_planning_action/input_data/rudine
[0.601s] copying input_data/rudine/rudine_resized.png -> /home/enio/develop_fer/Model-Informed-Path-Planning/path_planning_ws/install/path_planning_action/lib/path_planning_action/input_data/rudine
[0.602s] creating /home/enio/develop_fer/Model-Informed-Path-Planning/path_planning_ws/install/path_planning_action/lib/path_planning_action/input_data/silo
[0.602s] copying input_data/silo/osm_info.txt -> /home/enio/develop_fer/Model-Informed-Path-Planning/path_planning_ws/install/path_planning_action/lib/path_planning_action/input_data/silo
[0.602s] copying input_data/silo/silo.png -> /home/enio/develop_fer/Model-Informed-Path-Planning/path_planning_ws/install/path_planning_action/lib/path_planning_action/input_data/silo
[0.603s] copying input_data/silo/silo_resized.png -> /home/enio/develop_fer/Model-Informed-Path-Planning/path_planning_ws/install/path_planning_action/lib/path_planning_action/input_data/silo
[0.604s] creating /home/enio/develop_fer/Model-Informed-Path-Planning/path_planning_ws/install/path_planning_action/lib/path_planning_action/input_data/lokvisce
[0.604s] copying input_data/lokvisce/osm_info.txt -> /home/enio/develop_fer/Model-Informed-Path-Planning/path_planning_ws/install/path_planning_action/lib/path_planning_action/input_data/lokvisce
[0.604s] copying input_data/lokvisce/lokvisce.png -> /home/enio/develop_fer/Model-Informed-Path-Planning/path_planning_ws/install/path_planning_action/lib/path_planning_action/input_data/lokvisce
[0.605s] copying input_data/lokvisce/lokvisce_resized.png -> /home/enio/develop_fer/Model-Informed-Path-Planning/path_planning_ws/install/path_planning_action/lib/path_planning_action/input_data/lokvisce
[0.606s] creating /home/enio/develop_fer/Model-Informed-Path-Planning/path_planning_ws/install/path_planning_action/lib/path_planning_action/input_data/omisalj
[0.606s] copying input_data/omisalj/osm_info.txt -> /home/enio/develop_fer/Model-Informed-Path-Planning/path_planning_ws/install/path_planning_action/lib/path_planning_action/input_data/omisalj
[0.606s] copying input_data/omisalj/omisalj.png -> /home/enio/develop_fer/Model-Informed-Path-Planning/path_planning_ws/install/path_planning_action/lib/path_planning_action/input_data/omisalj
[0.606s] copying input_data/omisalj/omisalj_resized.png -> /home/enio/develop_fer/Model-Informed-Path-Planning/path_planning_ws/install/path_planning_action/lib/path_planning_action/input_data/omisalj
[0.608s] creating /home/enio/develop_fer/Model-Informed-Path-Planning/path_planning_ws/install/path_planning_action/lib/path_planning_action/input_data/povile
[0.608s] copying input_data/povile/osm_info.txt -> /home/enio/develop_fer/Model-Informed-Path-Planning/path_planning_ws/install/path_planning_action/lib/path_planning_action/input_data/povile
[0.608s] copying input_data/povile/povile.png -> /home/enio/develop_fer/Model-Informed-Path-Planning/path_planning_ws/install/path_planning_action/lib/path_planning_action/input_data/povile
[0.608s] copying input_data/povile/povile_resized.png -> /home/enio/develop_fer/Model-Informed-Path-Planning/path_planning_ws/install/path_planning_action/lib/path_planning_action/input_data/povile
[0.609s] creating /home/enio/develop_fer/Model-Informed-Path-Planning/path_planning_ws/install/path_planning_action/lib/path_planning_action/input_data/dramalj
[0.610s] copying input_data/dramalj/osm_info.txt -> /home/enio/develop_fer/Model-Informed-Path-Planning/path_planning_ws/install/path_planning_action/lib/path_planning_action/input_data/dramalj
[0.610s] copying input_data/dramalj/dramalj_resized.png -> /home/enio/develop_fer/Model-Informed-Path-Planning/path_planning_ws/install/path_planning_action/lib/path_planning_action/input_data/dramalj
[0.610s] copying input_data/dramalj/dramalj.png -> /home/enio/develop_fer/Model-Informed-Path-Planning/path_planning_ws/install/path_planning_action/lib/path_planning_action/input_data/dramalj
[0.610s] creating /home/enio/develop_fer/Model-Informed-Path-Planning/path_planning_ws/install/path_planning_action/lib/path_planning_action/input_data/crikvenica
[0.610s] copying input_data/crikvenica/osm_info.txt -> /home/enio/develop_fer/Model-Informed-Path-Planning/path_planning_ws/install/path_planning_action/lib/path_planning_action/input_data/crikvenica
[0.610s] copying input_data/crikvenica/crikvenica_resized.png -> /home/enio/develop_fer/Model-Informed-Path-Planning/path_planning_ws/install/path_planning_action/lib/path_planning_action/input_data/crikvenica
[0.613s] copying input_data/crikvenica/crikvenica.png -> /home/enio/develop_fer/Model-Informed-Path-Planning/path_planning_ws/install/path_planning_action/lib/path_planning_action/input_data/crikvenica
[0.613s] creating /home/enio/develop_fer/Model-Informed-Path-Planning/path_planning_ws/install/path_planning_action/lib/path_planning_action/launch
[0.613s] copying launch/make_map_omisalj_launch.py -> /home/enio/develop_fer/Model-Informed-Path-Planning/path_planning_ws/install/path_planning_action/lib/path_planning_action/launch/
[0.613s] copying launch/pointcloud_launch.py -> /home/enio/develop_fer/Model-Informed-Path-Planning/path_planning_ws/install/path_planning_action/lib/path_planning_action/launch/
[0.613s] copying launch/rviz2_pointcloud_launch.py -> /home/enio/develop_fer/Model-Informed-Path-Planning/path_planning_ws/install/path_planning_action/lib/path_planning_action/launch/
[0.613s] copying launch/init_launch.py -> /home/enio/develop_fer/Model-Informed-Path-Planning/path_planning_ws/install/path_planning_action/lib/path_planning_action/launch/
[0.614s] copying launch/make_map_jadranovo_launch.py -> /home/enio/develop_fer/Model-Informed-Path-Planning/path_planning_ws/install/path_planning_action/lib/path_planning_action/launch/
[0.614s] creating /home/enio/develop_fer/Model-Informed-Path-Planning/path_planning_ws/install/path_planning_action/lib/path_planning_action/rviz2
[0.614s] copying rviz2/map_visualization.rviz -> /home/enio/develop_fer/Model-Informed-Path-Planning/path_planning_ws/install/path_planning_action/lib/path_planning_action/rviz2/
[0.615s] creating /home/enio/develop_fer/Model-Informed-Path-Planning/path_planning_ws/install/path_planning_action/lib/python3.10/site-packages/path_planning_action/input_data
[0.615s] creating /home/enio/develop_fer/Model-Informed-Path-Planning/path_planning_ws/install/path_planning_action/lib/python3.10/site-packages/path_planning_action/input_data/jadranovo
[0.615s] copying input_data/jadranovo/osm_info.txt -> /home/enio/develop_fer/Model-Informed-Path-Planning/path_planning_ws/install/path_planning_action/lib/python3.10/site-packages/path_planning_action/input_data/jadranovo
[0.615s] copying input_data/jadranovo/jadranovo.png -> /home/enio/develop_fer/Model-Informed-Path-Planning/path_planning_ws/install/path_planning_action/lib/python3.10/site-packages/path_planning_action/input_data/jadranovo
[0.615s] creating /home/enio/develop_fer/Model-Informed-Path-Planning/path_planning_ws/install/path_planning_action/lib/python3.10/site-packages/path_planning_action/input_data/petrina
[0.615s] copying input_data/petrina/osm_info.txt -> /home/enio/develop_fer/Model-Informed-Path-Planning/path_planning_ws/install/path_planning_action/lib/python3.10/site-packages/path_planning_action/input_data/petrina
[0.615s] copying input_data/petrina/petrina_resized.png -> /home/enio/develop_fer/Model-Informed-Path-Planning/path_planning_ws/install/path_planning_action/lib/python3.10/site-packages/path_planning_action/input_data/petrina
[0.616s] copying input_data/petrina/petrina.png -> /home/enio/develop_fer/Model-Informed-Path-Planning/path_planning_ws/install/path_planning_action/lib/python3.10/site-packages/path_planning_action/input_data/petrina
[0.616s] creating /home/enio/develop_fer/Model-Informed-Path-Planning/path_planning_ws/install/path_planning_action/lib/python3.10/site-packages/path_planning_action/input_data/processed_maps
[0.616s] copying input_data/processed_maps/processed_map_jadranovo_map -> /home/enio/develop_fer/Model-Informed-Path-Planning/path_planning_ws/install/path_planning_action/lib/python3.10/site-packages/path_planning_action/input_data/processed_maps
[0.617s] creating /home/enio/develop_fer/Model-Informed-Path-Planning/path_planning_ws/install/path_planning_action/lib/python3.10/site-packages/path_planning_action/input_data/vrbnik
[0.617s] copying input_data/vrbnik/osm_info.txt -> /home/enio/develop_fer/Model-Informed-Path-Planning/path_planning_ws/install/path_planning_action/lib/python3.10/site-packages/path_planning_action/input_data/vrbnik
[0.617s] copying input_data/vrbnik/vrbnik.png -> /home/enio/develop_fer/Model-Informed-Path-Planning/path_planning_ws/install/path_planning_action/lib/python3.10/site-packages/path_planning_action/input_data/vrbnik
[0.617s] copying input_data/vrbnik/vrbnik_resized.png -> /home/enio/develop_fer/Model-Informed-Path-Planning/path_planning_ws/install/path_planning_action/lib/python3.10/site-packages/path_planning_action/input_data/vrbnik
[0.619s] creating /home/enio/develop_fer/Model-Informed-Path-Planning/path_planning_ws/install/path_planning_action/lib/python3.10/site-packages/path_planning_action/input_data/novi
[0.619s] copying input_data/novi/osm_info.txt -> /home/enio/develop_fer/Model-Informed-Path-Planning/path_planning_ws/install/path_planning_action/lib/python3.10/site-packages/path_planning_action/input_data/novi
[0.619s] copying input_data/novi/novi.png -> /home/enio/develop_fer/Model-Informed-Path-Planning/path_planning_ws/install/path_planning_action/lib/python3.10/site-packages/path_planning_action/input_data/novi
[0.619s] copying input_data/novi/novi_resized.png -> /home/enio/develop_fer/Model-Informed-Path-Planning/path_planning_ws/install/path_planning_action/lib/python3.10/site-packages/path_planning_action/input_data/novi
[0.620s] creating /home/enio/develop_fer/Model-Informed-Path-Planning/path_planning_ws/install/path_planning_action/lib/python3.10/site-packages/path_planning_action/input_data/selehovica
[0.620s] copying input_data/selehovica/osm_info.txt -> /home/enio/develop_fer/Model-Informed-Path-Planning/path_planning_ws/install/path_planning_action/lib/python3.10/site-packages/path_planning_action/input_data/selehovica
[0.620s] copying input_data/selehovica/selehovica_resized.png -> /home/enio/develop_fer/Model-Informed-Path-Planning/path_planning_ws/install/path_planning_action/lib/python3.10/site-packages/path_planning_action/input_data/selehovica
[0.621s] copying input_data/selehovica/selehovica.png -> /home/enio/develop_fer/Model-Informed-Path-Planning/path_planning_ws/install/path_planning_action/lib/python3.10/site-packages/path_planning_action/input_data/selehovica
[0.621s] creating /home/enio/develop_fer/Model-Informed-Path-Planning/path_planning_ws/install/path_planning_action/lib/python3.10/site-packages/path_planning_action/input_data/voz
[0.621s] copying input_data/voz/osm_info.txt -> /home/enio/develop_fer/Model-Informed-Path-Planning/path_planning_ws/install/path_planning_action/lib/python3.10/site-packages/path_planning_action/input_data/voz
[0.621s] copying input_data/voz/voz_resized.png -> /home/enio/develop_fer/Model-Informed-Path-Planning/path_planning_ws/install/path_planning_action/lib/python3.10/site-packages/path_planning_action/input_data/voz
[0.624s] copying input_data/voz/voz.png -> /home/enio/develop_fer/Model-Informed-Path-Planning/path_planning_ws/install/path_planning_action/lib/python3.10/site-packages/path_planning_action/input_data/voz
[0.624s] creating /home/enio/develop_fer/Model-Informed-Path-Planning/path_planning_ws/install/path_planning_action/lib/python3.10/site-packages/path_planning_action/input_data/sv_marko
[0.625s] copying input_data/sv_marko/osm_info.txt -> /home/enio/develop_fer/Model-Informed-Path-Planning/path_planning_ws/install/path_planning_action/lib/python3.10/site-packages/path_planning_action/input_data/sv_marko
[0.625s] copying input_data/sv_marko/sv_marko.png -> /home/enio/develop_fer/Model-Informed-Path-Planning/path_planning_ws/install/path_planning_action/lib/python3.10/site-packages/path_planning_action/input_data/sv_marko
[0.625s] creating /home/enio/develop_fer/Model-Informed-Path-Planning/path_planning_ws/install/path_planning_action/lib/python3.10/site-packages/path_planning_action/input_data/melska
[0.625s] copying input_data/melska/osm_info.txt -> /home/enio/develop_fer/Model-Informed-Path-Planning/path_planning_ws/install/path_planning_action/lib/python3.10/site-packages/path_planning_action/input_data/melska
[0.625s] copying input_data/melska/melska.png -> /home/enio/develop_fer/Model-Informed-Path-Planning/path_planning_ws/install/path_planning_action/lib/python3.10/site-packages/path_planning_action/input_data/melska
[0.625s] copying input_data/melska/melska_resized.png -> /home/enio/develop_fer/Model-Informed-Path-Planning/path_planning_ws/install/path_planning_action/lib/python3.10/site-packages/path_planning_action/input_data/melska
[0.626s] creating /home/enio/develop_fer/Model-Informed-Path-Planning/path_planning_ws/install/path_planning_action/lib/python3.10/site-packages/path_planning_action/input_data/selce
[0.626s] copying input_data/selce/osm_info.txt -> /home/enio/develop_fer/Model-Informed-Path-Planning/path_planning_ws/install/path_planning_action/lib/python3.10/site-packages/path_planning_action/input_data/selce
[0.626s] copying input_data/selce/selce_resized.png -> /home/enio/develop_fer/Model-Informed-Path-Planning/path_planning_ws/install/path_planning_action/lib/python3.10/site-packages/path_planning_action/input_data/selce
[0.627s] copying input_data/selce/selce.png -> /home/enio/develop_fer/Model-Informed-Path-Planning/path_planning_ws/install/path_planning_action/lib/python3.10/site-packages/path_planning_action/input_data/selce
[0.628s] creating /home/enio/develop_fer/Model-Informed-Path-Planning/path_planning_ws/install/path_planning_action/lib/python3.10/site-packages/path_planning_action/input_data/klimno
[0.628s] copying input_data/klimno/osm_info.txt -> /home/enio/develop_fer/Model-Informed-Path-Planning/path_planning_ws/install/path_planning_action/lib/python3.10/site-packages/path_planning_action/input_data/klimno
[0.628s] copying input_data/klimno/klimno.png -> /home/enio/develop_fer/Model-Informed-Path-Planning/path_planning_ws/install/path_planning_action/lib/python3.10/site-packages/path_planning_action/input_data/klimno
[0.628s] copying input_data/klimno/klimno_resized.png -> /home/enio/develop_fer/Model-Informed-Path-Planning/path_planning_ws/install/path_planning_action/lib/python3.10/site-packages/path_planning_action/input_data/klimno
[0.630s] creating /home/enio/develop_fer/Model-Informed-Path-Planning/path_planning_ws/install/path_planning_action/lib/python3.10/site-packages/path_planning_action/input_data/rudine
[0.630s] copying input_data/rudine/osm_info.txt -> /home/enio/develop_fer/Model-Informed-Path-Planning/path_planning_ws/install/path_planning_action/lib/python3.10/site-packages/path_planning_action/input_data/rudine
[0.630s] copying input_data/rudine/rudine.png -> /home/enio/develop_fer/Model-Informed-Path-Planning/path_planning_ws/install/path_planning_action/lib/python3.10/site-packages/path_planning_action/input_data/rudine
[0.630s] copying input_data/rudine/rudine_resized.png -> /home/enio/develop_fer/Model-Informed-Path-Planning/path_planning_ws/install/path_planning_action/lib/python3.10/site-packages/path_planning_action/input_data/rudine
[0.631s] creating /home/enio/develop_fer/Model-Informed-Path-Planning/path_planning_ws/install/path_planning_action/lib/python3.10/site-packages/path_planning_action/input_data/silo
[0.632s] copying input_data/silo/osm_info.txt -> /home/enio/develop_fer/Model-Informed-Path-Planning/path_planning_ws/install/path_planning_action/lib/python3.10/site-packages/path_planning_action/input_data/silo
[0.632s] copying input_data/silo/silo.png -> /home/enio/develop_fer/Model-Informed-Path-Planning/path_planning_ws/install/path_planning_action/lib/python3.10/site-packages/path_planning_action/input_data/silo
[0.632s] copying input_data/silo/silo_resized.png -> /home/enio/develop_fer/Model-Informed-Path-Planning/path_planning_ws/install/path_planning_action/lib/python3.10/site-packages/path_planning_action/input_data/silo
[0.634s] creating /home/enio/develop_fer/Model-Informed-Path-Planning/path_planning_ws/install/path_planning_action/lib/python3.10/site-packages/path_planning_action/input_data/lokvisce
[0.634s] copying input_data/lokvisce/osm_info.txt -> /home/enio/develop_fer/Model-Informed-Path-Planning/path_planning_ws/install/path_planning_action/lib/python3.10/site-packages/path_planning_action/input_data/lokvisce
[0.634s] copying input_data/lokvisce/lokvisce.png -> /home/enio/develop_fer/Model-Informed-Path-Planning/path_planning_ws/install/path_planning_action/lib/python3.10/site-packages/path_planning_action/input_data/lokvisce
[0.634s] copying input_data/lokvisce/lokvisce_resized.png -> /home/enio/develop_fer/Model-Informed-Path-Planning/path_planning_ws/install/path_planning_action/lib/python3.10/site-packages/path_planning_action/input_data/lokvisce
[0.636s] creating /home/enio/develop_fer/Model-Informed-Path-Planning/path_planning_ws/install/path_planning_action/lib/python3.10/site-packages/path_planning_action/input_data/omisalj
[0.636s] copying input_data/omisalj/osm_info.txt -> /home/enio/develop_fer/Model-Informed-Path-Planning/path_planning_ws/install/path_planning_action/lib/python3.10/site-packages/path_planning_action/input_data/omisalj
[0.636s] copying input_data/omisalj/omisalj.png -> /home/enio/develop_fer/Model-Informed-Path-Planning/path_planning_ws/install/path_planning_action/lib/python3.10/site-packages/path_planning_action/input_data/omisalj
[0.636s] copying input_data/omisalj/omisalj_resized.png -> /home/enio/develop_fer/Model-Informed-Path-Planning/path_planning_ws/install/path_planning_action/lib/python3.10/site-packages/path_planning_action/input_data/omisalj
[0.637s] creating /home/enio/develop_fer/Model-Informed-Path-Planning/path_planning_ws/install/path_planning_action/lib/python3.10/site-packages/path_planning_action/input_data/povile
[0.637s] copying input_data/povile/osm_info.txt -> /home/enio/develop_fer/Model-Informed-Path-Planning/path_planning_ws/install/path_planning_action/lib/python3.10/site-packages/path_planning_action/input_data/povile
[0.637s] copying input_data/povile/povile.png -> /home/enio/develop_fer/Model-Informed-Path-Planning/path_planning_ws/install/path_planning_action/lib/python3.10/site-packages/path_planning_action/input_data/povile
[0.638s] copying input_data/povile/povile_resized.png -> /home/enio/develop_fer/Model-Informed-Path-Planning/path_planning_ws/install/path_planning_action/lib/python3.10/site-packages/path_planning_action/input_data/povile
[0.639s] creating /home/enio/develop_fer/Model-Informed-Path-Planning/path_planning_ws/install/path_planning_action/lib/python3.10/site-packages/path_planning_action/input_data/dramalj
[0.639s] copying input_data/dramalj/osm_info.txt -> /home/enio/develop_fer/Model-Informed-Path-Planning/path_planning_ws/install/path_planning_action/lib/python3.10/site-packages/path_planning_action/input_data/dramalj
[0.639s] copying input_data/dramalj/dramalj_resized.png -> /home/enio/develop_fer/Model-Informed-Path-Planning/path_planning_ws/install/path_planning_action/lib/python3.10/site-packages/path_planning_action/input_data/dramalj
[0.640s] copying input_data/dramalj/dramalj.png -> /home/enio/develop_fer/Model-Informed-Path-Planning/path_planning_ws/install/path_planning_action/lib/python3.10/site-packages/path_planning_action/input_data/dramalj
[0.640s] creating /home/enio/develop_fer/Model-Informed-Path-Planning/path_planning_ws/install/path_planning_action/lib/python3.10/site-packages/path_planning_action/input_data/crikvenica
[0.640s] copying input_data/crikvenica/osm_info.txt -> /home/enio/develop_fer/Model-Informed-Path-Planning/path_planning_ws/install/path_planning_action/lib/python3.10/site-packages/path_planning_action/input_data/crikvenica
[0.640s] copying input_data/crikvenica/crikvenica_resized.png -> /home/enio/develop_fer/Model-Informed-Path-Planning/path_planning_ws/install/path_planning_action/lib/python3.10/site-packages/path_planning_action/input_data/crikvenica
[0.642s] copying input_data/crikvenica/crikvenica.png -> /home/enio/develop_fer/Model-Informed-Path-Planning/path_planning_ws/install/path_planning_action/lib/python3.10/site-packages/path_planning_action/input_data/crikvenica
[0.643s] creating /home/enio/develop_fer/Model-Informed-Path-Planning/path_planning_ws/install/path_planning_action/lib/python3.10/site-packages/path_planning_action/launch
[0.643s] copying launch/make_map_omisalj_launch.py -> /home/enio/develop_fer/Model-Informed-Path-Planning/path_planning_ws/install/path_planning_action/lib/python3.10/site-packages/path_planning_action/launch/
[0.643s] copying launch/pointcloud_launch.py -> /home/enio/develop_fer/Model-Informed-Path-Planning/path_planning_ws/install/path_planning_action/lib/python3.10/site-packages/path_planning_action/launch/
[0.643s] copying launch/rviz2_pointcloud_launch.py -> /home/enio/develop_fer/Model-Informed-Path-Planning/path_planning_ws/install/path_planning_action/lib/python3.10/site-packages/path_planning_action/launch/
[0.643s] copying launch/init_launch.py -> /home/enio/develop_fer/Model-Informed-Path-Planning/path_planning_ws/install/path_planning_action/lib/python3.10/site-packages/path_planning_action/launch/
[0.643s] copying launch/make_map_jadranovo_launch.py -> /home/enio/develop_fer/Model-Informed-Path-Planning/path_planning_ws/install/path_planning_action/lib/python3.10/site-packages/path_planning_action/launch/
[0.643s] creating /home/enio/develop_fer/Model-Informed-Path-Planning/path_planning_ws/install/path_planning_action/lib/python3.10/site-packages/path_planning_action/rviz2
[0.643s] copying rviz2/map_visualization.rviz -> /home/enio/develop_fer/Model-Informed-Path-Planning/path_planning_ws/install/path_planning_action/lib/python3.10/site-packages/path_planning_action/rviz2/
[0.643s] running install_egg_info
[0.644s] Copying ../../build/path_planning_action/path_planning_action.egg-info to /home/enio/develop_fer/Model-Informed-Path-Planning/path_planning_ws/install/path_planning_action/lib/python3.10/site-packages/path_planning_action-0.0.0-py3.10.egg-info
[0.644s] running install_scripts
[0.655s] Installing detect_coast script to /home/enio/develop_fer/Model-Informed-Path-Planning/path_planning_ws/install/path_planning_action/lib/path_planning_action
[0.655s] Installing map_process script to /home/enio/develop_fer/Model-Informed-Path-Planning/path_planning_ws/install/path_planning_action/lib/path_planning_action
[0.655s] Installing pointcloud_publisher script to /home/enio/develop_fer/Model-Informed-Path-Planning/path_planning_ws/install/path_planning_action/lib/path_planning_action
[0.655s] Installing post_processing script to /home/enio/develop_fer/Model-Informed-Path-Planning/path_planning_ws/install/path_planning_action/lib/path_planning_action
[0.655s] Installing process_osm_data script to /home/enio/develop_fer/Model-Informed-Path-Planning/path_planning_ws/install/path_planning_action/lib/path_planning_action
[0.655s] Installing rviz2_launch script to /home/enio/develop_fer/Model-Informed-Path-Planning/path_planning_ws/install/path_planning_action/lib/path_planning_action
[0.655s] Installing start_goal_action script to /home/enio/develop_fer/Model-Informed-Path-Planning/path_planning_ws/install/path_planning_action/lib/path_planning_action
[0.656s] writing list of installed files to '/home/enio/develop_fer/Model-Informed-Path-Planning/path_planning_ws/build/path_planning_action/install.log'
[0.668s] Invoked command in '/home/enio/develop_fer/Model-Informed-Path-Planning/path_planning_ws/src/path_planning_action' returned '0': PYTHONPATH=/home/enio/develop_fer/Model-Informed-Path-Planning/path_planning_ws/build/path_planning_action/prefix_override:/home/enio/develop_fer/Model-Informed-Path-Planning/path_planning_ws/install/path_planning_action/lib/python3.10/site-packages:${PYTHONPATH} /usr/bin/python3 -W ignore:setup.py install is deprecated setup.py egg_info --egg-base ../../build/path_planning_action build --build-base /home/enio/develop_fer/Model-Informed-Path-Planning/path_planning_ws/build/path_planning_action/build install --record /home/enio/develop_fer/Model-Informed-Path-Planning/path_planning_ws/build/path_planning_action/install.log --single-version-externally-managed install_data
