running egg_info
creating ../../build/path_planning_server/path_planning_server.egg-info
writing ../../build/path_planning_server/path_planning_server.egg-info/PKG-INFO
writing dependency_links to ../../build/path_planning_server/path_planning_server.egg-info/dependency_links.txt
writing entry points to ../../build/path_planning_server/path_planning_server.egg-info/entry_points.txt
writing requirements to ../../build/path_planning_server/path_planning_server.egg-info/requires.txt
writing top-level names to ../../build/path_planning_server/path_planning_server.egg-info/top_level.txt
writing manifest file '../../build/path_planning_server/path_planning_server.egg-info/SOURCES.txt'
reading manifest file '../../build/path_planning_server/path_planning_server.egg-info/SOURCES.txt'
adding license file 'LICENSE'
writing manifest file '../../build/path_planning_server/path_planning_server.egg-info/SOURCES.txt'
running build
running build_py
creating /home/enio/develop_fer/Model-Informed-Path-Planning/path_planning_ws/build/path_planning_server/build
creating /home/enio/develop_fer/Model-Informed-Path-Planning/path_planning_ws/build/path_planning_server/build/lib
creating /home/enio/develop_fer/Model-Informed-Path-Planning/path_planning_ws/build/path_planning_server/build/lib/path_planning_server
copying path_planning_server/__init__.py -> /home/enio/develop_fer/Model-Informed-Path-Planning/path_planning_ws/build/path_planning_server/build/lib/path_planning_server
copying path_planning_server/planning_server.py -> /home/enio/develop_fer/Model-Informed-Path-Planning/path_planning_ws/build/path_planning_server/build/lib/path_planning_server
running install
running install_lib
creating /home/enio/develop_fer/Model-Informed-Path-Planning/path_planning_ws/install/path_planning_server/lib/python3.10/site-packages/path_planning_server
copying /home/enio/develop_fer/Model-Informed-Path-Planning/path_planning_ws/build/path_planning_server/build/lib/path_planning_server/__init__.py -> /home/enio/develop_fer/Model-Informed-Path-Planning/path_planning_ws/install/path_planning_server/lib/python3.10/site-packages/path_planning_server
copying /home/enio/develop_fer/Model-Informed-Path-Planning/path_planning_ws/build/path_planning_server/build/lib/path_planning_server/planning_server.py -> /home/enio/develop_fer/Model-Informed-Path-Planning/path_planning_ws/install/path_planning_server/lib/python3.10/site-packages/path_planning_server
byte-compiling /home/enio/develop_fer/Model-Informed-Path-Planning/path_planning_ws/install/path_planning_server/lib/python3.10/site-packages/path_planning_server/__init__.py to __init__.cpython-310.pyc
byte-compiling /home/enio/develop_fer/Model-Informed-Path-Planning/path_planning_ws/install/path_planning_server/lib/python3.10/site-packages/path_planning_server/planning_server.py to planning_server.cpython-310.pyc
running install_data
creating /home/enio/develop_fer/Model-Informed-Path-Planning/path_planning_ws/install/path_planning_server/lib/path_planning_server
copying package.xml -> /home/enio/develop_fer/Model-Informed-Path-Planning/path_planning_ws/install/path_planning_server/lib/path_planning_server
creating /home/enio/develop_fer/Model-Informed-Path-Planning/path_planning_ws/install/path_planning_server/lib/ament_index
creating /home/enio/develop_fer/Model-Informed-Path-Planning/path_planning_ws/install/path_planning_server/lib/ament_index/resource_index
creating /home/enio/develop_fer/Model-Informed-Path-Planning/path_planning_ws/install/path_planning_server/lib/ament_index/resource_index/packages
copying resource/path_planning_server -> /home/enio/develop_fer/Model-Informed-Path-Planning/path_planning_ws/install/path_planning_server/lib/ament_index/resource_index/packages
copying package.xml -> /home/enio/develop_fer/Model-Informed-Path-Planning/path_planning_ws/install/path_planning_server/share/path_planning_server
creating /home/enio/develop_fer/Model-Informed-Path-Planning/path_planning_ws/install/path_planning_server/share/path_planning_server/launch
copying launch/init_launch.py -> /home/enio/develop_fer/Model-Informed-Path-Planning/path_planning_ws/install/path_planning_server/share/path_planning_server/launch
creating /home/enio/develop_fer/Model-Informed-Path-Planning/path_planning_ws/install/path_planning_server/lib/path_planning_server/launch
copying launch/init_launch.py -> /home/enio/develop_fer/Model-Informed-Path-Planning/path_planning_ws/install/path_planning_server/lib/path_planning_server/launch
running install_egg_info
Copying ../../build/path_planning_server/path_planning_server.egg-info to /home/enio/develop_fer/Model-Informed-Path-Planning/path_planning_ws/install/path_planning_server/lib/python3.10/site-packages/path_planning_server-0.0.0-py3.10.egg-info
running install_scripts
Installing planning_server script to /home/enio/develop_fer/Model-Informed-Path-Planning/path_planning_ws/install/path_planning_server/lib/path_planning_server
writing list of installed files to '/home/enio/develop_fer/Model-Informed-Path-Planning/path_planning_ws/build/path_planning_server/install.log'
