[0.576s] Invoking command in '/home/enio/develop_fer/Model-Informed-Path-Planning/path_planning_ws/src/path_planning_server': PYTHONPATH=/home/enio/develop_fer/Model-Informed-Path-Planning/path_planning_ws/build/path_planning_server/prefix_override:/home/enio/develop_fer/Model-Informed-Path-Planning/path_planning_ws/install/path_planning_server/lib/python3.10/site-packages:${PYTHONPATH} /usr/bin/python3 -W ignore:setup.py install is deprecated setup.py egg_info --egg-base ../../build/path_planning_server build --build-base /home/enio/develop_fer/Model-Informed-Path-Planning/path_planning_ws/build/path_planning_server/build install --record /home/enio/develop_fer/Model-Informed-Path-Planning/path_planning_ws/build/path_planning_server/install.log --single-version-externally-managed install_data
[0.695s] running egg_info
[0.696s] creating ../../build/path_planning_server/path_planning_server.egg-info
[0.696s] writing ../../build/path_planning_server/path_planning_server.egg-info/PKG-INFO
[0.696s] writing dependency_links to ../../build/path_planning_server/path_planning_server.egg-info/dependency_links.txt
[0.696s] writing entry points to ../../build/path_planning_server/path_planning_server.egg-info/entry_points.txt
[0.696s] writing requirements to ../../build/path_planning_server/path_planning_server.egg-info/requires.txt
[0.696s] writing top-level names to ../../build/path_planning_server/path_planning_server.egg-info/top_level.txt
[0.696s] writing manifest file '../../build/path_planning_server/path_planning_server.egg-info/SOURCES.txt'
[0.697s] reading manifest file '../../build/path_planning_server/path_planning_server.egg-info/SOURCES.txt'
[0.698s] adding license file 'LICENSE'
[0.698s] writing manifest file '../../build/path_planning_server/path_planning_server.egg-info/SOURCES.txt'
[0.698s] running build
[0.698s] running build_py
[0.699s] creating /home/enio/develop_fer/Model-Informed-Path-Planning/path_planning_ws/build/path_planning_server/build
[0.699s] creating /home/enio/develop_fer/Model-Informed-Path-Planning/path_planning_ws/build/path_planning_server/build/lib
[0.699s] creating /home/enio/develop_fer/Model-Informed-Path-Planning/path_planning_ws/build/path_planning_server/build/lib/path_planning_server
[0.699s] copying path_planning_server/__init__.py -> /home/enio/develop_fer/Model-Informed-Path-Planning/path_planning_ws/build/path_planning_server/build/lib/path_planning_server
[0.699s] copying path_planning_server/planning_server.py -> /home/enio/develop_fer/Model-Informed-Path-Planning/path_planning_ws/build/path_planning_server/build/lib/path_planning_server
[0.699s] running install
[0.699s] running install_lib
[0.700s] creating /home/enio/develop_fer/Model-Informed-Path-Planning/path_planning_ws/install/path_planning_server/lib/python3.10/site-packages/path_planning_server
[0.700s] copying /home/enio/develop_fer/Model-Informed-Path-Planning/path_planning_ws/build/path_planning_server/build/lib/path_planning_server/__init__.py -> /home/enio/develop_fer/Model-Informed-Path-Planning/path_planning_ws/install/path_planning_server/lib/python3.10/site-packages/path_planning_server
[0.700s] copying /home/enio/develop_fer/Model-Informed-Path-Planning/path_planning_ws/build/path_planning_server/build/lib/path_planning_server/planning_server.py -> /home/enio/develop_fer/Model-Informed-Path-Planning/path_planning_ws/install/path_planning_server/lib/python3.10/site-packages/path_planning_server
[0.700s] byte-compiling /home/enio/develop_fer/Model-Informed-Path-Planning/path_planning_ws/install/path_planning_server/lib/python3.10/site-packages/path_planning_server/__init__.py to __init__.cpython-310.pyc
[0.700s] byte-compiling /home/enio/develop_fer/Model-Informed-Path-Planning/path_planning_ws/install/path_planning_server/lib/python3.10/site-packages/path_planning_server/planning_server.py to planning_server.cpython-310.pyc
[0.700s] running install_data
[0.700s] creating /home/enio/develop_fer/Model-Informed-Path-Planning/path_planning_ws/install/path_planning_server/lib/path_planning_server
[0.700s] copying package.xml -> /home/enio/develop_fer/Model-Informed-Path-Planning/path_planning_ws/install/path_planning_server/lib/path_planning_server
[0.700s] creating /home/enio/develop_fer/Model-Informed-Path-Planning/path_planning_ws/install/path_planning_server/lib/ament_index
[0.700s] creating /home/enio/develop_fer/Model-Informed-Path-Planning/path_planning_ws/install/path_planning_server/lib/ament_index/resource_index
[0.700s] creating /home/enio/develop_fer/Model-Informed-Path-Planning/path_planning_ws/install/path_planning_server/lib/ament_index/resource_index/packages
[0.700s] copying resource/path_planning_server -> /home/enio/develop_fer/Model-Informed-Path-Planning/path_planning_ws/install/path_planning_server/lib/ament_index/resource_index/packages
[0.700s] copying package.xml -> /home/enio/develop_fer/Model-Informed-Path-Planning/path_planning_ws/install/path_planning_server/share/path_planning_server
[0.700s] creating /home/enio/develop_fer/Model-Informed-Path-Planning/path_planning_ws/install/path_planning_server/share/path_planning_server/launch
[0.701s] copying launch/init_launch.py -> /home/enio/develop_fer/Model-Informed-Path-Planning/path_planning_ws/install/path_planning_server/share/path_planning_server/launch
[0.701s] creating /home/enio/develop_fer/Model-Informed-Path-Planning/path_planning_ws/install/path_planning_server/lib/path_planning_server/launch
[0.701s] copying launch/init_launch.py -> /home/enio/develop_fer/Model-Informed-Path-Planning/path_planning_ws/install/path_planning_server/lib/path_planning_server/launch
[0.701s] running install_egg_info
[0.701s] Copying ../../build/path_planning_server/path_planning_server.egg-info to /home/enio/develop_fer/Model-Informed-Path-Planning/path_planning_ws/install/path_planning_server/lib/python3.10/site-packages/path_planning_server-0.0.0-py3.10.egg-info
[0.701s] running install_scripts
[0.712s] Installing planning_server script to /home/enio/develop_fer/Model-Informed-Path-Planning/path_planning_ws/install/path_planning_server/lib/path_planning_server
[0.712s] writing list of installed files to '/home/enio/develop_fer/Model-Informed-Path-Planning/path_planning_ws/build/path_planning_server/install.log'
[0.726s] Invoked command in '/home/enio/develop_fer/Model-Informed-Path-Planning/path_planning_ws/src/path_planning_server' returned '0': PYTHONPATH=/home/enio/develop_fer/Model-Informed-Path-Planning/path_planning_ws/build/path_planning_server/prefix_override:/home/enio/develop_fer/Model-Informed-Path-Planning/path_planning_ws/install/path_planning_server/lib/python3.10/site-packages:${PYTHONPATH} /usr/bin/python3 -W ignore:setup.py install is deprecated setup.py egg_info --egg-base ../../build/path_planning_server build --build-base /home/enio/develop_fer/Model-Informed-Path-Planning/path_planning_ws/build/path_planning_server/build install --record /home/enio/develop_fer/Model-Informed-Path-Planning/path_planning_ws/build/path_planning_server/install.log --single-version-externally-managed install_data
