[0.006s] Invoking command in '/home/enio/develop_fer/Model-Informed-Path-Planning/path_planning_ws/build/user_action_interfaces': CMAKE_PREFIX_PATH=/opt/ros/iron /usr/bin/cmake /home/enio/develop_fer/Model-Informed-Path-Planning/path_planning_ws/src/user_action_interfaces -DCMAKE_INSTALL_PREFIX=/home/enio/develop_fer/Model-Informed-Path-Planning/path_planning_ws/install/user_action_interfaces
[0.012s] -- Found ament_cmake: 2.0.5 (/opt/ros/iron/share/ament_cmake/cmake)
[0.089s] -- Found rosidl_default_generators: 1.5.0 (/opt/ros/iron/share/rosidl_default_generators/cmake)
[0.094s] -- Using all available rosidl_typesupport_c: rosidl_typesupport_fastrtps_c;rosidl_typesupport_introspection_c
[0.124s] -- Using all available rosidl_typesupport_cpp: rosidl_typesupport_fastrtps_cpp;rosidl_typesupport_introspection_cpp
[0.150s] -- Found rosidl_adapter: 4.0.1 (/opt/ros/iron/share/rosidl_adapter/cmake)
[0.153s] -- Found ament_lint_auto: 0.14.3 (/opt/ros/iron/share/ament_lint_auto/cmake)
[0.269s] [31mCMake Error at /opt/ros/iron/share/rosidl_adapter/cmake/rosidl_adapt_interfaces.cmake:57 (message):
[0.269s]   execute_process(/usr/bin/python3.10 -m rosidl_adapter --package-name
[0.269s]   user_action_interfaces --arguments-file
[0.269s]   /home/enio/develop_fer/Model-Informed-Path-Planning/path_planning_ws/build/user_action_interfaces/rosidl_adapter__arguments__user_action_interfaces.json
[0.269s]   --output-dir
[0.269s]   /home/enio/develop_fer/Model-Informed-Path-Planning/path_planning_ws/build/user_action_interfaces/rosidl_adapter/user_action_interfaces
[0.269s]   --output-file
[0.269s]   /home/enio/develop_fer/Model-Informed-Path-Planning/path_planning_ws/build/user_action_interfaces/rosidl_adapter/user_action_interfaces.idls)
[0.269s]   returned error code 1:
[0.269s] 
[0.269s]   Traceback (most recent call last):
[0.269s] 
[0.269s]     File "/usr/lib/python3.10/runpy.py", line 196, in _run_module_as_main
[0.269s]       return _run_code(code, main_globals, None,
[0.269s]     File "/usr/lib/python3.10/runpy.py", line 86, in _run_code
[0.269s]       exec(code, run_globals)
[0.269s]     File "/opt/ros/iron/lib/python3.10/site-packages/rosidl_adapter/__main__.py", line 19, in <module>
[0.269s]       sys.exit(main())
[0.270s]     File "/opt/ros/iron/lib/python3.10/site-packages/rosidl_adapter/main.py", line 53, in main
[0.270s]       abs_idl_file = convert_to_idl(
[0.270s]     File "/opt/ros/iron/lib/python3.10/site-packages/rosidl_adapter/__init__.py", line 29, in convert_to_idl
[0.270s]       return convert_action_to_idl(
[0.270s]     File "/opt/ros/iron/lib/python3.10/site-packages/rosidl_adapter/action/__init__.py", line 28, in convert_action_to_idl
[0.270s]       action = parse_action_string(package_name, input_file.stem, content)
[0.270s]     File "/opt/ros/iron/lib/python3.10/site-packages/rosidl_adapter/parser.py", line 903, in parse_action_string
[0.270s]       goal_message = parse_message_string(
[0.270s]     File "/opt/ros/iron/lib/python3.10/site-packages/rosidl_adapter/parser.py", line 545, in parse_message_string
[0.270s]       msg = MessageSpecification(pkg_name, msg_name, fields, constants)
[0.270s]     File "/opt/ros/iron/lib/python3.10/site-packages/rosidl_adapter/parser.py", line 389, in __init__
[0.270s]       self.base_type = BaseType(
[0.270s]     File "/opt/ros/iron/lib/python3.10/site-packages/rosidl_adapter/parser.py", line 206, in __init__
[0.270s]       raise InvalidResourceName(
[0.270s] 
[0.270s]   rosidl_adapter.parser.InvalidResourceName: 'Path_planning_Goal' is an
[0.270s]   invalid message name.  It should have the pattern '^[A-Z][A-Za-z0-9]*$'
[0.270s] 
[0.270s] Call Stack (most recent call first):
[0.270s]   /opt/ros/iron/share/rosidl_cmake/cmake/rosidl_generate_interfaces.cmake:132 (rosidl_adapt_interfaces)
[0.270s]   CMakeLists.txt:30 (rosidl_generate_interfaces)
[0.270s] 
[0.270s] [0m
[0.270s] -- Configuring incomplete, errors occurred!
[0.270s] See also "/home/enio/develop_fer/Model-Informed-Path-Planning/path_planning_ws/build/user_action_interfaces/CMakeFiles/CMakeOutput.log".
[0.273s] Invoked command in '/home/enio/develop_fer/Model-Informed-Path-Planning/path_planning_ws/build/user_action_interfaces' returned '1': CMAKE_PREFIX_PATH=/opt/ros/iron /usr/bin/cmake /home/enio/develop_fer/Model-Informed-Path-Planning/path_planning_ws/src/user_action_interfaces -DCMAKE_INSTALL_PREFIX=/home/enio/develop_fer/Model-Informed-Path-Planning/path_planning_ws/install/user_action_interfaces
