-- The C compiler identification is GNU 11.4.0
-- The CXX compiler identification is GNU 11.4.0
-- Detecting C compiler ABI info
-- Detecting C compiler ABI info - done
-- Check for working C compiler: /usr/bin/cc - skipped
-- Detecting C compile features
-- Detecting C compile features - done
-- Detecting CXX compiler ABI info
-- Detecting CXX compiler ABI info - done
-- Check for working CXX compiler: /usr/bin/c++ - skipped
-- Detecting CXX compile features
-- Detecting CXX compile features - done
-- Found ament_cmake: 2.0.5 (/opt/ros/iron/share/ament_cmake/cmake)
-- Found Python3: /usr/bin/python3.10 (found version "3.10.12") found components: Interpreter 
-- Found ament_lint_auto: 0.14.3 (/opt/ros/iron/share/ament_lint_auto/cmake)
-- Added test 'lint_cmake' to check CMake code style
-- Added test 'xmllint' to check XML markup files
-- Configuring done
-- Generating done
-- Build files have been written to: /home/enio/develop_fer/Model-Informed-Path-Planning/path_planning_ws/build/user_commands
-- Install configuration: ""
-- Installing: /home/enio/develop_fer/Model-Informed-Path-Planning/path_planning_ws/install/user_commands/share/ament_index/resource_index/package_run_dependencies/user_commands
-- Installing: /home/enio/develop_fer/Model-Informed-Path-Planning/path_planning_ws/install/user_commands/share/ament_index/resource_index/parent_prefix_path/user_commands
-- Installing: /home/enio/develop_fer/Model-Informed-Path-Planning/path_planning_ws/install/user_commands/share/user_commands/environment/ament_prefix_path.sh
-- Installing: /home/enio/develop_fer/Model-Informed-Path-Planning/path_planning_ws/install/user_commands/share/user_commands/environment/ament_prefix_path.dsv
-- Installing: /home/enio/develop_fer/Model-Informed-Path-Planning/path_planning_ws/install/user_commands/share/user_commands/environment/path.sh
-- Installing: /home/enio/develop_fer/Model-Informed-Path-Planning/path_planning_ws/install/user_commands/share/user_commands/environment/path.dsv
-- Installing: /home/enio/develop_fer/Model-Informed-Path-Planning/path_planning_ws/install/user_commands/share/user_commands/local_setup.bash
-- Installing: /home/enio/develop_fer/Model-Informed-Path-Planning/path_planning_ws/install/user_commands/share/user_commands/local_setup.sh
-- Installing: /home/enio/develop_fer/Model-Informed-Path-Planning/path_planning_ws/install/user_commands/share/user_commands/local_setup.zsh
-- Installing: /home/enio/develop_fer/Model-Informed-Path-Planning/path_planning_ws/install/user_commands/share/user_commands/local_setup.dsv
-- Installing: /home/enio/develop_fer/Model-Informed-Path-Planning/path_planning_ws/install/user_commands/share/user_commands/package.dsv
-- Installing: /home/enio/develop_fer/Model-Informed-Path-Planning/path_planning_ws/install/user_commands/share/ament_index/resource_index/packages/user_commands
-- Installing: /home/enio/develop_fer/Model-Informed-Path-Planning/path_planning_ws/install/user_commands/share/user_commands/cmake/user_commandsConfig.cmake
-- Installing: /home/enio/develop_fer/Model-Informed-Path-Planning/path_planning_ws/install/user_commands/share/user_commands/cmake/user_commandsConfig-version.cmake
-- Installing: /home/enio/develop_fer/Model-Informed-Path-Planning/path_planning_ws/install/user_commands/share/user_commands/package.xml
