[0.051s] DEBUG:colcon:Command line arguments: ['/usr/bin/colcon', 'build']
[0.051s] DEBUG:colcon:Parsed command line arguments: Namespace(log_base=None, log_level=None, verb_name='build', build_base='build', install_base='install', merge_install=False, symlink_install=False, test_result_base=None, continue_on_error=False, executor='parallel', parallel_workers=20, event_handlers=None, ignore_user_meta=False, metas=['./colcon.meta'], base_paths=['.'], packages_ignore=None, packages_ignore_regex=None, paths=None, packages_up_to=None, packages_up_to_regex=None, packages_above=None, packages_above_and_dependencies=None, packages_above_depth=None, packages_select_by_dep=None, packages_skip_by_dep=None, packages_skip_up_to=None, packages_select_build_failed=False, packages_skip_build_finished=False, packages_select_test_failures=False, packages_skip_test_passed=False, packages_select=None, packages_skip=None, packages_select_regex=None, packages_skip_regex=None, packages_start=None, packages_end=None, allow_overriding=[], cmake_args=None, cmake_target=None, cmake_target_skip_unavailable=False, cmake_clean_cache=False, cmake_clean_first=False, cmake_force_configure=False, ament_cmake_args=None, catkin_cmake_args=None, catkin_skip_building_tests=False, mixin_files=None, mixin=None, verb_parser=<colcon_mixin.mixin.mixin_argument.MixinArgumentDecorator object at 0x7046df2ba080>, verb_extension=<colcon_core.verb.build.BuildVerb object at 0x7046df4b2470>, main=<bound method BuildVerb.main of <colcon_core.verb.build.BuildVerb object at 0x7046df4b2470>>, mixin_verb=('build',))
[0.131s] Level 1:colcon.colcon_core.package_discovery:discover_packages(colcon_meta) check parameters
[0.131s] Level 1:colcon.colcon_core.package_discovery:discover_packages(recursive) check parameters
[0.131s] Level 1:colcon.colcon_core.package_discovery:discover_packages(ignore) check parameters
[0.131s] Level 1:colcon.colcon_core.package_discovery:discover_packages(path) check parameters
[0.131s] Level 1:colcon.colcon_core.package_discovery:discover_packages(colcon_meta) discover
[0.131s] Level 1:colcon.colcon_core.package_discovery:discover_packages(recursive) discover
[0.131s] INFO:colcon.colcon_core.package_discovery:Crawling recursively for packages in '/home/enio/develop_fer/Model-Informed-Path-Planning/path_planning_ws'
[0.131s] Level 1:colcon.colcon_core.package_identification:_identify(.) by extensions ['ignore', 'ignore_ament_install']
[0.131s] Level 1:colcon.colcon_core.package_identification:_identify(.) by extension 'ignore'
[0.131s] Level 1:colcon.colcon_core.package_identification:_identify(.) by extension 'ignore_ament_install'
[0.131s] Level 1:colcon.colcon_core.package_identification:_identify(.) by extensions ['colcon_pkg']
[0.131s] Level 1:colcon.colcon_core.package_identification:_identify(.) by extension 'colcon_pkg'
[0.131s] Level 1:colcon.colcon_core.package_identification:_identify(.) by extensions ['colcon_meta']
[0.131s] Level 1:colcon.colcon_core.package_identification:_identify(.) by extension 'colcon_meta'
[0.131s] Level 1:colcon.colcon_core.package_identification:_identify(.) by extensions ['ros']
[0.131s] Level 1:colcon.colcon_core.package_identification:_identify(.) by extension 'ros'
[0.141s] Level 1:colcon.colcon_core.package_identification:_identify(.) by extensions ['cmake', 'python']
[0.141s] Level 1:colcon.colcon_core.package_identification:_identify(.) by extension 'cmake'
[0.141s] Level 1:colcon.colcon_core.package_identification:_identify(.) by extension 'python'
[0.141s] Level 1:colcon.colcon_core.package_identification:_identify(.) by extensions ['python_setup_py']
[0.141s] Level 1:colcon.colcon_core.package_identification:_identify(.) by extension 'python_setup_py'
[0.141s] Level 1:colcon.colcon_core.package_identification:_identify(build) by extensions ['ignore', 'ignore_ament_install']
[0.142s] Level 1:colcon.colcon_core.package_identification:_identify(build) by extension 'ignore'
[0.142s] Level 1:colcon.colcon_core.package_identification:_identify(build) ignored
[0.142s] Level 1:colcon.colcon_core.package_identification:_identify(install) by extensions ['ignore', 'ignore_ament_install']
[0.142s] Level 1:colcon.colcon_core.package_identification:_identify(install) by extension 'ignore'
[0.142s] Level 1:colcon.colcon_core.package_identification:_identify(install) ignored
[0.142s] Level 1:colcon.colcon_core.package_identification:_identify(log) by extensions ['ignore', 'ignore_ament_install']
[0.142s] Level 1:colcon.colcon_core.package_identification:_identify(log) by extension 'ignore'
[0.142s] Level 1:colcon.colcon_core.package_identification:_identify(log) ignored
[0.142s] Level 1:colcon.colcon_core.package_identification:_identify(src) by extensions ['ignore', 'ignore_ament_install']
[0.142s] Level 1:colcon.colcon_core.package_identification:_identify(src) by extension 'ignore'
[0.142s] Level 1:colcon.colcon_core.package_identification:_identify(src) by extension 'ignore_ament_install'
[0.142s] Level 1:colcon.colcon_core.package_identification:_identify(src) by extensions ['colcon_pkg']
[0.142s] Level 1:colcon.colcon_core.package_identification:_identify(src) by extension 'colcon_pkg'
[0.142s] Level 1:colcon.colcon_core.package_identification:_identify(src) by extensions ['colcon_meta']
[0.142s] Level 1:colcon.colcon_core.package_identification:_identify(src) by extension 'colcon_meta'
[0.142s] Level 1:colcon.colcon_core.package_identification:_identify(src) by extensions ['ros']
[0.142s] Level 1:colcon.colcon_core.package_identification:_identify(src) by extension 'ros'
[0.142s] Level 1:colcon.colcon_core.package_identification:_identify(src) by extensions ['cmake', 'python']
[0.142s] Level 1:colcon.colcon_core.package_identification:_identify(src) by extension 'cmake'
[0.142s] Level 1:colcon.colcon_core.package_identification:_identify(src) by extension 'python'
[0.142s] Level 1:colcon.colcon_core.package_identification:_identify(src) by extensions ['python_setup_py']
[0.142s] Level 1:colcon.colcon_core.package_identification:_identify(src) by extension 'python_setup_py'
[0.142s] Level 1:colcon.colcon_core.package_identification:_identify(src/path_planning_dtstarlite) by extensions ['ignore', 'ignore_ament_install']
[0.142s] Level 1:colcon.colcon_core.package_identification:_identify(src/path_planning_dtstarlite) by extension 'ignore'
[0.142s] Level 1:colcon.colcon_core.package_identification:_identify(src/path_planning_dtstarlite) by extension 'ignore_ament_install'
[0.142s] Level 1:colcon.colcon_core.package_identification:_identify(src/path_planning_dtstarlite) by extensions ['colcon_pkg']
[0.142s] Level 1:colcon.colcon_core.package_identification:_identify(src/path_planning_dtstarlite) by extension 'colcon_pkg'
[0.142s] Level 1:colcon.colcon_core.package_identification:_identify(src/path_planning_dtstarlite) by extensions ['colcon_meta']
[0.142s] Level 1:colcon.colcon_core.package_identification:_identify(src/path_planning_dtstarlite) by extension 'colcon_meta'
[0.142s] Level 1:colcon.colcon_core.package_identification:_identify(src/path_planning_dtstarlite) by extensions ['ros']
[0.142s] Level 1:colcon.colcon_core.package_identification:_identify(src/path_planning_dtstarlite) by extension 'ros'
[0.143s] DEBUG:colcon.colcon_core.package_identification:Package 'src/path_planning_dtstarlite' with type 'ros.ament_cmake' and name 'path_planning_dtstarlite'
[0.144s] Level 1:colcon.colcon_core.package_identification:_identify(src/user_action_interfaces) by extensions ['ignore', 'ignore_ament_install']
[0.144s] Level 1:colcon.colcon_core.package_identification:_identify(src/user_action_interfaces) by extension 'ignore'
[0.144s] Level 1:colcon.colcon_core.package_identification:_identify(src/user_action_interfaces) by extension 'ignore_ament_install'
[0.144s] Level 1:colcon.colcon_core.package_identification:_identify(src/user_action_interfaces) by extensions ['colcon_pkg']
[0.144s] Level 1:colcon.colcon_core.package_identification:_identify(src/user_action_interfaces) by extension 'colcon_pkg'
[0.144s] Level 1:colcon.colcon_core.package_identification:_identify(src/user_action_interfaces) by extensions ['colcon_meta']
[0.144s] Level 1:colcon.colcon_core.package_identification:_identify(src/user_action_interfaces) by extension 'colcon_meta'
[0.144s] Level 1:colcon.colcon_core.package_identification:_identify(src/user_action_interfaces) by extensions ['ros']
[0.144s] Level 1:colcon.colcon_core.package_identification:_identify(src/user_action_interfaces) by extension 'ros'
[0.144s] DEBUG:colcon.colcon_core.package_identification:Package 'src/user_action_interfaces' with type 'ros.ament_cmake' and name 'user_action_interfaces'
[0.144s] Level 1:colcon.colcon_core.package_discovery:discover_packages(recursive) using defaults
[0.144s] Level 1:colcon.colcon_core.package_discovery:discover_packages(ignore) discover
[0.144s] Level 1:colcon.colcon_core.package_discovery:discover_packages(ignore) using defaults
[0.144s] Level 1:colcon.colcon_core.package_discovery:discover_packages(path) discover
[0.144s] Level 1:colcon.colcon_core.package_discovery:discover_packages(path) using defaults
[0.154s] Level 1:colcon.colcon_core.package_discovery:discover_packages(prefix_path) check parameters
[0.154s] Level 1:colcon.colcon_core.package_discovery:discover_packages(prefix_path) discover
[0.155s] DEBUG:colcon.colcon_installed_package_information.package_discovery:Found 281 installed packages in /opt/ros/iron
[0.156s] Level 1:colcon.colcon_core.package_discovery:discover_packages(prefix_path) using defaults
[0.173s] Level 5:colcon.colcon_core.verb:set package 'path_planning_dtstarlite' build argument 'cmake_args' from command line to 'None'
[0.173s] Level 5:colcon.colcon_core.verb:set package 'path_planning_dtstarlite' build argument 'cmake_target' from command line to 'None'
[0.173s] Level 5:colcon.colcon_core.verb:set package 'path_planning_dtstarlite' build argument 'cmake_target_skip_unavailable' from command line to 'False'
[0.174s] Level 5:colcon.colcon_core.verb:set package 'path_planning_dtstarlite' build argument 'cmake_clean_cache' from command line to 'False'
[0.174s] Level 5:colcon.colcon_core.verb:set package 'path_planning_dtstarlite' build argument 'cmake_clean_first' from command line to 'False'
[0.174s] Level 5:colcon.colcon_core.verb:set package 'path_planning_dtstarlite' build argument 'cmake_force_configure' from command line to 'False'
[0.174s] Level 5:colcon.colcon_core.verb:set package 'path_planning_dtstarlite' build argument 'ament_cmake_args' from command line to 'None'
[0.174s] Level 5:colcon.colcon_core.verb:set package 'path_planning_dtstarlite' build argument 'catkin_cmake_args' from command line to 'None'
[0.174s] Level 5:colcon.colcon_core.verb:set package 'path_planning_dtstarlite' build argument 'catkin_skip_building_tests' from command line to 'False'
[0.174s] DEBUG:colcon.colcon_core.verb:Building package 'path_planning_dtstarlite' with the following arguments: {'ament_cmake_args': None, 'build_base': '/home/enio/develop_fer/Model-Informed-Path-Planning/path_planning_ws/build/path_planning_dtstarlite', 'catkin_cmake_args': None, 'catkin_skip_building_tests': False, 'cmake_args': None, 'cmake_clean_cache': False, 'cmake_clean_first': False, 'cmake_force_configure': False, 'cmake_target': None, 'cmake_target_skip_unavailable': False, 'install_base': '/home/enio/develop_fer/Model-Informed-Path-Planning/path_planning_ws/install/path_planning_dtstarlite', 'merge_install': False, 'path': '/home/enio/develop_fer/Model-Informed-Path-Planning/path_planning_ws/src/path_planning_dtstarlite', 'symlink_install': False, 'test_result_base': None}
[0.174s] Level 5:colcon.colcon_core.verb:set package 'user_action_interfaces' build argument 'cmake_args' from command line to 'None'
[0.174s] Level 5:colcon.colcon_core.verb:set package 'user_action_interfaces' build argument 'cmake_target' from command line to 'None'
[0.174s] Level 5:colcon.colcon_core.verb:set package 'user_action_interfaces' build argument 'cmake_target_skip_unavailable' from command line to 'False'
[0.174s] Level 5:colcon.colcon_core.verb:set package 'user_action_interfaces' build argument 'cmake_clean_cache' from command line to 'False'
[0.174s] Level 5:colcon.colcon_core.verb:set package 'user_action_interfaces' build argument 'cmake_clean_first' from command line to 'False'
[0.174s] Level 5:colcon.colcon_core.verb:set package 'user_action_interfaces' build argument 'cmake_force_configure' from command line to 'False'
[0.174s] Level 5:colcon.colcon_core.verb:set package 'user_action_interfaces' build argument 'ament_cmake_args' from command line to 'None'
[0.174s] Level 5:colcon.colcon_core.verb:set package 'user_action_interfaces' build argument 'catkin_cmake_args' from command line to 'None'
[0.174s] Level 5:colcon.colcon_core.verb:set package 'user_action_interfaces' build argument 'catkin_skip_building_tests' from command line to 'False'
[0.174s] DEBUG:colcon.colcon_core.verb:Building package 'user_action_interfaces' with the following arguments: {'ament_cmake_args': None, 'build_base': '/home/enio/develop_fer/Model-Informed-Path-Planning/path_planning_ws/build/user_action_interfaces', 'catkin_cmake_args': None, 'catkin_skip_building_tests': False, 'cmake_args': None, 'cmake_clean_cache': False, 'cmake_clean_first': False, 'cmake_force_configure': False, 'cmake_target': None, 'cmake_target_skip_unavailable': False, 'install_base': '/home/enio/develop_fer/Model-Informed-Path-Planning/path_planning_ws/install/user_action_interfaces', 'merge_install': False, 'path': '/home/enio/develop_fer/Model-Informed-Path-Planning/path_planning_ws/src/user_action_interfaces', 'symlink_install': False, 'test_result_base': None}
[0.174s] INFO:colcon.colcon_core.executor:Executing jobs using 'parallel' executor
[0.175s] DEBUG:colcon.colcon_parallel_executor.executor.parallel:run_until_complete
[0.175s] INFO:colcon.colcon_ros.task.ament_cmake.build:Building ROS package in '/home/enio/develop_fer/Model-Informed-Path-Planning/path_planning_ws/src/path_planning_dtstarlite' with build type 'ament_cmake'
[0.175s] INFO:colcon.colcon_cmake.task.cmake.build:Building CMake package in '/home/enio/develop_fer/Model-Informed-Path-Planning/path_planning_ws/src/path_planning_dtstarlite'
[0.176s] INFO:colcon.colcon_core.plugin_system:Skipping extension 'colcon_core.shell.bat': Not used on non-Windows systems
[0.176s] INFO:colcon.colcon_core.shell:Skip shell extension 'powershell' for command environment: Not usable outside of PowerShell
[0.176s] DEBUG:colcon.colcon_core.shell:Skip shell extension 'dsv' for command environment
[0.177s] INFO:colcon.colcon_ros.task.ament_cmake.build:Building ROS package in '/home/enio/develop_fer/Model-Informed-Path-Planning/path_planning_ws/src/user_action_interfaces' with build type 'ament_cmake'
[0.178s] INFO:colcon.colcon_cmake.task.cmake.build:Building CMake package in '/home/enio/develop_fer/Model-Informed-Path-Planning/path_planning_ws/src/user_action_interfaces'
[0.178s] INFO:colcon.colcon_core.shell:Skip shell extension 'powershell' for command environment: Not usable outside of PowerShell
[0.178s] DEBUG:colcon.colcon_core.shell:Skip shell extension 'dsv' for command environment
[0.182s] DEBUG:colcon.colcon_core.event_handler.log_command:Invoking command in '/home/enio/develop_fer/Model-Informed-Path-Planning/path_planning_ws/build/path_planning_dtstarlite': CMAKE_PREFIX_PATH=/opt/ros/iron /usr/bin/cmake --build /home/enio/develop_fer/Model-Informed-Path-Planning/path_planning_ws/build/path_planning_dtstarlite -- -j20 -l20
[0.183s] DEBUG:colcon.colcon_core.event_handler.log_command:Invoking command in '/home/enio/develop_fer/Model-Informed-Path-Planning/path_planning_ws/build/user_action_interfaces': CMAKE_PREFIX_PATH=/opt/ros/iron /usr/bin/cmake /home/enio/develop_fer/Model-Informed-Path-Planning/path_planning_ws/src/user_action_interfaces -DCMAKE_INSTALL_PREFIX=/home/enio/develop_fer/Model-Informed-Path-Planning/path_planning_ws/install/user_action_interfaces
[0.203s] DEBUG:colcon.colcon_core.event_handler.log_command:Invoked command in '/home/enio/develop_fer/Model-Informed-Path-Planning/path_planning_ws/build/path_planning_dtstarlite' returned '0': CMAKE_PREFIX_PATH=/opt/ros/iron /usr/bin/cmake --build /home/enio/develop_fer/Model-Informed-Path-Planning/path_planning_ws/build/path_planning_dtstarlite -- -j20 -l20
[0.218s] DEBUG:colcon.colcon_core.event_handler.log_command:Invoking command in '/home/enio/develop_fer/Model-Informed-Path-Planning/path_planning_ws/build/path_planning_dtstarlite': CMAKE_PREFIX_PATH=/opt/ros/iron /usr/bin/cmake --install /home/enio/develop_fer/Model-Informed-Path-Planning/path_planning_ws/build/path_planning_dtstarlite
[0.223s] Level 1:colcon.colcon_core.environment:create_environment_scripts_only(path_planning_dtstarlite)
[0.223s] DEBUG:colcon.colcon_core.event_handler.log_command:Invoked command in '/home/enio/develop_fer/Model-Informed-Path-Planning/path_planning_ws/build/path_planning_dtstarlite' returned '0': CMAKE_PREFIX_PATH=/opt/ros/iron /usr/bin/cmake --install /home/enio/develop_fer/Model-Informed-Path-Planning/path_planning_ws/build/path_planning_dtstarlite
[0.225s] Level 1:colcon.colcon_core.environment:checking '/home/enio/develop_fer/Model-Informed-Path-Planning/path_planning_ws/install/path_planning_dtstarlite' for CMake module files
[0.225s] Level 1:colcon.colcon_core.environment:checking '/home/enio/develop_fer/Model-Informed-Path-Planning/path_planning_ws/install/path_planning_dtstarlite' for CMake config files
[0.226s] Level 1:colcon.colcon_core.shell:create_environment_hook('path_planning_dtstarlite', 'cmake_prefix_path')
[0.226s] INFO:colcon.colcon_core.shell:Creating environment hook '/home/enio/develop_fer/Model-Informed-Path-Planning/path_planning_ws/install/path_planning_dtstarlite/share/path_planning_dtstarlite/hook/cmake_prefix_path.ps1'
[0.226s] INFO:colcon.colcon_core.shell:Creating environment descriptor '/home/enio/develop_fer/Model-Informed-Path-Planning/path_planning_ws/install/path_planning_dtstarlite/share/path_planning_dtstarlite/hook/cmake_prefix_path.dsv'
[0.226s] INFO:colcon.colcon_core.shell:Creating environment hook '/home/enio/develop_fer/Model-Informed-Path-Planning/path_planning_ws/install/path_planning_dtstarlite/share/path_planning_dtstarlite/hook/cmake_prefix_path.sh'
[0.227s] Level 1:colcon.colcon_core.environment:checking '/home/enio/develop_fer/Model-Informed-Path-Planning/path_planning_ws/install/path_planning_dtstarlite/bin'
[0.227s] Level 1:colcon.colcon_core.environment:checking '/home/enio/develop_fer/Model-Informed-Path-Planning/path_planning_ws/install/path_planning_dtstarlite/lib/pkgconfig/path_planning_dtstarlite.pc'
[0.227s] Level 1:colcon.colcon_core.environment:checking '/home/enio/develop_fer/Model-Informed-Path-Planning/path_planning_ws/install/path_planning_dtstarlite/lib/python3.10/site-packages'
[0.227s] Level 1:colcon.colcon_core.environment:checking '/home/enio/develop_fer/Model-Informed-Path-Planning/path_planning_ws/install/path_planning_dtstarlite/bin'
[0.227s] INFO:colcon.colcon_core.shell:Creating package script '/home/enio/develop_fer/Model-Informed-Path-Planning/path_planning_ws/install/path_planning_dtstarlite/share/path_planning_dtstarlite/package.ps1'
[0.228s] INFO:colcon.colcon_core.shell:Creating package descriptor '/home/enio/develop_fer/Model-Informed-Path-Planning/path_planning_ws/install/path_planning_dtstarlite/share/path_planning_dtstarlite/package.dsv'
[0.228s] INFO:colcon.colcon_core.shell:Creating package script '/home/enio/develop_fer/Model-Informed-Path-Planning/path_planning_ws/install/path_planning_dtstarlite/share/path_planning_dtstarlite/package.sh'
[0.228s] INFO:colcon.colcon_core.shell:Creating package script '/home/enio/develop_fer/Model-Informed-Path-Planning/path_planning_ws/install/path_planning_dtstarlite/share/path_planning_dtstarlite/package.bash'
[0.229s] INFO:colcon.colcon_core.shell:Creating package script '/home/enio/develop_fer/Model-Informed-Path-Planning/path_planning_ws/install/path_planning_dtstarlite/share/path_planning_dtstarlite/package.zsh'
[0.229s] Level 1:colcon.colcon_core.environment:create_file_with_runtime_dependencies(/home/enio/develop_fer/Model-Informed-Path-Planning/path_planning_ws/install/path_planning_dtstarlite/share/colcon-core/packages/path_planning_dtstarlite)
[0.241s] Level 1:colcon.colcon_core.environment:create_environment_scripts_only(path_planning_dtstarlite)
[0.241s] Level 1:colcon.colcon_core.environment:checking '/home/enio/develop_fer/Model-Informed-Path-Planning/path_planning_ws/install/path_planning_dtstarlite' for CMake module files
[0.241s] Level 1:colcon.colcon_core.environment:checking '/home/enio/develop_fer/Model-Informed-Path-Planning/path_planning_ws/install/path_planning_dtstarlite' for CMake config files
[0.241s] Level 1:colcon.colcon_core.shell:create_environment_hook('path_planning_dtstarlite', 'cmake_prefix_path')
[0.241s] INFO:colcon.colcon_core.shell:Creating environment hook '/home/enio/develop_fer/Model-Informed-Path-Planning/path_planning_ws/install/path_planning_dtstarlite/share/path_planning_dtstarlite/hook/cmake_prefix_path.ps1'
[0.242s] INFO:colcon.colcon_core.shell:Creating environment descriptor '/home/enio/develop_fer/Model-Informed-Path-Planning/path_planning_ws/install/path_planning_dtstarlite/share/path_planning_dtstarlite/hook/cmake_prefix_path.dsv'
[0.242s] INFO:colcon.colcon_core.shell:Creating environment hook '/home/enio/develop_fer/Model-Informed-Path-Planning/path_planning_ws/install/path_planning_dtstarlite/share/path_planning_dtstarlite/hook/cmake_prefix_path.sh'
[0.242s] Level 1:colcon.colcon_core.environment:checking '/home/enio/develop_fer/Model-Informed-Path-Planning/path_planning_ws/install/path_planning_dtstarlite/bin'
[0.242s] Level 1:colcon.colcon_core.environment:checking '/home/enio/develop_fer/Model-Informed-Path-Planning/path_planning_ws/install/path_planning_dtstarlite/lib/pkgconfig/path_planning_dtstarlite.pc'
[0.242s] Level 1:colcon.colcon_core.environment:checking '/home/enio/develop_fer/Model-Informed-Path-Planning/path_planning_ws/install/path_planning_dtstarlite/lib/python3.10/site-packages'
[0.242s] Level 1:colcon.colcon_core.environment:checking '/home/enio/develop_fer/Model-Informed-Path-Planning/path_planning_ws/install/path_planning_dtstarlite/bin'
[0.242s] INFO:colcon.colcon_core.shell:Creating package script '/home/enio/develop_fer/Model-Informed-Path-Planning/path_planning_ws/install/path_planning_dtstarlite/share/path_planning_dtstarlite/package.ps1'
[0.243s] INFO:colcon.colcon_core.shell:Creating package descriptor '/home/enio/develop_fer/Model-Informed-Path-Planning/path_planning_ws/install/path_planning_dtstarlite/share/path_planning_dtstarlite/package.dsv'
[0.243s] INFO:colcon.colcon_core.shell:Creating package script '/home/enio/develop_fer/Model-Informed-Path-Planning/path_planning_ws/install/path_planning_dtstarlite/share/path_planning_dtstarlite/package.sh'
[0.243s] INFO:colcon.colcon_core.shell:Creating package script '/home/enio/develop_fer/Model-Informed-Path-Planning/path_planning_ws/install/path_planning_dtstarlite/share/path_planning_dtstarlite/package.bash'
[0.243s] INFO:colcon.colcon_core.shell:Creating package script '/home/enio/develop_fer/Model-Informed-Path-Planning/path_planning_ws/install/path_planning_dtstarlite/share/path_planning_dtstarlite/package.zsh'
[0.243s] Level 1:colcon.colcon_core.environment:create_file_with_runtime_dependencies(/home/enio/develop_fer/Model-Informed-Path-Planning/path_planning_ws/install/path_planning_dtstarlite/share/colcon-core/packages/path_planning_dtstarlite)
[0.988s] DEBUG:colcon.colcon_core.event_handler.log_command:Invoked command in '/home/enio/develop_fer/Model-Informed-Path-Planning/path_planning_ws/build/user_action_interfaces' returned '0': CMAKE_PREFIX_PATH=/opt/ros/iron /usr/bin/cmake /home/enio/develop_fer/Model-Informed-Path-Planning/path_planning_ws/src/user_action_interfaces -DCMAKE_INSTALL_PREFIX=/home/enio/develop_fer/Model-Informed-Path-Planning/path_planning_ws/install/user_action_interfaces
[0.988s] DEBUG:colcon.colcon_core.event_handler.log_command:Invoking command in '/home/enio/develop_fer/Model-Informed-Path-Planning/path_planning_ws/build/user_action_interfaces': CMAKE_PREFIX_PATH=/opt/ros/iron /usr/bin/cmake --build /home/enio/develop_fer/Model-Informed-Path-Planning/path_planning_ws/build/user_action_interfaces -- -j20 -l20
[2.924s] DEBUG:colcon.colcon_core.event_handler.log_command:Invoked command in '/home/enio/develop_fer/Model-Informed-Path-Planning/path_planning_ws/build/user_action_interfaces' returned '0': CMAKE_PREFIX_PATH=/opt/ros/iron /usr/bin/cmake --build /home/enio/develop_fer/Model-Informed-Path-Planning/path_planning_ws/build/user_action_interfaces -- -j20 -l20
[2.969s] DEBUG:colcon.colcon_core.event_handler.log_command:Invoking command in '/home/enio/develop_fer/Model-Informed-Path-Planning/path_planning_ws/build/user_action_interfaces': CMAKE_PREFIX_PATH=/opt/ros/iron /usr/bin/cmake --install /home/enio/develop_fer/Model-Informed-Path-Planning/path_planning_ws/build/user_action_interfaces
[3.016s] Level 1:colcon.colcon_core.environment:create_environment_scripts_only(user_action_interfaces)
[3.016s] DEBUG:colcon.colcon_core.event_handler.log_command:Invoked command in '/home/enio/develop_fer/Model-Informed-Path-Planning/path_planning_ws/build/user_action_interfaces' returned '0': CMAKE_PREFIX_PATH=/opt/ros/iron /usr/bin/cmake --install /home/enio/develop_fer/Model-Informed-Path-Planning/path_planning_ws/build/user_action_interfaces
[3.017s] Level 1:colcon.colcon_core.environment:checking '/home/enio/develop_fer/Model-Informed-Path-Planning/path_planning_ws/install/user_action_interfaces' for CMake module files
[3.017s] Level 1:colcon.colcon_core.environment:checking '/home/enio/develop_fer/Model-Informed-Path-Planning/path_planning_ws/install/user_action_interfaces' for CMake config files
[3.017s] Level 1:colcon.colcon_core.shell:create_environment_hook('user_action_interfaces', 'cmake_prefix_path')
[3.017s] INFO:colcon.colcon_core.shell:Creating environment hook '/home/enio/develop_fer/Model-Informed-Path-Planning/path_planning_ws/install/user_action_interfaces/share/user_action_interfaces/hook/cmake_prefix_path.ps1'
[3.017s] INFO:colcon.colcon_core.shell:Creating environment descriptor '/home/enio/develop_fer/Model-Informed-Path-Planning/path_planning_ws/install/user_action_interfaces/share/user_action_interfaces/hook/cmake_prefix_path.dsv'
[3.018s] INFO:colcon.colcon_core.shell:Creating environment hook '/home/enio/develop_fer/Model-Informed-Path-Planning/path_planning_ws/install/user_action_interfaces/share/user_action_interfaces/hook/cmake_prefix_path.sh'
[3.018s] Level 1:colcon.colcon_core.environment:checking '/home/enio/develop_fer/Model-Informed-Path-Planning/path_planning_ws/install/user_action_interfaces/lib'
[3.018s] Level 1:colcon.colcon_core.shell:create_environment_hook('user_action_interfaces', 'ld_library_path_lib')
[3.018s] INFO:colcon.colcon_core.shell:Creating environment hook '/home/enio/develop_fer/Model-Informed-Path-Planning/path_planning_ws/install/user_action_interfaces/share/user_action_interfaces/hook/ld_library_path_lib.ps1'
[3.018s] INFO:colcon.colcon_core.shell:Creating environment descriptor '/home/enio/develop_fer/Model-Informed-Path-Planning/path_planning_ws/install/user_action_interfaces/share/user_action_interfaces/hook/ld_library_path_lib.dsv'
[3.018s] INFO:colcon.colcon_core.shell:Creating environment hook '/home/enio/develop_fer/Model-Informed-Path-Planning/path_planning_ws/install/user_action_interfaces/share/user_action_interfaces/hook/ld_library_path_lib.sh'
[3.019s] Level 1:colcon.colcon_core.environment:checking '/home/enio/develop_fer/Model-Informed-Path-Planning/path_planning_ws/install/user_action_interfaces/bin'
[3.019s] Level 1:colcon.colcon_core.environment:checking '/home/enio/develop_fer/Model-Informed-Path-Planning/path_planning_ws/install/user_action_interfaces/lib/pkgconfig/user_action_interfaces.pc'
[3.019s] Level 1:colcon.colcon_core.environment:checking '/home/enio/develop_fer/Model-Informed-Path-Planning/path_planning_ws/install/user_action_interfaces/lib/python3.10/site-packages'
[3.019s] Level 1:colcon.colcon_core.shell:create_environment_hook('user_action_interfaces', 'pythonpath')
[3.019s] INFO:colcon.colcon_core.shell:Creating environment hook '/home/enio/develop_fer/Model-Informed-Path-Planning/path_planning_ws/install/user_action_interfaces/share/user_action_interfaces/hook/pythonpath.ps1'
[3.019s] INFO:colcon.colcon_core.shell:Creating environment descriptor '/home/enio/develop_fer/Model-Informed-Path-Planning/path_planning_ws/install/user_action_interfaces/share/user_action_interfaces/hook/pythonpath.dsv'
[3.019s] INFO:colcon.colcon_core.shell:Creating environment hook '/home/enio/develop_fer/Model-Informed-Path-Planning/path_planning_ws/install/user_action_interfaces/share/user_action_interfaces/hook/pythonpath.sh'
[3.019s] Level 1:colcon.colcon_core.environment:checking '/home/enio/develop_fer/Model-Informed-Path-Planning/path_planning_ws/install/user_action_interfaces/bin'
[3.019s] INFO:colcon.colcon_core.shell:Creating package script '/home/enio/develop_fer/Model-Informed-Path-Planning/path_planning_ws/install/user_action_interfaces/share/user_action_interfaces/package.ps1'
[3.020s] INFO:colcon.colcon_core.shell:Creating package descriptor '/home/enio/develop_fer/Model-Informed-Path-Planning/path_planning_ws/install/user_action_interfaces/share/user_action_interfaces/package.dsv'
[3.020s] INFO:colcon.colcon_core.shell:Creating package script '/home/enio/develop_fer/Model-Informed-Path-Planning/path_planning_ws/install/user_action_interfaces/share/user_action_interfaces/package.sh'
[3.020s] INFO:colcon.colcon_core.shell:Creating package script '/home/enio/develop_fer/Model-Informed-Path-Planning/path_planning_ws/install/user_action_interfaces/share/user_action_interfaces/package.bash'
[3.020s] INFO:colcon.colcon_core.shell:Creating package script '/home/enio/develop_fer/Model-Informed-Path-Planning/path_planning_ws/install/user_action_interfaces/share/user_action_interfaces/package.zsh'
[3.020s] Level 1:colcon.colcon_core.environment:create_file_with_runtime_dependencies(/home/enio/develop_fer/Model-Informed-Path-Planning/path_planning_ws/install/user_action_interfaces/share/colcon-core/packages/user_action_interfaces)
[3.068s] Level 1:colcon.colcon_core.environment:create_environment_scripts_only(user_action_interfaces)
[3.068s] Level 1:colcon.colcon_core.environment:checking '/home/enio/develop_fer/Model-Informed-Path-Planning/path_planning_ws/install/user_action_interfaces' for CMake module files
[3.069s] Level 1:colcon.colcon_core.environment:checking '/home/enio/develop_fer/Model-Informed-Path-Planning/path_planning_ws/install/user_action_interfaces' for CMake config files
[3.069s] Level 1:colcon.colcon_core.shell:create_environment_hook('user_action_interfaces', 'cmake_prefix_path')
[3.070s] INFO:colcon.colcon_core.shell:Creating environment hook '/home/enio/develop_fer/Model-Informed-Path-Planning/path_planning_ws/install/user_action_interfaces/share/user_action_interfaces/hook/cmake_prefix_path.ps1'
[3.070s] INFO:colcon.colcon_core.shell:Creating environment descriptor '/home/enio/develop_fer/Model-Informed-Path-Planning/path_planning_ws/install/user_action_interfaces/share/user_action_interfaces/hook/cmake_prefix_path.dsv'
[3.070s] INFO:colcon.colcon_core.shell:Creating environment hook '/home/enio/develop_fer/Model-Informed-Path-Planning/path_planning_ws/install/user_action_interfaces/share/user_action_interfaces/hook/cmake_prefix_path.sh'
[3.071s] Level 1:colcon.colcon_core.environment:checking '/home/enio/develop_fer/Model-Informed-Path-Planning/path_planning_ws/install/user_action_interfaces/lib'
[3.071s] Level 1:colcon.colcon_core.shell:create_environment_hook('user_action_interfaces', 'ld_library_path_lib')
[3.071s] INFO:colcon.colcon_core.shell:Creating environment hook '/home/enio/develop_fer/Model-Informed-Path-Planning/path_planning_ws/install/user_action_interfaces/share/user_action_interfaces/hook/ld_library_path_lib.ps1'
[3.071s] INFO:colcon.colcon_core.shell:Creating environment descriptor '/home/enio/develop_fer/Model-Informed-Path-Planning/path_planning_ws/install/user_action_interfaces/share/user_action_interfaces/hook/ld_library_path_lib.dsv'
[3.072s] INFO:colcon.colcon_core.shell:Creating environment hook '/home/enio/develop_fer/Model-Informed-Path-Planning/path_planning_ws/install/user_action_interfaces/share/user_action_interfaces/hook/ld_library_path_lib.sh'
[3.072s] Level 1:colcon.colcon_core.environment:checking '/home/enio/develop_fer/Model-Informed-Path-Planning/path_planning_ws/install/user_action_interfaces/bin'
[3.072s] Level 1:colcon.colcon_core.environment:checking '/home/enio/develop_fer/Model-Informed-Path-Planning/path_planning_ws/install/user_action_interfaces/lib/pkgconfig/user_action_interfaces.pc'
[3.072s] Level 1:colcon.colcon_core.environment:checking '/home/enio/develop_fer/Model-Informed-Path-Planning/path_planning_ws/install/user_action_interfaces/lib/python3.10/site-packages'
[3.072s] Level 1:colcon.colcon_core.shell:create_environment_hook('user_action_interfaces', 'pythonpath')
[3.072s] INFO:colcon.colcon_core.shell:Creating environment hook '/home/enio/develop_fer/Model-Informed-Path-Planning/path_planning_ws/install/user_action_interfaces/share/user_action_interfaces/hook/pythonpath.ps1'
[3.073s] INFO:colcon.colcon_core.shell:Creating environment descriptor '/home/enio/develop_fer/Model-Informed-Path-Planning/path_planning_ws/install/user_action_interfaces/share/user_action_interfaces/hook/pythonpath.dsv'
[3.073s] INFO:colcon.colcon_core.shell:Creating environment hook '/home/enio/develop_fer/Model-Informed-Path-Planning/path_planning_ws/install/user_action_interfaces/share/user_action_interfaces/hook/pythonpath.sh'
[3.073s] Level 1:colcon.colcon_core.environment:checking '/home/enio/develop_fer/Model-Informed-Path-Planning/path_planning_ws/install/user_action_interfaces/bin'
[3.074s] INFO:colcon.colcon_core.shell:Creating package script '/home/enio/develop_fer/Model-Informed-Path-Planning/path_planning_ws/install/user_action_interfaces/share/user_action_interfaces/package.ps1'
[3.074s] INFO:colcon.colcon_core.shell:Creating package descriptor '/home/enio/develop_fer/Model-Informed-Path-Planning/path_planning_ws/install/user_action_interfaces/share/user_action_interfaces/package.dsv'
[3.075s] INFO:colcon.colcon_core.shell:Creating package script '/home/enio/develop_fer/Model-Informed-Path-Planning/path_planning_ws/install/user_action_interfaces/share/user_action_interfaces/package.sh'
[3.075s] INFO:colcon.colcon_core.shell:Creating package script '/home/enio/develop_fer/Model-Informed-Path-Planning/path_planning_ws/install/user_action_interfaces/share/user_action_interfaces/package.bash'
[3.075s] INFO:colcon.colcon_core.shell:Creating package script '/home/enio/develop_fer/Model-Informed-Path-Planning/path_planning_ws/install/user_action_interfaces/share/user_action_interfaces/package.zsh'
[3.075s] Level 1:colcon.colcon_core.environment:create_file_with_runtime_dependencies(/home/enio/develop_fer/Model-Informed-Path-Planning/path_planning_ws/install/user_action_interfaces/share/colcon-core/packages/user_action_interfaces)
[3.076s] DEBUG:colcon.colcon_parallel_executor.executor.parallel:closing loop
[3.076s] DEBUG:colcon.colcon_parallel_executor.executor.parallel:loop closed
[3.076s] DEBUG:colcon.colcon_parallel_executor.executor.parallel:run_until_complete finished with '0'
[3.076s] DEBUG:colcon.colcon_core.event_reactor:joining thread
[3.080s] INFO:colcon.colcon_core.plugin_system:Skipping extension 'colcon_notification.desktop_notification.terminal_notifier': Not used on non-Darwin systems
[3.081s] INFO:colcon.colcon_core.plugin_system:Skipping extension 'colcon_notification.desktop_notification.win32': Not used on non-Windows systems
[3.081s] INFO:colcon.colcon_notification.desktop_notification:Sending desktop notification using 'notify2'
[3.093s] DEBUG:colcon.colcon_core.event_reactor:joined thread
[3.093s] INFO:colcon.colcon_core.shell:Creating prefix script '/home/enio/develop_fer/Model-Informed-Path-Planning/path_planning_ws/install/local_setup.ps1'
[3.094s] INFO:colcon.colcon_core.shell:Creating prefix util module '/home/enio/develop_fer/Model-Informed-Path-Planning/path_planning_ws/install/_local_setup_util_ps1.py'
[3.096s] INFO:colcon.colcon_core.shell:Creating prefix chain script '/home/enio/develop_fer/Model-Informed-Path-Planning/path_planning_ws/install/setup.ps1'
[3.096s] INFO:colcon.colcon_core.shell:Creating prefix script '/home/enio/develop_fer/Model-Informed-Path-Planning/path_planning_ws/install/local_setup.sh'
[3.097s] INFO:colcon.colcon_core.shell:Creating prefix util module '/home/enio/develop_fer/Model-Informed-Path-Planning/path_planning_ws/install/_local_setup_util_sh.py'
[3.097s] INFO:colcon.colcon_core.shell:Creating prefix chain script '/home/enio/develop_fer/Model-Informed-Path-Planning/path_planning_ws/install/setup.sh'
[3.098s] INFO:colcon.colcon_core.shell:Creating prefix script '/home/enio/develop_fer/Model-Informed-Path-Planning/path_planning_ws/install/local_setup.bash'
[3.099s] INFO:colcon.colcon_core.shell:Creating prefix chain script '/home/enio/develop_fer/Model-Informed-Path-Planning/path_planning_ws/install/setup.bash'
[3.099s] INFO:colcon.colcon_core.shell:Creating prefix script '/home/enio/develop_fer/Model-Informed-Path-Planning/path_planning_ws/install/local_setup.zsh'
[3.100s] INFO:colcon.colcon_core.shell:Creating prefix chain script '/home/enio/develop_fer/Model-Informed-Path-Planning/path_planning_ws/install/setup.zsh'
