[0.005s] Invoking command in '/home/enio/develop_fer/Model-Informed-Path-Planning/path_planning_ws/build/user_action_interfaces': CMAKE_PREFIX_PATH=/opt/ros/iron /usr/bin/cmake /home/enio/develop_fer/Model-Informed-Path-Planning/path_planning_ws/src/user_action_interfaces -DCMAKE_INSTALL_PREFIX=/home/enio/develop_fer/Model-Informed-Path-Planning/path_planning_ws/install/user_action_interfaces
[0.011s] -- Found ament_cmake: 2.0.5 (/opt/ros/iron/share/ament_cmake/cmake)
[0.088s] -- Found rosidl_default_generators: 1.5.0 (/opt/ros/iron/share/rosidl_default_generators/cmake)
[0.089s] -- Using all available rosidl_typesupport_c: rosidl_typesupport_fastrtps_c;rosidl_typesupport_introspection_c
[0.106s] -- Using all available rosidl_typesupport_cpp: rosidl_typesupport_fastrtps_cpp;rosidl_typesupport_introspection_cpp
[0.119s] -- Found rosidl_adapter: 4.0.1 (/opt/ros/iron/share/rosidl_adapter/cmake)
[0.409s] -- Found ament_cmake_ros: 0.11.2 (/opt/ros/iron/share/ament_cmake_ros/cmake)
[0.549s] -- Using all available rosidl_typesupport_c: rosidl_typesupport_fastrtps_c;rosidl_typesupport_introspection_c
[0.703s] -- Using all available rosidl_typesupport_cpp: rosidl_typesupport_fastrtps_cpp;rosidl_typesupport_introspection_cpp
[0.717s] -- Found PythonInterp: /usr/bin/python3 (found suitable version "3.10.12", minimum required is "3.6") 
[0.718s] -- Found python_cmake_module: 0.10.2 (/opt/ros/iron/share/python_cmake_module/cmake)
[0.735s] -- Found PythonLibs: /usr/lib/x86_64-linux-gnu/libpython3.10.so (found suitable version "3.10.12", minimum required is "3.5") 
[0.735s] -- Using PYTHON_EXECUTABLE: /usr/bin/python3
[0.735s] -- Using PYTHON_INCLUDE_DIRS: /usr/include/python3.10
[0.735s] -- Using PYTHON_LIBRARIES: /usr/lib/x86_64-linux-gnu/libpython3.10.so
[0.751s] -- Found PythonExtra: .so  
[0.780s] -- Found ament_lint_auto: 0.14.3 (/opt/ros/iron/share/ament_lint_auto/cmake)
[0.786s] -- Added test 'lint_cmake' to check CMake code style
[0.787s] -- Added test 'xmllint' to check XML markup files
[0.788s] -- Configuring done
[0.804s] -- Generating done
[0.805s] -- Build files have been written to: /home/enio/develop_fer/Model-Informed-Path-Planning/path_planning_ws/build/user_action_interfaces
[0.810s] Invoked command in '/home/enio/develop_fer/Model-Informed-Path-Planning/path_planning_ws/build/user_action_interfaces' returned '0': CMAKE_PREFIX_PATH=/opt/ros/iron /usr/bin/cmake /home/enio/develop_fer/Model-Informed-Path-Planning/path_planning_ws/src/user_action_interfaces -DCMAKE_INSTALL_PREFIX=/home/enio/develop_fer/Model-Informed-Path-Planning/path_planning_ws/install/user_action_interfaces
[0.810s] Invoking command in '/home/enio/develop_fer/Model-Informed-Path-Planning/path_planning_ws/build/user_action_interfaces': CMAKE_PREFIX_PATH=/opt/ros/iron /usr/bin/cmake --build /home/enio/develop_fer/Model-Informed-Path-Planning/path_planning_ws/build/user_action_interfaces -- -j20 -l20
[0.836s] [  2%] [34m[1mGenerating type hashes for ROS interfaces[0m
[0.842s] [  2%] Built target ament_cmake_python_copy_user_action_interfaces
[0.936s] [  2%] Built target user_action_interfaces__rosidl_generator_type_description
[0.941s] [  5%] [34m[1mGenerating C code for ROS interfaces[0m
[0.947s] [  8%] [34m[1mGenerating C++ code for ROS interfaces[0m
[0.956s] running egg_info
[0.957s] creating user_action_interfaces.egg-info
[0.957s] writing user_action_interfaces.egg-info/PKG-INFO
[0.957s] writing dependency_links to user_action_interfaces.egg-info/dependency_links.txt
[0.957s] writing top-level names to user_action_interfaces.egg-info/top_level.txt
[0.959s] writing manifest file 'user_action_interfaces.egg-info/SOURCES.txt'
[0.961s] reading manifest file 'user_action_interfaces.egg-info/SOURCES.txt'
[0.961s] writing manifest file 'user_action_interfaces.egg-info/SOURCES.txt'
[0.976s] [  8%] Built target ament_cmake_python_build_user_action_interfaces_egg
[1.173s] [  8%] Built target user_action_interfaces__cpp
[1.188s] [ 11%] [32mBuilding C object CMakeFiles/user_action_interfaces__rosidl_generator_c.dir/rosidl_generator_c/user_action_interfaces/action/detail/path_planning__description.c.o[0m
[1.189s] [ 14%] [32mBuilding C object CMakeFiles/user_action_interfaces__rosidl_generator_c.dir/rosidl_generator_c/user_action_interfaces/action/detail/path_planning__functions.c.o[0m
[1.189s] [ 17%] [32mBuilding C object CMakeFiles/user_action_interfaces__rosidl_generator_c.dir/rosidl_generator_c/user_action_interfaces/action/detail/path_planning__type_support.c.o[0m
[1.284s] [ 20%] [32m[1mLinking C shared library libuser_action_interfaces__rosidl_generator_c.so[0m
[1.314s] [ 20%] Built target user_action_interfaces__rosidl_generator_c
[1.322s] [ 23%] [34m[1mGenerating C++ type support dispatch for ROS interfaces[0m
[1.322s] [ 26%] [34m[1mGenerating C type support for eProsima Fast-RTPS[0m
[1.322s] [ 29%] [34m[1mGenerating C introspection for ROS interfaces[0m
[1.323s] [ 32%] [34m[1mGenerating C type support dispatch for ROS interfaces[0m
[1.323s] [ 35%] [34m[1mGenerating C++ type support for eProsima Fast-RTPS[0m
[1.324s] [ 38%] [34m[1mGenerating C++ introspection for ROS interfaces[0m
[1.475s] [ 41%] [32mBuilding CXX object CMakeFiles/user_action_interfaces__rosidl_typesupport_c.dir/rosidl_typesupport_c/user_action_interfaces/action/path_planning__type_support.cpp.o[0m
[1.483s] [ 44%] [32mBuilding CXX object CMakeFiles/user_action_interfaces__rosidl_typesupport_cpp.dir/rosidl_typesupport_cpp/user_action_interfaces/action/path_planning__type_support.cpp.o[0m
[1.517s] [ 47%] [32m[1mLinking CXX shared library libuser_action_interfaces__rosidl_typesupport_c.so[0m
[1.526s] [ 50%] [32mBuilding C object CMakeFiles/user_action_interfaces__rosidl_typesupport_introspection_c.dir/rosidl_typesupport_introspection_c/user_action_interfaces/action/detail/path_planning__type_support.c.o[0m
[1.529s] [ 52%] [32mBuilding CXX object CMakeFiles/user_action_interfaces__rosidl_typesupport_introspection_cpp.dir/rosidl_typesupport_introspection_cpp/user_action_interfaces/action/detail/path_planning__type_support.cpp.o[0m
[1.536s] [ 55%] [32mBuilding CXX object CMakeFiles/user_action_interfaces__rosidl_typesupport_fastrtps_c.dir/rosidl_typesupport_fastrtps_c/user_action_interfaces/action/detail/path_planning__type_support_c.cpp.o[0m
[1.541s] [ 55%] Built target user_action_interfaces__rosidl_typesupport_c
[1.556s] [ 58%] [32mBuilding CXX object CMakeFiles/user_action_interfaces__rosidl_typesupport_fastrtps_cpp.dir/rosidl_typesupport_fastrtps_cpp/user_action_interfaces/action/detail/dds_fastrtps/path_planning__type_support.cpp.o[0m
[1.566s] [ 61%] [32m[1mLinking C shared library libuser_action_interfaces__rosidl_typesupport_introspection_c.so[0m
[1.585s] [ 61%] Built target user_action_interfaces__rosidl_typesupport_introspection_c
[1.756s] [ 64%] [32m[1mLinking CXX shared library libuser_action_interfaces__rosidl_typesupport_fastrtps_c.so[0m
[1.799s] [ 64%] Built target user_action_interfaces__rosidl_typesupport_fastrtps_c
[1.914s] [ 67%] [32m[1mLinking CXX shared library libuser_action_interfaces__rosidl_typesupport_cpp.so[0m
[1.958s] [ 67%] Built target user_action_interfaces__rosidl_typesupport_cpp
[1.975s] [ 70%] [32m[1mLinking CXX shared library libuser_action_interfaces__rosidl_typesupport_introspection_cpp.so[0m
[2.019s] [ 70%] Built target user_action_interfaces__rosidl_typesupport_introspection_cpp
[2.057s] [ 73%] [32m[1mLinking CXX shared library libuser_action_interfaces__rosidl_typesupport_fastrtps_cpp.so[0m
[2.099s] [ 73%] Built target user_action_interfaces__rosidl_typesupport_fastrtps_cpp
[2.109s] [ 73%] Built target user_action_interfaces
[2.125s] [ 76%] [34m[1mGenerating Python code for ROS interfaces[0m
[2.499s] [ 76%] Built target user_action_interfaces__py
[2.509s] [ 79%] [32mBuilding C object CMakeFiles/user_action_interfaces__rosidl_generator_py.dir/rosidl_generator_py/user_action_interfaces/action/_path_planning_s.c.o[0m
[2.618s] [ 82%] [32m[1mLinking C shared library rosidl_generator_py/user_action_interfaces/libuser_action_interfaces__rosidl_generator_py.so[0m
[2.642s] [ 82%] Built target user_action_interfaces__rosidl_generator_py
[2.652s] [ 88%] [32mBuilding C object CMakeFiles/user_action_interfaces__rosidl_typesupport_introspection_c__pyext.dir/rosidl_generator_py/user_action_interfaces/_user_action_interfaces_s.ep.rosidl_typesupport_introspection_c.c.o[0m
[2.652s] [ 88%] [32mBuilding C object CMakeFiles/user_action_interfaces__rosidl_typesupport_c__pyext.dir/rosidl_generator_py/user_action_interfaces/_user_action_interfaces_s.ep.rosidl_typesupport_c.c.o[0m
[2.653s] [ 91%] [32mBuilding C object CMakeFiles/user_action_interfaces__rosidl_typesupport_fastrtps_c__pyext.dir/rosidl_generator_py/user_action_interfaces/_user_action_interfaces_s.ep.rosidl_typesupport_fastrtps_c.c.o[0m
[2.717s] [ 97%] [32m[1mLinking C shared library rosidl_generator_py/user_action_interfaces/user_action_interfaces_s__rosidl_typesupport_fastrtps_c.cpython-310-x86_64-linux-gnu.so[0m
[2.717s] [100%] [32m[1mLinking C shared library rosidl_generator_py/user_action_interfaces/user_action_interfaces_s__rosidl_typesupport_introspection_c.cpython-310-x86_64-linux-gnu.so[0m
[2.717s] [100%] [32m[1mLinking C shared library rosidl_generator_py/user_action_interfaces/user_action_interfaces_s__rosidl_typesupport_c.cpython-310-x86_64-linux-gnu.so[0m
[2.740s] [100%] Built target user_action_interfaces__rosidl_typesupport_c__pyext
[2.740s] [100%] Built target user_action_interfaces__rosidl_typesupport_fastrtps_c__pyext
[2.740s] [100%] Built target user_action_interfaces__rosidl_typesupport_introspection_c__pyext
[2.746s] Invoked command in '/home/enio/develop_fer/Model-Informed-Path-Planning/path_planning_ws/build/user_action_interfaces' returned '0': CMAKE_PREFIX_PATH=/opt/ros/iron /usr/bin/cmake --build /home/enio/develop_fer/Model-Informed-Path-Planning/path_planning_ws/build/user_action_interfaces -- -j20 -l20
[2.792s] Invoking command in '/home/enio/develop_fer/Model-Informed-Path-Planning/path_planning_ws/build/user_action_interfaces': CMAKE_PREFIX_PATH=/opt/ros/iron /usr/bin/cmake --install /home/enio/develop_fer/Model-Informed-Path-Planning/path_planning_ws/build/user_action_interfaces
[2.800s] -- Install configuration: ""
[2.800s] -- Installing: /home/enio/develop_fer/Model-Informed-Path-Planning/path_planning_ws/install/user_action_interfaces/share/ament_index/resource_index/rosidl_interfaces/user_action_interfaces
[2.800s] -- Installing: /home/enio/develop_fer/Model-Informed-Path-Planning/path_planning_ws/install/user_action_interfaces/share/user_action_interfaces/action/PathPlanning.json
[2.801s] -- Installing: /home/enio/develop_fer/Model-Informed-Path-Planning/path_planning_ws/install/user_action_interfaces/include/user_action_interfaces/user_action_interfaces
[2.801s] -- Installing: /home/enio/develop_fer/Model-Informed-Path-Planning/path_planning_ws/install/user_action_interfaces/include/user_action_interfaces/user_action_interfaces/msg
[2.801s] -- Installing: /home/enio/develop_fer/Model-Informed-Path-Planning/path_planning_ws/install/user_action_interfaces/include/user_action_interfaces/user_action_interfaces/msg/rosidl_generator_c__visibility_control.h
[2.801s] -- Installing: /home/enio/develop_fer/Model-Informed-Path-Planning/path_planning_ws/install/user_action_interfaces/include/user_action_interfaces/user_action_interfaces/action
[2.801s] -- Installing: /home/enio/develop_fer/Model-Informed-Path-Planning/path_planning_ws/install/user_action_interfaces/include/user_action_interfaces/user_action_interfaces/action/detail
[2.801s] -- Installing: /home/enio/develop_fer/Model-Informed-Path-Planning/path_planning_ws/install/user_action_interfaces/include/user_action_interfaces/user_action_interfaces/action/detail/path_planning__type_support.c
[2.801s] -- Installing: /home/enio/develop_fer/Model-Informed-Path-Planning/path_planning_ws/install/user_action_interfaces/include/user_action_interfaces/user_action_interfaces/action/detail/path_planning__struct.h
[2.801s] -- Installing: /home/enio/develop_fer/Model-Informed-Path-Planning/path_planning_ws/install/user_action_interfaces/include/user_action_interfaces/user_action_interfaces/action/detail/path_planning__type_support.h
[2.801s] -- Installing: /home/enio/develop_fer/Model-Informed-Path-Planning/path_planning_ws/install/user_action_interfaces/include/user_action_interfaces/user_action_interfaces/action/detail/path_planning__functions.h
[2.801s] -- Installing: /home/enio/develop_fer/Model-Informed-Path-Planning/path_planning_ws/install/user_action_interfaces/include/user_action_interfaces/user_action_interfaces/action/detail/path_planning__functions.c
[2.802s] -- Installing: /home/enio/develop_fer/Model-Informed-Path-Planning/path_planning_ws/install/user_action_interfaces/include/user_action_interfaces/user_action_interfaces/action/detail/path_planning__description.c
[2.802s] -- Installing: /home/enio/develop_fer/Model-Informed-Path-Planning/path_planning_ws/install/user_action_interfaces/include/user_action_interfaces/user_action_interfaces/action/path_planning.h
[2.802s] -- Installing: /home/enio/develop_fer/Model-Informed-Path-Planning/path_planning_ws/install/user_action_interfaces/share/user_action_interfaces/environment/library_path.sh
[2.802s] -- Installing: /home/enio/develop_fer/Model-Informed-Path-Planning/path_planning_ws/install/user_action_interfaces/share/user_action_interfaces/environment/library_path.dsv
[2.802s] -- Installing: /home/enio/develop_fer/Model-Informed-Path-Planning/path_planning_ws/install/user_action_interfaces/lib/libuser_action_interfaces__rosidl_generator_c.so
[2.802s] -- Set runtime path of "/home/enio/develop_fer/Model-Informed-Path-Planning/path_planning_ws/install/user_action_interfaces/lib/libuser_action_interfaces__rosidl_generator_c.so" to ""
[2.802s] -- Up-to-date: /home/enio/develop_fer/Model-Informed-Path-Planning/path_planning_ws/install/user_action_interfaces/include/user_action_interfaces/user_action_interfaces
[2.802s] -- Up-to-date: /home/enio/develop_fer/Model-Informed-Path-Planning/path_planning_ws/install/user_action_interfaces/include/user_action_interfaces/user_action_interfaces/msg
[2.802s] -- Installing: /home/enio/develop_fer/Model-Informed-Path-Planning/path_planning_ws/install/user_action_interfaces/include/user_action_interfaces/user_action_interfaces/msg/rosidl_typesupport_fastrtps_c__visibility_control.h
[2.802s] -- Up-to-date: /home/enio/develop_fer/Model-Informed-Path-Planning/path_planning_ws/install/user_action_interfaces/include/user_action_interfaces/user_action_interfaces/action
[2.802s] -- Up-to-date: /home/enio/develop_fer/Model-Informed-Path-Planning/path_planning_ws/install/user_action_interfaces/include/user_action_interfaces/user_action_interfaces/action/detail
[2.802s] -- Installing: /home/enio/develop_fer/Model-Informed-Path-Planning/path_planning_ws/install/user_action_interfaces/include/user_action_interfaces/user_action_interfaces/action/detail/path_planning__rosidl_typesupport_fastrtps_c.h
[2.803s] -- Installing: /home/enio/develop_fer/Model-Informed-Path-Planning/path_planning_ws/install/user_action_interfaces/lib/libuser_action_interfaces__rosidl_typesupport_fastrtps_c.so
[2.803s] -- Set runtime path of "/home/enio/develop_fer/Model-Informed-Path-Planning/path_planning_ws/install/user_action_interfaces/lib/libuser_action_interfaces__rosidl_typesupport_fastrtps_c.so" to ""
[2.803s] -- Up-to-date: /home/enio/develop_fer/Model-Informed-Path-Planning/path_planning_ws/install/user_action_interfaces/include/user_action_interfaces/user_action_interfaces
[2.803s] -- Up-to-date: /home/enio/develop_fer/Model-Informed-Path-Planning/path_planning_ws/install/user_action_interfaces/include/user_action_interfaces/user_action_interfaces/msg
[2.803s] -- Installing: /home/enio/develop_fer/Model-Informed-Path-Planning/path_planning_ws/install/user_action_interfaces/include/user_action_interfaces/user_action_interfaces/msg/rosidl_typesupport_introspection_c__visibility_control.h
[2.803s] -- Up-to-date: /home/enio/develop_fer/Model-Informed-Path-Planning/path_planning_ws/install/user_action_interfaces/include/user_action_interfaces/user_action_interfaces/action
[2.803s] -- Up-to-date: /home/enio/develop_fer/Model-Informed-Path-Planning/path_planning_ws/install/user_action_interfaces/include/user_action_interfaces/user_action_interfaces/action/detail
[2.803s] -- Installing: /home/enio/develop_fer/Model-Informed-Path-Planning/path_planning_ws/install/user_action_interfaces/include/user_action_interfaces/user_action_interfaces/action/detail/path_planning__type_support.c
[2.803s] -- Installing: /home/enio/develop_fer/Model-Informed-Path-Planning/path_planning_ws/install/user_action_interfaces/include/user_action_interfaces/user_action_interfaces/action/detail/path_planning__rosidl_typesupport_introspection_c.h
[2.803s] -- Installing: /home/enio/develop_fer/Model-Informed-Path-Planning/path_planning_ws/install/user_action_interfaces/lib/libuser_action_interfaces__rosidl_typesupport_introspection_c.so
[2.803s] -- Set runtime path of "/home/enio/develop_fer/Model-Informed-Path-Planning/path_planning_ws/install/user_action_interfaces/lib/libuser_action_interfaces__rosidl_typesupport_introspection_c.so" to ""
[2.803s] -- Installing: /home/enio/develop_fer/Model-Informed-Path-Planning/path_planning_ws/install/user_action_interfaces/lib/libuser_action_interfaces__rosidl_typesupport_c.so
[2.803s] -- Set runtime path of "/home/enio/develop_fer/Model-Informed-Path-Planning/path_planning_ws/install/user_action_interfaces/lib/libuser_action_interfaces__rosidl_typesupport_c.so" to ""
[2.803s] -- Up-to-date: /home/enio/develop_fer/Model-Informed-Path-Planning/path_planning_ws/install/user_action_interfaces/include/user_action_interfaces/user_action_interfaces
[2.804s] -- Up-to-date: /home/enio/develop_fer/Model-Informed-Path-Planning/path_planning_ws/install/user_action_interfaces/include/user_action_interfaces/user_action_interfaces/action
[2.804s] -- Installing: /home/enio/develop_fer/Model-Informed-Path-Planning/path_planning_ws/install/user_action_interfaces/include/user_action_interfaces/user_action_interfaces/action/path_planning.hpp
[2.804s] -- Up-to-date: /home/enio/develop_fer/Model-Informed-Path-Planning/path_planning_ws/install/user_action_interfaces/include/user_action_interfaces/user_action_interfaces/action/detail
[2.804s] -- Installing: /home/enio/develop_fer/Model-Informed-Path-Planning/path_planning_ws/install/user_action_interfaces/include/user_action_interfaces/user_action_interfaces/action/detail/path_planning__struct.hpp
[2.804s] -- Installing: /home/enio/develop_fer/Model-Informed-Path-Planning/path_planning_ws/install/user_action_interfaces/include/user_action_interfaces/user_action_interfaces/action/detail/path_planning__traits.hpp
[2.804s] -- Installing: /home/enio/develop_fer/Model-Informed-Path-Planning/path_planning_ws/install/user_action_interfaces/include/user_action_interfaces/user_action_interfaces/action/detail/path_planning__builder.hpp
[2.804s] -- Up-to-date: /home/enio/develop_fer/Model-Informed-Path-Planning/path_planning_ws/install/user_action_interfaces/include/user_action_interfaces/user_action_interfaces
[2.804s] -- Up-to-date: /home/enio/develop_fer/Model-Informed-Path-Planning/path_planning_ws/install/user_action_interfaces/include/user_action_interfaces/user_action_interfaces/msg
[2.804s] -- Installing: /home/enio/develop_fer/Model-Informed-Path-Planning/path_planning_ws/install/user_action_interfaces/include/user_action_interfaces/user_action_interfaces/msg/rosidl_typesupport_fastrtps_cpp__visibility_control.h
[2.804s] -- Up-to-date: /home/enio/develop_fer/Model-Informed-Path-Planning/path_planning_ws/install/user_action_interfaces/include/user_action_interfaces/user_action_interfaces/action
[2.804s] -- Up-to-date: /home/enio/develop_fer/Model-Informed-Path-Planning/path_planning_ws/install/user_action_interfaces/include/user_action_interfaces/user_action_interfaces/action/detail
[2.804s] -- Installing: /home/enio/develop_fer/Model-Informed-Path-Planning/path_planning_ws/install/user_action_interfaces/include/user_action_interfaces/user_action_interfaces/action/detail/path_planning__rosidl_typesupport_fastrtps_cpp.hpp
[2.804s] -- Installing: /home/enio/develop_fer/Model-Informed-Path-Planning/path_planning_ws/install/user_action_interfaces/include/user_action_interfaces/user_action_interfaces/action/detail/dds_fastrtps
[2.804s] -- Installing: /home/enio/develop_fer/Model-Informed-Path-Planning/path_planning_ws/install/user_action_interfaces/lib/libuser_action_interfaces__rosidl_typesupport_fastrtps_cpp.so
[2.805s] -- Set runtime path of "/home/enio/develop_fer/Model-Informed-Path-Planning/path_planning_ws/install/user_action_interfaces/lib/libuser_action_interfaces__rosidl_typesupport_fastrtps_cpp.so" to ""
[2.805s] -- Up-to-date: /home/enio/develop_fer/Model-Informed-Path-Planning/path_planning_ws/install/user_action_interfaces/include/user_action_interfaces/user_action_interfaces
[2.805s] -- Up-to-date: /home/enio/develop_fer/Model-Informed-Path-Planning/path_planning_ws/install/user_action_interfaces/include/user_action_interfaces/user_action_interfaces/action
[2.805s] -- Up-to-date: /home/enio/develop_fer/Model-Informed-Path-Planning/path_planning_ws/install/user_action_interfaces/include/user_action_interfaces/user_action_interfaces/action/detail
[2.805s] -- Installing: /home/enio/develop_fer/Model-Informed-Path-Planning/path_planning_ws/install/user_action_interfaces/include/user_action_interfaces/user_action_interfaces/action/detail/path_planning__rosidl_typesupport_introspection_cpp.hpp
[2.805s] -- Installing: /home/enio/develop_fer/Model-Informed-Path-Planning/path_planning_ws/install/user_action_interfaces/include/user_action_interfaces/user_action_interfaces/action/detail/path_planning__type_support.cpp
[2.805s] -- Installing: /home/enio/develop_fer/Model-Informed-Path-Planning/path_planning_ws/install/user_action_interfaces/lib/libuser_action_interfaces__rosidl_typesupport_introspection_cpp.so
[2.806s] -- Set runtime path of "/home/enio/develop_fer/Model-Informed-Path-Planning/path_planning_ws/install/user_action_interfaces/lib/libuser_action_interfaces__rosidl_typesupport_introspection_cpp.so" to ""
[2.806s] -- Installing: /home/enio/develop_fer/Model-Informed-Path-Planning/path_planning_ws/install/user_action_interfaces/lib/libuser_action_interfaces__rosidl_typesupport_cpp.so
[2.806s] -- Set runtime path of "/home/enio/develop_fer/Model-Informed-Path-Planning/path_planning_ws/install/user_action_interfaces/lib/libuser_action_interfaces__rosidl_typesupport_cpp.so" to ""
[2.806s] -- Installing: /home/enio/develop_fer/Model-Informed-Path-Planning/path_planning_ws/install/user_action_interfaces/share/user_action_interfaces/environment/pythonpath.sh
[2.806s] -- Installing: /home/enio/develop_fer/Model-Informed-Path-Planning/path_planning_ws/install/user_action_interfaces/share/user_action_interfaces/environment/pythonpath.dsv
[2.806s] -- Installing: /home/enio/develop_fer/Model-Informed-Path-Planning/path_planning_ws/install/user_action_interfaces/lib/python3.10/site-packages/user_action_interfaces-0.0.0-py3.10.egg-info
[2.807s] -- Installing: /home/enio/develop_fer/Model-Informed-Path-Planning/path_planning_ws/install/user_action_interfaces/lib/python3.10/site-packages/user_action_interfaces-0.0.0-py3.10.egg-info/PKG-INFO
[2.807s] -- Installing: /home/enio/develop_fer/Model-Informed-Path-Planning/path_planning_ws/install/user_action_interfaces/lib/python3.10/site-packages/user_action_interfaces-0.0.0-py3.10.egg-info/top_level.txt
[2.807s] -- Installing: /home/enio/develop_fer/Model-Informed-Path-Planning/path_planning_ws/install/user_action_interfaces/lib/python3.10/site-packages/user_action_interfaces-0.0.0-py3.10.egg-info/dependency_links.txt
[2.807s] -- Installing: /home/enio/develop_fer/Model-Informed-Path-Planning/path_planning_ws/install/user_action_interfaces/lib/python3.10/site-packages/user_action_interfaces-0.0.0-py3.10.egg-info/SOURCES.txt
[2.807s] -- Installing: /home/enio/develop_fer/Model-Informed-Path-Planning/path_planning_ws/install/user_action_interfaces/lib/python3.10/site-packages/user_action_interfaces
[2.807s] -- Installing: /home/enio/develop_fer/Model-Informed-Path-Planning/path_planning_ws/install/user_action_interfaces/lib/python3.10/site-packages/user_action_interfaces/_user_action_interfaces_s.ep.rosidl_typesupport_fastrtps_c.c
[2.807s] -- Installing: /home/enio/develop_fer/Model-Informed-Path-Planning/path_planning_ws/install/user_action_interfaces/lib/python3.10/site-packages/user_action_interfaces/_user_action_interfaces_s.ep.rosidl_typesupport_c.c
[2.807s] -- Installing: /home/enio/develop_fer/Model-Informed-Path-Planning/path_planning_ws/install/user_action_interfaces/lib/python3.10/site-packages/user_action_interfaces/__init__.py
[2.807s] -- Installing: /home/enio/develop_fer/Model-Informed-Path-Planning/path_planning_ws/install/user_action_interfaces/lib/python3.10/site-packages/user_action_interfaces/user_action_interfaces_s__rosidl_typesupport_fastrtps_c.cpython-310-x86_64-linux-gnu.so
[2.807s] -- Installing: /home/enio/develop_fer/Model-Informed-Path-Planning/path_planning_ws/install/user_action_interfaces/lib/python3.10/site-packages/user_action_interfaces/user_action_interfaces_s__rosidl_typesupport_c.cpython-310-x86_64-linux-gnu.so
[2.807s] -- Installing: /home/enio/develop_fer/Model-Informed-Path-Planning/path_planning_ws/install/user_action_interfaces/lib/python3.10/site-packages/user_action_interfaces/user_action_interfaces_s__rosidl_typesupport_introspection_c.cpython-310-x86_64-linux-gnu.so
[2.807s] -- Installing: /home/enio/develop_fer/Model-Informed-Path-Planning/path_planning_ws/install/user_action_interfaces/lib/python3.10/site-packages/user_action_interfaces/libuser_action_interfaces__rosidl_generator_py.so
[2.807s] -- Installing: /home/enio/develop_fer/Model-Informed-Path-Planning/path_planning_ws/install/user_action_interfaces/lib/python3.10/site-packages/user_action_interfaces/action
[2.807s] -- Installing: /home/enio/develop_fer/Model-Informed-Path-Planning/path_planning_ws/install/user_action_interfaces/lib/python3.10/site-packages/user_action_interfaces/action/__init__.py
[2.807s] -- Installing: /home/enio/develop_fer/Model-Informed-Path-Planning/path_planning_ws/install/user_action_interfaces/lib/python3.10/site-packages/user_action_interfaces/action/_path_planning_s.c
[2.808s] -- Installing: /home/enio/develop_fer/Model-Informed-Path-Planning/path_planning_ws/install/user_action_interfaces/lib/python3.10/site-packages/user_action_interfaces/action/_path_planning.py
[2.808s] -- Installing: /home/enio/develop_fer/Model-Informed-Path-Planning/path_planning_ws/install/user_action_interfaces/lib/python3.10/site-packages/user_action_interfaces/_user_action_interfaces_s.ep.rosidl_typesupport_introspection_c.c
[2.832s] Listing '/home/enio/develop_fer/Model-Informed-Path-Planning/path_planning_ws/install/user_action_interfaces/lib/python3.10/site-packages/user_action_interfaces'...
[2.832s] Compiling '/home/enio/develop_fer/Model-Informed-Path-Planning/path_planning_ws/install/user_action_interfaces/lib/python3.10/site-packages/user_action_interfaces/__init__.py'...
[2.832s] Listing '/home/enio/develop_fer/Model-Informed-Path-Planning/path_planning_ws/install/user_action_interfaces/lib/python3.10/site-packages/user_action_interfaces/action'...
[2.832s] Compiling '/home/enio/develop_fer/Model-Informed-Path-Planning/path_planning_ws/install/user_action_interfaces/lib/python3.10/site-packages/user_action_interfaces/action/__init__.py'...
[2.832s] Compiling '/home/enio/develop_fer/Model-Informed-Path-Planning/path_planning_ws/install/user_action_interfaces/lib/python3.10/site-packages/user_action_interfaces/action/_path_planning.py'...
[2.834s] -- Installing: /home/enio/develop_fer/Model-Informed-Path-Planning/path_planning_ws/install/user_action_interfaces/lib/python3.10/site-packages/user_action_interfaces/user_action_interfaces_s__rosidl_typesupport_fastrtps_c.cpython-310-x86_64-linux-gnu.so
[2.835s] -- Set runtime path of "/home/enio/develop_fer/Model-Informed-Path-Planning/path_planning_ws/install/user_action_interfaces/lib/python3.10/site-packages/user_action_interfaces/user_action_interfaces_s__rosidl_typesupport_fastrtps_c.cpython-310-x86_64-linux-gnu.so" to ""
[2.835s] -- Installing: /home/enio/develop_fer/Model-Informed-Path-Planning/path_planning_ws/install/user_action_interfaces/lib/python3.10/site-packages/user_action_interfaces/user_action_interfaces_s__rosidl_typesupport_introspection_c.cpython-310-x86_64-linux-gnu.so
[2.835s] -- Set runtime path of "/home/enio/develop_fer/Model-Informed-Path-Planning/path_planning_ws/install/user_action_interfaces/lib/python3.10/site-packages/user_action_interfaces/user_action_interfaces_s__rosidl_typesupport_introspection_c.cpython-310-x86_64-linux-gnu.so" to ""
[2.835s] -- Installing: /home/enio/develop_fer/Model-Informed-Path-Planning/path_planning_ws/install/user_action_interfaces/lib/python3.10/site-packages/user_action_interfaces/user_action_interfaces_s__rosidl_typesupport_c.cpython-310-x86_64-linux-gnu.so
[2.835s] -- Set runtime path of "/home/enio/develop_fer/Model-Informed-Path-Planning/path_planning_ws/install/user_action_interfaces/lib/python3.10/site-packages/user_action_interfaces/user_action_interfaces_s__rosidl_typesupport_c.cpython-310-x86_64-linux-gnu.so" to ""
[2.835s] -- Installing: /home/enio/develop_fer/Model-Informed-Path-Planning/path_planning_ws/install/user_action_interfaces/lib/libuser_action_interfaces__rosidl_generator_py.so
[2.835s] -- Set runtime path of "/home/enio/develop_fer/Model-Informed-Path-Planning/path_planning_ws/install/user_action_interfaces/lib/libuser_action_interfaces__rosidl_generator_py.so" to ""
[2.835s] -- Installing: /home/enio/develop_fer/Model-Informed-Path-Planning/path_planning_ws/install/user_action_interfaces/share/user_action_interfaces/action/PathPlanning.idl
[2.835s] -- Installing: /home/enio/develop_fer/Model-Informed-Path-Planning/path_planning_ws/install/user_action_interfaces/share/user_action_interfaces/action/PathPlanning.action
[2.835s] -- Installing: /home/enio/develop_fer/Model-Informed-Path-Planning/path_planning_ws/install/user_action_interfaces/share/ament_index/resource_index/package_run_dependencies/user_action_interfaces
[2.836s] -- Installing: /home/enio/develop_fer/Model-Informed-Path-Planning/path_planning_ws/install/user_action_interfaces/share/ament_index/resource_index/parent_prefix_path/user_action_interfaces
[2.836s] -- Installing: /home/enio/develop_fer/Model-Informed-Path-Planning/path_planning_ws/install/user_action_interfaces/share/user_action_interfaces/environment/ament_prefix_path.sh
[2.836s] -- Installing: /home/enio/develop_fer/Model-Informed-Path-Planning/path_planning_ws/install/user_action_interfaces/share/user_action_interfaces/environment/ament_prefix_path.dsv
[2.836s] -- Installing: /home/enio/develop_fer/Model-Informed-Path-Planning/path_planning_ws/install/user_action_interfaces/share/user_action_interfaces/environment/path.sh
[2.836s] -- Installing: /home/enio/develop_fer/Model-Informed-Path-Planning/path_planning_ws/install/user_action_interfaces/share/user_action_interfaces/environment/path.dsv
[2.836s] -- Installing: /home/enio/develop_fer/Model-Informed-Path-Planning/path_planning_ws/install/user_action_interfaces/share/user_action_interfaces/local_setup.bash
[2.836s] -- Installing: /home/enio/develop_fer/Model-Informed-Path-Planning/path_planning_ws/install/user_action_interfaces/share/user_action_interfaces/local_setup.sh
[2.836s] -- Installing: /home/enio/develop_fer/Model-Informed-Path-Planning/path_planning_ws/install/user_action_interfaces/share/user_action_interfaces/local_setup.zsh
[2.836s] -- Installing: /home/enio/develop_fer/Model-Informed-Path-Planning/path_planning_ws/install/user_action_interfaces/share/user_action_interfaces/local_setup.dsv
[2.836s] -- Installing: /home/enio/develop_fer/Model-Informed-Path-Planning/path_planning_ws/install/user_action_interfaces/share/user_action_interfaces/package.dsv
[2.836s] -- Installing: /home/enio/develop_fer/Model-Informed-Path-Planning/path_planning_ws/install/user_action_interfaces/share/ament_index/resource_index/packages/user_action_interfaces
[2.836s] -- Installing: /home/enio/develop_fer/Model-Informed-Path-Planning/path_planning_ws/install/user_action_interfaces/share/user_action_interfaces/cmake/export_user_action_interfaces__rosidl_generator_cExport.cmake
[2.836s] -- Installing: /home/enio/develop_fer/Model-Informed-Path-Planning/path_planning_ws/install/user_action_interfaces/share/user_action_interfaces/cmake/export_user_action_interfaces__rosidl_generator_cExport-noconfig.cmake
[2.836s] -- Installing: /home/enio/develop_fer/Model-Informed-Path-Planning/path_planning_ws/install/user_action_interfaces/share/user_action_interfaces/cmake/export_user_action_interfaces__rosidl_typesupport_fastrtps_cExport.cmake
[2.836s] -- Installing: /home/enio/develop_fer/Model-Informed-Path-Planning/path_planning_ws/install/user_action_interfaces/share/user_action_interfaces/cmake/export_user_action_interfaces__rosidl_typesupport_fastrtps_cExport-noconfig.cmake
[2.836s] -- Installing: /home/enio/develop_fer/Model-Informed-Path-Planning/path_planning_ws/install/user_action_interfaces/share/user_action_interfaces/cmake/user_action_interfaces__rosidl_typesupport_introspection_cExport.cmake
[2.836s] -- Installing: /home/enio/develop_fer/Model-Informed-Path-Planning/path_planning_ws/install/user_action_interfaces/share/user_action_interfaces/cmake/user_action_interfaces__rosidl_typesupport_introspection_cExport-noconfig.cmake
[2.836s] -- Installing: /home/enio/develop_fer/Model-Informed-Path-Planning/path_planning_ws/install/user_action_interfaces/share/user_action_interfaces/cmake/user_action_interfaces__rosidl_typesupport_cExport.cmake
[2.836s] -- Installing: /home/enio/develop_fer/Model-Informed-Path-Planning/path_planning_ws/install/user_action_interfaces/share/user_action_interfaces/cmake/user_action_interfaces__rosidl_typesupport_cExport-noconfig.cmake
[2.836s] -- Installing: /home/enio/develop_fer/Model-Informed-Path-Planning/path_planning_ws/install/user_action_interfaces/share/user_action_interfaces/cmake/export_user_action_interfaces__rosidl_generator_cppExport.cmake
[2.836s] -- Installing: /home/enio/develop_fer/Model-Informed-Path-Planning/path_planning_ws/install/user_action_interfaces/share/user_action_interfaces/cmake/export_user_action_interfaces__rosidl_typesupport_fastrtps_cppExport.cmake
[2.837s] -- Installing: /home/enio/develop_fer/Model-Informed-Path-Planning/path_planning_ws/install/user_action_interfaces/share/user_action_interfaces/cmake/export_user_action_interfaces__rosidl_typesupport_fastrtps_cppExport-noconfig.cmake
[2.837s] -- Installing: /home/enio/develop_fer/Model-Informed-Path-Planning/path_planning_ws/install/user_action_interfaces/share/user_action_interfaces/cmake/user_action_interfaces__rosidl_typesupport_introspection_cppExport.cmake
[2.837s] -- Installing: /home/enio/develop_fer/Model-Informed-Path-Planning/path_planning_ws/install/user_action_interfaces/share/user_action_interfaces/cmake/user_action_interfaces__rosidl_typesupport_introspection_cppExport-noconfig.cmake
[2.837s] -- Installing: /home/enio/develop_fer/Model-Informed-Path-Planning/path_planning_ws/install/user_action_interfaces/share/user_action_interfaces/cmake/user_action_interfaces__rosidl_typesupport_cppExport.cmake
[2.837s] -- Installing: /home/enio/develop_fer/Model-Informed-Path-Planning/path_planning_ws/install/user_action_interfaces/share/user_action_interfaces/cmake/user_action_interfaces__rosidl_typesupport_cppExport-noconfig.cmake
[2.837s] -- Installing: /home/enio/develop_fer/Model-Informed-Path-Planning/path_planning_ws/install/user_action_interfaces/share/user_action_interfaces/cmake/export_user_action_interfaces__rosidl_generator_pyExport.cmake
[2.837s] -- Installing: /home/enio/develop_fer/Model-Informed-Path-Planning/path_planning_ws/install/user_action_interfaces/share/user_action_interfaces/cmake/export_user_action_interfaces__rosidl_generator_pyExport-noconfig.cmake
[2.837s] -- Installing: /home/enio/develop_fer/Model-Informed-Path-Planning/path_planning_ws/install/user_action_interfaces/share/user_action_interfaces/cmake/rosidl_cmake-extras.cmake
[2.837s] -- Installing: /home/enio/develop_fer/Model-Informed-Path-Planning/path_planning_ws/install/user_action_interfaces/share/user_action_interfaces/cmake/ament_cmake_export_dependencies-extras.cmake
[2.837s] -- Installing: /home/enio/develop_fer/Model-Informed-Path-Planning/path_planning_ws/install/user_action_interfaces/share/user_action_interfaces/cmake/ament_cmake_export_include_directories-extras.cmake
[2.837s] -- Installing: /home/enio/develop_fer/Model-Informed-Path-Planning/path_planning_ws/install/user_action_interfaces/share/user_action_interfaces/cmake/ament_cmake_export_libraries-extras.cmake
[2.837s] -- Installing: /home/enio/develop_fer/Model-Informed-Path-Planning/path_planning_ws/install/user_action_interfaces/share/user_action_interfaces/cmake/ament_cmake_export_targets-extras.cmake
[2.837s] -- Installing: /home/enio/develop_fer/Model-Informed-Path-Planning/path_planning_ws/install/user_action_interfaces/share/user_action_interfaces/cmake/rosidl_cmake_export_typesupport_targets-extras.cmake
[2.837s] -- Installing: /home/enio/develop_fer/Model-Informed-Path-Planning/path_planning_ws/install/user_action_interfaces/share/user_action_interfaces/cmake/rosidl_cmake_export_typesupport_libraries-extras.cmake
[2.837s] -- Installing: /home/enio/develop_fer/Model-Informed-Path-Planning/path_planning_ws/install/user_action_interfaces/share/user_action_interfaces/cmake/user_action_interfacesConfig.cmake
[2.837s] -- Installing: /home/enio/develop_fer/Model-Informed-Path-Planning/path_planning_ws/install/user_action_interfaces/share/user_action_interfaces/cmake/user_action_interfacesConfig-version.cmake
[2.837s] -- Installing: /home/enio/develop_fer/Model-Informed-Path-Planning/path_planning_ws/install/user_action_interfaces/share/user_action_interfaces/package.xml
[2.839s] Invoked command in '/home/enio/develop_fer/Model-Informed-Path-Planning/path_planning_ws/build/user_action_interfaces' returned '0': CMAKE_PREFIX_PATH=/opt/ros/iron /usr/bin/cmake --install /home/enio/develop_fer/Model-Informed-Path-Planning/path_planning_ws/build/user_action_interfaces
