running egg_info
creating ../../build/path_planning_marus/path_planning_marus.egg-info
writing ../../build/path_planning_marus/path_planning_marus.egg-info/PKG-INFO
writing dependency_links to ../../build/path_planning_marus/path_planning_marus.egg-info/dependency_links.txt
writing entry points to ../../build/path_planning_marus/path_planning_marus.egg-info/entry_points.txt
writing requirements to ../../build/path_planning_marus/path_planning_marus.egg-info/requires.txt
writing top-level names to ../../build/path_planning_marus/path_planning_marus.egg-info/top_level.txt
writing manifest file '../../build/path_planning_marus/path_planning_marus.egg-info/SOURCES.txt'
reading manifest file '../../build/path_planning_marus/path_planning_marus.egg-info/SOURCES.txt'
adding license file 'LICENSE'
writing manifest file '../../build/path_planning_marus/path_planning_marus.egg-info/SOURCES.txt'
running build
running build_py
creating /home/enio/develop_fer/path_planning/Model-informed-path-planning-and-control-for-autonomous-vessels/build/path_planning_marus/build
creating /home/enio/develop_fer/path_planning/Model-informed-path-planning-and-control-for-autonomous-vessels/build/path_planning_marus/build/lib
creating /home/enio/develop_fer/path_planning/Model-informed-path-planning-and-control-for-autonomous-vessels/build/path_planning_marus/build/lib/path_planning_marus
copying path_planning_marus/__init__.py -> /home/enio/develop_fer/path_planning/Model-informed-path-planning-and-control-for-autonomous-vessels/build/path_planning_marus/build/lib/path_planning_marus
running install
/usr/lib/python3/dist-packages/setuptools/command/install.py:34: SetuptoolsDeprecationWarning: setup.py install is deprecated. Use build and pip and other standards-based tools.
  warnings.warn(
running install_lib
creating /home/enio/develop_fer/path_planning/Model-informed-path-planning-and-control-for-autonomous-vessels/install/path_planning_marus/lib/python3.10/site-packages/path_planning_marus
copying /home/enio/develop_fer/path_planning/Model-informed-path-planning-and-control-for-autonomous-vessels/build/path_planning_marus/build/lib/path_planning_marus/__init__.py -> /home/enio/develop_fer/path_planning/Model-informed-path-planning-and-control-for-autonomous-vessels/install/path_planning_marus/lib/python3.10/site-packages/path_planning_marus
byte-compiling /home/enio/develop_fer/path_planning/Model-informed-path-planning-and-control-for-autonomous-vessels/install/path_planning_marus/lib/python3.10/site-packages/path_planning_marus/__init__.py to __init__.cpython-310.pyc
running install_data
creating /home/enio/develop_fer/path_planning/Model-informed-path-planning-and-control-for-autonomous-vessels/install/path_planning_marus/share/ament_index
creating /home/enio/develop_fer/path_planning/Model-informed-path-planning-and-control-for-autonomous-vessels/install/path_planning_marus/share/ament_index/resource_index
creating /home/enio/develop_fer/path_planning/Model-informed-path-planning-and-control-for-autonomous-vessels/install/path_planning_marus/share/ament_index/resource_index/packages
copying resource/path_planning_marus -> /home/enio/develop_fer/path_planning/Model-informed-path-planning-and-control-for-autonomous-vessels/install/path_planning_marus/share/ament_index/resource_index/packages
copying package.xml -> /home/enio/develop_fer/path_planning/Model-informed-path-planning-and-control-for-autonomous-vessels/install/path_planning_marus/share/path_planning_marus
running install_egg_info
Copying ../../build/path_planning_marus/path_planning_marus.egg-info to /home/enio/develop_fer/path_planning/Model-informed-path-planning-and-control-for-autonomous-vessels/install/path_planning_marus/lib/python3.10/site-packages/path_planning_marus-0.0.0-py3.10.egg-info
running install_scripts
writing list of installed files to '/home/enio/develop_fer/path_planning/Model-informed-path-planning-and-control-for-autonomous-vessels/build/path_planning_marus/install.log'
